#
# There is insufficient memory for the Java Runtime Environment to continue.
# Native memory allocation (malloc) failed to allocate 1048576 bytes for AllocateHeap
# Possible reasons:
#   The system is out of physical RAM or swap space
#   The process is running with CompressedOops enabled, and the Java Heap may be blocking the growth of the native heap
# Possible solutions:
#   Reduce memory load on the system
#   Increase physical memory or swap space
#   Check if swap backing store is full
#   Decrease Java heap size (-Xmx/-Xms)
#   Decrease number of Java threads
#   Decrease Java thread stack sizes (-Xss)
#   Set larger code cache with -XX:ReservedCodeCacheSize=
#   JVM is running with Zero Based Compressed Oops mode in which the Java heap is
#     placed in the first 32GB address space. The Java Heap base address is the
#     maximum limit for the native heap growth. Please use -XX:HeapBaseMinAddress
#     to set the Java Heap base and to place the Java Heap above 32GB virtual address.
# This output file may be truncated or incomplete.
#
#  Out of Memory Error (./open/src/hotspot/share/memory/allocation.cpp:46), pid=9764, tid=35376
#
# JRE version: Java(TM) SE Runtime Environment 18.9 (11.0.22+9) (build 11.0.22+9-LTS-219)
# Java VM: Java HotSpot(TM) 64-Bit Server VM 18.9 (11.0.22+9-LTS-219, mixed mode, tiered, compressed oops, g1 gc, windows-amd64)
# No core dump will be written. Minidumps are not enabled by default on client versions of Windows
#

---------------  S U M M A R Y ------------

Command Line: -agentlib:jdwp=transport=dt_socket,address=127.0.0.1:61692,suspend=y,server=n -XX:TieredStopAtLevel=1 -Xverify:none -Dspring.profiles.active=local -Dspring.output.ansi.enabled=always -javaagent:C:\Users\19655\AppData\Local\JetBrains\IntelliJIdea2021.1\captureAgent\debugger-agent.jar=file:/C:/Users/19655/AppData/Local/Temp/capture2.props -Dcom.sun.management.jmxremote -Dspring.jmx.enabled=true -Dspring.liveBeansView.mbeanDomain -Dspring.application.admin.enabled=true -Dfile.encoding=UTF-8 com.hmall.user.UserApplication

Host: Intel(R) Core(TM) i7-9750H CPU @ 2.60GHz, 12 cores, 15G,  Windows 10 , 64 bit Build 19041 (10.0.19041.3636)
Time: Tue Jun 11 21:01:43 2024  Windows 10 , 64 bit Build 19041 (10.0.19041.3636) elapsed time: 24.699880 seconds (0d 0h 0m 24s)

---------------  T H R E A D  ---------------

Current thread (0x00000215ae645000):  VMThread "VM Thread" [stack: 0x0000006c2d800000,0x0000006c2d900000] [id=35376]

Stack: [0x0000006c2d800000,0x0000006c2d900000]
[error occurred during error reporting (printing stack bounds), id 0xc0000005, EXCEPTION_ACCESS_VIOLATION (0xc0000005) at pc=0x0000021592340f2d]

Native frames: (J=compiled Java code, j=interpreted, Vv=VM code, C=native code)
V  [jvm.dll+0x66055a]
V  [jvm.dll+0x7a367f]
V  [jvm.dll+0x7a4d49]
V  [jvm.dll+0x7a5345]
V  [jvm.dll+0x7a52fb]
V  [jvm.dll+0x65fa63]
V  [jvm.dll+0x660158]
C  [ntdll.dll+0xa247f]
C  [ntdll.dll+0x514b4]
C  [ntdll.dll+0xa0f8e]
C  0x0000021592340f2d

VM_Operation (0x0000006c2d2f6fa0): CollectForMetadataAllocation, mode: safepoint, requested by thread 0x000002158ac61800


---------------  P R O C E S S  ---------------

Threads class SMR info:
_java_thread_list=0x00000215b1e71f30, length=21, elements={
0x000002158ac61800, 0x00000215ae66c000, 0x00000215ae66d000, 0x00000215ae6dc800,
0x00000215ae6de800, 0x00000215ae6df800, 0x00000215ae6e2800, 0x00000215ae6e4800,
0x00000215add77000, 0x00000215ae926800, 0x00000215ae93f000, 0x00000215ae940000,
0x00000215af111800, 0x00000215aff37800, 0x00000215af9b7800, 0x00000215afb0f800,
0x00000215ae827000, 0x00000215aeb5f800, 0x00000215aeb60000, 0x00000215ae800800,
0x00000215aefcd000
}

Java Threads: ( => current thread )
  0x000002158ac61800 JavaThread "main" [_thread_blocked, id=5828, stack(0x0000006c2d200000,0x0000006c2d300000)]
  0x00000215ae66c000 JavaThread "Reference Handler" daemon [_thread_blocked, id=49272, stack(0x0000006c2d900000,0x0000006c2da00000)]
  0x00000215ae66d000 JavaThread "Finalizer" daemon [_thread_blocked, id=42512, stack(0x0000006c2da00000,0x0000006c2db00000)]
  0x00000215ae6dc800 JavaThread "Signal Dispatcher" daemon [_thread_blocked, id=24976, stack(0x0000006c2db00000,0x0000006c2dc00000)]
  0x00000215ae6de800 JavaThread "Attach Listener" daemon [_thread_blocked, id=21508, stack(0x0000006c2dc00000,0x0000006c2dd00000)]
  0x00000215ae6df800 JavaThread "Service Thread" daemon [_thread_blocked, id=82300, stack(0x0000006c2dd00000,0x0000006c2de00000)]
  0x00000215ae6e2800 JavaThread "C1 CompilerThread0" daemon [_thread_blocked, id=48912, stack(0x0000006c2de00000,0x0000006c2df00000)]
  0x00000215ae6e4800 JavaThread "Sweeper thread" daemon [_thread_blocked, id=79672, stack(0x0000006c2df00000,0x0000006c2e000000)]
  0x00000215add77000 JavaThread "Common-Cleaner" daemon [_thread_blocked, id=82160, stack(0x0000006c2e000000,0x0000006c2e100000)]
  0x00000215ae926800 JavaThread "JDWP Transport Listener: dt_socket" daemon [_thread_blocked, id=71204, stack(0x0000006c2e100000,0x0000006c2e200000)]
  0x00000215ae93f000 JavaThread "JDWP Event Helper Thread" daemon [_thread_blocked, id=84596, stack(0x0000006c2e200000,0x0000006c2e300000)]
  0x00000215ae940000 JavaThread "JDWP Command Reader" daemon [_thread_in_native, id=41376, stack(0x0000006c2e300000,0x0000006c2e400000)]
  0x00000215af111800 JavaThread "RMI TCP Accept-0" daemon [_thread_in_native, id=83528, stack(0x0000006c2e400000,0x0000006c2e500000)]
  0x00000215aff37800 JavaThread "RMI TCP Connection(2)-192.168.44.1" daemon [_thread_in_native, id=80324, stack(0x0000006c2eb00000,0x0000006c2ec00000)]
  0x00000215af9b7800 JavaThread "RMI Scheduler(0)" daemon [_thread_blocked, id=57408, stack(0x0000006c2ec00000,0x0000006c2ed00000)]
  0x00000215afb0f800 JavaThread "logback-1" daemon [_thread_blocked, id=69692, stack(0x0000006c2ed00000,0x0000006c2ee00000)]
  0x00000215ae827000 JavaThread "Catalina-utility-1" [_thread_blocked, id=71616, stack(0x0000006c2f000000,0x0000006c2f100000)]
  0x00000215aeb5f800 JavaThread "Catalina-utility-2" [_thread_blocked, id=40796, stack(0x0000006c2f100000,0x0000006c2f200000)]
  0x00000215aeb60000 JavaThread "container-0" [_thread_blocked, id=74428, stack(0x0000006c2f200000,0x0000006c2f300000)]
  0x00000215ae800800 JavaThread "mysql-cj-abandoned-connection-cleanup" daemon [_thread_blocked, id=76304, stack(0x0000006c2f300000,0x0000006c2f400000)]
  0x00000215aefcd000 JavaThread "RMI TCP Connection(3)-192.168.44.1" daemon [_thread_in_native, id=17972, stack(0x0000006c2f400000,0x0000006c2f500000)]

Other Threads:
=>0x00000215ae645000 VMThread "VM Thread" [stack: 0x0000006c2d800000,0x0000006c2d900000] [id=35376]
  0x00000215af131800 WatcherThread [stack: 0x0000006c2e500000,0x0000006c2e600000] [id=60684]
  0x000002158ac77800 GCTaskThread "GC Thread#0" [stack: 0x0000006c2d300000,0x0000006c2d400000] [id=81532]
  0x00000215afbe1000 GCTaskThread "GC Thread#1" [stack: 0x0000006c2e600000,0x0000006c2e700000] [id=72872]
  0x00000215afbe2000 GCTaskThread "GC Thread#2" [stack: 0x0000006c2e700000,0x0000006c2e800000] [id=13804]
  0x00000215afbe3800 GCTaskThread "GC Thread#3" [stack: 0x0000006c2e800000,0x0000006c2e900000] [id=79716]
  0x00000215afbe4000 GCTaskThread "GC Thread#4" [stack: 0x0000006c2e900000,0x0000006c2ea00000] [id=52860]
  0x00000215afbe9800 GCTaskThread "GC Thread#5" [stack: 0x0000006c2ea00000,0x0000006c2eb00000] [id=82152]
  0x00000215b2032800 GCTaskThread "GC Thread#6" [stack: 0x0000006c2f500000,0x0000006c2f600000] [id=78912]
  0x00000215b2033000 GCTaskThread "GC Thread#7" [stack: 0x0000006c2f600000,0x0000006c2f700000] [id=55840]
  0x000002158acd4800 ConcurrentGCThread "G1 Main Marker" [stack: 0x0000006c2d400000,0x0000006c2d500000] [id=70456]
  0x000002158acd7000 ConcurrentGCThread "G1 Conc#0" [stack: 0x0000006c2d500000,0x0000006c2d600000] [id=45600]
  0x00000215ae860800 ConcurrentGCThread "G1 Conc#1" [stack: 0x0000006c2ee00000,0x0000006c2ef00000] [id=69256]
  0x00000215af987800 ConcurrentGCThread "G1 Conc#2" [stack: 0x0000006c2ef00000,0x0000006c2f000000] [id=82768]
  0x00000215adc9f000 ConcurrentGCThread "G1 Refine#0" [stack: 0x0000006c2d600000,0x0000006c2d700000] [id=28116]
  0x00000215adca0000 ConcurrentGCThread "G1 Young RemSet Sampling" [stack: 0x0000006c2d700000,0x0000006c2d800000] [id=64496]

Threads with active compile tasks:

VM state:at safepoint (normal execution)

VM Mutex/Monitor currently owned by a thread:  ([mutex/lock_event])
[0x000002158ac5e980] Threads_lock - owner thread: 0x00000215ae645000
[0x000002158ac5e080] Heap_lock - owner thread: 0x000002158ac61800

Heap address: 0x0000000701400000, size: 4076 MB, Compressed Oops mode: Zero based, Oop shift amount: 3
Narrow klass base: 0x0000000800000000, Narrow klass shift: 0
Compressed class space size: 1073741824 Address: 0x0000000800000000

Heap:
 garbage-first heap   total 262144K, used 28856K [0x0000000701400000, 0x0000000800000000)
  region size 1024K, 11 young (11264K), 11 survivors (11264K)
 Metaspace       used 47476K, capacity 48880K, committed 48896K, reserved 1099776K
  class space    used 6054K, capacity 6643K, committed 6656K, reserved 1048576K
Heap Regions: E=young(eden), S=young(survivor), O=old, HS=humongous(starts), HC=humongous(continues), CS=collection set, F=free, A=archive, TAMS=top-at-mark-start (previous, next)
|   0|0x0000000701400000, 0x0000000701500000, 0x0000000701500000|100%|HS|  |TAMS 0x0000000701500000, 0x0000000701500000| Complete 
|   1|0x0000000701500000, 0x0000000701600000, 0x0000000701600000|100%| O|  |TAMS 0x0000000701600000, 0x0000000701600000| Untracked 
|   2|0x0000000701600000, 0x0000000701700000, 0x0000000701700000|100%| O|  |TAMS 0x0000000701700000, 0x0000000701700000| Untracked 
|   3|0x0000000701700000, 0x0000000701800000, 0x0000000701800000|100%| O|  |TAMS 0x0000000701800000, 0x0000000701800000| Untracked 
|   4|0x0000000701800000, 0x0000000701900000, 0x0000000701900000|100%| O|  |TAMS 0x0000000701900000, 0x0000000701900000| Untracked 
|   5|0x0000000701900000, 0x0000000701a00000, 0x0000000701a00000|100%| O|  |TAMS 0x0000000701a00000, 0x0000000701a00000| Untracked 
|   6|0x0000000701a00000, 0x0000000701b00000, 0x0000000701b00000|100%| O|  |TAMS 0x0000000701b00000, 0x0000000701b00000| Untracked 
|   7|0x0000000701b00000, 0x0000000701c00000, 0x0000000701c00000|100%| O|  |TAMS 0x0000000701c00000, 0x0000000701c00000| Untracked 
|   8|0x0000000701c00000, 0x0000000701d00000, 0x0000000701d00000|100%| O|  |TAMS 0x0000000701d00000, 0x0000000701d00000| Untracked 
|   9|0x0000000701d00000, 0x0000000701e00000, 0x0000000701e00000|100%| O|  |TAMS 0x0000000701d5a400, 0x0000000701e00000| Untracked 
|  10|0x0000000701e00000, 0x0000000701f00000, 0x0000000701f00000|100%| O|  |TAMS 0x0000000701e00000, 0x0000000701f00000| Untracked 
|  11|0x0000000701f00000, 0x0000000702000000, 0x0000000702000000|100%| O|  |TAMS 0x0000000701f00000, 0x0000000702000000| Untracked 
|  12|0x0000000702000000, 0x0000000702100000, 0x0000000702100000|100%| O|  |TAMS 0x0000000702000000, 0x0000000702100000| Untracked 
|  13|0x0000000702100000, 0x0000000702200000, 0x0000000702200000|100%| O|  |TAMS 0x0000000702100000, 0x0000000702200000| Untracked 
|  14|0x0000000702200000, 0x0000000702300000, 0x0000000702300000|100%| O|  |TAMS 0x0000000702200000, 0x0000000702300000| Untracked 
|  15|0x0000000702300000, 0x0000000702400000, 0x0000000702400000|100%| O|  |TAMS 0x0000000702300000, 0x0000000702400000| Untracked 
|  16|0x0000000702400000, 0x0000000702500000, 0x0000000702500000|100%| O|  |TAMS 0x0000000702400000, 0x0000000702500000| Untracked 
|  17|0x0000000702500000, 0x00000007025d3a00, 0x0000000702600000| 82%| O|  |TAMS 0x0000000702500000, 0x00000007025d3a00| Untracked 
|  18|0x0000000702600000, 0x0000000702600000, 0x0000000702700000|  0%| F|  |TAMS 0x0000000702600000, 0x0000000702600000| Untracked 
|  19|0x0000000702700000, 0x0000000702700000, 0x0000000702800000|  0%| F|  |TAMS 0x0000000702700000, 0x0000000702700000| Untracked 
|  20|0x0000000702800000, 0x0000000702800000, 0x0000000702900000|  0%| F|  |TAMS 0x0000000702800000, 0x0000000702800000| Untracked 
|  21|0x0000000702900000, 0x0000000702900000, 0x0000000702a00000|  0%| F|  |TAMS 0x0000000702900000, 0x0000000702900000| Untracked 
|  22|0x0000000702a00000, 0x0000000702a00000, 0x0000000702b00000|  0%| F|  |TAMS 0x0000000702a00000, 0x0000000702a00000| Untracked 
|  23|0x0000000702b00000, 0x0000000702b00000, 0x0000000702c00000|  0%| F|  |TAMS 0x0000000702b00000, 0x0000000702b00000| Untracked 
|  24|0x0000000702c00000, 0x0000000702c00000, 0x0000000702d00000|  0%| F|  |TAMS 0x0000000702c00000, 0x0000000702c00000| Untracked 
|  25|0x0000000702d00000, 0x0000000702d00000, 0x0000000702e00000|  0%| F|  |TAMS 0x0000000702d00000, 0x0000000702d00000| Untracked 
|  26|0x0000000702e00000, 0x0000000702e00000, 0x0000000702f00000|  0%| F|  |TAMS 0x0000000702e00000, 0x0000000702e00000| Untracked 
|  27|0x0000000702f00000, 0x0000000702f00000, 0x0000000703000000|  0%| F|  |TAMS 0x0000000702f00000, 0x0000000702f00000| Untracked 
|  28|0x0000000703000000, 0x0000000703000000, 0x0000000703100000|  0%| F|  |TAMS 0x0000000703000000, 0x0000000703000000| Untracked 
|  29|0x0000000703100000, 0x0000000703100000, 0x0000000703200000|  0%| F|  |TAMS 0x0000000703100000, 0x0000000703100000| Untracked 
|  30|0x0000000703200000, 0x0000000703200000, 0x0000000703300000|  0%| F|  |TAMS 0x0000000703200000, 0x0000000703200000| Untracked 
|  31|0x0000000703300000, 0x0000000703300000, 0x0000000703400000|  0%| F|  |TAMS 0x0000000703300000, 0x0000000703300000| Untracked 
|  32|0x0000000703400000, 0x0000000703400000, 0x0000000703500000|  0%| F|  |TAMS 0x0000000703400000, 0x0000000703400000| Untracked 
|  33|0x0000000703500000, 0x0000000703500000, 0x0000000703600000|  0%| F|  |TAMS 0x0000000703500000, 0x0000000703500000| Untracked 
|  34|0x0000000703600000, 0x0000000703600000, 0x0000000703700000|  0%| F|  |TAMS 0x0000000703600000, 0x0000000703600000| Untracked 
|  35|0x0000000703700000, 0x0000000703700000, 0x0000000703800000|  0%| F|  |TAMS 0x0000000703700000, 0x0000000703700000| Untracked 
|  36|0x0000000703800000, 0x0000000703800000, 0x0000000703900000|  0%| F|  |TAMS 0x0000000703800000, 0x0000000703800000| Untracked 
|  37|0x0000000703900000, 0x0000000703900000, 0x0000000703a00000|  0%| F|  |TAMS 0x0000000703900000, 0x0000000703900000| Untracked 
|  38|0x0000000703a00000, 0x0000000703a00000, 0x0000000703b00000|  0%| F|  |TAMS 0x0000000703a00000, 0x0000000703a00000| Untracked 
|  39|0x0000000703b00000, 0x0000000703b00000, 0x0000000703c00000|  0%| F|  |TAMS 0x0000000703b00000, 0x0000000703b00000| Untracked 
|  40|0x0000000703c00000, 0x0000000703c00000, 0x0000000703d00000|  0%| F|  |TAMS 0x0000000703c00000, 0x0000000703c00000| Untracked 
|  41|0x0000000703d00000, 0x0000000703d00000, 0x0000000703e00000|  0%| F|  |TAMS 0x0000000703d00000, 0x0000000703d00000| Untracked 
|  42|0x0000000703e00000, 0x0000000703e00000, 0x0000000703f00000|  0%| F|  |TAMS 0x0000000703e00000, 0x0000000703e00000| Untracked 
|  43|0x0000000703f00000, 0x0000000703f00000, 0x0000000704000000|  0%| F|  |TAMS 0x0000000703f00000, 0x0000000703f00000| Untracked 
|  44|0x0000000704000000, 0x0000000704000000, 0x0000000704100000|  0%| F|  |TAMS 0x0000000704000000, 0x0000000704000000| Untracked 
|  45|0x0000000704100000, 0x0000000704100000, 0x0000000704200000|  0%| F|  |TAMS 0x0000000704100000, 0x0000000704100000| Untracked 
|  46|0x0000000704200000, 0x0000000704200000, 0x0000000704300000|  0%| F|  |TAMS 0x0000000704200000, 0x0000000704200000| Untracked 
|  47|0x0000000704300000, 0x0000000704300000, 0x0000000704400000|  0%| F|  |TAMS 0x0000000704300000, 0x0000000704300000| Untracked 
|  48|0x0000000704400000, 0x0000000704400000, 0x0000000704500000|  0%| F|  |TAMS 0x0000000704400000, 0x0000000704400000| Untracked 
|  49|0x0000000704500000, 0x0000000704500000, 0x0000000704600000|  0%| F|  |TAMS 0x0000000704500000, 0x0000000704500000| Untracked 
|  50|0x0000000704600000, 0x0000000704600000, 0x0000000704700000|  0%| F|  |TAMS 0x0000000704600000, 0x0000000704600000| Untracked 
|  51|0x0000000704700000, 0x0000000704700000, 0x0000000704800000|  0%| F|  |TAMS 0x0000000704700000, 0x0000000704700000| Untracked 
|  52|0x0000000704800000, 0x0000000704800000, 0x0000000704900000|  0%| F|  |TAMS 0x0000000704800000, 0x0000000704800000| Untracked 
|  53|0x0000000704900000, 0x0000000704900000, 0x0000000704a00000|  0%| F|  |TAMS 0x0000000704900000, 0x0000000704900000| Untracked 
|  54|0x0000000704a00000, 0x0000000704a00000, 0x0000000704b00000|  0%| F|  |TAMS 0x0000000704a00000, 0x0000000704a00000| Untracked 
|  55|0x0000000704b00000, 0x0000000704b00000, 0x0000000704c00000|  0%| F|  |TAMS 0x0000000704b00000, 0x0000000704b00000| Untracked 
|  56|0x0000000704c00000, 0x0000000704c00000, 0x0000000704d00000|  0%| F|  |TAMS 0x0000000704c00000, 0x0000000704c00000| Untracked 
|  57|0x0000000704d00000, 0x0000000704d00000, 0x0000000704e00000|  0%| F|  |TAMS 0x0000000704d00000, 0x0000000704d00000| Untracked 
|  58|0x0000000704e00000, 0x0000000704e00000, 0x0000000704f00000|  0%| F|  |TAMS 0x0000000704e00000, 0x0000000704e00000| Untracked 
|  59|0x0000000704f00000, 0x0000000704f00000, 0x0000000705000000|  0%| F|  |TAMS 0x0000000704f00000, 0x0000000704f00000| Untracked 
|  60|0x0000000705000000, 0x0000000705000000, 0x0000000705100000|  0%| F|  |TAMS 0x0000000705000000, 0x0000000705000000| Untracked 
|  61|0x0000000705100000, 0x0000000705100000, 0x0000000705200000|  0%| F|  |TAMS 0x0000000705100000, 0x0000000705100000| Untracked 
|  62|0x0000000705200000, 0x0000000705200000, 0x0000000705300000|  0%| F|  |TAMS 0x0000000705200000, 0x0000000705200000| Untracked 
|  63|0x0000000705300000, 0x0000000705300000, 0x0000000705400000|  0%| F|  |TAMS 0x0000000705300000, 0x0000000705300000| Untracked 
|  64|0x0000000705400000, 0x0000000705400000, 0x0000000705500000|  0%| F|  |TAMS 0x0000000705400000, 0x0000000705400000| Untracked 
|  65|0x0000000705500000, 0x0000000705500000, 0x0000000705600000|  0%| F|  |TAMS 0x0000000705500000, 0x0000000705500000| Untracked 
|  66|0x0000000705600000, 0x0000000705600000, 0x0000000705700000|  0%| F|  |TAMS 0x0000000705600000, 0x0000000705600000| Untracked 
|  67|0x0000000705700000, 0x0000000705700000, 0x0000000705800000|  0%| F|  |TAMS 0x0000000705700000, 0x0000000705700000| Untracked 
|  68|0x0000000705800000, 0x0000000705800000, 0x0000000705900000|  0%| F|  |TAMS 0x0000000705800000, 0x0000000705800000| Untracked 
|  69|0x0000000705900000, 0x0000000705900000, 0x0000000705a00000|  0%| F|  |TAMS 0x0000000705900000, 0x0000000705900000| Untracked 
|  70|0x0000000705a00000, 0x0000000705a00000, 0x0000000705b00000|  0%| F|  |TAMS 0x0000000705a00000, 0x0000000705a00000| Untracked 
|  71|0x0000000705b00000, 0x0000000705b00000, 0x0000000705c00000|  0%| F|  |TAMS 0x0000000705b00000, 0x0000000705b00000| Untracked 
|  72|0x0000000705c00000, 0x0000000705c00000, 0x0000000705d00000|  0%| F|  |TAMS 0x0000000705c00000, 0x0000000705c00000| Untracked 
|  73|0x0000000705d00000, 0x0000000705d00000, 0x0000000705e00000|  0%| F|  |TAMS 0x0000000705d00000, 0x0000000705d00000| Untracked 
|  74|0x0000000705e00000, 0x0000000705e00000, 0x0000000705f00000|  0%| F|  |TAMS 0x0000000705e00000, 0x0000000705e00000| Untracked 
|  75|0x0000000705f00000, 0x0000000705f00000, 0x0000000706000000|  0%| F|  |TAMS 0x0000000705f00000, 0x0000000705f00000| Untracked 
|  76|0x0000000706000000, 0x0000000706000000, 0x0000000706100000|  0%| F|  |TAMS 0x0000000706000000, 0x0000000706000000| Untracked 
|  77|0x0000000706100000, 0x0000000706100000, 0x0000000706200000|  0%| F|  |TAMS 0x0000000706100000, 0x0000000706100000| Untracked 
|  78|0x0000000706200000, 0x0000000706200000, 0x0000000706300000|  0%| F|  |TAMS 0x0000000706200000, 0x0000000706200000| Untracked 
|  79|0x0000000706300000, 0x0000000706300000, 0x0000000706400000|  0%| F|  |TAMS 0x0000000706300000, 0x0000000706300000| Untracked 
|  80|0x0000000706400000, 0x0000000706400000, 0x0000000706500000|  0%| F|  |TAMS 0x0000000706400000, 0x0000000706400000| Untracked 
|  81|0x0000000706500000, 0x0000000706500000, 0x0000000706600000|  0%| F|  |TAMS 0x0000000706500000, 0x0000000706500000| Untracked 
|  82|0x0000000706600000, 0x0000000706600000, 0x0000000706700000|  0%| F|  |TAMS 0x0000000706600000, 0x0000000706600000| Untracked 
|  83|0x0000000706700000, 0x0000000706700000, 0x0000000706800000|  0%| F|  |TAMS 0x0000000706700000, 0x0000000706700000| Untracked 
|  84|0x0000000706800000, 0x0000000706800000, 0x0000000706900000|  0%| F|  |TAMS 0x0000000706800000, 0x0000000706800000| Untracked 
|  85|0x0000000706900000, 0x0000000706900000, 0x0000000706a00000|  0%| F|  |TAMS 0x0000000706900000, 0x0000000706900000| Untracked 
|  86|0x0000000706a00000, 0x0000000706a00000, 0x0000000706b00000|  0%| F|  |TAMS 0x0000000706a00000, 0x0000000706a00000| Untracked 
|  87|0x0000000706b00000, 0x0000000706b00000, 0x0000000706c00000|  0%| F|  |TAMS 0x0000000706b00000, 0x0000000706b00000| Untracked 
|  88|0x0000000706c00000, 0x0000000706c00000, 0x0000000706d00000|  0%| F|  |TAMS 0x0000000706c00000, 0x0000000706c00000| Untracked 
|  89|0x0000000706d00000, 0x0000000706d00000, 0x0000000706e00000|  0%| F|  |TAMS 0x0000000706d00000, 0x0000000706d00000| Untracked 
|  90|0x0000000706e00000, 0x0000000706e00000, 0x0000000706f00000|  0%| F|  |TAMS 0x0000000706e00000, 0x0000000706e00000| Untracked 
|  91|0x0000000706f00000, 0x0000000706f00000, 0x0000000707000000|  0%| F|  |TAMS 0x0000000706f00000, 0x0000000706f00000| Untracked 
|  92|0x0000000707000000, 0x0000000707000000, 0x0000000707100000|  0%| F|  |TAMS 0x0000000707000000, 0x0000000707000000| Untracked 
|  93|0x0000000707100000, 0x0000000707100000, 0x0000000707200000|  0%| F|  |TAMS 0x0000000707100000, 0x0000000707100000| Untracked 
|  94|0x0000000707200000, 0x0000000707200000, 0x0000000707300000|  0%| F|  |TAMS 0x0000000707200000, 0x0000000707200000| Untracked 
|  95|0x0000000707300000, 0x0000000707300000, 0x0000000707400000|  0%| F|  |TAMS 0x0000000707300000, 0x0000000707300000| Untracked 
|  96|0x0000000707400000, 0x0000000707400000, 0x0000000707500000|  0%| F|  |TAMS 0x0000000707400000, 0x0000000707400000| Untracked 
|  97|0x0000000707500000, 0x0000000707500000, 0x0000000707600000|  0%| F|  |TAMS 0x0000000707500000, 0x0000000707500000| Untracked 
|  98|0x0000000707600000, 0x0000000707600000, 0x0000000707700000|  0%| F|  |TAMS 0x0000000707600000, 0x0000000707600000| Untracked 
|  99|0x0000000707700000, 0x0000000707700000, 0x0000000707800000|  0%| F|  |TAMS 0x0000000707700000, 0x0000000707700000| Untracked 
| 100|0x0000000707800000, 0x0000000707800000, 0x0000000707900000|  0%| F|  |TAMS 0x0000000707800000, 0x0000000707800000| Untracked 
| 101|0x0000000707900000, 0x0000000707900000, 0x0000000707a00000|  0%| F|  |TAMS 0x0000000707900000, 0x0000000707900000| Untracked 
| 102|0x0000000707a00000, 0x0000000707a00000, 0x0000000707b00000|  0%| F|  |TAMS 0x0000000707a00000, 0x0000000707a00000| Untracked 
| 103|0x0000000707b00000, 0x0000000707b00000, 0x0000000707c00000|  0%| F|  |TAMS 0x0000000707b00000, 0x0000000707b00000| Untracked 
| 104|0x0000000707c00000, 0x0000000707c00000, 0x0000000707d00000|  0%| F|  |TAMS 0x0000000707c00000, 0x0000000707c00000| Untracked 
| 105|0x0000000707d00000, 0x0000000707d00000, 0x0000000707e00000|  0%| F|  |TAMS 0x0000000707d00000, 0x0000000707d00000| Untracked 
| 106|0x0000000707e00000, 0x0000000707e00000, 0x0000000707f00000|  0%| F|  |TAMS 0x0000000707e00000, 0x0000000707e00000| Untracked 
| 107|0x0000000707f00000, 0x0000000707f00000, 0x0000000708000000|  0%| F|  |TAMS 0x0000000707f00000, 0x0000000707f00000| Untracked 
| 108|0x0000000708000000, 0x0000000708000000, 0x0000000708100000|  0%| F|  |TAMS 0x0000000708000000, 0x0000000708000000| Untracked 
| 109|0x0000000708100000, 0x0000000708100000, 0x0000000708200000|  0%| F|  |TAMS 0x0000000708100000, 0x0000000708100000| Untracked 
| 110|0x0000000708200000, 0x0000000708200000, 0x0000000708300000|  0%| F|  |TAMS 0x0000000708200000, 0x0000000708200000| Untracked 
| 111|0x0000000708300000, 0x0000000708300000, 0x0000000708400000|  0%| F|  |TAMS 0x0000000708300000, 0x0000000708300000| Untracked 
| 112|0x0000000708400000, 0x0000000708400000, 0x0000000708500000|  0%| F|  |TAMS 0x0000000708400000, 0x0000000708400000| Untracked 
| 113|0x0000000708500000, 0x0000000708500000, 0x0000000708600000|  0%| F|  |TAMS 0x0000000708500000, 0x0000000708500000| Untracked 
| 114|0x0000000708600000, 0x0000000708600000, 0x0000000708700000|  0%| F|  |TAMS 0x0000000708600000, 0x0000000708600000| Untracked 
| 115|0x0000000708700000, 0x0000000708700000, 0x0000000708800000|  0%| F|  |TAMS 0x0000000708700000, 0x0000000708700000| Untracked 
| 116|0x0000000708800000, 0x0000000708800000, 0x0000000708900000|  0%| F|  |TAMS 0x0000000708800000, 0x0000000708800000| Untracked 
| 117|0x0000000708900000, 0x0000000708900000, 0x0000000708a00000|  0%| F|  |TAMS 0x0000000708900000, 0x0000000708900000| Untracked 
| 118|0x0000000708a00000, 0x0000000708a00000, 0x0000000708b00000|  0%| F|  |TAMS 0x0000000708a00000, 0x0000000708a00000| Untracked 
| 119|0x0000000708b00000, 0x0000000708b00000, 0x0000000708c00000|  0%| F|  |TAMS 0x0000000708b00000, 0x0000000708b00000| Untracked 
| 120|0x0000000708c00000, 0x0000000708c00000, 0x0000000708d00000|  0%| F|  |TAMS 0x0000000708c00000, 0x0000000708c00000| Untracked 
| 121|0x0000000708d00000, 0x0000000708d00000, 0x0000000708e00000|  0%| F|  |TAMS 0x0000000708d00000, 0x0000000708d00000| Untracked 
| 122|0x0000000708e00000, 0x0000000708e00000, 0x0000000708f00000|  0%| F|  |TAMS 0x0000000708e00000, 0x0000000708e00000| Untracked 
| 123|0x0000000708f00000, 0x0000000708f00000, 0x0000000709000000|  0%| F|  |TAMS 0x0000000708f00000, 0x0000000708f00000| Untracked 
| 124|0x0000000709000000, 0x0000000709000000, 0x0000000709100000|  0%| F|  |TAMS 0x0000000709000000, 0x0000000709000000| Untracked 
| 125|0x0000000709100000, 0x0000000709100000, 0x0000000709200000|  0%| F|  |TAMS 0x0000000709100000, 0x0000000709100000| Untracked 
| 126|0x0000000709200000, 0x0000000709200000, 0x0000000709300000|  0%| F|  |TAMS 0x0000000709200000, 0x0000000709200000| Untracked 
| 127|0x0000000709300000, 0x0000000709300000, 0x0000000709400000|  0%| F|  |TAMS 0x0000000709300000, 0x0000000709300000| Untracked 
| 128|0x0000000709400000, 0x0000000709400000, 0x0000000709500000|  0%| F|  |TAMS 0x0000000709400000, 0x0000000709400000| Untracked 
| 129|0x0000000709500000, 0x0000000709500000, 0x0000000709600000|  0%| F|  |TAMS 0x0000000709500000, 0x0000000709500000| Untracked 
| 130|0x0000000709600000, 0x0000000709600000, 0x0000000709700000|  0%| F|  |TAMS 0x0000000709600000, 0x0000000709600000| Untracked 
| 131|0x0000000709700000, 0x0000000709700000, 0x0000000709800000|  0%| F|  |TAMS 0x0000000709700000, 0x0000000709700000| Untracked 
| 132|0x0000000709800000, 0x0000000709800000, 0x0000000709900000|  0%| F|  |TAMS 0x0000000709800000, 0x0000000709800000| Untracked 
| 133|0x0000000709900000, 0x0000000709900000, 0x0000000709a00000|  0%| F|  |TAMS 0x0000000709900000, 0x0000000709900000| Untracked 
| 134|0x0000000709a00000, 0x0000000709a00000, 0x0000000709b00000|  0%| F|  |TAMS 0x0000000709a00000, 0x0000000709a00000| Untracked 
| 135|0x0000000709b00000, 0x0000000709b00000, 0x0000000709c00000|  0%| F|  |TAMS 0x0000000709b00000, 0x0000000709b00000| Untracked 
| 136|0x0000000709c00000, 0x0000000709c00000, 0x0000000709d00000|  0%| F|  |TAMS 0x0000000709c00000, 0x0000000709c00000| Untracked 
| 137|0x0000000709d00000, 0x0000000709d00000, 0x0000000709e00000|  0%| F|  |TAMS 0x0000000709d00000, 0x0000000709d00000| Untracked 
| 138|0x0000000709e00000, 0x0000000709e00000, 0x0000000709f00000|  0%| F|  |TAMS 0x0000000709e00000, 0x0000000709e00000| Untracked 
| 139|0x0000000709f00000, 0x0000000709f00000, 0x000000070a000000|  0%| F|  |TAMS 0x0000000709f00000, 0x0000000709f00000| Untracked 
| 140|0x000000070a000000, 0x000000070a000000, 0x000000070a100000|  0%| F|  |TAMS 0x000000070a000000, 0x000000070a000000| Untracked 
| 141|0x000000070a100000, 0x000000070a100000, 0x000000070a200000|  0%| F|  |TAMS 0x000000070a100000, 0x000000070a100000| Untracked 
| 142|0x000000070a200000, 0x000000070a200000, 0x000000070a300000|  0%| F|  |TAMS 0x000000070a200000, 0x000000070a200000| Untracked 
| 143|0x000000070a300000, 0x000000070a300000, 0x000000070a400000|  0%| F|  |TAMS 0x000000070a300000, 0x000000070a300000| Untracked 
| 144|0x000000070a400000, 0x000000070a400000, 0x000000070a500000|  0%| F|  |TAMS 0x000000070a400000, 0x000000070a400000| Untracked 
| 145|0x000000070a500000, 0x000000070a500000, 0x000000070a600000|  0%| F|  |TAMS 0x000000070a500000, 0x000000070a500000| Untracked 
| 146|0x000000070a600000, 0x000000070a600000, 0x000000070a700000|  0%| F|  |TAMS 0x000000070a600000, 0x000000070a600000| Untracked 
| 147|0x000000070a700000, 0x000000070a700000, 0x000000070a800000|  0%| F|  |TAMS 0x000000070a700000, 0x000000070a700000| Untracked 
| 148|0x000000070a800000, 0x000000070a800000, 0x000000070a900000|  0%| F|  |TAMS 0x000000070a800000, 0x000000070a800000| Untracked 
| 149|0x000000070a900000, 0x000000070a900000, 0x000000070aa00000|  0%| F|  |TAMS 0x000000070a900000, 0x000000070a900000| Untracked 
| 150|0x000000070aa00000, 0x000000070aa00000, 0x000000070ab00000|  0%| F|  |TAMS 0x000000070aa00000, 0x000000070aa00000| Untracked 
| 151|0x000000070ab00000, 0x000000070ab00000, 0x000000070ac00000|  0%| F|  |TAMS 0x000000070ab00000, 0x000000070ab00000| Untracked 
| 152|0x000000070ac00000, 0x000000070ac00000, 0x000000070ad00000|  0%| F|  |TAMS 0x000000070ac00000, 0x000000070ac00000| Untracked 
| 153|0x000000070ad00000, 0x000000070ad00000, 0x000000070ae00000|  0%| F|  |TAMS 0x000000070ad00000, 0x000000070ad00000| Untracked 
| 154|0x000000070ae00000, 0x000000070ae00000, 0x000000070af00000|  0%| F|  |TAMS 0x000000070ae00000, 0x000000070ae00000| Untracked 
| 155|0x000000070af00000, 0x000000070af00000, 0x000000070b000000|  0%| F|  |TAMS 0x000000070af00000, 0x000000070af00000| Untracked 
| 156|0x000000070b000000, 0x000000070b000000, 0x000000070b100000|  0%| F|  |TAMS 0x000000070b000000, 0x000000070b000000| Untracked 
| 157|0x000000070b100000, 0x000000070b100000, 0x000000070b200000|  0%| F|  |TAMS 0x000000070b100000, 0x000000070b100000| Untracked 
| 158|0x000000070b200000, 0x000000070b200000, 0x000000070b300000|  0%| F|  |TAMS 0x000000070b200000, 0x000000070b200000| Untracked 
| 159|0x000000070b300000, 0x000000070b300000, 0x000000070b400000|  0%| F|  |TAMS 0x000000070b300000, 0x000000070b300000| Untracked 
| 160|0x000000070b400000, 0x000000070b400000, 0x000000070b500000|  0%| F|  |TAMS 0x000000070b400000, 0x000000070b400000| Untracked 
| 161|0x000000070b500000, 0x000000070b500000, 0x000000070b600000|  0%| F|  |TAMS 0x000000070b500000, 0x000000070b500000| Untracked 
| 162|0x000000070b600000, 0x000000070b600000, 0x000000070b700000|  0%| F|  |TAMS 0x000000070b600000, 0x000000070b600000| Untracked 
| 163|0x000000070b700000, 0x000000070b700000, 0x000000070b800000|  0%| F|  |TAMS 0x000000070b700000, 0x000000070b700000| Untracked 
| 164|0x000000070b800000, 0x000000070b800000, 0x000000070b900000|  0%| F|  |TAMS 0x000000070b800000, 0x000000070b800000| Untracked 
| 165|0x000000070b900000, 0x000000070b900000, 0x000000070ba00000|  0%| F|  |TAMS 0x000000070b900000, 0x000000070b900000| Untracked 
| 166|0x000000070ba00000, 0x000000070ba00000, 0x000000070bb00000|  0%| F|  |TAMS 0x000000070ba00000, 0x000000070ba00000| Untracked 
| 167|0x000000070bb00000, 0x000000070bb00000, 0x000000070bc00000|  0%| F|  |TAMS 0x000000070bb00000, 0x000000070bb00000| Untracked 
| 168|0x000000070bc00000, 0x000000070bc00000, 0x000000070bd00000|  0%| F|  |TAMS 0x000000070bc00000, 0x000000070bc00000| Untracked 
| 169|0x000000070bd00000, 0x000000070bd00000, 0x000000070be00000|  0%| F|  |TAMS 0x000000070bd00000, 0x000000070bd00000| Untracked 
| 170|0x000000070be00000, 0x000000070be00000, 0x000000070bf00000|  0%| F|  |TAMS 0x000000070be00000, 0x000000070be00000| Untracked 
| 171|0x000000070bf00000, 0x000000070bf00000, 0x000000070c000000|  0%| F|  |TAMS 0x000000070bf00000, 0x000000070bf00000| Untracked 
| 172|0x000000070c000000, 0x000000070c000000, 0x000000070c100000|  0%| F|  |TAMS 0x000000070c000000, 0x000000070c000000| Untracked 
| 173|0x000000070c100000, 0x000000070c100000, 0x000000070c200000|  0%| F|  |TAMS 0x000000070c100000, 0x000000070c100000| Untracked 
| 174|0x000000070c200000, 0x000000070c200000, 0x000000070c300000|  0%| F|  |TAMS 0x000000070c200000, 0x000000070c200000| Untracked 
| 175|0x000000070c300000, 0x000000070c300000, 0x000000070c400000|  0%| F|  |TAMS 0x000000070c300000, 0x000000070c300000| Untracked 
| 176|0x000000070c400000, 0x000000070c400000, 0x000000070c500000|  0%| F|  |TAMS 0x000000070c400000, 0x000000070c400000| Untracked 
| 177|0x000000070c500000, 0x000000070c500000, 0x000000070c600000|  0%| F|  |TAMS 0x000000070c500000, 0x000000070c500000| Untracked 
| 178|0x000000070c600000, 0x000000070c600000, 0x000000070c700000|  0%| F|  |TAMS 0x000000070c600000, 0x000000070c600000| Untracked 
| 179|0x000000070c700000, 0x000000070c700000, 0x000000070c800000|  0%| F|  |TAMS 0x000000070c700000, 0x000000070c700000| Untracked 
| 180|0x000000070c800000, 0x000000070c800000, 0x000000070c900000|  0%| F|  |TAMS 0x000000070c800000, 0x000000070c800000| Untracked 
| 181|0x000000070c900000, 0x000000070c900000, 0x000000070ca00000|  0%| F|  |TAMS 0x000000070c900000, 0x000000070c900000| Untracked 
| 182|0x000000070ca00000, 0x000000070ca00000, 0x000000070cb00000|  0%| F|  |TAMS 0x000000070ca00000, 0x000000070ca00000| Untracked 
| 183|0x000000070cb00000, 0x000000070cb00000, 0x000000070cc00000|  0%| F|  |TAMS 0x000000070cb00000, 0x000000070cb00000| Untracked 
| 184|0x000000070cc00000, 0x000000070cc00000, 0x000000070cd00000|  0%| F|  |TAMS 0x000000070cc00000, 0x000000070cc00000| Untracked 
| 185|0x000000070cd00000, 0x000000070cd00000, 0x000000070ce00000|  0%| F|  |TAMS 0x000000070cd00000, 0x000000070cd00000| Untracked 
| 186|0x000000070ce00000, 0x000000070ce00000, 0x000000070cf00000|  0%| F|  |TAMS 0x000000070ce00000, 0x000000070ce00000| Untracked 
| 187|0x000000070cf00000, 0x000000070cf00000, 0x000000070d000000|  0%| F|  |TAMS 0x000000070cf00000, 0x000000070cf00000| Untracked 
| 188|0x000000070d000000, 0x000000070d000000, 0x000000070d100000|  0%| F|  |TAMS 0x000000070d000000, 0x000000070d000000| Untracked 
| 189|0x000000070d100000, 0x000000070d100000, 0x000000070d200000|  0%| F|  |TAMS 0x000000070d100000, 0x000000070d100000| Untracked 
| 190|0x000000070d200000, 0x000000070d200000, 0x000000070d300000|  0%| F|  |TAMS 0x000000070d200000, 0x000000070d200000| Untracked 
| 191|0x000000070d300000, 0x000000070d300000, 0x000000070d400000|  0%| F|  |TAMS 0x000000070d300000, 0x000000070d300000| Untracked 
| 192|0x000000070d400000, 0x000000070d400000, 0x000000070d500000|  0%| F|  |TAMS 0x000000070d400000, 0x000000070d400000| Untracked 
| 193|0x000000070d500000, 0x000000070d500000, 0x000000070d600000|  0%| F|  |TAMS 0x000000070d500000, 0x000000070d500000| Untracked 
| 194|0x000000070d600000, 0x000000070d600000, 0x000000070d700000|  0%| F|  |TAMS 0x000000070d600000, 0x000000070d600000| Untracked 
| 195|0x000000070d700000, 0x000000070d700000, 0x000000070d800000|  0%| F|  |TAMS 0x000000070d700000, 0x000000070d700000| Untracked 
| 196|0x000000070d800000, 0x000000070d800000, 0x000000070d900000|  0%| F|  |TAMS 0x000000070d800000, 0x000000070d800000| Untracked 
| 197|0x000000070d900000, 0x000000070d900000, 0x000000070da00000|  0%| F|  |TAMS 0x000000070d900000, 0x000000070d900000| Untracked 
| 198|0x000000070da00000, 0x000000070da00000, 0x000000070db00000|  0%| F|  |TAMS 0x000000070da00000, 0x000000070da00000| Untracked 
| 199|0x000000070db00000, 0x000000070db00000, 0x000000070dc00000|  0%| F|  |TAMS 0x000000070db00000, 0x000000070db00000| Untracked 
| 200|0x000000070dc00000, 0x000000070dc00000, 0x000000070dd00000|  0%| F|  |TAMS 0x000000070dc00000, 0x000000070dc00000| Untracked 
| 201|0x000000070dd00000, 0x000000070dd00000, 0x000000070de00000|  0%| F|  |TAMS 0x000000070dd00000, 0x000000070dd00000| Untracked 
| 202|0x000000070de00000, 0x000000070de00000, 0x000000070df00000|  0%| F|  |TAMS 0x000000070de00000, 0x000000070de00000| Untracked 
| 203|0x000000070df00000, 0x000000070df00000, 0x000000070e000000|  0%| F|  |TAMS 0x000000070df00000, 0x000000070df00000| Untracked 
| 204|0x000000070e000000, 0x000000070e000000, 0x000000070e100000|  0%| F|  |TAMS 0x000000070e000000, 0x000000070e000000| Untracked 
| 205|0x000000070e100000, 0x000000070e100000, 0x000000070e200000|  0%| F|  |TAMS 0x000000070e100000, 0x000000070e100000| Untracked 
| 206|0x000000070e200000, 0x000000070e200000, 0x000000070e300000|  0%| F|  |TAMS 0x000000070e200000, 0x000000070e200000| Untracked 
| 207|0x000000070e300000, 0x000000070e300000, 0x000000070e400000|  0%| F|  |TAMS 0x000000070e300000, 0x000000070e300000| Untracked 
| 208|0x000000070e400000, 0x000000070e45a858, 0x000000070e500000| 35%| S|CS|TAMS 0x000000070e400000, 0x000000070e400000| Complete 
| 209|0x000000070e500000, 0x000000070e600000, 0x000000070e600000|100%| S|CS|TAMS 0x000000070e500000, 0x000000070e500000| Complete 
| 210|0x000000070e600000, 0x000000070e700000, 0x000000070e700000|100%| S|CS|TAMS 0x000000070e600000, 0x000000070e600000| Complete 
| 211|0x000000070e700000, 0x000000070e800000, 0x000000070e800000|100%| S|CS|TAMS 0x000000070e700000, 0x000000070e700000| Complete 
| 212|0x000000070e800000, 0x000000070e900000, 0x000000070e900000|100%| S|CS|TAMS 0x000000070e800000, 0x000000070e800000| Complete 
| 213|0x000000070e900000, 0x000000070ea00000, 0x000000070ea00000|100%| S|CS|TAMS 0x000000070e900000, 0x000000070e900000| Complete 
| 214|0x000000070ea00000, 0x000000070eb00000, 0x000000070eb00000|100%| S|CS|TAMS 0x000000070ea00000, 0x000000070ea00000| Complete 
| 215|0x000000070eb00000, 0x000000070ec00000, 0x000000070ec00000|100%| S|CS|TAMS 0x000000070eb00000, 0x000000070eb00000| Complete 
| 216|0x000000070ec00000, 0x000000070ed00000, 0x000000070ed00000|100%| S|CS|TAMS 0x000000070ec00000, 0x000000070ec00000| Complete 
| 217|0x000000070ed00000, 0x000000070ee00000, 0x000000070ee00000|100%| S|CS|TAMS 0x000000070ed00000, 0x000000070ed00000| Complete 
| 218|0x000000070ee00000, 0x000000070ef00000, 0x000000070ef00000|100%| S|CS|TAMS 0x000000070ee00000, 0x000000070ee00000| Complete 
| 219|0x000000070ef00000, 0x000000070ef00000, 0x000000070f000000|  0%| F|  |TAMS 0x000000070ef00000, 0x000000070ef00000| Untracked 
| 220|0x000000070f000000, 0x000000070f000000, 0x000000070f100000|  0%| F|  |TAMS 0x000000070f000000, 0x000000070f000000| Untracked 
| 221|0x000000070f100000, 0x000000070f100000, 0x000000070f200000|  0%| F|  |TAMS 0x000000070f100000, 0x000000070f100000| Untracked 
| 222|0x000000070f200000, 0x000000070f200000, 0x000000070f300000|  0%| F|  |TAMS 0x000000070f200000, 0x000000070f200000| Untracked 
| 223|0x000000070f300000, 0x000000070f300000, 0x000000070f400000|  0%| F|  |TAMS 0x000000070f300000, 0x000000070f300000| Untracked 
| 224|0x000000070f400000, 0x000000070f400000, 0x000000070f500000|  0%| F|  |TAMS 0x000000070f400000, 0x000000070f400000| Untracked 
| 225|0x000000070f500000, 0x000000070f500000, 0x000000070f600000|  0%| F|  |TAMS 0x000000070f500000, 0x000000070f500000| Untracked 
| 226|0x000000070f600000, 0x000000070f600000, 0x000000070f700000|  0%| F|  |TAMS 0x000000070f600000, 0x000000070f600000| Untracked 
| 227|0x000000070f700000, 0x000000070f700000, 0x000000070f800000|  0%| F|  |TAMS 0x000000070f700000, 0x000000070f700000| Untracked 
| 228|0x000000070f800000, 0x000000070f800000, 0x000000070f900000|  0%| F|  |TAMS 0x000000070f800000, 0x000000070f800000| Untracked 
| 229|0x000000070f900000, 0x000000070f900000, 0x000000070fa00000|  0%| F|  |TAMS 0x000000070f900000, 0x000000070f900000| Untracked 
| 230|0x000000070fa00000, 0x000000070fa00000, 0x000000070fb00000|  0%| F|  |TAMS 0x000000070fa00000, 0x000000070fa00000| Untracked 
| 231|0x000000070fb00000, 0x000000070fb00000, 0x000000070fc00000|  0%| F|  |TAMS 0x000000070fb00000, 0x000000070fb00000| Untracked 
| 232|0x000000070fc00000, 0x000000070fc00000, 0x000000070fd00000|  0%| F|  |TAMS 0x000000070fc00000, 0x000000070fc00000| Untracked 
| 233|0x000000070fd00000, 0x000000070fd00000, 0x000000070fe00000|  0%| F|  |TAMS 0x000000070fd00000, 0x000000070fd00000| Untracked 
| 234|0x000000070fe00000, 0x000000070fe00000, 0x000000070ff00000|  0%| F|  |TAMS 0x000000070fe00000, 0x000000070fe00000| Untracked 
| 235|0x000000070ff00000, 0x000000070ff00000, 0x0000000710000000|  0%| F|  |TAMS 0x000000070ff00000, 0x000000070ff00000| Untracked 
| 236|0x0000000710000000, 0x0000000710000000, 0x0000000710100000|  0%| F|  |TAMS 0x0000000710000000, 0x0000000710000000| Untracked 
| 237|0x0000000710100000, 0x0000000710100000, 0x0000000710200000|  0%| F|  |TAMS 0x0000000710100000, 0x0000000710100000| Untracked 
| 238|0x0000000710200000, 0x0000000710200000, 0x0000000710300000|  0%| F|  |TAMS 0x0000000710200000, 0x0000000710200000| Untracked 
| 239|0x0000000710300000, 0x0000000710300000, 0x0000000710400000|  0%| F|  |TAMS 0x0000000710300000, 0x0000000710300000| Untracked 
| 240|0x0000000710400000, 0x0000000710400000, 0x0000000710500000|  0%| F|  |TAMS 0x0000000710400000, 0x0000000710400000| Untracked 
| 241|0x0000000710500000, 0x0000000710500000, 0x0000000710600000|  0%| F|  |TAMS 0x0000000710500000, 0x0000000710500000| Untracked 
| 242|0x0000000710600000, 0x0000000710600000, 0x0000000710700000|  0%| F|  |TAMS 0x0000000710600000, 0x0000000710600000| Untracked 
| 243|0x0000000710700000, 0x0000000710700000, 0x0000000710800000|  0%| F|  |TAMS 0x0000000710700000, 0x0000000710700000| Untracked 
| 244|0x0000000710800000, 0x0000000710800000, 0x0000000710900000|  0%| F|  |TAMS 0x0000000710800000, 0x0000000710800000| Untracked 
| 245|0x0000000710900000, 0x0000000710900000, 0x0000000710a00000|  0%| F|  |TAMS 0x0000000710900000, 0x0000000710900000| Untracked 
| 246|0x0000000710a00000, 0x0000000710a00000, 0x0000000710b00000|  0%| F|  |TAMS 0x0000000710a00000, 0x0000000710a00000| Untracked 
| 247|0x0000000710b00000, 0x0000000710b00000, 0x0000000710c00000|  0%| F|  |TAMS 0x0000000710b00000, 0x0000000710b00000| Untracked 
| 248|0x0000000710c00000, 0x0000000710c00000, 0x0000000710d00000|  0%| F|  |TAMS 0x0000000710c00000, 0x0000000710c00000| Untracked 
| 249|0x0000000710d00000, 0x0000000710d00000, 0x0000000710e00000|  0%| F|  |TAMS 0x0000000710d00000, 0x0000000710d00000| Untracked 
| 250|0x0000000710e00000, 0x0000000710e00000, 0x0000000710f00000|  0%| F|  |TAMS 0x0000000710e00000, 0x0000000710e00000| Untracked 
| 251|0x0000000710f00000, 0x0000000710f00000, 0x0000000711000000|  0%| F|  |TAMS 0x0000000710f00000, 0x0000000710f00000| Untracked 
| 252|0x0000000711000000, 0x0000000711000000, 0x0000000711100000|  0%| F|  |TAMS 0x0000000711000000, 0x0000000711000000| Untracked 
| 253|0x0000000711100000, 0x0000000711100000, 0x0000000711200000|  0%| F|  |TAMS 0x0000000711100000, 0x0000000711100000| Untracked 
| 254|0x0000000711200000, 0x0000000711200000, 0x0000000711300000|  0%| F|  |TAMS 0x0000000711200000, 0x0000000711200000| Untracked 
| 255|0x0000000711300000, 0x0000000711300000, 0x0000000711400000|  0%| F|  |TAMS 0x0000000711300000, 0x0000000711300000| Untracked 

Card table byte_map: [0x00000215a20a0000,0x00000215a28a0000] _byte_map_base: 0x000002159e896000

Marking Bits (Prev, Next): (CMBitMap*) 0x000002158acc3a58, (CMBitMap*) 0x000002158acc3a90
 Prev Bits: [0x00000215a30a0000, 0x00000215a7050000)
 Next Bits: [0x00000215a7050000, 0x00000215ab000000)

Polling page: 0x0000021588c20000

Metaspace:

Usage:
  Non-class:     41.25 MB capacity,    40.45 MB ( 98%) used,   647.55 KB (  2%) free+waste,   167.44 KB ( <1%) overhead. 
      Class:      6.49 MB capacity,     5.91 MB ( 91%) used,   503.95 KB (  8%) free+waste,    84.38 KB (  1%) overhead. 
       Both:     47.73 MB capacity,    46.36 MB ( 97%) used,     1.12 MB (  2%) free+waste,   251.81 KB ( <1%) overhead. 

Virtual space:
  Non-class space:       50.00 MB reserved,      41.25 MB ( 82%) committed 
      Class space:        1.00 GB reserved,       6.50 MB ( <1%) committed 
             Both:        1.05 GB reserved,      47.75 MB (  4%) committed 

Chunk freelists:
   Non-Class:  384 bytes
       Class:  1.62 KB
        Both:  2.00 KB

CodeHeap 'non-profiled nmethods': size=238336Kb used=8681Kb max_used=8681Kb free=229654Kb
 bounds [0x0000021592a80000, 0x0000021593300000, 0x00000215a1340000]
CodeHeap 'non-nmethods': size=7424Kb used=1287Kb max_used=1287Kb free=6136Kb
 bounds [0x0000021592340000, 0x00000215925b0000, 0x0000021592a80000]
 total_blobs=5656 nmethods=5105 adapters=484
 compilation: enabled
              stopped_count=0, restarted_count=0
 full_count=0

Compilation events (10 events):
Event: 24.656 Thread 0x00000215ae6e2800 5101       1       java.beans.PropertyDescriptor::setBound (6 bytes)
Event: 24.656 Thread 0x00000215ae6e2800 nmethod 5101 0x00000215932f9710 code [0x00000215932f98a0, 0x00000215932f9958]
Event: 24.656 Thread 0x00000215ae6e2800 5102       1       java.beans.FeatureDescriptor::setExpert (6 bytes)
Event: 24.656 Thread 0x00000215ae6e2800 nmethod 5102 0x00000215932f9a10 code [0x00000215932f9ba0, 0x00000215932f9c58]
Event: 24.656 Thread 0x00000215ae6e2800 5103       1       java.beans.FeatureDescriptor::setHidden (6 bytes)
Event: 24.656 Thread 0x00000215ae6e2800 nmethod 5103 0x00000215932f9d10 code [0x00000215932f9ea0, 0x00000215932f9f58]
Event: 24.656 Thread 0x00000215ae6e2800 5104       1       java.beans.FeatureDescriptor::setPreferred (6 bytes)
Event: 24.656 Thread 0x00000215ae6e2800 nmethod 5104 0x00000215932fa010 code [0x00000215932fa1a0, 0x00000215932fa258]
Event: 24.666 Thread 0x00000215ae6e2800 5105       1       org.springframework.core.ResolvableType::hasGenerics (14 bytes)
Event: 24.666 Thread 0x00000215ae6e2800 nmethod 5105 0x00000215932fa310 code [0x00000215932fa4a0, 0x00000215932fa5a8]

GC Heap History (10 events):
Event: 12.514 GC heap before
{Heap before GC invocations=2 (full 0):
 garbage-first heap   total 262144K, used 29317K [0x0000000701400000, 0x0000000800000000)
  region size 1024K, 21 young (21504K), 3 survivors (3072K)
 Metaspace       used 20434K, capacity 21134K, committed 21296K, reserved 1069056K
  class space    used 2396K, capacity 2695K, committed 2816K, reserved 1048576K
}
Event: 12.519 GC heap after
{Heap after GC invocations=3 (full 0):
 garbage-first heap   total 262144K, used 12769K [0x0000000701400000, 0x0000000800000000)
  region size 1024K, 4 young (4096K), 4 survivors (4096K)
 Metaspace       used 20434K, capacity 21134K, committed 21296K, reserved 1069056K
  class space    used 2396K, capacity 2695K, committed 2816K, reserved 1048576K
}
Event: 13.168 GC heap before
{Heap before GC invocations=4 (full 0):
 garbage-first heap   total 262144K, used 70113K [0x0000000701400000, 0x0000000800000000)
  region size 1024K, 61 young (62464K), 4 survivors (4096K)
 Metaspace       used 28598K, capacity 29433K, committed 29568K, reserved 1075200K
  class space    used 3537K, capacity 3882K, committed 3968K, reserved 1048576K
}
Event: 13.174 GC heap after
{Heap after GC invocations=5 (full 0):
 garbage-first heap   total 262144K, used 14697K [0x0000000701400000, 0x0000000800000000)
  region size 1024K, 5 young (5120K), 5 survivors (5120K)
 Metaspace       used 28598K, capacity 29433K, committed 29568K, reserved 1075200K
  class space    used 3537K, capacity 3882K, committed 3968K, reserved 1048576K
}
Event: 15.402 GC heap before
{Heap before GC invocations=5 (full 0):
 garbage-first heap   total 262144K, used 143721K [0x0000000701400000, 0x0000000800000000)
  region size 1024K, 132 young (135168K), 5 survivors (5120K)
 Metaspace       used 34737K, capacity 35708K, committed 35840K, reserved 1081344K
  class space    used 4383K, capacity 4778K, committed 4864K, reserved 1048576K
}
Event: 15.413 GC heap after
{Heap after GC invocations=6 (full 0):
 garbage-first heap   total 262144K, used 18934K [0x0000000701400000, 0x0000000800000000)
  region size 1024K, 10 young (10240K), 10 survivors (10240K)
 Metaspace       used 34737K, capacity 35708K, committed 35840K, reserved 1081344K
  class space    used 4383K, capacity 4778K, committed 4864K, reserved 1048576K
}
Event: 23.478 GC heap before
{Heap before GC invocations=7 (full 0):
 garbage-first heap   total 262144K, used 165366K [0x0000000701400000, 0x0000000800000000)
  region size 1024K, 153 young (156672K), 10 survivors (10240K)
 Metaspace       used 45742K, capacity 47167K, committed 47360K, reserved 1089536K
  class space    used 5819K, capacity 6376K, committed 6400K, reserved 1048576K
}
Event: 23.564 GC heap after
{Heap after GC invocations=8 (full 0):
 garbage-first heap   total 262144K, used 28596K [0x0000000701400000, 0x0000000800000000)
  region size 1024K, 19 young (19456K), 19 survivors (19456K)
 Metaspace       used 45742K, capacity 47167K, committed 47360K, reserved 1089536K
  class space    used 5819K, capacity 6376K, committed 6400K, reserved 1048576K
}
Event: 24.678 GC heap before
{Heap before GC invocations=8 (full 0):
 garbage-first heap   total 262144K, used 64436K [0x0000000701400000, 0x0000000800000000)
  region size 1024K, 56 young (57344K), 19 survivors (19456K)
 Metaspace       used 47476K, capacity 48880K, committed 48896K, reserved 1097728K
  class space    used 6054K, capacity 6643K, committed 6656K, reserved 1048576K
}
Event: 24.696 GC heap after
{Heap after GC invocations=9 (full 0):
 garbage-first heap   total 262144K, used 28856K [0x0000000701400000, 0x0000000800000000)
  region size 1024K, 11 young (11264K), 11 survivors (11264K)
 Metaspace       used 47476K, capacity 48880K, committed 48896K, reserved 1097728K
  class space    used 6054K, capacity 6643K, committed 6656K, reserved 1048576K
}

Deoptimization events (0 events):
No events

Classes redefined (0 events):
No events

Internal exceptions (10 events):
Event: 24.501 Thread 0x000002158ac61800 Exception <a 'java/lang/ClassNotFoundException'{0x000000070f5d7ff8}: org/springframework/beans/factory/FactoryBeanCustomizer> (0x000000070f5d7ff8) thrown at [./open/src/hotspot/share/classfile/systemDictionary.cpp, line 226]
Event: 24.502 Thread 0x000002158ac61800 Exception <a 'java/lang/ClassNotFoundException'{0x000000070f5f9c40}: org/springframework/context/ApplicationContextAwareCustomizer> (0x000000070f5f9c40) thrown at [./open/src/hotspot/share/classfile/systemDictionary.cpp, line 226]
Event: 24.504 Thread 0x000002158ac61800 Exception <a 'java/lang/ClassNotFoundException'{0x000000070f417440}: org/springframework/beans/factory/AwareCustomizer> (0x000000070f417440) thrown at [./open/src/hotspot/share/classfile/systemDictionary.cpp, line 226]
Event: 24.505 Thread 0x000002158ac61800 Exception <a 'java/lang/ClassNotFoundException'{0x000000070f435688}: org/springframework/context/ApplicationListenerCustomizer> (0x000000070f435688) thrown at [./open/src/hotspot/share/classfile/systemDictionary.cpp, line 226]
Event: 24.506 Thread 0x000002158ac61800 Exception <a 'java/lang/ClassNotFoundException'{0x000000070f4416b0}: java/util/EventListenerCustomizer> (0x000000070f4416b0) thrown at [./open/src/hotspot/share/classfile/systemDictionary.cpp, line 226]
Event: 24.508 Thread 0x000002158ac61800 Exception <a 'java/lang/ClassNotFoundException'{0x000000070f460c78}: org/springframework/beans/factory/InitializingBeanCustomizer> (0x000000070f460c78) thrown at [./open/src/hotspot/share/classfile/systemDictionary.cpp, line 226]
Event: 24.631 Thread 0x000002158ac61800 Exception <a 'java/lang/ClassNotFoundException'{0x000000070f06b768}: java/lang/ObjectCustomizer> (0x000000070f06b768) thrown at [./open/src/hotspot/share/classfile/systemDictionary.cpp, line 226]
Event: 24.636 Thread 0x000002158ac61800 Exception <a 'java/lang/ClassNotFoundException'{0x000000070f0919d8}: com/github/xiaoymin/knife4j/core/extend/OpenApiExtendSettingCustomizer> (0x000000070f0919d8) thrown at [./open/src/hotspot/share/classfile/systemDictionary.cpp, line 226]
Event: 24.649 Thread 0x000002158ac61800 Exception <a 'java/lang/ClassNotFoundException'{0x000000070f0bca80}: java/lang/ObjectCustomizer> (0x000000070f0bca80) thrown at [./open/src/hotspot/share/classfile/systemDictionary.cpp, line 226]
Event: 24.651 Thread 0x000002158ac61800 Exception <a 'java/lang/ClassNotFoundException'{0x000000070f0e2de0}: com/github/xiaoymin/knife4j/spring/configuration/Knife4jSettingCustomizer> (0x000000070f0e2de0) thrown at [./open/src/hotspot/share/classfile/systemDictionary.cpp, line 226]

Events (10 events):
Event: 24.674 loading class java/io/CharArrayWriter done
Event: 24.675 loading class com/github/xiaoymin/knife4j/core/util/StrUtil
Event: 24.675 loading class com/github/xiaoymin/knife4j/core/util/StrUtil done
Event: 24.675 loading class springfox/documentation/spring/web/plugins/Docket
Event: 24.675 loading class springfox/documentation/spring/web/plugins/Docket done
Event: 24.676 loading class springfox/documentation/spring/web/plugins/ApiSelectorBuilder
Event: 24.676 loading class springfox/documentation/spring/web/plugins/ApiSelectorBuilder done
Event: 24.677 loading class springfox/documentation/schema/AlternateTypeRule
Event: 24.677 loading class springfox/documentation/schema/AlternateTypeRule done
Event: 24.678 Executing VM operation: CollectForMetadataAllocation


Dynamic libraries:
0x00007ff796fb0000 - 0x00007ff796fc0000 	C:\Program Files\Java\jdk-11\bin\java.exe
0x00007ffceab10000 - 0x00007ffcead08000 	C:\WINDOWS\SYSTEM32\ntdll.dll
0x00007ffce8e30000 - 0x00007ffce8eed000 	C:\WINDOWS\System32\KERNEL32.DLL
0x00007ffce81f0000 - 0x00007ffce84e6000 	C:\WINDOWS\System32\KERNELBASE.dll
0x00007ffce8a40000 - 0x00007ffce8b40000 	C:\WINDOWS\System32\ucrtbase.dll
0x00007ffcbc2f0000 - 0x00007ffcbc30b000 	C:\Program Files\Java\jdk-11\bin\VCRUNTIME140.dll
0x00007ffcbc310000 - 0x00007ffcbc329000 	C:\Program Files\Java\jdk-11\bin\jli.dll
0x00007ffce8ba0000 - 0x00007ffce8c50000 	C:\WINDOWS\System32\ADVAPI32.dll
0x00007ffce9ff0000 - 0x00007ffcea08e000 	C:\WINDOWS\System32\msvcrt.dll
0x00007ffcea0a0000 - 0x00007ffcea140000 	C:\WINDOWS\System32\sechost.dll
0x00007ffcea230000 - 0x00007ffcea353000 	C:\WINDOWS\System32\RPCRT4.dll
0x00007ffce85e0000 - 0x00007ffce8607000 	C:\WINDOWS\System32\bcrypt.dll
0x00007ffce8f30000 - 0x00007ffce90cf000 	C:\WINDOWS\System32\USER32.dll
0x00007ffce81c0000 - 0x00007ffce81e2000 	C:\WINDOWS\System32\win32u.dll
0x00007ffce9220000 - 0x00007ffce924b000 	C:\WINDOWS\System32\GDI32.dll
0x00007ffce8920000 - 0x00007ffce8a37000 	C:\WINDOWS\System32\gdi32full.dll
0x00007ffce84f0000 - 0x00007ffce858d000 	C:\WINDOWS\System32\msvcp_win.dll
0x00007ffce7580000 - 0x00007ffce781a000 	C:\WINDOWS\WinSxS\amd64_microsoft.windows.common-controls_6595b64144ccf1df_6.0.19041.4355_none_60b8b9eb71f62e16\COMCTL32.dll
0x00007ffce06d0000 - 0x00007ffce06da000 	C:\WINDOWS\SYSTEM32\VERSION.dll
0x00007ffce8ef0000 - 0x00007ffce8f22000 	C:\WINDOWS\System32\IMM32.DLL
0x00007ffccefe0000 - 0x00007ffccefec000 	C:\Program Files\Java\jdk-11\bin\vcruntime140_1.dll
0x00007ffca4c00000 - 0x00007ffca4c8e000 	C:\Program Files\Java\jdk-11\bin\msvcp140.dll
0x00007ffc73ff0000 - 0x00007ffc74b5e000 	C:\Program Files\Java\jdk-11\bin\server\jvm.dll
0x00007ffce98b0000 - 0x00007ffce98b8000 	C:\WINDOWS\System32\PSAPI.DLL
0x00007ffcc8260000 - 0x00007ffcc8269000 	C:\WINDOWS\SYSTEM32\WSOCK32.dll
0x00007ffce9250000 - 0x00007ffce92bb000 	C:\WINDOWS\System32\WS2_32.dll
0x00007ffcdd7d0000 - 0x00007ffcdd7f7000 	C:\WINDOWS\SYSTEM32\WINMM.dll
0x00007ffce6360000 - 0x00007ffce6372000 	C:\WINDOWS\SYSTEM32\kernel.appcore.dll
0x00007ffcceea0000 - 0x00007ffcceeb0000 	C:\Program Files\Java\jdk-11\bin\verify.dll
0x00007ffce7b20000 - 0x00007ffce7d04000 	C:\WINDOWS\SYSTEM32\DBGHELP.DLL
0x00007ffce7930000 - 0x00007ffce7964000 	C:\WINDOWS\SYSTEM32\dbgcore.DLL
0x00007ffce86c0000 - 0x00007ffce8742000 	C:\WINDOWS\System32\bcryptPrimitives.dll
0x00007ffcbc2c0000 - 0x00007ffcbc2e8000 	C:\Program Files\Java\jdk-11\bin\java.dll
0x00007ffccb070000 - 0x00007ffccb07a000 	C:\Program Files\Java\jdk-11\bin\jimage.dll
0x00007ffc9eb80000 - 0x00007ffc9ebb8000 	C:\Program Files\Java\jdk-11\bin\jdwp.dll
0x00007ffcd19f0000 - 0x00007ffcd19fe000 	C:\Program Files\Java\jdk-11\bin\instrument.dll
0x00007ffcbc2a0000 - 0x00007ffcbc2b7000 	C:\Program Files\Java\jdk-11\bin\zip.dll
0x00007ffcea360000 - 0x00007ffceaacb000 	C:\WINDOWS\System32\SHELL32.dll
0x00007ffce5ac0000 - 0x00007ffce625d000 	C:\WINDOWS\SYSTEM32\windows.storage.dll
0x00007ffce9a60000 - 0x00007ffce9db3000 	C:\WINDOWS\System32\combase.dll
0x00007ffce7480000 - 0x00007ffce74ae000 	C:\WINDOWS\SYSTEM32\Wldp.dll
0x00007ffce92c0000 - 0x00007ffce938d000 	C:\WINDOWS\System32\OLEAUT32.dll
0x00007ffce8c50000 - 0x00007ffce8cfd000 	C:\WINDOWS\System32\SHCORE.dll
0x00007ffce90d0000 - 0x00007ffce9125000 	C:\WINDOWS\System32\shlwapi.dll
0x00007ffce80f0000 - 0x00007ffce8114000 	C:\WINDOWS\SYSTEM32\profapi.dll
0x00007ffccf2a0000 - 0x00007ffccf2ab000 	C:\Program Files\Java\jdk-11\bin\dt_socket.dll
0x00007ffce7350000 - 0x00007ffce73ba000 	C:\WINDOWS\system32\mswsock.dll
0x00007ffcbb950000 - 0x00007ffcbb969000 	C:\Program Files\Java\jdk-11\bin\net.dll
0x00007ffcdc3a0000 - 0x00007ffcdc4aa000 	C:\WINDOWS\SYSTEM32\WINHTTP.dll
0x00007ffcbb930000 - 0x00007ffcbb942000 	C:\Program Files\Java\jdk-11\bin\nio.dll
0x00007ffce6f00000 - 0x00007ffce6fcb000 	C:\WINDOWS\SYSTEM32\DNSAPI.dll
0x00007ffce6ec0000 - 0x00007ffce6efb000 	C:\WINDOWS\SYSTEM32\IPHLPAPI.DLL
0x00007ffce9130000 - 0x00007ffce9138000 	C:\WINDOWS\System32\NSI.dll
0x00007ffcd84c0000 - 0x00007ffcd84ca000 	C:\Windows\System32\rasadhlp.dll
0x00007ffcd2c30000 - 0x00007ffcd2cb0000 	C:\WINDOWS\System32\fwpuclnt.dll
0x00007ffcbc200000 - 0x00007ffcbc209000 	C:\Program Files\Java\jdk-11\bin\management.dll
0x00007ffcbc130000 - 0x00007ffcbc13b000 	C:\Program Files\Java\jdk-11\bin\management_ext.dll
0x00007ffce7eb0000 - 0x00007ffce7ec8000 	C:\WINDOWS\SYSTEM32\CRYPTSP.dll
0x00007ffce6b60000 - 0x00007ffce6b94000 	C:\WINDOWS\system32\rsaenh.dll
0x00007ffce80a0000 - 0x00007ffce80ce000 	C:\WINDOWS\SYSTEM32\USERENV.dll
0x00007ffce7440000 - 0x00007ffce744c000 	C:\WINDOWS\SYSTEM32\CRYPTBASE.dll
0x00007ffcdf410000 - 0x00007ffcdf427000 	C:\WINDOWS\SYSTEM32\dhcpcsvc6.DLL
0x00007ffcdf3f0000 - 0x00007ffcdf40d000 	C:\WINDOWS\SYSTEM32\dhcpcsvc.DLL
0x00007ffcc0da0000 - 0x00007ffcc0db7000 	C:\WINDOWS\system32\napinsp.dll
0x00007ffcc0d80000 - 0x00007ffcc0d9b000 	C:\WINDOWS\system32\pnrpnsp.dll
0x00007ffce2130000 - 0x00007ffce2145000 	C:\WINDOWS\system32\wshbth.dll
0x00007ffce2c20000 - 0x00007ffce2c3d000 	C:\WINDOWS\system32\NLAapi.dll
0x00007ffcc0d60000 - 0x00007ffcc0d72000 	C:\WINDOWS\System32\winrnr.dll
0x00007ffcbdf00000 - 0x00007ffcbdf0e000 	C:\Program Files\Java\jdk-11\bin\sunmscapi.dll
0x00007ffce8750000 - 0x00007ffce88ae000 	C:\WINDOWS\System32\CRYPT32.dll
0x00007ffce7550000 - 0x00007ffce7579000 	C:\WINDOWS\SYSTEM32\ncrypt.dll
0x00007ffce74b0000 - 0x00007ffce74eb000 	C:\WINDOWS\SYSTEM32\NTASN1.dll
0x00007ffcbdf10000 - 0x00007ffcbdf37000 	C:\Program Files\Java\jdk-11\bin\sunec.dll

dbghelp: loaded successfully - version: 4.0.5 - missing functions: none
symbol engine: initialized successfully - sym options: 0x614 - pdb path: .;C:\Program Files\Java\jdk-11\bin;C:\WINDOWS\SYSTEM32;C:\WINDOWS\WinSxS\amd64_microsoft.windows.common-controls_6595b64144ccf1df_6.0.19041.4355_none_60b8b9eb71f62e16;C:\Program Files\Java\jdk-11\bin\server

VM Arguments:
jvm_args: -agentlib:jdwp=transport=dt_socket,address=127.0.0.1:61692,suspend=y,server=n -XX:TieredStopAtLevel=1 -Xverify:none -Dspring.profiles.active=local -Dspring.output.ansi.enabled=always -javaagent:C:\Users\19655\AppData\Local\JetBrains\IntelliJIdea2021.1\captureAgent\debugger-agent.jar=file:/C:/Users/19655/AppData/Local/Temp/capture2.props -Dcom.sun.management.jmxremote -Dspring.jmx.enabled=true -Dspring.liveBeansView.mbeanDomain -Dspring.application.admin.enabled=true -Dfile.encoding=UTF-8 
java_command: com.hmall.user.UserApplication
java_class_path (initial): D:\ev\SpringCloud\codemy\hmall\user-service\target\classes;D:\ev\SpringCloud\codemy\hmall\hm-common\target\classes;D:\maven_respository\org\apache\commons\commons-pool2\2.11.1\commons-pool2-2.11.1.jar;D:\maven_respository\cn\hutool\hutool-all\5.8.11\hutool-all-5.8.11.jar;D:\maven_respository\org\springframework\boot\spring-boot-starter-logging\2.7.12\spring-boot-starter-logging-2.7.12.jar;D:\maven_respository\ch\qos\logback\logback-classic\1.2.12\logback-classic-1.2.12.jar;D:\maven_respository\ch\qos\logback\logback-core\1.2.12\logback-core-1.2.12.jar;D:\maven_respository\org\apache\logging\log4j\log4j-to-slf4j\2.17.2\log4j-to-slf4j-2.17.2.jar;D:\maven_respository\org\apache\logging\log4j\log4j-api\2.17.2\log4j-api-2.17.2.jar;D:\maven_respository\org\slf4j\jul-to-slf4j\1.7.36\jul-to-slf4j-1.7.36.jar;D:\maven_respository\org\hibernate\validator\hibernate-validator\6.2.5.Final\hibernate-validator-6.2.5.Final.jar;D:\maven_respository\jakarta\validation\jakarta.validation-api\2.0.2\jakarta.validation-api-2.0.2.jar;D:\maven_respository\org\jboss\logging\jboss-logging\3.4.3.Final\jboss-logging-3.4.3.Final.jar;D:\maven_respository\com\fasterxml\classmate\1.5.1\classmate-1.5.1.jar;D:\maven_respository\org\springframework\boot\spring-boot-autoconfigure\2.7.12\spring-boot-autoconfigure-2.7.12.jar;D:\maven_respository\org\springframework\boot\spring-boot\2.7.12\spring-boot-2.7.12.jar;D:\maven_respository\com\github\xiaoymin\knife4j-openapi2-spring-boot-starter\4.1.0\knife4j-openapi2-spring-boot-starter-4.1.0.jar;D:\maven_respository\com\github\xiaoymin\knife4j-core\4.1.0\knife4j-core-4.1.0.jar;D:\maven_respository\com\github\xiaoymin\knife4j-openapi2-ui\4.1.0\knife4j-openapi2-ui-4.1.0.jar;D:\maven_respository\org\javassist\javassist\3.25.0-GA\javassist-3.25.0-GA.jar;D:\maven_respository\io\springfox\springfox-swagger2\2.10.5\springfox-swagger2-2.10.5.jar;D:\maven_respository\io\springfox\springfox-spi\2.10.5\springfox-spi-2.10.5.jar;D:\maven_respos
Launcher Type: SUN_STANDARD

[Global flags]
     bool BytecodeVerificationLocal                = false                                     {product} {command line}
     bool BytecodeVerificationRemote               = false                                     {product} {command line}
     intx CICompilerCount                          = 4                                         {product} {ergonomic}
     uint ConcGCThreads                            = 3                                         {product} {ergonomic}
     uint G1ConcRefinementThreads                  = 10                                        {product} {ergonomic}
   size_t G1HeapRegionSize                         = 1048576                                   {product} {ergonomic}
    uintx GCDrainStackTargetSize                   = 64                                        {product} {ergonomic}
   size_t InitialHeapSize                          = 268435456                                 {product} {ergonomic}
     bool ManagementServer                         = true                                      {product} {command line}
   size_t MarkStackSize                            = 4194304                                   {product} {ergonomic}
   size_t MaxHeapSize                              = 4273995776                                {product} {ergonomic}
   size_t MaxNewSize                               = 2563768320                                {product} {ergonomic}
   size_t MinHeapDeltaBytes                        = 1048576                                   {product} {ergonomic}
    uintx NonNMethodCodeHeapSize                   = 7549744                                {pd product} {ergonomic}
    uintx NonProfiledCodeHeapSize                  = 244108496                              {pd product} {ergonomic}
    uintx ProfiledCodeHeapSize                     = 0                                      {pd product} {ergonomic}
    uintx ReservedCodeCacheSize                    = 251658240                              {pd product} {ergonomic}
     bool SegmentedCodeCache                       = true                                      {product} {ergonomic}
     intx TieredStopAtLevel                        = 1                                         {product} {command line}
     bool UseCompressedClassPointers               = true                                 {lp64_product} {ergonomic}
     bool UseCompressedOops                        = true                                 {lp64_product} {ergonomic}
     bool UseG1GC                                  = true                                      {product} {ergonomic}
     bool UseLargePagesIndividualAllocation        = false                                  {pd product} {ergonomic}

Logging:
Log output configuration:
 #0: stdout all=warning uptime,level,tags
 #1: stderr all=off uptime,level,tags

Environment Variables:
JAVA_HOME=C:\Program Files\Java\jdk-11
CLASSPATH=.;C:\Program Files\Java\jdk-11\lib;C:\Program Files\Java\jdk-11\lib\tools.jar;D:\apache-jmeter-5.6.3\apache-jmeter-5.6.3\lib\ext\ApacheJMeter_core.jar;D:\apache-jmeter-5.6.3\apache-jmeter-5.6.3\lib\jorphan.jar;
PATH=C:\Program Files\Java\jdk-11\bin;C:\Program Files\Common Files\Oracle\Java\javapath;D:\linux\bin\;C:\Program Files (x86)\Common Files\Oracle\Java\javapath;C:\Windows\system32;C:\Windows;C:\Windows\System32\Wbem;C:\Windows\System32\WindowsPowerShell\v1.0\;C:\Windows\System32\OpenSSH\;C:\Program Files (x86)\NVIDIA Corporation\PhysX\Common;C:\Program Files\NVIDIA Corporation\NVIDIA NvDLISR;D:\MATLAB2023b\R2023b\runtime\win64;D:\MATLAB2023b\R2023b\bin;D:\matlab\runtime\win64;D:\matlab\bin;D:\matlab\polyspace\bin;C:\WINDOWS\system32;C:\WINDOWS;C:\WINDOWS\System32\Wbem;C:\WINDOWS\System32\WindowsPowerShell\v1.0\;C:\WINDOWS\System32\OpenSSH\;D:\node\;D:\node\node_global;C:\Program Files\MySQL\MySQL Server 8.0\bin;D:\Windows Kits\10\Windows Performance Toolkit\;C:\Program Files\MySQL\MySQL Server 8.0\bin\;D:\apache-maven-3.6.3\bin;D:\Git\Git\cmd;D:\web\dll;D:\apache-jmeter-5.6.3\apache-jmeter-5.6.3\bin;D:\MinGW\bin;D:\dev\python\python3.11\Scripts\;D:\dev\python\python3.11\;C:\Program Files\MySQL\MySQL Shell 8.0\bin\;C:\Users\19655\AppData\Local\Microsoft\WindowsApps;D:\VSCODE\Microsoft VS Code\bin;C:\Users\19655\AppData\Roaming\npm;D:\node\node_global;D:\node\node_cache;;D:\pycharmzhunye\PyCharm 2023.2.1\bin;;D:\cpolar\
USERNAME=19655
OS=Windows_NT
PROCESSOR_IDENTIFIER=Intel64 Family 6 Model 158 Stepping 10, GenuineIntel



---------------  S Y S T E M  ---------------

OS: Windows 10 , 64 bit Build 19041 (10.0.19041.3636)

CPU:total 12 (initial active 12) (6 cores per cpu, 2 threads per core) family 6 model 158 stepping 10 microcode 0xb4, cmov, cx8, fxsr, mmx, sse, sse2, sse3, ssse3, sse4.1, sse4.2, popcnt, avx, avx2, aes, clmul, erms, 3dnowpref, lzcnt, ht, tsc, tscinvbit, bmi1, bmi2, adx, fma

Memory: 4k page, system-wide physical 16303M (346M free)
TotalPageFile size 41903M (AvailPageFile size 0M)
current process WorkingSet (physical memory assigned to process): 307M, peak: 307M
current process commit charge ("private bytes"): 422M, peak: 423M

vm_info: Java HotSpot(TM) 64-Bit Server VM (11.0.22+9-LTS-219) for windows-amd64 JRE (11.0.22+9-LTS-219), built on Dec 19 2023 22:08:21 by "mach5one" with MS VC++ 17.1 (VS2022)

END.
