#
# There is insufficient memory for the Java Runtime Environment to continue.
# Native memory allocation (malloc) failed to allocate 32744 bytes for ChunkPool::allocate
# Possible reasons:
#   The system is out of physical RAM or swap space
#   The process is running with CompressedOops enabled, and the Java Heap may be blocking the growth of the native heap
# Possible solutions:
#   Reduce memory load on the system
#   Increase physical memory or swap space
#   Check if swap backing store is full
#   Decrease Java heap size (-Xmx/-Xms)
#   Decrease number of Java threads
#   Decrease Java thread stack sizes (-Xss)
#   Set larger code cache with -XX:ReservedCodeCacheSize=
#   JVM is running with Zero Based Compressed Oops mode in which the Java heap is
#     placed in the first 32GB address space. The Java Heap base address is the
#     maximum limit for the native heap growth. Please use -XX:HeapBaseMinAddress
#     to set the Java Heap base and to place the Java Heap above 32GB virtual address.
# This output file may be truncated or incomplete.
#
#  Out of Memory Error (./open/src/hotspot/share/memory/arena.cpp:81), pid=46508, tid=60284
#
# JRE version: Java(TM) SE Runtime Environment 18.9 (11.0.22+9) (build 11.0.22+9-LTS-219)
# Java VM: Java HotSpot(TM) 64-Bit Server VM 18.9 (11.0.22+9-LTS-219, mixed mode, tiered, compressed oops, g1 gc, windows-amd64)
# No core dump will be written. Minidumps are not enabled by default on client versions of Windows
#

---------------  S U M M A R Y ------------

Command Line: -agentlib:jdwp=transport=dt_socket,address=127.0.0.1:61598,suspend=y,server=n -XX:TieredStopAtLevel=1 -Xverify:none -Dspring.profiles.active=local -Dspring.output.ansi.enabled=always -javaagent:C:\Users\19655\AppData\Local\JetBrains\IntelliJIdea2021.1\captureAgent\debugger-agent.jar=file:/C:/Users/19655/AppData/Local/Temp/capture1.props -Dcom.sun.management.jmxremote -Dspring.jmx.enabled=true -Dspring.liveBeansView.mbeanDomain -Dspring.application.admin.enabled=true -Dfile.encoding=UTF-8 com.hmall.pay.PayApplication

Host: Intel(R) Core(TM) i7-9750H CPU @ 2.60GHz, 12 cores, 15G,  Windows 10 , 64 bit Build 19041 (10.0.19041.3636)
Time: Tue Jun 11 21:01:41 2024  Windows 10 , 64 bit Build 19041 (10.0.19041.3636) elapsed time: 43.400337 seconds (0d 0h 0m 43s)

---------------  T H R E A D  ---------------

Current thread (0x0000022941e94800):  VMThread "VM Thread" [stack: 0x00000078f8a00000,0x00000078f8b00000] [id=60284] _threads_hazard_ptr=0x00000229420831f0

Stack: [0x00000078f8a00000,0x00000078f8b00000]
[error occurred during error reporting (printing stack bounds), id 0xc0000005, EXCEPTION_ACCESS_VIOLATION (0xc0000005) at pc=0x0000022925460f2d]

Native frames: (J=compiled Java code, j=interpreted, Vv=VM code, C=native code)
V  [jvm.dll+0x66055a]
V  [jvm.dll+0x7a367f]
V  [jvm.dll+0x7a4d49]
V  [jvm.dll+0x7a5345]
V  [jvm.dll+0x7a52fb]
V  [jvm.dll+0x65fa63]
V  [jvm.dll+0x660158]
C  [ntdll.dll+0xa247f]
C  [ntdll.dll+0x514b4]
C  [ntdll.dll+0xa0f8e]
C  0x0000022925460f2d

VM_Operation (0x00000078fecff670): BulkRevokeBias, mode: safepoint, requested by thread 0x000002294610b000


---------------  P R O C E S S  ---------------

Threads class SMR info:
_java_thread_list=0x00000229420831f0, length=87, elements={
0x000002291c572000, 0x0000022941eba800, 0x0000022941ebb800, 0x0000022941f26800,
0x0000022941f29800, 0x0000022941f2b000, 0x0000022941f2e000, 0x0000022941f31800,
0x0000022941fbb800, 0x0000022942179000, 0x000002294219b800, 0x00000229421aa000,
0x0000022941fbe800, 0x0000022941fb9800, 0x0000022941fba800, 0x0000022941fb9000,
0x0000022941fbc000, 0x0000022941fbd000, 0x0000022941fbe000, 0x0000022941fbf800,
0x0000022945a4a000, 0x0000022945a48000, 0x0000022945a4f800, 0x0000022945a50800,
0x0000022945a4e000, 0x0000022945a4a800, 0x0000022945a51000, 0x0000022945a4b800,
0x0000022945a4e800, 0x0000022945a52000, 0x0000022945a4c800, 0x0000022945a53000,
0x0000022945a4d000, 0x0000022945a53800, 0x0000022945a57000, 0x0000022945a54800,
0x0000022945a55800, 0x0000022945a56000, 0x0000022945c06800, 0x0000022945c06000,
0x0000022945c0b000, 0x0000022945c07800, 0x0000022945c05000, 0x0000022945c0e000,
0x0000022945c0b800, 0x0000022945c0a000, 0x0000022945c0d000, 0x0000022945c0c800,
0x0000022945c08800, 0x0000022945c0f000, 0x0000022945c09000, 0x0000022945c13800,
0x0000022945c12000, 0x0000022945c11800, 0x0000022945c10800, 0x0000022945c13000,
0x0000022945c0f800, 0x00000229460a2800, 0x00000229460a5000, 0x00000229460a4000,
0x00000229460a1000, 0x00000229460a0000, 0x00000229460a3000, 0x00000229460a1800,
0x000002294609f000, 0x00000229460aa000, 0x00000229460a8000, 0x00000229460ab800,
0x00000229460a5800, 0x00000229460a9000, 0x00000229460a6800, 0x00000229460ac000,
0x00000229460ad000, 0x00000229460a7800, 0x00000229460ae000, 0x00000229460aa800,
0x0000022946105000, 0x0000022946103000, 0x0000022946103800, 0x0000022946107000,
0x0000022946104800, 0x0000022946106000, 0x0000022946102000, 0x000002294610c800,
0x000002294610a000, 0x000002294610d800, 0x000002294610b000
}

Java Threads: ( => current thread )
  0x000002291c572000 JavaThread "main" [_thread_blocked, id=73132, stack(0x00000078f8400000,0x00000078f8500000)]
  0x0000022941eba800 JavaThread "Reference Handler" daemon [_thread_blocked, id=77452, stack(0x00000078f8b00000,0x00000078f8c00000)]
  0x0000022941ebb800 JavaThread "Finalizer" daemon [_thread_blocked, id=55104, stack(0x00000078f8c00000,0x00000078f8d00000)]
  0x0000022941f26800 JavaThread "Signal Dispatcher" daemon [_thread_blocked, id=80016, stack(0x00000078f8d00000,0x00000078f8e00000)]
  0x0000022941f29800 JavaThread "Attach Listener" daemon [_thread_blocked, id=43672, stack(0x00000078f8e00000,0x00000078f8f00000)]
  0x0000022941f2b000 JavaThread "Service Thread" daemon [_thread_blocked, id=14588, stack(0x00000078f8f00000,0x00000078f9000000)]
  0x0000022941f2e000 JavaThread "C1 CompilerThread0" daemon [_thread_blocked, id=69724, stack(0x00000078f9000000,0x00000078f9100000)]
  0x0000022941f31800 JavaThread "Sweeper thread" daemon [_thread_blocked, id=68156, stack(0x00000078f9100000,0x00000078f9200000)]
  0x0000022941fbb800 JavaThread "Common-Cleaner" daemon [_thread_blocked, id=79688, stack(0x00000078f9200000,0x00000078f9300000)]
  0x0000022942179000 JavaThread "JDWP Transport Listener: dt_socket" daemon [_thread_blocked, id=43168, stack(0x00000078f9300000,0x00000078f9400000)]
  0x000002294219b800 JavaThread "JDWP Event Helper Thread" daemon [_thread_blocked, id=71808, stack(0x00000078f9400000,0x00000078f9500000)]
  0x00000229421aa000 JavaThread "JDWP Command Reader" daemon [_thread_in_native, id=16496, stack(0x00000078f9500000,0x00000078f9600000)]
  0x0000022941fbe800 JavaThread "RMI TCP Accept-0" daemon [_thread_in_native, id=84272, stack(0x00000078f9600000,0x00000078f9700000)]
  0x0000022941fb9800 JavaThread "RMI TCP Connection(2)-192.168.44.1" daemon [_thread_in_native, id=63764, stack(0x00000078f9d00000,0x00000078f9e00000)]
  0x0000022941fba800 JavaThread "RMI Scheduler(0)" daemon [_thread_blocked, id=72188, stack(0x00000078f9e00000,0x00000078f9f00000)]
  0x0000022941fb9000 JavaThread "logback-1" daemon [_thread_blocked, id=70808, stack(0x00000078f9f00000,0x00000078fa000000)]
  0x0000022941fbc000 JavaThread "Catalina-utility-1" [_thread_blocked, id=80404, stack(0x00000078fa300000,0x00000078fa400000)]
  0x0000022941fbd000 JavaThread "Catalina-utility-2" [_thread_blocked, id=77508, stack(0x00000078fa200000,0x00000078fa300000)]
  0x0000022941fbe000 JavaThread "container-0" [_thread_blocked, id=40624, stack(0x00000078fa400000,0x00000078fa500000)]
  0x0000022941fbf800 JavaThread "mysql-cj-abandoned-connection-cleanup" daemon [_thread_blocked, id=30492, stack(0x00000078fa500000,0x00000078fa600000)]
  0x0000022945a4a000 JavaThread "spring.cloud.inetutils" daemon [_thread_blocked, id=64948, stack(0x00000078fa800000,0x00000078fa900000)]
  0x0000022945a48000 JavaThread "logback-2" daemon [_thread_blocked, id=87804, stack(0x00000078f8100000,0x00000078f8200000)]
  0x0000022945a4f800 JavaThread "nacos.publisher-com.alibaba.nacos.common.notify.SlowEvent" daemon [_thread_blocked, id=3192, stack(0x00000078fa900000,0x00000078faa00000)]
  0x0000022945a50800 JavaThread "nacos.publisher-com.alibaba.nacos.client.naming.event.InstancesChangeEvent" daemon [_thread_blocked, id=74532, stack(0x00000078faa00000,0x00000078fab00000)]
  0x0000022945a4e000 JavaThread "com.alibaba.nacos.naming.failover" daemon [_thread_blocked, id=73068, stack(0x00000078fab00000,0x00000078fac00000)]
  0x0000022945a4a800 JavaThread "com.alibaba.nacos.client.naming.security" daemon [_thread_blocked, id=2316, stack(0x00000078fac00000,0x00000078fad00000)]
  0x0000022945a51000 JavaThread "com.alibaba.nacos.naming.push.receiver" daemon [_thread_in_native, id=64884, stack(0x00000078fad00000,0x00000078fae00000)]
  0x0000022945a4b800 JavaThread "com.alibaba.nacos.client.naming.grpc.redo.0" daemon [_thread_blocked, id=13936, stack(0x00000078fae00000,0x00000078faf00000)]
  0x0000022945a4e800 JavaThread "com.alibaba.nacos.client.remote.worker" daemon [_thread_blocked, id=81740, stack(0x00000078faf00000,0x00000078fb000000)]
  0x0000022945a52000 JavaThread "com.alibaba.nacos.client.remote.worker" daemon [_thread_blocked, id=65056, stack(0x00000078fb000000,0x00000078fb100000)]
  0x0000022945a4c800 JavaThread "RMI TCP Connection(4)-192.168.44.1" daemon [_thread_in_native, id=68868, stack(0x00000078fb100000,0x00000078fb200000)]
  0x0000022945a53000 JavaThread "grpc-nio-worker-ELG-1-1" daemon [_thread_in_native, id=22088, stack(0x00000078fb400000,0x00000078fb500000)]
  0x0000022945a4d000 JavaThread "grpc-default-executor-0" daemon [_thread_blocked, id=81444, stack(0x00000078fb500000,0x00000078fb600000)]
  0x0000022945a53800 JavaThread "nacos-grpc-client-executor-0" daemon [_thread_blocked, id=78856, stack(0x00000078fb600000,0x00000078fb700000)]
  0x0000022945a57000 JavaThread "grpc-nio-worker-ELG-1-2" daemon [_thread_in_native, id=68872, stack(0x00000078fb700000,0x00000078fb800000)]
  0x0000022945a54800 JavaThread "grpc-default-executor-1" daemon [_thread_blocked, id=30576, stack(0x00000078fb800000,0x00000078fb900000)]
  0x0000022945a55800 JavaThread "RMI TCP Connection(5)-192.168.44.1" daemon [_thread_in_native, id=83160, stack(0x00000078fb900000,0x00000078fba00000)]
  0x0000022945a56000 JavaThread "grpc-nio-worker-ELG-1-3" daemon [_thread_in_native, id=70980, stack(0x00000078fba00000,0x00000078fbb00000)]
  0x0000022945c06800 JavaThread "grpc-nio-worker-ELG-1-4" daemon [_thread_in_native, id=73320, stack(0x00000078fbb00000,0x00000078fbc00000)]
  0x0000022945c06000 JavaThread "grpc-nio-worker-ELG-1-5" daemon [_thread_in_native, id=38052, stack(0x00000078fbd00000,0x00000078fbe00000)]
  0x0000022945c0b000 JavaThread "nacos-grpc-client-executor-1" daemon [_thread_blocked, id=53744, stack(0x00000078fbe00000,0x00000078fbf00000)]
  0x0000022945c07800 JavaThread "grpc-nio-worker-ELG-1-6" daemon [_thread_in_native, id=57316, stack(0x00000078fbf00000,0x00000078fc000000)]
  0x0000022945c05000 JavaThread "nacos-grpc-client-executor-2" daemon [_thread_blocked, id=85468, stack(0x00000078fc000000,0x00000078fc100000)]
  0x0000022945c0e000 JavaThread "grpc-nio-worker-ELG-1-7" daemon [_thread_in_native, id=82224, stack(0x00000078fc100000,0x00000078fc200000)]
  0x0000022945c0b800 JavaThread "grpc-shared-destroyer-0" daemon [_thread_blocked, id=60696, stack(0x00000078fc200000,0x00000078fc300000)]
  0x0000022945c0a000 JavaThread "grpc-nio-worker-ELG-1-8" daemon [_thread_in_native, id=76288, stack(0x00000078fc300000,0x00000078fc400000)]
  0x0000022945c0d000 JavaThread "grpc-nio-worker-ELG-1-9" daemon [_thread_in_native, id=14068, stack(0x00000078fc400000,0x00000078fc500000)]
  0x0000022945c0c800 JavaThread "grpc-nio-worker-ELG-1-10" daemon [_thread_in_native, id=78772, stack(0x00000078fc500000,0x00000078fc600000)]
  0x0000022945c08800 JavaThread "nacos-grpc-client-executor-3" daemon [_thread_blocked, id=19156, stack(0x00000078fc600000,0x00000078fc700000)]
  0x0000022945c0f000 JavaThread "nacos-grpc-client-executor-4" daemon [_thread_blocked, id=82436, stack(0x00000078fc700000,0x00000078fc800000)]
  0x0000022945c09000 JavaThread "grpc-nio-worker-ELG-1-11" daemon [_thread_in_native, id=49116, stack(0x00000078fc800000,0x00000078fc900000)]
  0x0000022945c13800 JavaThread "grpc-nio-worker-ELG-1-12" daemon [_thread_in_native, id=60332, stack(0x00000078fc900000,0x00000078fca00000)]
  0x0000022945c12000 JavaThread "com.alibaba.nacos.client.naming.updater.0" daemon [_thread_blocked, id=83208, stack(0x00000078fca00000,0x00000078fcb00000)]
  0x0000022945c11800 JavaThread "grpc-nio-worker-ELG-1-13" daemon [_thread_in_native, id=69312, stack(0x00000078fcb00000,0x00000078fcc00000)]
  0x0000022945c10800 JavaThread "com.alibaba.nacos.client.identify.watcher.0" daemon [_thread_blocked, id=65412, stack(0x00000078fcc00000,0x00000078fcd00000)]
  0x0000022945c13000 JavaThread "nacos-grpc-client-executor-5" daemon [_thread_blocked, id=69260, stack(0x00000078fcd00000,0x00000078fce00000)]
  0x0000022945c0f800 JavaThread "nacos-grpc-client-executor-6" daemon [_thread_blocked, id=1960, stack(0x00000078fce00000,0x00000078fcf00000)]
  0x00000229460a2800 JavaThread "grpc-nio-worker-ELG-1-14" daemon [_thread_in_native, id=78048, stack(0x00000078fcf00000,0x00000078fd000000)]
  0x00000229460a5000 JavaThread "grpc-nio-worker-ELG-1-15" daemon [_thread_in_native, id=69784, stack(0x00000078fd000000,0x00000078fd100000)]
  0x00000229460a4000 JavaThread "grpc-nio-worker-ELG-1-16" daemon [_thread_in_native, id=81764, stack(0x00000078fd100000,0x00000078fd200000)]
  0x00000229460a1000 JavaThread "nacos-grpc-client-executor-7" daemon [_thread_blocked, id=78632, stack(0x00000078fd200000,0x00000078fd300000)]
  0x00000229460a0000 JavaThread "nacos-grpc-client-executor-8" daemon [_thread_blocked, id=10300, stack(0x00000078fd300000,0x00000078fd400000)]
  0x00000229460a3000 JavaThread "logback-3" daemon [_thread_blocked, id=60532, stack(0x00000078fd400000,0x00000078fd500000)]
  0x00000229460a1800 JavaThread "Nacos-Watch-Task-Scheduler-1" [_thread_blocked, id=62980, stack(0x00000078fd500000,0x00000078fd600000)]
  0x000002294609f000 JavaThread "http-nio-8086-exec-1" daemon [_thread_blocked, id=40064, stack(0x00000078fd600000,0x00000078fd700000)]
  0x00000229460aa000 JavaThread "http-nio-8086-exec-2" daemon [_thread_blocked, id=25964, stack(0x00000078fd700000,0x00000078fd800000)]
  0x00000229460a8000 JavaThread "http-nio-8086-exec-3" daemon [_thread_blocked, id=62448, stack(0x00000078fd800000,0x00000078fd900000)]
  0x00000229460ab800 JavaThread "http-nio-8086-exec-4" daemon [_thread_blocked, id=80580, stack(0x00000078fd900000,0x00000078fda00000)]
  0x00000229460a5800 JavaThread "http-nio-8086-exec-5" daemon [_thread_blocked, id=63328, stack(0x00000078fda00000,0x00000078fdb00000)]
  0x00000229460a9000 JavaThread "http-nio-8086-exec-6" daemon [_thread_blocked, id=17680, stack(0x00000078fdb00000,0x00000078fdc00000)]
  0x00000229460a6800 JavaThread "http-nio-8086-exec-7" daemon [_thread_blocked, id=20764, stack(0x00000078fdc00000,0x00000078fdd00000)]
  0x00000229460ac000 JavaThread "http-nio-8086-exec-8" daemon [_thread_blocked, id=16172, stack(0x00000078fdd00000,0x00000078fde00000)]
  0x00000229460ad000 JavaThread "http-nio-8086-exec-9" daemon [_thread_blocked, id=83672, stack(0x00000078fde00000,0x00000078fdf00000)]
  0x00000229460a7800 JavaThread "http-nio-8086-exec-10" daemon [_thread_blocked, id=75132, stack(0x00000078fdf00000,0x00000078fe000000)]
  0x00000229460ae000 JavaThread "grpc-nio-worker-ELG-1-17" daemon [_thread_in_native, id=46412, stack(0x00000078fe000000,0x00000078fe100000)]
  0x00000229460aa800 JavaThread "http-nio-8086-Poller" daemon [_thread_in_native, id=54092, stack(0x00000078fe100000,0x00000078fe200000)]
  0x0000022946105000 JavaThread "grpc-nio-worker-ELG-1-18" daemon [_thread_in_native, id=68532, stack(0x00000078fe200000,0x00000078fe300000)]
  0x0000022946103000 JavaThread "http-nio-8086-Acceptor" daemon [_thread_in_native, id=10476, stack(0x00000078fe300000,0x00000078fe400000)]
  0x0000022946103800 JavaThread "grpc-nio-worker-ELG-1-19" daemon [_thread_in_native, id=56412, stack(0x00000078fe400000,0x00000078fe500000)]
  0x0000022946107000 JavaThread "nacos-grpc-client-executor-9" daemon [_thread_blocked, id=85960, stack(0x00000078fe500000,0x00000078fe600000)]
  0x0000022946104800 JavaThread "nacos-grpc-client-executor-10" daemon [_thread_blocked, id=85200, stack(0x00000078fe600000,0x00000078fe700000)]
  0x0000022946106000 JavaThread "grpc-nio-worker-ELG-1-20" daemon [_thread_in_native, id=71012, stack(0x00000078fe700000,0x00000078fe800000)]
  0x0000022946102000 JavaThread "grpc-nio-worker-ELG-1-21" daemon [_thread_in_native, id=17312, stack(0x00000078fe800000,0x00000078fe900000)]
  0x000002294610c800 JavaThread "grpc-nio-worker-ELG-1-22" daemon [_thread_blocked, id=20312, stack(0x00000078fe900000,0x00000078fea00000)]
  0x000002294610a000 JavaThread "nacos-grpc-client-executor-11" daemon [_thread_blocked, id=60792, stack(0x00000078fea00000,0x00000078feb00000)]
  0x000002294610d800 JavaThread "nacos-grpc-client-executor-12" daemon [_thread_blocked, id=63916, stack(0x00000078feb00000,0x00000078fec00000)]
  0x000002294610b000 JavaThread "JMX server connection timeout 130" daemon [_thread_blocked, id=59928, stack(0x00000078fec00000,0x00000078fed00000)]

Other Threads:
=>0x0000022941e94800 VMThread "VM Thread" [stack: 0x00000078f8a00000,0x00000078f8b00000] [id=60284] _threads_hazard_ptr=0x00000229420831f0
  0x00000229429de800 WatcherThread [stack: 0x00000078f9700000,0x00000078f9800000] [id=77992]
  0x000002291c588800 GCTaskThread "GC Thread#0" [stack: 0x00000078f8500000,0x00000078f8600000] [id=25072]
  0x00000229434a5800 GCTaskThread "GC Thread#1" [stack: 0x00000078f9800000,0x00000078f9900000] [id=79648]
  0x00000229434b7800 GCTaskThread "GC Thread#2" [stack: 0x00000078f9900000,0x00000078f9a00000] [id=85124]
  0x00000229434b8800 GCTaskThread "GC Thread#3" [stack: 0x00000078f9a00000,0x00000078f9b00000] [id=59696]
  0x00000229434b9000 GCTaskThread "GC Thread#4" [stack: 0x00000078f9b00000,0x00000078f9c00000] [id=71628]
  0x00000229434ba800 GCTaskThread "GC Thread#5" [stack: 0x00000078f9c00000,0x00000078f9d00000] [id=24128]
  0x0000022943904000 GCTaskThread "GC Thread#6" [stack: 0x00000078fa600000,0x00000078fa700000] [id=45856]
  0x0000022943906000 GCTaskThread "GC Thread#7" [stack: 0x00000078fa700000,0x00000078fa800000] [id=71032]
  0x000002291c5e5800 ConcurrentGCThread "G1 Main Marker" [stack: 0x00000078f8600000,0x00000078f8700000] [id=63300]
  0x000002291c5e7000 ConcurrentGCThread "G1 Conc#0" [stack: 0x00000078f8700000,0x00000078f8800000] [id=37816]
  0x000002294387f800 ConcurrentGCThread "G1 Conc#1" [stack: 0x00000078fa000000,0x00000078fa100000] [id=83732]
  0x0000022943908000 ConcurrentGCThread "G1 Conc#2" [stack: 0x00000078fa100000,0x00000078fa200000] [id=25384]
  0x00000229414f7000 ConcurrentGCThread "G1 Refine#0" [stack: 0x00000078f8800000,0x00000078f8900000] [id=19760]
  0x00000229414f9000 ConcurrentGCThread "G1 Young RemSet Sampling" [stack: 0x00000078f8900000,0x00000078f8a00000] [id=23160]

Threads with active compile tasks:

VM state:at safepoint (normal execution)

VM Mutex/Monitor currently owned by a thread:  ([mutex/lock_event])
[0x000002291c56e580] Threads_lock - owner thread: 0x0000022941e94800

Heap address: 0x0000000701400000, size: 4076 MB, Compressed Oops mode: Zero based, Oop shift amount: 3
Narrow klass base: 0x0000000800000000, Narrow klass shift: 0
Compressed class space size: 1073741824 Address: 0x0000000800000000

Heap:
 garbage-first heap   total 262144K, used 98304K [0x0000000701400000, 0x0000000800000000)
  region size 1024K, 75 young (76800K), 8 survivors (8192K)
 Metaspace       used 62232K, capacity 63960K, committed 64080K, reserved 1105920K
  class space    used 7771K, capacity 8466K, committed 8576K, reserved 1048576K
Heap Regions: E=young(eden), S=young(survivor), O=old, HS=humongous(starts), HC=humongous(continues), CS=collection set, F=free, A=archive, TAMS=top-at-mark-start (previous, next)
|   0|0x0000000701400000, 0x0000000701500000, 0x0000000701500000|100%|HS|  |TAMS 0x0000000701500000, 0x0000000701400000| Complete 
|   1|0x0000000701500000, 0x0000000701600000, 0x0000000701600000|100%| O|  |TAMS 0x0000000701600000, 0x0000000701500000| Untracked 
|   2|0x0000000701600000, 0x0000000701700000, 0x0000000701700000|100%| O|  |TAMS 0x0000000701700000, 0x0000000701600000| Untracked 
|   3|0x0000000701700000, 0x0000000701800000, 0x0000000701800000|100%| O|  |TAMS 0x0000000701800000, 0x0000000701700000| Untracked 
|   4|0x0000000701800000, 0x0000000701900000, 0x0000000701900000|100%| O|  |TAMS 0x0000000701900000, 0x0000000701800000| Untracked 
|   5|0x0000000701900000, 0x0000000701a00000, 0x0000000701a00000|100%| O|  |TAMS 0x0000000701a00000, 0x0000000701900000| Untracked 
|   6|0x0000000701a00000, 0x0000000701b00000, 0x0000000701b00000|100%| O|  |TAMS 0x0000000701b00000, 0x0000000701a00000| Untracked 
|   7|0x0000000701b00000, 0x0000000701c00000, 0x0000000701c00000|100%| O|  |TAMS 0x0000000701c00000, 0x0000000701b00000| Untracked 
|   8|0x0000000701c00000, 0x0000000701d00000, 0x0000000701d00000|100%| O|  |TAMS 0x0000000701d00000, 0x0000000701c00000| Untracked 
|   9|0x0000000701d00000, 0x0000000701e00000, 0x0000000701e00000|100%| O|  |TAMS 0x0000000701e00000, 0x0000000701d00000| Untracked 
|  10|0x0000000701e00000, 0x0000000701f00000, 0x0000000701f00000|100%| O|  |TAMS 0x0000000701f00000, 0x0000000701e00000| Untracked 
|  11|0x0000000701f00000, 0x0000000702000000, 0x0000000702000000|100%| O|  |TAMS 0x0000000702000000, 0x0000000701f00000| Untracked 
|  12|0x0000000702000000, 0x0000000702100000, 0x0000000702100000|100%| O|  |TAMS 0x0000000702100000, 0x0000000702000000| Untracked 
|  13|0x0000000702100000, 0x0000000702200000, 0x0000000702200000|100%| O|  |TAMS 0x0000000702200000, 0x0000000702100000| Untracked 
|  14|0x0000000702200000, 0x0000000702300000, 0x0000000702300000|100%| O|  |TAMS 0x0000000702300000, 0x0000000702200000| Untracked 
|  15|0x0000000702300000, 0x0000000702400000, 0x0000000702400000|100%| O|  |TAMS 0x0000000702400000, 0x0000000702300000| Untracked 
|  16|0x0000000702400000, 0x0000000702500000, 0x0000000702500000|100%| O|  |TAMS 0x0000000702500000, 0x0000000702400000| Untracked 
|  17|0x0000000702500000, 0x0000000702600000, 0x0000000702600000|100%| O|  |TAMS 0x0000000702600000, 0x0000000702500000| Untracked 
|  18|0x0000000702600000, 0x0000000702700000, 0x0000000702700000|100%| O|  |TAMS 0x0000000702700000, 0x0000000702600000| Untracked 
|  19|0x0000000702700000, 0x0000000702800000, 0x0000000702800000|100%| O|  |TAMS 0x0000000702800000, 0x0000000702700000| Untracked 
|  20|0x0000000702800000, 0x0000000702900000, 0x0000000702900000|100%| O|  |TAMS 0x0000000702900000, 0x0000000702800000| Untracked 
|  21|0x0000000702900000, 0x0000000702a00000, 0x0000000702a00000|100%| O|  |TAMS 0x0000000702a00000, 0x0000000702900000| Untracked 
|  22|0x0000000702a00000, 0x0000000702b00000, 0x0000000702b00000|100%| O|  |TAMS 0x0000000702b00000, 0x0000000702a00000| Untracked 
|  23|0x0000000702b00000, 0x0000000702b00000, 0x0000000702c00000|  0%| F|  |TAMS 0x0000000702b00000, 0x0000000702b00000| Untracked 
|  24|0x0000000702c00000, 0x0000000702c00000, 0x0000000702d00000|  0%| F|  |TAMS 0x0000000702c00000, 0x0000000702c00000| Untracked 
|  25|0x0000000702d00000, 0x0000000702d00000, 0x0000000702e00000|  0%| F|  |TAMS 0x0000000702d00000, 0x0000000702d00000| Untracked 
|  26|0x0000000702e00000, 0x0000000702e00000, 0x0000000702f00000|  0%| F|  |TAMS 0x0000000702e00000, 0x0000000702e00000| Untracked 
|  27|0x0000000702f00000, 0x0000000702f00000, 0x0000000703000000|  0%| F|  |TAMS 0x0000000702f00000, 0x0000000702f00000| Untracked 
|  28|0x0000000703000000, 0x0000000703000000, 0x0000000703100000|  0%| F|  |TAMS 0x0000000703000000, 0x0000000703000000| Untracked 
|  29|0x0000000703100000, 0x0000000703100000, 0x0000000703200000|  0%| F|  |TAMS 0x0000000703100000, 0x0000000703100000| Untracked 
|  30|0x0000000703200000, 0x0000000703200000, 0x0000000703300000|  0%| F|  |TAMS 0x0000000703200000, 0x0000000703200000| Untracked 
|  31|0x0000000703300000, 0x0000000703300000, 0x0000000703400000|  0%| F|  |TAMS 0x0000000703300000, 0x0000000703300000| Untracked 
|  32|0x0000000703400000, 0x0000000703400000, 0x0000000703500000|  0%| F|  |TAMS 0x0000000703400000, 0x0000000703400000| Untracked 
|  33|0x0000000703500000, 0x0000000703500000, 0x0000000703600000|  0%| F|  |TAMS 0x0000000703500000, 0x0000000703500000| Untracked 
|  34|0x0000000703600000, 0x0000000703600000, 0x0000000703700000|  0%| F|  |TAMS 0x0000000703600000, 0x0000000703600000| Untracked 
|  35|0x0000000703700000, 0x0000000703700000, 0x0000000703800000|  0%| F|  |TAMS 0x0000000703700000, 0x0000000703700000| Untracked 
|  36|0x0000000703800000, 0x0000000703800000, 0x0000000703900000|  0%| F|  |TAMS 0x0000000703800000, 0x0000000703800000| Untracked 
|  37|0x0000000703900000, 0x0000000703900000, 0x0000000703a00000|  0%| F|  |TAMS 0x0000000703900000, 0x0000000703900000| Untracked 
|  38|0x0000000703a00000, 0x0000000703a00000, 0x0000000703b00000|  0%| F|  |TAMS 0x0000000703a00000, 0x0000000703a00000| Untracked 
|  39|0x0000000703b00000, 0x0000000703b00000, 0x0000000703c00000|  0%| F|  |TAMS 0x0000000703b00000, 0x0000000703b00000| Untracked 
|  40|0x0000000703c00000, 0x0000000703c00000, 0x0000000703d00000|  0%| F|  |TAMS 0x0000000703c00000, 0x0000000703c00000| Untracked 
|  41|0x0000000703d00000, 0x0000000703d00000, 0x0000000703e00000|  0%| F|  |TAMS 0x0000000703d00000, 0x0000000703d00000| Untracked 
|  42|0x0000000703e00000, 0x0000000703e00000, 0x0000000703f00000|  0%| F|  |TAMS 0x0000000703e00000, 0x0000000703e00000| Untracked 
|  43|0x0000000703f00000, 0x0000000703f00000, 0x0000000704000000|  0%| F|  |TAMS 0x0000000703f00000, 0x0000000703f00000| Untracked 
|  44|0x0000000704000000, 0x0000000704000000, 0x0000000704100000|  0%| F|  |TAMS 0x0000000704000000, 0x0000000704000000| Untracked 
|  45|0x0000000704100000, 0x0000000704100000, 0x0000000704200000|  0%| F|  |TAMS 0x0000000704100000, 0x0000000704100000| Untracked 
|  46|0x0000000704200000, 0x0000000704200000, 0x0000000704300000|  0%| F|  |TAMS 0x0000000704200000, 0x0000000704200000| Untracked 
|  47|0x0000000704300000, 0x0000000704300000, 0x0000000704400000|  0%| F|  |TAMS 0x0000000704300000, 0x0000000704300000| Untracked 
|  48|0x0000000704400000, 0x0000000704400000, 0x0000000704500000|  0%| F|  |TAMS 0x0000000704400000, 0x0000000704400000| Untracked 
|  49|0x0000000704500000, 0x0000000704500000, 0x0000000704600000|  0%| F|  |TAMS 0x0000000704500000, 0x0000000704500000| Untracked 
|  50|0x0000000704600000, 0x0000000704600000, 0x0000000704700000|  0%| F|  |TAMS 0x0000000704600000, 0x0000000704600000| Untracked 
|  51|0x0000000704700000, 0x0000000704700000, 0x0000000704800000|  0%| F|  |TAMS 0x0000000704700000, 0x0000000704700000| Untracked 
|  52|0x0000000704800000, 0x0000000704800000, 0x0000000704900000|  0%| F|  |TAMS 0x0000000704800000, 0x0000000704800000| Untracked 
|  53|0x0000000704900000, 0x0000000704900000, 0x0000000704a00000|  0%| F|  |TAMS 0x0000000704900000, 0x0000000704900000| Untracked 
|  54|0x0000000704a00000, 0x0000000704a00000, 0x0000000704b00000|  0%| F|  |TAMS 0x0000000704a00000, 0x0000000704a00000| Untracked 
|  55|0x0000000704b00000, 0x0000000704b00000, 0x0000000704c00000|  0%| F|  |TAMS 0x0000000704b00000, 0x0000000704b00000| Untracked 
|  56|0x0000000704c00000, 0x0000000704c00000, 0x0000000704d00000|  0%| F|  |TAMS 0x0000000704c00000, 0x0000000704c00000| Untracked 
|  57|0x0000000704d00000, 0x0000000704d00000, 0x0000000704e00000|  0%| F|  |TAMS 0x0000000704d00000, 0x0000000704d00000| Untracked 
|  58|0x0000000704e00000, 0x0000000704e00000, 0x0000000704f00000|  0%| F|  |TAMS 0x0000000704e00000, 0x0000000704e00000| Untracked 
|  59|0x0000000704f00000, 0x0000000704f00000, 0x0000000705000000|  0%| F|  |TAMS 0x0000000704f00000, 0x0000000704f00000| Untracked 
|  60|0x0000000705000000, 0x0000000705000000, 0x0000000705100000|  0%| F|  |TAMS 0x0000000705000000, 0x0000000705000000| Untracked 
|  61|0x0000000705100000, 0x0000000705100000, 0x0000000705200000|  0%| F|  |TAMS 0x0000000705100000, 0x0000000705100000| Untracked 
|  62|0x0000000705200000, 0x0000000705200000, 0x0000000705300000|  0%| F|  |TAMS 0x0000000705200000, 0x0000000705200000| Untracked 
|  63|0x0000000705300000, 0x0000000705300000, 0x0000000705400000|  0%| F|  |TAMS 0x0000000705300000, 0x0000000705300000| Untracked 
|  64|0x0000000705400000, 0x0000000705400000, 0x0000000705500000|  0%| F|  |TAMS 0x0000000705400000, 0x0000000705400000| Untracked 
|  65|0x0000000705500000, 0x0000000705500000, 0x0000000705600000|  0%| F|  |TAMS 0x0000000705500000, 0x0000000705500000| Untracked 
|  66|0x0000000705600000, 0x0000000705600000, 0x0000000705700000|  0%| F|  |TAMS 0x0000000705600000, 0x0000000705600000| Untracked 
|  67|0x0000000705700000, 0x0000000705700000, 0x0000000705800000|  0%| F|  |TAMS 0x0000000705700000, 0x0000000705700000| Untracked 
|  68|0x0000000705800000, 0x0000000705800000, 0x0000000705900000|  0%| F|  |TAMS 0x0000000705800000, 0x0000000705800000| Untracked 
|  69|0x0000000705900000, 0x0000000705900000, 0x0000000705a00000|  0%| F|  |TAMS 0x0000000705900000, 0x0000000705900000| Untracked 
|  70|0x0000000705a00000, 0x0000000705a00000, 0x0000000705b00000|  0%| F|  |TAMS 0x0000000705a00000, 0x0000000705a00000| Untracked 
|  71|0x0000000705b00000, 0x0000000705b00000, 0x0000000705c00000|  0%| F|  |TAMS 0x0000000705b00000, 0x0000000705b00000| Untracked 
|  72|0x0000000705c00000, 0x0000000705c00000, 0x0000000705d00000|  0%| F|  |TAMS 0x0000000705c00000, 0x0000000705c00000| Untracked 
|  73|0x0000000705d00000, 0x0000000705d00000, 0x0000000705e00000|  0%| F|  |TAMS 0x0000000705d00000, 0x0000000705d00000| Untracked 
|  74|0x0000000705e00000, 0x0000000705e00000, 0x0000000705f00000|  0%| F|  |TAMS 0x0000000705e00000, 0x0000000705e00000| Untracked 
|  75|0x0000000705f00000, 0x0000000705f00000, 0x0000000706000000|  0%| F|  |TAMS 0x0000000705f00000, 0x0000000705f00000| Untracked 
|  76|0x0000000706000000, 0x0000000706000000, 0x0000000706100000|  0%| F|  |TAMS 0x0000000706000000, 0x0000000706000000| Untracked 
|  77|0x0000000706100000, 0x0000000706100000, 0x0000000706200000|  0%| F|  |TAMS 0x0000000706100000, 0x0000000706100000| Untracked 
|  78|0x0000000706200000, 0x0000000706200000, 0x0000000706300000|  0%| F|  |TAMS 0x0000000706200000, 0x0000000706200000| Untracked 
|  79|0x0000000706300000, 0x0000000706300000, 0x0000000706400000|  0%| F|  |TAMS 0x0000000706300000, 0x0000000706300000| Untracked 
|  80|0x0000000706400000, 0x0000000706400000, 0x0000000706500000|  0%| F|  |TAMS 0x0000000706400000, 0x0000000706400000| Untracked 
|  81|0x0000000706500000, 0x0000000706500000, 0x0000000706600000|  0%| F|  |TAMS 0x0000000706500000, 0x0000000706500000| Untracked 
|  82|0x0000000706600000, 0x0000000706600000, 0x0000000706700000|  0%| F|  |TAMS 0x0000000706600000, 0x0000000706600000| Untracked 
|  83|0x0000000706700000, 0x0000000706700000, 0x0000000706800000|  0%| F|  |TAMS 0x0000000706700000, 0x0000000706700000| Untracked 
|  84|0x0000000706800000, 0x0000000706800000, 0x0000000706900000|  0%| F|  |TAMS 0x0000000706800000, 0x0000000706800000| Untracked 
|  85|0x0000000706900000, 0x0000000706900000, 0x0000000706a00000|  0%| F|  |TAMS 0x0000000706900000, 0x0000000706900000| Untracked 
|  86|0x0000000706a00000, 0x0000000706a00000, 0x0000000706b00000|  0%| F|  |TAMS 0x0000000706a00000, 0x0000000706a00000| Untracked 
|  87|0x0000000706b00000, 0x0000000706b00000, 0x0000000706c00000|  0%| F|  |TAMS 0x0000000706b00000, 0x0000000706b00000| Untracked 
|  88|0x0000000706c00000, 0x0000000706c00000, 0x0000000706d00000|  0%| F|  |TAMS 0x0000000706c00000, 0x0000000706c00000| Untracked 
|  89|0x0000000706d00000, 0x0000000706d00000, 0x0000000706e00000|  0%| F|  |TAMS 0x0000000706d00000, 0x0000000706d00000| Untracked 
|  90|0x0000000706e00000, 0x0000000706e00000, 0x0000000706f00000|  0%| F|  |TAMS 0x0000000706e00000, 0x0000000706e00000| Untracked 
|  91|0x0000000706f00000, 0x0000000706f00000, 0x0000000707000000|  0%| F|  |TAMS 0x0000000706f00000, 0x0000000706f00000| Untracked 
|  92|0x0000000707000000, 0x0000000707000000, 0x0000000707100000|  0%| F|  |TAMS 0x0000000707000000, 0x0000000707000000| Untracked 
|  93|0x0000000707100000, 0x0000000707100000, 0x0000000707200000|  0%| F|  |TAMS 0x0000000707100000, 0x0000000707100000| Untracked 
|  94|0x0000000707200000, 0x0000000707200000, 0x0000000707300000|  0%| F|  |TAMS 0x0000000707200000, 0x0000000707200000| Untracked 
|  95|0x0000000707300000, 0x0000000707300000, 0x0000000707400000|  0%| F|  |TAMS 0x0000000707300000, 0x0000000707300000| Untracked 
|  96|0x0000000707400000, 0x0000000707400000, 0x0000000707500000|  0%| F|  |TAMS 0x0000000707400000, 0x0000000707400000| Untracked 
|  97|0x0000000707500000, 0x0000000707500000, 0x0000000707600000|  0%| F|  |TAMS 0x0000000707500000, 0x0000000707500000| Untracked 
|  98|0x0000000707600000, 0x0000000707600000, 0x0000000707700000|  0%| F|  |TAMS 0x0000000707600000, 0x0000000707600000| Untracked 
|  99|0x0000000707700000, 0x0000000707700000, 0x0000000707800000|  0%| F|  |TAMS 0x0000000707700000, 0x0000000707700000| Untracked 
| 100|0x0000000707800000, 0x0000000707800000, 0x0000000707900000|  0%| F|  |TAMS 0x0000000707800000, 0x0000000707800000| Untracked 
| 101|0x0000000707900000, 0x0000000707900000, 0x0000000707a00000|  0%| F|  |TAMS 0x0000000707900000, 0x0000000707900000| Untracked 
| 102|0x0000000707a00000, 0x0000000707a00000, 0x0000000707b00000|  0%| F|  |TAMS 0x0000000707a00000, 0x0000000707a00000| Untracked 
| 103|0x0000000707b00000, 0x0000000707b00000, 0x0000000707c00000|  0%| F|  |TAMS 0x0000000707b00000, 0x0000000707b00000| Untracked 
| 104|0x0000000707c00000, 0x0000000707c00000, 0x0000000707d00000|  0%| F|  |TAMS 0x0000000707c00000, 0x0000000707c00000| Untracked 
| 105|0x0000000707d00000, 0x0000000707d00000, 0x0000000707e00000|  0%| F|  |TAMS 0x0000000707d00000, 0x0000000707d00000| Untracked 
| 106|0x0000000707e00000, 0x0000000707e00000, 0x0000000707f00000|  0%| F|  |TAMS 0x0000000707e00000, 0x0000000707e00000| Untracked 
| 107|0x0000000707f00000, 0x0000000707f00000, 0x0000000708000000|  0%| F|  |TAMS 0x0000000707f00000, 0x0000000707f00000| Untracked 
| 108|0x0000000708000000, 0x0000000708000000, 0x0000000708100000|  0%| F|  |TAMS 0x0000000708000000, 0x0000000708000000| Untracked 
| 109|0x0000000708100000, 0x0000000708100000, 0x0000000708200000|  0%| F|  |TAMS 0x0000000708100000, 0x0000000708100000| Untracked 
| 110|0x0000000708200000, 0x0000000708200000, 0x0000000708300000|  0%| F|  |TAMS 0x0000000708200000, 0x0000000708200000| Untracked 
| 111|0x0000000708300000, 0x0000000708300000, 0x0000000708400000|  0%| F|  |TAMS 0x0000000708300000, 0x0000000708300000| Untracked 
| 112|0x0000000708400000, 0x0000000708400000, 0x0000000708500000|  0%| F|  |TAMS 0x0000000708400000, 0x0000000708400000| Untracked 
| 113|0x0000000708500000, 0x0000000708500000, 0x0000000708600000|  0%| F|  |TAMS 0x0000000708500000, 0x0000000708500000| Untracked 
| 114|0x0000000708600000, 0x0000000708600000, 0x0000000708700000|  0%| F|  |TAMS 0x0000000708600000, 0x0000000708600000| Untracked 
| 115|0x0000000708700000, 0x0000000708700000, 0x0000000708800000|  0%| F|  |TAMS 0x0000000708700000, 0x0000000708700000| Untracked 
| 116|0x0000000708800000, 0x0000000708800000, 0x0000000708900000|  0%| F|  |TAMS 0x0000000708800000, 0x0000000708800000| Untracked 
| 117|0x0000000708900000, 0x0000000708900000, 0x0000000708a00000|  0%| F|  |TAMS 0x0000000708900000, 0x0000000708900000| Untracked 
| 118|0x0000000708a00000, 0x0000000708a00000, 0x0000000708b00000|  0%| F|  |TAMS 0x0000000708a00000, 0x0000000708a00000| Untracked 
| 119|0x0000000708b00000, 0x0000000708b00000, 0x0000000708c00000|  0%| F|  |TAMS 0x0000000708b00000, 0x0000000708b00000| Untracked 
| 120|0x0000000708c00000, 0x0000000708c00000, 0x0000000708d00000|  0%| F|  |TAMS 0x0000000708c00000, 0x0000000708c00000| Untracked 
| 121|0x0000000708d00000, 0x0000000708d00000, 0x0000000708e00000|  0%| F|  |TAMS 0x0000000708d00000, 0x0000000708d00000| Untracked 
| 122|0x0000000708e00000, 0x0000000708e00000, 0x0000000708f00000|  0%| F|  |TAMS 0x0000000708e00000, 0x0000000708e00000| Untracked 
| 123|0x0000000708f00000, 0x0000000708f00000, 0x0000000709000000|  0%| F|  |TAMS 0x0000000708f00000, 0x0000000708f00000| Untracked 
| 124|0x0000000709000000, 0x0000000709000000, 0x0000000709100000|  0%| F|  |TAMS 0x0000000709000000, 0x0000000709000000| Untracked 
| 125|0x0000000709100000, 0x0000000709100000, 0x0000000709200000|  0%| F|  |TAMS 0x0000000709100000, 0x0000000709100000| Untracked 
| 126|0x0000000709200000, 0x0000000709200000, 0x0000000709300000|  0%| F|  |TAMS 0x0000000709200000, 0x0000000709200000| Untracked 
| 127|0x0000000709300000, 0x0000000709300000, 0x0000000709400000|  0%| F|  |TAMS 0x0000000709300000, 0x0000000709300000| Untracked 
| 128|0x0000000709400000, 0x0000000709400000, 0x0000000709500000|  0%| F|  |TAMS 0x0000000709400000, 0x0000000709400000| Untracked 
| 129|0x0000000709500000, 0x0000000709500000, 0x0000000709600000|  0%| F|  |TAMS 0x0000000709500000, 0x0000000709500000| Untracked 
| 130|0x0000000709600000, 0x0000000709600000, 0x0000000709700000|  0%| F|  |TAMS 0x0000000709600000, 0x0000000709600000| Untracked 
| 131|0x0000000709700000, 0x0000000709700000, 0x0000000709800000|  0%| F|  |TAMS 0x0000000709700000, 0x0000000709700000| Untracked 
| 132|0x0000000709800000, 0x0000000709800000, 0x0000000709900000|  0%| F|  |TAMS 0x0000000709800000, 0x0000000709800000| Untracked 
| 133|0x0000000709900000, 0x0000000709900000, 0x0000000709a00000|  0%| F|  |TAMS 0x0000000709900000, 0x0000000709900000| Untracked 
| 134|0x0000000709a00000, 0x0000000709a00000, 0x0000000709b00000|  0%| F|  |TAMS 0x0000000709a00000, 0x0000000709a00000| Untracked 
| 135|0x0000000709b00000, 0x0000000709b00000, 0x0000000709c00000|  0%| F|  |TAMS 0x0000000709b00000, 0x0000000709b00000| Untracked 
| 136|0x0000000709c00000, 0x0000000709c00000, 0x0000000709d00000|  0%| F|  |TAMS 0x0000000709c00000, 0x0000000709c00000| Untracked 
| 137|0x0000000709d00000, 0x0000000709d00000, 0x0000000709e00000|  0%| F|  |TAMS 0x0000000709d00000, 0x0000000709d00000| Untracked 
| 138|0x0000000709e00000, 0x0000000709e00000, 0x0000000709f00000|  0%| F|  |TAMS 0x0000000709e00000, 0x0000000709e00000| Untracked 
| 139|0x0000000709f00000, 0x0000000709f00000, 0x000000070a000000|  0%| F|  |TAMS 0x0000000709f00000, 0x0000000709f00000| Untracked 
| 140|0x000000070a000000, 0x000000070a000000, 0x000000070a100000|  0%| F|  |TAMS 0x000000070a000000, 0x000000070a000000| Untracked 
| 141|0x000000070a100000, 0x000000070a100000, 0x000000070a200000|  0%| F|  |TAMS 0x000000070a100000, 0x000000070a100000| Untracked 
| 142|0x000000070a200000, 0x000000070a200000, 0x000000070a300000|  0%| F|  |TAMS 0x000000070a200000, 0x000000070a200000| Untracked 
| 143|0x000000070a300000, 0x000000070a300000, 0x000000070a400000|  0%| F|  |TAMS 0x000000070a300000, 0x000000070a300000| Untracked 
| 144|0x000000070a400000, 0x000000070a400000, 0x000000070a500000|  0%| F|  |TAMS 0x000000070a400000, 0x000000070a400000| Untracked 
| 145|0x000000070a500000, 0x000000070a500000, 0x000000070a600000|  0%| F|  |TAMS 0x000000070a500000, 0x000000070a500000| Untracked 
| 146|0x000000070a600000, 0x000000070a600000, 0x000000070a700000|  0%| F|  |TAMS 0x000000070a600000, 0x000000070a600000| Untracked 
| 147|0x000000070a700000, 0x000000070a700000, 0x000000070a800000|  0%| F|  |TAMS 0x000000070a700000, 0x000000070a700000| Untracked 
| 148|0x000000070a800000, 0x000000070a800000, 0x000000070a900000|  0%| F|  |TAMS 0x000000070a800000, 0x000000070a800000| Untracked 
| 149|0x000000070a900000, 0x000000070a900000, 0x000000070aa00000|  0%| F|  |TAMS 0x000000070a900000, 0x000000070a900000| Untracked 
| 150|0x000000070aa00000, 0x000000070aa00000, 0x000000070ab00000|  0%| F|  |TAMS 0x000000070aa00000, 0x000000070aa00000| Untracked 
| 151|0x000000070ab00000, 0x000000070ab00000, 0x000000070ac00000|  0%| F|  |TAMS 0x000000070ab00000, 0x000000070ab00000| Untracked 
| 152|0x000000070ac00000, 0x000000070ac00000, 0x000000070ad00000|  0%| F|  |TAMS 0x000000070ac00000, 0x000000070ac00000| Untracked 
| 153|0x000000070ad00000, 0x000000070ad00000, 0x000000070ae00000|  0%| F|  |TAMS 0x000000070ad00000, 0x000000070ad00000| Untracked 
| 154|0x000000070ae00000, 0x000000070ae00000, 0x000000070af00000|  0%| F|  |TAMS 0x000000070ae00000, 0x000000070ae00000| Untracked 
| 155|0x000000070af00000, 0x000000070af00000, 0x000000070b000000|  0%| F|  |TAMS 0x000000070af00000, 0x000000070af00000| Untracked 
| 156|0x000000070b000000, 0x000000070b000000, 0x000000070b100000|  0%| F|  |TAMS 0x000000070b000000, 0x000000070b000000| Untracked 
| 157|0x000000070b100000, 0x000000070b100000, 0x000000070b200000|  0%| F|  |TAMS 0x000000070b100000, 0x000000070b100000| Untracked 
| 158|0x000000070b200000, 0x000000070b200000, 0x000000070b300000|  0%| F|  |TAMS 0x000000070b200000, 0x000000070b200000| Untracked 
| 159|0x000000070b300000, 0x000000070b300000, 0x000000070b400000|  0%| F|  |TAMS 0x000000070b300000, 0x000000070b300000| Untracked 
| 160|0x000000070b400000, 0x000000070b400000, 0x000000070b500000|  0%| F|  |TAMS 0x000000070b400000, 0x000000070b400000| Untracked 
| 161|0x000000070b500000, 0x000000070b500000, 0x000000070b600000|  0%| F|  |TAMS 0x000000070b500000, 0x000000070b500000| Untracked 
| 162|0x000000070b600000, 0x000000070b600000, 0x000000070b700000|  0%| F|  |TAMS 0x000000070b600000, 0x000000070b600000| Untracked 
| 163|0x000000070b700000, 0x000000070b700000, 0x000000070b800000|  0%| F|  |TAMS 0x000000070b700000, 0x000000070b700000| Untracked 
| 164|0x000000070b800000, 0x000000070b800000, 0x000000070b900000|  0%| F|  |TAMS 0x000000070b800000, 0x000000070b800000| Untracked 
| 165|0x000000070b900000, 0x000000070b900000, 0x000000070ba00000|  0%| F|  |TAMS 0x000000070b900000, 0x000000070b900000| Untracked 
| 166|0x000000070ba00000, 0x000000070ba00000, 0x000000070bb00000|  0%| F|  |TAMS 0x000000070ba00000, 0x000000070ba00000| Untracked 
| 167|0x000000070bb00000, 0x000000070bb00000, 0x000000070bc00000|  0%| F|  |TAMS 0x000000070bb00000, 0x000000070bb00000| Untracked 
| 168|0x000000070bc00000, 0x000000070bc00000, 0x000000070bd00000|  0%| F|  |TAMS 0x000000070bc00000, 0x000000070bc00000| Untracked 
| 169|0x000000070bd00000, 0x000000070bd00000, 0x000000070be00000|  0%| F|  |TAMS 0x000000070bd00000, 0x000000070bd00000| Untracked 
| 170|0x000000070be00000, 0x000000070be00000, 0x000000070bf00000|  0%| F|  |TAMS 0x000000070be00000, 0x000000070be00000| Untracked 
| 171|0x000000070bf00000, 0x000000070bf00000, 0x000000070c000000|  0%| F|  |TAMS 0x000000070bf00000, 0x000000070bf00000| Untracked 
| 172|0x000000070c000000, 0x000000070c000000, 0x000000070c100000|  0%| F|  |TAMS 0x000000070c000000, 0x000000070c000000| Untracked 
| 173|0x000000070c100000, 0x000000070c100000, 0x000000070c200000|  0%| F|  |TAMS 0x000000070c100000, 0x000000070c100000| Untracked 
| 174|0x000000070c200000, 0x000000070c200000, 0x000000070c300000|  0%| F|  |TAMS 0x000000070c200000, 0x000000070c200000| Untracked 
| 175|0x000000070c300000, 0x000000070c300000, 0x000000070c400000|  0%| F|  |TAMS 0x000000070c300000, 0x000000070c300000| Untracked 
| 176|0x000000070c400000, 0x000000070c400000, 0x000000070c500000|  0%| F|  |TAMS 0x000000070c400000, 0x000000070c400000| Untracked 
| 177|0x000000070c500000, 0x000000070c500000, 0x000000070c600000|  0%| F|  |TAMS 0x000000070c500000, 0x000000070c500000| Untracked 
| 178|0x000000070c600000, 0x000000070c600000, 0x000000070c700000|  0%| F|  |TAMS 0x000000070c600000, 0x000000070c600000| Untracked 
| 179|0x000000070c700000, 0x000000070c700000, 0x000000070c800000|  0%| F|  |TAMS 0x000000070c700000, 0x000000070c700000| Untracked 
| 180|0x000000070c800000, 0x000000070c800000, 0x000000070c900000|  0%| F|  |TAMS 0x000000070c800000, 0x000000070c800000| Untracked 
| 181|0x000000070c900000, 0x000000070ca00000, 0x000000070ca00000|100%| E|  |TAMS 0x000000070c900000, 0x000000070c900000| Complete 
| 182|0x000000070ca00000, 0x000000070cb00000, 0x000000070cb00000|100%| E|CS|TAMS 0x000000070ca00000, 0x000000070ca00000| Complete 
| 183|0x000000070cb00000, 0x000000070cc00000, 0x000000070cc00000|100%| E|CS|TAMS 0x000000070cb00000, 0x000000070cb00000| Complete 
| 184|0x000000070cc00000, 0x000000070cd00000, 0x000000070cd00000|100%| S|CS|TAMS 0x000000070cc00000, 0x000000070cc00000| Complete 
| 185|0x000000070cd00000, 0x000000070ce00000, 0x000000070ce00000|100%| S|CS|TAMS 0x000000070cd00000, 0x000000070cd00000| Complete 
| 186|0x000000070ce00000, 0x000000070cf00000, 0x000000070cf00000|100%| S|CS|TAMS 0x000000070ce00000, 0x000000070ce00000| Complete 
| 187|0x000000070cf00000, 0x000000070d000000, 0x000000070d000000|100%| S|CS|TAMS 0x000000070cf00000, 0x000000070cf00000| Complete 
| 188|0x000000070d000000, 0x000000070d100000, 0x000000070d100000|100%| S|CS|TAMS 0x000000070d000000, 0x000000070d000000| Complete 
| 189|0x000000070d100000, 0x000000070d200000, 0x000000070d200000|100%| S|CS|TAMS 0x000000070d100000, 0x000000070d100000| Complete 
| 190|0x000000070d200000, 0x000000070d300000, 0x000000070d300000|100%| S|CS|TAMS 0x000000070d200000, 0x000000070d200000| Complete 
| 191|0x000000070d300000, 0x000000070d400000, 0x000000070d400000|100%| S|CS|TAMS 0x000000070d300000, 0x000000070d300000| Complete 
| 192|0x000000070d400000, 0x000000070d500000, 0x000000070d500000|100%| E|CS|TAMS 0x000000070d400000, 0x000000070d400000| Complete 
| 193|0x000000070d500000, 0x000000070d600000, 0x000000070d600000|100%| E|CS|TAMS 0x000000070d500000, 0x000000070d500000| Complete 
| 194|0x000000070d600000, 0x000000070d700000, 0x000000070d700000|100%| E|CS|TAMS 0x000000070d600000, 0x000000070d600000| Complete 
| 195|0x000000070d700000, 0x000000070d800000, 0x000000070d800000|100%| E|CS|TAMS 0x000000070d700000, 0x000000070d700000| Complete 
| 196|0x000000070d800000, 0x000000070d900000, 0x000000070d900000|100%| E|CS|TAMS 0x000000070d800000, 0x000000070d800000| Complete 
| 197|0x000000070d900000, 0x000000070da00000, 0x000000070da00000|100%| E|CS|TAMS 0x000000070d900000, 0x000000070d900000| Complete 
| 198|0x000000070da00000, 0x000000070db00000, 0x000000070db00000|100%| E|CS|TAMS 0x000000070da00000, 0x000000070da00000| Complete 
| 199|0x000000070db00000, 0x000000070dc00000, 0x000000070dc00000|100%| E|CS|TAMS 0x000000070db00000, 0x000000070db00000| Complete 
| 200|0x000000070dc00000, 0x000000070dd00000, 0x000000070dd00000|100%| E|CS|TAMS 0x000000070dc00000, 0x000000070dc00000| Complete 
| 201|0x000000070dd00000, 0x000000070de00000, 0x000000070de00000|100%| E|CS|TAMS 0x000000070dd00000, 0x000000070dd00000| Complete 
| 202|0x000000070de00000, 0x000000070df00000, 0x000000070df00000|100%| E|CS|TAMS 0x000000070de00000, 0x000000070de00000| Complete 
| 203|0x000000070df00000, 0x000000070e000000, 0x000000070e000000|100%| E|CS|TAMS 0x000000070df00000, 0x000000070df00000| Complete 
| 204|0x000000070e000000, 0x000000070e100000, 0x000000070e100000|100%| E|CS|TAMS 0x000000070e000000, 0x000000070e000000| Complete 
| 205|0x000000070e100000, 0x000000070e200000, 0x000000070e200000|100%| E|CS|TAMS 0x000000070e100000, 0x000000070e100000| Complete 
| 206|0x000000070e200000, 0x000000070e300000, 0x000000070e300000|100%| E|CS|TAMS 0x000000070e200000, 0x000000070e200000| Complete 
| 207|0x000000070e300000, 0x000000070e400000, 0x000000070e400000|100%| E|CS|TAMS 0x000000070e300000, 0x000000070e300000| Complete 
| 208|0x000000070e400000, 0x000000070e500000, 0x000000070e500000|100%| E|CS|TAMS 0x000000070e400000, 0x000000070e400000| Complete 
| 209|0x000000070e500000, 0x000000070e600000, 0x000000070e600000|100%| E|CS|TAMS 0x000000070e500000, 0x000000070e500000| Complete 
| 210|0x000000070e600000, 0x000000070e700000, 0x000000070e700000|100%| E|CS|TAMS 0x000000070e600000, 0x000000070e600000| Complete 
| 211|0x000000070e700000, 0x000000070e800000, 0x000000070e800000|100%| E|CS|TAMS 0x000000070e700000, 0x000000070e700000| Complete 
| 212|0x000000070e800000, 0x000000070e900000, 0x000000070e900000|100%| E|CS|TAMS 0x000000070e800000, 0x000000070e800000| Complete 
| 213|0x000000070e900000, 0x000000070ea00000, 0x000000070ea00000|100%| E|CS|TAMS 0x000000070e900000, 0x000000070e900000| Complete 
| 214|0x000000070ea00000, 0x000000070eb00000, 0x000000070eb00000|100%| E|CS|TAMS 0x000000070ea00000, 0x000000070ea00000| Complete 
| 215|0x000000070eb00000, 0x000000070ec00000, 0x000000070ec00000|100%| E|CS|TAMS 0x000000070eb00000, 0x000000070eb00000| Complete 
| 216|0x000000070ec00000, 0x000000070ed00000, 0x000000070ed00000|100%| E|CS|TAMS 0x000000070ec00000, 0x000000070ec00000| Complete 
| 217|0x000000070ed00000, 0x000000070ee00000, 0x000000070ee00000|100%| E|CS|TAMS 0x000000070ed00000, 0x000000070ed00000| Complete 
| 218|0x000000070ee00000, 0x000000070ef00000, 0x000000070ef00000|100%| E|CS|TAMS 0x000000070ee00000, 0x000000070ee00000| Complete 
| 219|0x000000070ef00000, 0x000000070f000000, 0x000000070f000000|100%| E|CS|TAMS 0x000000070ef00000, 0x000000070ef00000| Complete 
| 220|0x000000070f000000, 0x000000070f100000, 0x000000070f100000|100%| E|CS|TAMS 0x000000070f000000, 0x000000070f000000| Complete 
| 221|0x000000070f100000, 0x000000070f200000, 0x000000070f200000|100%| E|CS|TAMS 0x000000070f100000, 0x000000070f100000| Complete 
| 222|0x000000070f200000, 0x000000070f300000, 0x000000070f300000|100%| E|CS|TAMS 0x000000070f200000, 0x000000070f200000| Complete 
| 223|0x000000070f300000, 0x000000070f400000, 0x000000070f400000|100%| E|CS|TAMS 0x000000070f300000, 0x000000070f300000| Complete 
| 224|0x000000070f400000, 0x000000070f500000, 0x000000070f500000|100%| E|CS|TAMS 0x000000070f400000, 0x000000070f400000| Complete 
| 225|0x000000070f500000, 0x000000070f600000, 0x000000070f600000|100%| E|  |TAMS 0x000000070f500000, 0x000000070f500000| Complete 
| 226|0x000000070f600000, 0x000000070f700000, 0x000000070f700000|100%| E|CS|TAMS 0x000000070f600000, 0x000000070f600000| Complete 
| 227|0x000000070f700000, 0x000000070f800000, 0x000000070f800000|100%| E|CS|TAMS 0x000000070f700000, 0x000000070f700000| Complete 
| 228|0x000000070f800000, 0x000000070f900000, 0x000000070f900000|100%| E|CS|TAMS 0x000000070f800000, 0x000000070f800000| Complete 
| 229|0x000000070f900000, 0x000000070fa00000, 0x000000070fa00000|100%| E|CS|TAMS 0x000000070f900000, 0x000000070f900000| Complete 
| 230|0x000000070fa00000, 0x000000070fb00000, 0x000000070fb00000|100%| E|CS|TAMS 0x000000070fa00000, 0x000000070fa00000| Complete 
| 231|0x000000070fb00000, 0x000000070fc00000, 0x000000070fc00000|100%| E|CS|TAMS 0x000000070fb00000, 0x000000070fb00000| Complete 
| 232|0x000000070fc00000, 0x000000070fd00000, 0x000000070fd00000|100%| E|CS|TAMS 0x000000070fc00000, 0x000000070fc00000| Complete 
| 233|0x000000070fd00000, 0x000000070fe00000, 0x000000070fe00000|100%| E|CS|TAMS 0x000000070fd00000, 0x000000070fd00000| Complete 
| 234|0x000000070fe00000, 0x000000070ff00000, 0x000000070ff00000|100%| E|CS|TAMS 0x000000070fe00000, 0x000000070fe00000| Complete 
| 235|0x000000070ff00000, 0x0000000710000000, 0x0000000710000000|100%| E|CS|TAMS 0x000000070ff00000, 0x000000070ff00000| Complete 
| 236|0x0000000710000000, 0x0000000710100000, 0x0000000710100000|100%| E|CS|TAMS 0x0000000710000000, 0x0000000710000000| Complete 
| 237|0x0000000710100000, 0x0000000710200000, 0x0000000710200000|100%| E|CS|TAMS 0x0000000710100000, 0x0000000710100000| Complete 
| 238|0x0000000710200000, 0x0000000710300000, 0x0000000710300000|100%| E|CS|TAMS 0x0000000710200000, 0x0000000710200000| Complete 
| 239|0x0000000710300000, 0x0000000710400000, 0x0000000710400000|100%| E|CS|TAMS 0x0000000710300000, 0x0000000710300000| Complete 
| 240|0x0000000710400000, 0x0000000710500000, 0x0000000710500000|100%| E|CS|TAMS 0x0000000710400000, 0x0000000710400000| Complete 
| 241|0x0000000710500000, 0x0000000710600000, 0x0000000710600000|100%| E|CS|TAMS 0x0000000710500000, 0x0000000710500000| Complete 
| 242|0x0000000710600000, 0x0000000710700000, 0x0000000710700000|100%| E|CS|TAMS 0x0000000710600000, 0x0000000710600000| Complete 
| 243|0x0000000710700000, 0x0000000710800000, 0x0000000710800000|100%| E|CS|TAMS 0x0000000710700000, 0x0000000710700000| Complete 
| 244|0x0000000710800000, 0x0000000710900000, 0x0000000710900000|100%| E|CS|TAMS 0x0000000710800000, 0x0000000710800000| Complete 
| 245|0x0000000710900000, 0x0000000710a00000, 0x0000000710a00000|100%| E|CS|TAMS 0x0000000710900000, 0x0000000710900000| Complete 
| 246|0x0000000710a00000, 0x0000000710b00000, 0x0000000710b00000|100%| E|CS|TAMS 0x0000000710a00000, 0x0000000710a00000| Complete 
| 247|0x0000000710b00000, 0x0000000710c00000, 0x0000000710c00000|100%| E|CS|TAMS 0x0000000710b00000, 0x0000000710b00000| Complete 
| 248|0x0000000710c00000, 0x0000000710d00000, 0x0000000710d00000|100%| E|CS|TAMS 0x0000000710c00000, 0x0000000710c00000| Complete 
| 249|0x0000000710d00000, 0x0000000710e00000, 0x0000000710e00000|100%| E|CS|TAMS 0x0000000710d00000, 0x0000000710d00000| Complete 
| 250|0x0000000710e00000, 0x0000000710f00000, 0x0000000710f00000|100%| E|CS|TAMS 0x0000000710e00000, 0x0000000710e00000| Complete 
| 251|0x0000000710f00000, 0x0000000711000000, 0x0000000711000000|100%| E|CS|TAMS 0x0000000710f00000, 0x0000000710f00000| Complete 
| 252|0x0000000711000000, 0x0000000711100000, 0x0000000711100000|100%| E|CS|TAMS 0x0000000711000000, 0x0000000711000000| Complete 
| 253|0x0000000711100000, 0x0000000711200000, 0x0000000711200000|100%| E|CS|TAMS 0x0000000711100000, 0x0000000711100000| Complete 
| 254|0x0000000711200000, 0x0000000711300000, 0x0000000711300000|100%| E|CS|TAMS 0x0000000711200000, 0x0000000711200000| Complete 
| 255|0x0000000711300000, 0x0000000711400000, 0x0000000711400000|100%| E|CS|TAMS 0x0000000711300000, 0x0000000711300000| Complete 

Card table byte_map: [0x00000229358f0000,0x00000229360f0000] _byte_map_base: 0x00000229320e6000

Marking Bits (Prev, Next): (CMBitMap*) 0x000002291c5d49e0, (CMBitMap*) 0x000002291c5d49a8
 Prev Bits: [0x000002293a8a0000, 0x000002293e850000)
 Next Bits: [0x00000229368f0000, 0x000002293a8a0000)

Polling page: 0x000002291c630000

Metaspace:

Usage:
  Non-class:     54.19 MB capacity,    53.19 MB ( 98%) used,   827.49 KB (  1%) free+waste,   204.94 KB ( <1%) overhead. 
      Class:      8.27 MB capacity,     7.59 MB ( 92%) used,   593.31 KB (  7%) free+waste,   101.38 KB (  1%) overhead. 
       Both:     62.46 MB capacity,    60.77 MB ( 97%) used,     1.39 MB (  2%) free+waste,   306.31 KB ( <1%) overhead. 

Virtual space:
  Non-class space:       56.00 MB reserved,      54.20 MB ( 97%) committed 
      Class space:        1.00 GB reserved,       8.38 MB ( <1%) committed 
             Both:        1.05 GB reserved,      62.58 MB (  6%) committed 

Chunk freelists:
   Non-Class:  1.25 KB
       Class:  1.75 KB
        Both:  3.00 KB

CodeHeap 'non-profiled nmethods': size=238336Kb used=10446Kb max_used=10446Kb free=227889Kb
 bounds [0x0000022925ba0000, 0x00000229265e0000, 0x0000022934460000]
CodeHeap 'non-nmethods': size=7424Kb used=1337Kb max_used=1337Kb free=6087Kb
 bounds [0x0000022925460000, 0x00000229256d0000, 0x0000022925ba0000]
 total_blobs=6668 nmethods=6041 adapters=560
 compilation: enabled
              stopped_count=0, restarted_count=0
 full_count=0

Compilation events (10 events):
Event: 43.146 Thread 0x0000022941f2e000 6037       1       com.alibaba.nacos.shaded.io.grpc.netty.shaded.io.netty.util.concurrent.SingleThreadEventExecutor::pollTaskFrom (22 bytes)
Event: 43.147 Thread 0x0000022941f2e000 nmethod 6037 0x00000229265d2b90 code [0x00000229265d2d40, 0x00000229265d2e88]
Event: 43.354 Thread 0x0000022941f2e000 6038       1       ch.qos.logback.classic.Level::toString (5 bytes)
Event: 43.354 Thread 0x0000022941f2e000 nmethod 6038 0x00000229265d2f90 code [0x00000229265d3120, 0x00000229265d31d8]
Event: 43.376 Thread 0x0000022941f2e000 6039       1       java.rmi.server.UID::hashCode (11 bytes)
Event: 43.376 Thread 0x0000022941f2e000 nmethod 6039 0x00000229265d3290 code [0x00000229265d3420, 0x00000229265d34d8]
Event: 43.386 Thread 0x0000022941f2e000 6040       1       java.lang.Long::hashCode (8 bytes)
Event: 43.386 Thread 0x0000022941f2e000 nmethod 6040 0x00000229265d3590 code [0x00000229265d3720, 0x00000229265d37f8]
Event: 43.386 Thread 0x0000022941f2e000 6041       1       java.lang.Long::hashCode (8 bytes)
Event: 43.387 Thread 0x0000022941f2e000 nmethod 6041 0x00000229265d3890 code [0x00000229265d3a20, 0x00000229265d3ad8]

GC Heap History (10 events):
Event: 14.750 GC heap before
{Heap before GC invocations=5 (full 0):
 garbage-first heap   total 262144K, used 152749K [0x0000000701400000, 0x0000000800000000)
  region size 1024K, 140 young (143360K), 5 survivors (5120K)
 Metaspace       used 34889K, capacity 35900K, committed 36048K, reserved 1081344K
  class space    used 4385K, capacity 4778K, committed 4864K, reserved 1048576K
}
Event: 14.759 GC heap after
{Heap after GC invocations=6 (full 0):
 garbage-first heap   total 262144K, used 19036K [0x0000000701400000, 0x0000000800000000)
  region size 1024K, 10 young (10240K), 10 survivors (10240K)
 Metaspace       used 34889K, capacity 35900K, committed 36048K, reserved 1081344K
  class space    used 4385K, capacity 4778K, committed 4864K, reserved 1048576K
}
Event: 14.778 GC heap before
{Heap before GC invocations=6 (full 0):
 garbage-first heap   total 262144K, used 19036K [0x0000000701400000, 0x0000000800000000)
  region size 1024K, 11 young (11264K), 10 survivors (10240K)
 Metaspace       used 34928K, capacity 35900K, committed 36048K, reserved 1081344K
  class space    used 4391K, capacity 4778K, committed 4864K, reserved 1048576K
}
Event: 14.787 GC heap after
{Heap after GC invocations=7 (full 0):
 garbage-first heap   total 262144K, used 18870K [0x0000000701400000, 0x0000000800000000)
  region size 1024K, 10 young (10240K), 10 survivors (10240K)
 Metaspace       used 34928K, capacity 35900K, committed 36048K, reserved 1081344K
  class space    used 4391K, capacity 4778K, committed 4864K, reserved 1048576K
}
Event: 17.933 GC heap before
{Heap before GC invocations=8 (full 0):
 garbage-first heap   total 262144K, used 167350K [0x0000000701400000, 0x0000000800000000)
  region size 1024K, 153 young (156672K), 10 survivors (10240K)
 Metaspace       used 46236K, capacity 47727K, committed 47824K, reserved 1091584K
  class space    used 5759K, capacity 6347K, committed 6400K, reserved 1048576K
}
Event: 17.971 GC heap after
{Heap after GC invocations=9 (full 0):
 garbage-first heap   total 262144K, used 24374K [0x0000000701400000, 0x0000000800000000)
  region size 1024K, 15 young (15360K), 15 survivors (15360K)
 Metaspace       used 46236K, capacity 47727K, committed 47824K, reserved 1091584K
  class space    used 5759K, capacity 6347K, committed 6400K, reserved 1048576K
}
Event: 31.878 GC heap before
{Heap before GC invocations=9 (full 0):
 garbage-first heap   total 262144K, used 165686K [0x0000000701400000, 0x0000000800000000)
  region size 1024K, 153 young (156672K), 15 survivors (15360K)
 Metaspace       used 54395K, capacity 56067K, committed 56144K, reserved 1097728K
  class space    used 6801K, capacity 7479K, committed 7552K, reserved 1048576K
}
Event: 31.891 GC heap after
{Heap after GC invocations=10 (full 0):
 garbage-first heap   total 262144K, used 30639K [0x0000000701400000, 0x0000000800000000)
  region size 1024K, 17 young (17408K), 17 survivors (17408K)
 Metaspace       used 54395K, capacity 56067K, committed 56144K, reserved 1097728K
  class space    used 6801K, capacity 7479K, committed 7552K, reserved 1048576K
}
Event: 35.790 GC heap before
{Heap before GC invocations=10 (full 0):
 garbage-first heap   total 262144K, used 95151K [0x0000000701400000, 0x0000000800000000)
  region size 1024K, 81 young (82944K), 17 survivors (17408K)
 Metaspace       used 58743K, capacity 60390K, committed 60496K, reserved 1101824K
  class space    used 7336K, capacity 8003K, committed 8064K, reserved 1048576K
}
Event: 35.803 GC heap after
{Heap after GC invocations=11 (full 0):
 garbage-first heap   total 262144K, used 31744K [0x0000000701400000, 0x0000000800000000)
  region size 1024K, 8 young (8192K), 8 survivors (8192K)
 Metaspace       used 58743K, capacity 60390K, committed 60496K, reserved 1101824K
  class space    used 7336K, capacity 8003K, committed 8064K, reserved 1048576K
}

Deoptimization events (0 events):
No events

Classes redefined (0 events):
No events

Internal exceptions (10 events):
Event: 31.564 Thread 0x000002291c572000 Exception <a 'java/lang/ClassNotFoundException'{0x000000070b404550}: org/springframework/jmx/export/metadata/ManagedAttributeCustomizer> (0x000000070b404550) thrown at [./open/src/hotspot/share/classfile/systemDictionary.cpp, line 226]
Event: 31.570 Thread 0x000002291c572000 Exception <a 'java/lang/NoSuchMethodError'{0x000000070b443078}: java.lang.invoke.DirectMethodHandle$Holder.invokeSpecial(Ljava/lang/Object;Ljava/lang/Object;ILjava/lang/Object;ILjava/lang/Object;)Ljava/lang/Object;> (0x000000070b443078) thrown at [./open/
Event: 31.570 Thread 0x000002291c572000 Exception <a 'java/lang/NoSuchMethodError'{0x000000070b44a558}: java.lang.invoke.DirectMethodHandle$Holder.invokeStatic(Ljava/lang/Object;Ljava/lang/Object;ILjava/lang/Object;I)Ljava/lang/Object;> (0x000000070b44a558) thrown at [./open/src/hotspot/share/i
Event: 31.571 Thread 0x000002291c572000 Exception <a 'java/lang/NoSuchMethodError'{0x000000070b44dd30}: java.lang.invoke.DirectMethodHandle$Holder.invokeSpecial(Ljava/lang/Object;Ljava/lang/Object;Ljava/lang/Object;ILjava/lang/Object;I)Ljava/lang/Object;> (0x000000070b44dd30) thrown at [./open/
Event: 31.572 Thread 0x000002291c572000 Exception <a 'java/lang/NoSuchMethodError'{0x000000070b45d100}: java.lang.invoke.DirectMethodHandle$Holder.invokeVirtual(Ljava/lang/Object;Ljava/lang/Object;)V> (0x000000070b45d100) thrown at [./open/src/hotspot/share/interpreter/linkResolver.cpp, line 77
Event: 32.080 Thread 0x000002291c572000 Exception <a 'java/lang/UnsatisfiedLinkError'{0x000000070fdbdea8}: com.alibaba.nacos.shaded.io.grpc.netty.shaded.io.netty.channel.epoll.Native.offsetofEpollData()I> (0x000000070fdbdea8) thrown at [./open/src/hotspot/share/prims/nativeLookup.cpp, line 521]
Event: 32.081 Thread 0x000002291c572000 Exception <a 'java/lang/ExceptionInInitializerError'{0x000000070fdc06a0}> (0x000000070fdc06a0) thrown at [./open/src/hotspot/share/oops/instanceKlass.cpp, line 1078]
Event: 39.064 Thread 0x000002291c572000 Exception <a 'java/lang/NoClassDefFoundError'{0x000000070f410b98}: sun/reflect/Reflection> (0x000000070f410b98) thrown at [./open/src/hotspot/share/classfile/systemDictionary.cpp, line 215]
Event: 41.722 Thread 0x000002291c572000 Exception <a 'java/io/FileNotFoundException'{0x000000070df76ac0}> (0x000000070df76ac0) thrown at [./open/src/hotspot/share/prims/jni.cpp, line 611]
Event: 41.722 Thread 0x000002291c572000 Exception <a 'java/io/FileNotFoundException'{0x000000070df77538}> (0x000000070df77538) thrown at [./open/src/hotspot/share/prims/jni.cpp, line 611]

Events (10 events):
Event: 42.653 Thread 0x000002294610a000 Thread added: 0x000002294610a000
Event: 42.653 Thread 0x000002294610d800 Thread added: 0x000002294610d800
Event: 42.654 Executing VM operation: RevokeBias
Event: 42.654 Executing VM operation: RevokeBias done
Event: 42.654 Executing VM operation: RevokeBias
Event: 42.654 Executing VM operation: RevokeBias done
Event: 43.354 loading class java/lang/reflect/UndeclaredThrowableException
Event: 43.355 loading class java/lang/reflect/UndeclaredThrowableException done
Event: 43.372 Thread 0x000002294610b000 Thread added: 0x000002294610b000
Event: 43.387 Executing VM operation: BulkRevokeBias


Dynamic libraries:
0x00007ff796fb0000 - 0x00007ff796fc0000 	C:\Program Files\Java\jdk-11\bin\java.exe
0x00007ffceab10000 - 0x00007ffcead08000 	C:\WINDOWS\SYSTEM32\ntdll.dll
0x00007ffce8e30000 - 0x00007ffce8eed000 	C:\WINDOWS\System32\KERNEL32.DLL
0x00007ffce81f0000 - 0x00007ffce84e6000 	C:\WINDOWS\System32\KERNELBASE.dll
0x00007ffce8a40000 - 0x00007ffce8b40000 	C:\WINDOWS\System32\ucrtbase.dll
0x00007ffcbc310000 - 0x00007ffcbc329000 	C:\Program Files\Java\jdk-11\bin\jli.dll
0x00007ffce8ba0000 - 0x00007ffce8c50000 	C:\WINDOWS\System32\ADVAPI32.dll
0x00007ffce9ff0000 - 0x00007ffcea08e000 	C:\WINDOWS\System32\msvcrt.dll
0x00007ffcea0a0000 - 0x00007ffcea140000 	C:\WINDOWS\System32\sechost.dll
0x00007ffcea230000 - 0x00007ffcea353000 	C:\WINDOWS\System32\RPCRT4.dll
0x00007ffce85e0000 - 0x00007ffce8607000 	C:\WINDOWS\System32\bcrypt.dll
0x00007ffce8f30000 - 0x00007ffce90cf000 	C:\WINDOWS\System32\USER32.dll
0x00007ffce81c0000 - 0x00007ffce81e2000 	C:\WINDOWS\System32\win32u.dll
0x00007ffcbc2f0000 - 0x00007ffcbc30b000 	C:\Program Files\Java\jdk-11\bin\VCRUNTIME140.dll
0x00007ffce9220000 - 0x00007ffce924b000 	C:\WINDOWS\System32\GDI32.dll
0x00007ffce8920000 - 0x00007ffce8a37000 	C:\WINDOWS\System32\gdi32full.dll
0x00007ffce84f0000 - 0x00007ffce858d000 	C:\WINDOWS\System32\msvcp_win.dll
0x00007ffce7580000 - 0x00007ffce781a000 	C:\WINDOWS\WinSxS\amd64_microsoft.windows.common-controls_6595b64144ccf1df_6.0.19041.4355_none_60b8b9eb71f62e16\COMCTL32.dll
0x00007ffce06d0000 - 0x00007ffce06da000 	C:\WINDOWS\SYSTEM32\VERSION.dll
0x00007ffce8ef0000 - 0x00007ffce8f22000 	C:\WINDOWS\System32\IMM32.DLL
0x00007ffccefe0000 - 0x00007ffccefec000 	C:\Program Files\Java\jdk-11\bin\vcruntime140_1.dll
0x00007ffca4c00000 - 0x00007ffca4c8e000 	C:\Program Files\Java\jdk-11\bin\msvcp140.dll
0x00007ffc73ff0000 - 0x00007ffc74b5e000 	C:\Program Files\Java\jdk-11\bin\server\jvm.dll
0x00007ffce98b0000 - 0x00007ffce98b8000 	C:\WINDOWS\System32\PSAPI.DLL
0x00007ffcc8260000 - 0x00007ffcc8269000 	C:\WINDOWS\SYSTEM32\WSOCK32.dll
0x00007ffce9250000 - 0x00007ffce92bb000 	C:\WINDOWS\System32\WS2_32.dll
0x00007ffcdd7d0000 - 0x00007ffcdd7f7000 	C:\WINDOWS\SYSTEM32\WINMM.dll
0x00007ffce6360000 - 0x00007ffce6372000 	C:\WINDOWS\SYSTEM32\kernel.appcore.dll
0x00007ffcceea0000 - 0x00007ffcceeb0000 	C:\Program Files\Java\jdk-11\bin\verify.dll
0x00007ffce7b20000 - 0x00007ffce7d04000 	C:\WINDOWS\SYSTEM32\DBGHELP.DLL
0x00007ffce7930000 - 0x00007ffce7964000 	C:\WINDOWS\SYSTEM32\dbgcore.DLL
0x00007ffce86c0000 - 0x00007ffce8742000 	C:\WINDOWS\System32\bcryptPrimitives.dll
0x00007ffcbc2c0000 - 0x00007ffcbc2e8000 	C:\Program Files\Java\jdk-11\bin\java.dll
0x00007ffccb070000 - 0x00007ffccb07a000 	C:\Program Files\Java\jdk-11\bin\jimage.dll
0x00007ffc9eb80000 - 0x00007ffc9ebb8000 	C:\Program Files\Java\jdk-11\bin\jdwp.dll
0x00007ffcd19f0000 - 0x00007ffcd19fe000 	C:\Program Files\Java\jdk-11\bin\instrument.dll
0x00007ffcbc2a0000 - 0x00007ffcbc2b7000 	C:\Program Files\Java\jdk-11\bin\zip.dll
0x00007ffcea360000 - 0x00007ffceaacb000 	C:\WINDOWS\System32\SHELL32.dll
0x00007ffce5ac0000 - 0x00007ffce625d000 	C:\WINDOWS\SYSTEM32\windows.storage.dll
0x00007ffce9a60000 - 0x00007ffce9db3000 	C:\WINDOWS\System32\combase.dll
0x00007ffce7480000 - 0x00007ffce74ae000 	C:\WINDOWS\SYSTEM32\Wldp.dll
0x00007ffce92c0000 - 0x00007ffce938d000 	C:\WINDOWS\System32\OLEAUT32.dll
0x00007ffce8c50000 - 0x00007ffce8cfd000 	C:\WINDOWS\System32\SHCORE.dll
0x00007ffce90d0000 - 0x00007ffce9125000 	C:\WINDOWS\System32\shlwapi.dll
0x00007ffce80f0000 - 0x00007ffce8114000 	C:\WINDOWS\SYSTEM32\profapi.dll
0x00007ffccf2a0000 - 0x00007ffccf2ab000 	C:\Program Files\Java\jdk-11\bin\dt_socket.dll
0x00007ffce7350000 - 0x00007ffce73ba000 	C:\WINDOWS\system32\mswsock.dll
0x00007ffcbb950000 - 0x00007ffcbb969000 	C:\Program Files\Java\jdk-11\bin\net.dll
0x00007ffcdc3a0000 - 0x00007ffcdc4aa000 	C:\WINDOWS\SYSTEM32\WINHTTP.dll
0x00007ffcbb930000 - 0x00007ffcbb942000 	C:\Program Files\Java\jdk-11\bin\nio.dll
0x00007ffce6f00000 - 0x00007ffce6fcb000 	C:\WINDOWS\SYSTEM32\DNSAPI.dll
0x00007ffce6ec0000 - 0x00007ffce6efb000 	C:\WINDOWS\SYSTEM32\IPHLPAPI.DLL
0x00007ffce9130000 - 0x00007ffce9138000 	C:\WINDOWS\System32\NSI.dll
0x00007ffcd84c0000 - 0x00007ffcd84ca000 	C:\Windows\System32\rasadhlp.dll
0x00007ffcd2c30000 - 0x00007ffcd2cb0000 	C:\WINDOWS\System32\fwpuclnt.dll
0x00007ffcbc200000 - 0x00007ffcbc209000 	C:\Program Files\Java\jdk-11\bin\management.dll
0x00007ffcbc130000 - 0x00007ffcbc13b000 	C:\Program Files\Java\jdk-11\bin\management_ext.dll
0x00007ffce7eb0000 - 0x00007ffce7ec8000 	C:\WINDOWS\SYSTEM32\CRYPTSP.dll
0x00007ffce6b60000 - 0x00007ffce6b94000 	C:\WINDOWS\system32\rsaenh.dll
0x00007ffce80a0000 - 0x00007ffce80ce000 	C:\WINDOWS\SYSTEM32\USERENV.dll
0x00007ffce7440000 - 0x00007ffce744c000 	C:\WINDOWS\SYSTEM32\CRYPTBASE.dll
0x00007ffcdf410000 - 0x00007ffcdf427000 	C:\WINDOWS\SYSTEM32\dhcpcsvc6.DLL
0x00007ffcdf3f0000 - 0x00007ffcdf40d000 	C:\WINDOWS\SYSTEM32\dhcpcsvc.DLL
0x00007ffcc0da0000 - 0x00007ffcc0db7000 	C:\WINDOWS\system32\napinsp.dll
0x00007ffcc0d80000 - 0x00007ffcc0d9b000 	C:\WINDOWS\system32\pnrpnsp.dll
0x00007ffce2130000 - 0x00007ffce2145000 	C:\WINDOWS\system32\wshbth.dll
0x00007ffce2c20000 - 0x00007ffce2c3d000 	C:\WINDOWS\system32\NLAapi.dll
0x00007ffcc0d60000 - 0x00007ffcc0d72000 	C:\WINDOWS\System32\winrnr.dll
0x00007ffcbdf00000 - 0x00007ffcbdf0e000 	C:\Program Files\Java\jdk-11\bin\sunmscapi.dll
0x00007ffce8750000 - 0x00007ffce88ae000 	C:\WINDOWS\System32\CRYPT32.dll
0x00007ffce7550000 - 0x00007ffce7579000 	C:\WINDOWS\SYSTEM32\ncrypt.dll
0x00007ffce74b0000 - 0x00007ffce74eb000 	C:\WINDOWS\SYSTEM32\NTASN1.dll
0x00007ffcbdf10000 - 0x00007ffcbdf37000 	C:\Program Files\Java\jdk-11\bin\sunec.dll

dbghelp: loaded successfully - version: 4.0.5 - missing functions: none
symbol engine: initialized successfully - sym options: 0x614 - pdb path: .;C:\Program Files\Java\jdk-11\bin;C:\WINDOWS\SYSTEM32;C:\WINDOWS\WinSxS\amd64_microsoft.windows.common-controls_6595b64144ccf1df_6.0.19041.4355_none_60b8b9eb71f62e16;C:\Program Files\Java\jdk-11\bin\server

VM Arguments:
jvm_args: -agentlib:jdwp=transport=dt_socket,address=127.0.0.1:61598,suspend=y,server=n -XX:TieredStopAtLevel=1 -Xverify:none -Dspring.profiles.active=local -Dspring.output.ansi.enabled=always -javaagent:C:\Users\19655\AppData\Local\JetBrains\IntelliJIdea2021.1\captureAgent\debugger-agent.jar=file:/C:/Users/19655/AppData/Local/Temp/capture1.props -Dcom.sun.management.jmxremote -Dspring.jmx.enabled=true -Dspring.liveBeansView.mbeanDomain -Dspring.application.admin.enabled=true -Dfile.encoding=UTF-8 
java_command: com.hmall.pay.PayApplication
java_class_path (initial): D:\ev\SpringCloud\codemy\hmall\pay-service\target\classes;D:\ev\SpringCloud\codemy\hmall\hm-common\target\classes;D:\maven_respository\org\apache\commons\commons-pool2\2.11.1\commons-pool2-2.11.1.jar;D:\maven_respository\cn\hutool\hutool-all\5.8.11\hutool-all-5.8.11.jar;D:\maven_respository\org\springframework\boot\spring-boot-starter-logging\2.7.12\spring-boot-starter-logging-2.7.12.jar;D:\maven_respository\ch\qos\logback\logback-classic\1.2.12\logback-classic-1.2.12.jar;D:\maven_respository\ch\qos\logback\logback-core\1.2.12\logback-core-1.2.12.jar;D:\maven_respository\org\apache\logging\log4j\log4j-to-slf4j\2.17.2\log4j-to-slf4j-2.17.2.jar;D:\maven_respository\org\apache\logging\log4j\log4j-api\2.17.2\log4j-api-2.17.2.jar;D:\maven_respository\org\slf4j\jul-to-slf4j\1.7.36\jul-to-slf4j-1.7.36.jar;D:\maven_respository\org\hibernate\validator\hibernate-validator\6.2.5.Final\hibernate-validator-6.2.5.Final.jar;D:\maven_respository\jakarta\validation\jakarta.validation-api\2.0.2\jakarta.validation-api-2.0.2.jar;D:\maven_respository\org\jboss\logging\jboss-logging\3.4.3.Final\jboss-logging-3.4.3.Final.jar;D:\maven_respository\com\fasterxml\classmate\1.5.1\classmate-1.5.1.jar;D:\maven_respository\org\springframework\boot\spring-boot-autoconfigure\2.7.12\spring-boot-autoconfigure-2.7.12.jar;D:\maven_respository\org\springframework\boot\spring-boot\2.7.12\spring-boot-2.7.12.jar;D:\maven_respository\com\github\xiaoymin\knife4j-openapi2-spring-boot-starter\4.1.0\knife4j-openapi2-spring-boot-starter-4.1.0.jar;D:\maven_respository\com\github\xiaoymin\knife4j-core\4.1.0\knife4j-core-4.1.0.jar;D:\maven_respository\com\github\xiaoymin\knife4j-openapi2-ui\4.1.0\knife4j-openapi2-ui-4.1.0.jar;D:\maven_respository\org\javassist\javassist\3.25.0-GA\javassist-3.25.0-GA.jar;D:\maven_respository\io\springfox\springfox-swagger2\2.10.5\springfox-swagger2-2.10.5.jar;D:\maven_respository\io\springfox\springfox-spi\2.10.5\springfox-spi-2.10.5.jar;D:\maven_resposi
Launcher Type: SUN_STANDARD

[Global flags]
     bool BytecodeVerificationLocal                = false                                     {product} {command line}
     bool BytecodeVerificationRemote               = false                                     {product} {command line}
     intx CICompilerCount                          = 4                                         {product} {ergonomic}
     uint ConcGCThreads                            = 3                                         {product} {ergonomic}
     uint G1ConcRefinementThreads                  = 10                                        {product} {ergonomic}
   size_t G1HeapRegionSize                         = 1048576                                   {product} {ergonomic}
    uintx GCDrainStackTargetSize                   = 64                                        {product} {ergonomic}
   size_t InitialHeapSize                          = 268435456                                 {product} {ergonomic}
     bool ManagementServer                         = true                                      {product} {command line}
   size_t MarkStackSize                            = 4194304                                   {product} {ergonomic}
   size_t MaxHeapSize                              = 4273995776                                {product} {ergonomic}
   size_t MaxNewSize                               = 2563768320                                {product} {ergonomic}
   size_t MinHeapDeltaBytes                        = 1048576                                   {product} {ergonomic}
    uintx NonNMethodCodeHeapSize                   = 7549744                                {pd product} {ergonomic}
    uintx NonProfiledCodeHeapSize                  = 244108496                              {pd product} {ergonomic}
    uintx ProfiledCodeHeapSize                     = 0                                      {pd product} {ergonomic}
    uintx ReservedCodeCacheSize                    = 251658240                              {pd product} {ergonomic}
     bool SegmentedCodeCache                       = true                                      {product} {ergonomic}
     intx TieredStopAtLevel                        = 1                                         {product} {command line}
     bool UseCompressedClassPointers               = true                                 {lp64_product} {ergonomic}
     bool UseCompressedOops                        = true                                 {lp64_product} {ergonomic}
     bool UseG1GC                                  = true                                      {product} {ergonomic}
     bool UseLargePagesIndividualAllocation        = false                                  {pd product} {ergonomic}

Logging:
Log output configuration:
 #0: stdout all=warning uptime,level,tags
 #1: stderr all=off uptime,level,tags

Environment Variables:
JAVA_HOME=C:\Program Files\Java\jdk-11
CLASSPATH=.;C:\Program Files\Java\jdk-11\lib;C:\Program Files\Java\jdk-11\lib\tools.jar;D:\apache-jmeter-5.6.3\apache-jmeter-5.6.3\lib\ext\ApacheJMeter_core.jar;D:\apache-jmeter-5.6.3\apache-jmeter-5.6.3\lib\jorphan.jar;
PATH=C:\Program Files\Java\jdk-11\bin;C:\Program Files\Common Files\Oracle\Java\javapath;D:\linux\bin\;C:\Program Files (x86)\Common Files\Oracle\Java\javapath;C:\Windows\system32;C:\Windows;C:\Windows\System32\Wbem;C:\Windows\System32\WindowsPowerShell\v1.0\;C:\Windows\System32\OpenSSH\;C:\Program Files (x86)\NVIDIA Corporation\PhysX\Common;C:\Program Files\NVIDIA Corporation\NVIDIA NvDLISR;D:\MATLAB2023b\R2023b\runtime\win64;D:\MATLAB2023b\R2023b\bin;D:\matlab\runtime\win64;D:\matlab\bin;D:\matlab\polyspace\bin;C:\WINDOWS\system32;C:\WINDOWS;C:\WINDOWS\System32\Wbem;C:\WINDOWS\System32\WindowsPowerShell\v1.0\;C:\WINDOWS\System32\OpenSSH\;D:\node\;D:\node\node_global;C:\Program Files\MySQL\MySQL Server 8.0\bin;D:\Windows Kits\10\Windows Performance Toolkit\;C:\Program Files\MySQL\MySQL Server 8.0\bin\;D:\apache-maven-3.6.3\bin;D:\Git\Git\cmd;D:\web\dll;D:\apache-jmeter-5.6.3\apache-jmeter-5.6.3\bin;D:\MinGW\bin;D:\dev\python\python3.11\Scripts\;D:\dev\python\python3.11\;C:\Program Files\MySQL\MySQL Shell 8.0\bin\;C:\Users\19655\AppData\Local\Microsoft\WindowsApps;D:\VSCODE\Microsoft VS Code\bin;C:\Users\19655\AppData\Roaming\npm;D:\node\node_global;D:\node\node_cache;;D:\pycharmzhunye\PyCharm 2023.2.1\bin;;D:\cpolar\
USERNAME=19655
OS=Windows_NT
PROCESSOR_IDENTIFIER=Intel64 Family 6 Model 158 Stepping 10, GenuineIntel



---------------  S Y S T E M  ---------------

OS: Windows 10 , 64 bit Build 19041 (10.0.19041.3636)

CPU:total 12 (initial active 12) (6 cores per cpu, 2 threads per core) family 6 model 158 stepping 10 microcode 0xb4, cmov, cx8, fxsr, mmx, sse, sse2, sse3, ssse3, sse4.1, sse4.2, popcnt, avx, avx2, aes, clmul, erms, 3dnowpref, lzcnt, ht, tsc, tscinvbit, bmi1, bmi2, adx, fma

Memory: 4k page, system-wide physical 16303M (45M free)
TotalPageFile size 41903M (AvailPageFile size 3M)
current process WorkingSet (physical memory assigned to process): 337M, peak: 339M
current process commit charge ("private bytes"): 452M, peak: 469M

vm_info: Java HotSpot(TM) 64-Bit Server VM (11.0.22+9-LTS-219) for windows-amd64 JRE (11.0.22+9-LTS-219), built on Dec 19 2023 22:08:21 by "mach5one" with MS VC++ 17.1 (VS2022)

END.
