#
# There is insufficient memory for the Java Runtime Environment to continue.
# Native memory allocation (malloc) failed to allocate 1048576 bytes for AllocateHeap
# Possible reasons:
#   The system is out of physical RAM or swap space
#   The process is running with CompressedOops enabled, and the Java Heap may be blocking the growth of the native heap
# Possible solutions:
#   Reduce memory load on the system
#   Increase physical memory or swap space
#   Check if swap backing store is full
#   Decrease Java heap size (-Xmx/-Xms)
#   Decrease number of Java threads
#   Decrease Java thread stack sizes (-Xss)
#   Set larger code cache with -XX:ReservedCodeCacheSize=
#   JVM is running with Zero Based Compressed Oops mode in which the Java heap is
#     placed in the first 32GB address space. The Java Heap base address is the
#     maximum limit for the native heap growth. Please use -XX:HeapBaseMinAddress
#     to set the Java Heap base and to place the Java Heap above 32GB virtual address.
# This output file may be truncated or incomplete.
#
#  Out of Memory Error (./open/src/hotspot/share/memory/allocation.cpp:46), pid=26152, tid=38752
#
# JRE version: Java(TM) SE Runtime Environment 18.9 (11.0.22+9) (build 11.0.22+9-LTS-219)
# Java VM: Java HotSpot(TM) 64-Bit Server VM 18.9 (11.0.22+9-LTS-219, mixed mode, tiered, compressed oops, g1 gc, windows-amd64)
# No core dump will be written. Minidumps are not enabled by default on client versions of Windows
#

---------------  S U M M A R Y ------------

Command Line: -agentlib:jdwp=transport=dt_socket,address=127.0.0.1:51839,suspend=y,server=n -Dserver.port=8083 -XX:TieredStopAtLevel=1 -Xverify:none -Dspring.profiles.active=local -Dspring.output.ansi.enabled=always -javaagent:C:\Users\19655\AppData\Local\JetBrains\IntelliJIdea2021.1\captureAgent\debugger-agent.jar=file:/C:/Users/19655/AppData/Local/Temp/capture4.props -Dcom.sun.management.jmxremote -Dspring.jmx.enabled=true -Dspring.liveBeansView.mbeanDomain -Dspring.application.admin.enabled=true -Dfile.encoding=UTF-8 com.hmall.item.ItemApplication

Host: Intel(R) Core(TM) i7-9750H CPU @ 2.60GHz, 12 cores, 15G,  Windows 10 , 64 bit Build 19041 (10.0.19041.3636)
Time: Fri Jun 14 18:34:11 2024  Windows 10 , 64 bit Build 19041 (10.0.19041.3636) elapsed time: 12.079048 seconds (0d 0h 0m 12s)

---------------  T H R E A D  ---------------

Current thread (0x000001ba7711e000):  VMThread "VM Thread" [stack: 0x0000004d5fe00000,0x0000004d5ff00000] [id=38752]

Stack: [0x0000004d5fe00000,0x0000004d5ff00000]
[error occurred during error reporting (printing stack bounds), id 0xc0000005, EXCEPTION_ACCESS_VIOLATION (0xc0000005) at pc=0x000001ba5ae20f2d]

Native frames: (J=compiled Java code, j=interpreted, Vv=VM code, C=native code)
V  [jvm.dll+0x66055a]
V  [jvm.dll+0x7a367f]
V  [jvm.dll+0x7a4d49]
V  [jvm.dll+0x7a5345]
V  [jvm.dll+0x7a52fb]
V  [jvm.dll+0x65fa63]
V  [jvm.dll+0x660158]
C  [ntdll.dll+0xa292f]
C  [ntdll.dll+0x52554]
C  [ntdll.dll+0xa143e]
C  0x000001ba5ae20f2d

VM_Operation (0x0000004d5f8faed0): CollectForMetadataAllocation, mode: safepoint, requested by thread 0x000001ba5374d800


---------------  P R O C E S S  ---------------

Threads class SMR info:
_java_thread_list=0x000001ba7867acc0, length=17, elements={
0x000001ba5374d800, 0x000001ba77144000, 0x000001ba77145000, 0x000001ba771b3800,
0x000001ba771b8800, 0x000001ba771ba000, 0x000001ba771bd000, 0x000001ba771e4000,
0x000001ba77110800, 0x000001ba77466800, 0x000001ba7748a000, 0x000001ba7748a800,
0x000001ba77ec0800, 0x000001ba783f7800, 0x000001ba78789000, 0x000001ba78796800,
0x000001ba7890d000
}

Java Threads: ( => current thread )
  0x000001ba5374d800 JavaThread "main" [_thread_blocked, id=39372, stack(0x0000004d5f800000,0x0000004d5f900000)]
  0x000001ba77144000 JavaThread "Reference Handler" daemon [_thread_blocked, id=39764, stack(0x0000004d5ff00000,0x0000004d60000000)]
  0x000001ba77145000 JavaThread "Finalizer" daemon [_thread_blocked, id=38460, stack(0x0000004d60000000,0x0000004d60100000)]
  0x000001ba771b3800 JavaThread "Signal Dispatcher" daemon [_thread_blocked, id=32196, stack(0x0000004d60100000,0x0000004d60200000)]
  0x000001ba771b8800 JavaThread "Attach Listener" daemon [_thread_blocked, id=30540, stack(0x0000004d60200000,0x0000004d60300000)]
  0x000001ba771ba000 JavaThread "Service Thread" daemon [_thread_blocked, id=14916, stack(0x0000004d60300000,0x0000004d60400000)]
  0x000001ba771bd000 JavaThread "C1 CompilerThread0" daemon [_thread_blocked, id=35752, stack(0x0000004d60400000,0x0000004d60500000)]
  0x000001ba771e4000 JavaThread "Sweeper thread" daemon [_thread_blocked, id=34096, stack(0x0000004d60500000,0x0000004d60600000)]
  0x000001ba77110800 JavaThread "Common-Cleaner" daemon [_thread_blocked, id=40004, stack(0x0000004d60600000,0x0000004d60700000)]
  0x000001ba77466800 JavaThread "JDWP Transport Listener: dt_socket" daemon [_thread_blocked, id=40016, stack(0x0000004d60700000,0x0000004d60800000)]
  0x000001ba7748a000 JavaThread "JDWP Event Helper Thread" daemon [_thread_blocked, id=40024, stack(0x0000004d60800000,0x0000004d60900000)]
  0x000001ba7748a800 JavaThread "JDWP Command Reader" daemon [_thread_in_native, id=40032, stack(0x0000004d60900000,0x0000004d60a00000)]
  0x000001ba77ec0800 JavaThread "RMI TCP Accept-0" daemon [_thread_in_native, id=40872, stack(0x0000004d60a00000,0x0000004d60b00000)]
  0x000001ba783f7800 JavaThread "RMI TCP Connection(1)-192.168.44.1" daemon [_thread_in_native, id=39276, stack(0x0000004d61100000,0x0000004d61200000)]
  0x000001ba78789000 JavaThread "logback-1" daemon [_thread_blocked, id=40264, stack(0x0000004d61500000,0x0000004d61600000)]
  0x000001ba78796800 JavaThread "logback-2" daemon [_thread_blocked, id=10040, stack(0x0000004d61600000,0x0000004d61700000)]
  0x000001ba7890d000 JavaThread "RMI Scheduler(0)" daemon [_thread_blocked, id=36700, stack(0x0000004d61700000,0x0000004d61800000)]

Other Threads:
=>0x000001ba7711e000 VMThread "VM Thread" [stack: 0x0000004d5fe00000,0x0000004d5ff00000] [id=38752]
  0x000001ba77ece000 WatcherThread [stack: 0x0000004d60b00000,0x0000004d60c00000] [id=40884]
  0x000001ba53764000 GCTaskThread "GC Thread#0" [stack: 0x0000004d5f900000,0x0000004d5fa00000] [id=26168]
  0x000001ba77f62800 GCTaskThread "GC Thread#1" [stack: 0x0000004d60c00000,0x0000004d60d00000] [id=40888]
  0x000001ba77f4f800 GCTaskThread "GC Thread#2" [stack: 0x0000004d60d00000,0x0000004d60e00000] [id=40892]
  0x000001ba77f50000 GCTaskThread "GC Thread#3" [stack: 0x0000004d60e00000,0x0000004d60f00000] [id=40896]
  0x000001ba77f50800 GCTaskThread "GC Thread#4" [stack: 0x0000004d60f00000,0x0000004d61000000] [id=40900]
  0x000001ba77f67000 GCTaskThread "GC Thread#5" [stack: 0x0000004d61000000,0x0000004d61100000] [id=40904]
  0x000001ba537c1800 ConcurrentGCThread "G1 Main Marker" [stack: 0x0000004d5fa00000,0x0000004d5fb00000] [id=35540]
  0x000001ba537c3000 ConcurrentGCThread "G1 Conc#0" [stack: 0x0000004d5fb00000,0x0000004d5fc00000] [id=39124]
  0x000001ba784d7800 ConcurrentGCThread "G1 Conc#1" [stack: 0x0000004d61300000,0x0000004d61400000] [id=40408]
  0x000001ba7862a800 ConcurrentGCThread "G1 Conc#2" [stack: 0x0000004d61400000,0x0000004d61500000] [id=40404]
  0x000001ba76783800 ConcurrentGCThread "G1 Refine#0" [stack: 0x0000004d5fc00000,0x0000004d5fd00000] [id=27844]
  0x000001ba76784800 ConcurrentGCThread "G1 Young RemSet Sampling" [stack: 0x0000004d5fd00000,0x0000004d5fe00000] [id=33256]

Threads with active compile tasks:

VM state:at safepoint (normal execution)

VM Mutex/Monitor currently owned by a thread:  ([mutex/lock_event])
[0x000001ba5374a120] Threads_lock - owner thread: 0x000001ba7711e000
[0x000001ba53749280] Heap_lock - owner thread: 0x000001ba5374d800

Heap address: 0x0000000701400000, size: 4076 MB, Compressed Oops mode: Zero based, Oop shift amount: 3
Narrow klass base: 0x0000000800000000, Narrow klass shift: 0
Compressed class space size: 1073741824 Address: 0x0000000800000000

Heap:
 garbage-first heap   total 262144K, used 17713K [0x0000000701400000, 0x0000000800000000)
  region size 1024K, 6 young (6144K), 6 survivors (6144K)
 Metaspace       used 29695K, capacity 30573K, committed 30844K, reserved 1079296K
  class space    used 3656K, capacity 4009K, committed 4044K, reserved 1048576K
Heap Regions: E=young(eden), S=young(survivor), O=old, HS=humongous(starts), HC=humongous(continues), CS=collection set, F=free, A=archive, TAMS=top-at-mark-start (previous, next)
|   0|0x0000000701400000, 0x0000000701500000, 0x0000000701500000|100%|HS|  |TAMS 0x0000000701500000, 0x0000000701500000| Complete 
|   1|0x0000000701500000, 0x0000000701600000, 0x0000000701600000|100%| O|  |TAMS 0x0000000701600000, 0x0000000701600000| Untracked 
|   2|0x0000000701600000, 0x0000000701700000, 0x0000000701700000|100%| O|  |TAMS 0x0000000701700000, 0x0000000701700000| Untracked 
|   3|0x0000000701700000, 0x0000000701800000, 0x0000000701800000|100%| O|  |TAMS 0x0000000701800000, 0x0000000701800000| Untracked 
|   4|0x0000000701800000, 0x0000000701900000, 0x0000000701900000|100%| O|  |TAMS 0x0000000701900000, 0x0000000701900000| Untracked 
|   5|0x0000000701900000, 0x0000000701a00000, 0x0000000701a00000|100%| O|  |TAMS 0x0000000701a00000, 0x0000000701a00000| Untracked 
|   6|0x0000000701a00000, 0x0000000701b00000, 0x0000000701b00000|100%| O|  |TAMS 0x0000000701b00000, 0x0000000701b00000| Untracked 
|   7|0x0000000701b00000, 0x0000000701c00000, 0x0000000701c00000|100%| O|  |TAMS 0x0000000701c00000, 0x0000000701c00000| Untracked 
|   8|0x0000000701c00000, 0x0000000701d00000, 0x0000000701d00000|100%| O|  |TAMS 0x0000000701d00000, 0x0000000701d00000| Untracked 
|   9|0x0000000701d00000, 0x0000000701e00000, 0x0000000701e00000|100%| O|  |TAMS 0x0000000701e00000, 0x0000000701e00000| Untracked 
|  10|0x0000000701e00000, 0x0000000701f00000, 0x0000000701f00000|100%| O|  |TAMS 0x0000000701f00000, 0x0000000701f00000| Untracked 
|  11|0x0000000701f00000, 0x0000000701f4c600, 0x0000000702000000| 29%| O|  |TAMS 0x0000000701f4c600, 0x0000000701f4c600| Untracked 
|  12|0x0000000702000000, 0x0000000702000000, 0x0000000702100000|  0%| F|  |TAMS 0x0000000702000000, 0x0000000702000000| Untracked 
|  13|0x0000000702100000, 0x0000000702100000, 0x0000000702200000|  0%| F|  |TAMS 0x0000000702100000, 0x0000000702100000| Untracked 
|  14|0x0000000702200000, 0x0000000702200000, 0x0000000702300000|  0%| F|  |TAMS 0x0000000702200000, 0x0000000702200000| Untracked 
|  15|0x0000000702300000, 0x0000000702300000, 0x0000000702400000|  0%| F|  |TAMS 0x0000000702300000, 0x0000000702300000| Untracked 
|  16|0x0000000702400000, 0x0000000702400000, 0x0000000702500000|  0%| F|  |TAMS 0x0000000702400000, 0x0000000702400000| Untracked 
|  17|0x0000000702500000, 0x0000000702500000, 0x0000000702600000|  0%| F|  |TAMS 0x0000000702500000, 0x0000000702500000| Untracked 
|  18|0x0000000702600000, 0x0000000702600000, 0x0000000702700000|  0%| F|  |TAMS 0x0000000702600000, 0x0000000702600000| Untracked 
|  19|0x0000000702700000, 0x0000000702700000, 0x0000000702800000|  0%| F|  |TAMS 0x0000000702700000, 0x0000000702700000| Untracked 
|  20|0x0000000702800000, 0x0000000702800000, 0x0000000702900000|  0%| F|  |TAMS 0x0000000702800000, 0x0000000702800000| Untracked 
|  21|0x0000000702900000, 0x0000000702900000, 0x0000000702a00000|  0%| F|  |TAMS 0x0000000702900000, 0x0000000702900000| Untracked 
|  22|0x0000000702a00000, 0x0000000702a00000, 0x0000000702b00000|  0%| F|  |TAMS 0x0000000702a00000, 0x0000000702a00000| Untracked 
|  23|0x0000000702b00000, 0x0000000702b00000, 0x0000000702c00000|  0%| F|  |TAMS 0x0000000702b00000, 0x0000000702b00000| Untracked 
|  24|0x0000000702c00000, 0x0000000702c00000, 0x0000000702d00000|  0%| F|  |TAMS 0x0000000702c00000, 0x0000000702c00000| Untracked 
|  25|0x0000000702d00000, 0x0000000702d00000, 0x0000000702e00000|  0%| F|  |TAMS 0x0000000702d00000, 0x0000000702d00000| Untracked 
|  26|0x0000000702e00000, 0x0000000702e00000, 0x0000000702f00000|  0%| F|  |TAMS 0x0000000702e00000, 0x0000000702e00000| Untracked 
|  27|0x0000000702f00000, 0x0000000702f00000, 0x0000000703000000|  0%| F|  |TAMS 0x0000000702f00000, 0x0000000702f00000| Untracked 
|  28|0x0000000703000000, 0x0000000703000000, 0x0000000703100000|  0%| F|  |TAMS 0x0000000703000000, 0x0000000703000000| Untracked 
|  29|0x0000000703100000, 0x0000000703100000, 0x0000000703200000|  0%| F|  |TAMS 0x0000000703100000, 0x0000000703100000| Untracked 
|  30|0x0000000703200000, 0x0000000703200000, 0x0000000703300000|  0%| F|  |TAMS 0x0000000703200000, 0x0000000703200000| Untracked 
|  31|0x0000000703300000, 0x0000000703300000, 0x0000000703400000|  0%| F|  |TAMS 0x0000000703300000, 0x0000000703300000| Untracked 
|  32|0x0000000703400000, 0x0000000703400000, 0x0000000703500000|  0%| F|  |TAMS 0x0000000703400000, 0x0000000703400000| Untracked 
|  33|0x0000000703500000, 0x0000000703500000, 0x0000000703600000|  0%| F|  |TAMS 0x0000000703500000, 0x0000000703500000| Untracked 
|  34|0x0000000703600000, 0x0000000703600000, 0x0000000703700000|  0%| F|  |TAMS 0x0000000703600000, 0x0000000703600000| Untracked 
|  35|0x0000000703700000, 0x0000000703700000, 0x0000000703800000|  0%| F|  |TAMS 0x0000000703700000, 0x0000000703700000| Untracked 
|  36|0x0000000703800000, 0x0000000703800000, 0x0000000703900000|  0%| F|  |TAMS 0x0000000703800000, 0x0000000703800000| Untracked 
|  37|0x0000000703900000, 0x0000000703900000, 0x0000000703a00000|  0%| F|  |TAMS 0x0000000703900000, 0x0000000703900000| Untracked 
|  38|0x0000000703a00000, 0x0000000703a00000, 0x0000000703b00000|  0%| F|  |TAMS 0x0000000703a00000, 0x0000000703a00000| Untracked 
|  39|0x0000000703b00000, 0x0000000703b00000, 0x0000000703c00000|  0%| F|  |TAMS 0x0000000703b00000, 0x0000000703b00000| Untracked 
|  40|0x0000000703c00000, 0x0000000703c00000, 0x0000000703d00000|  0%| F|  |TAMS 0x0000000703c00000, 0x0000000703c00000| Untracked 
|  41|0x0000000703d00000, 0x0000000703d00000, 0x0000000703e00000|  0%| F|  |TAMS 0x0000000703d00000, 0x0000000703d00000| Untracked 
|  42|0x0000000703e00000, 0x0000000703e00000, 0x0000000703f00000|  0%| F|  |TAMS 0x0000000703e00000, 0x0000000703e00000| Untracked 
|  43|0x0000000703f00000, 0x0000000703f00000, 0x0000000704000000|  0%| F|  |TAMS 0x0000000703f00000, 0x0000000703f00000| Untracked 
|  44|0x0000000704000000, 0x0000000704000000, 0x0000000704100000|  0%| F|  |TAMS 0x0000000704000000, 0x0000000704000000| Untracked 
|  45|0x0000000704100000, 0x0000000704100000, 0x0000000704200000|  0%| F|  |TAMS 0x0000000704100000, 0x0000000704100000| Untracked 
|  46|0x0000000704200000, 0x0000000704200000, 0x0000000704300000|  0%| F|  |TAMS 0x0000000704200000, 0x0000000704200000| Untracked 
|  47|0x0000000704300000, 0x0000000704300000, 0x0000000704400000|  0%| F|  |TAMS 0x0000000704300000, 0x0000000704300000| Untracked 
|  48|0x0000000704400000, 0x0000000704400000, 0x0000000704500000|  0%| F|  |TAMS 0x0000000704400000, 0x0000000704400000| Untracked 
|  49|0x0000000704500000, 0x0000000704500000, 0x0000000704600000|  0%| F|  |TAMS 0x0000000704500000, 0x0000000704500000| Untracked 
|  50|0x0000000704600000, 0x0000000704600000, 0x0000000704700000|  0%| F|  |TAMS 0x0000000704600000, 0x0000000704600000| Untracked 
|  51|0x0000000704700000, 0x0000000704700000, 0x0000000704800000|  0%| F|  |TAMS 0x0000000704700000, 0x0000000704700000| Untracked 
|  52|0x0000000704800000, 0x0000000704800000, 0x0000000704900000|  0%| F|  |TAMS 0x0000000704800000, 0x0000000704800000| Untracked 
|  53|0x0000000704900000, 0x0000000704900000, 0x0000000704a00000|  0%| F|  |TAMS 0x0000000704900000, 0x0000000704900000| Untracked 
|  54|0x0000000704a00000, 0x0000000704a00000, 0x0000000704b00000|  0%| F|  |TAMS 0x0000000704a00000, 0x0000000704a00000| Untracked 
|  55|0x0000000704b00000, 0x0000000704b00000, 0x0000000704c00000|  0%| F|  |TAMS 0x0000000704b00000, 0x0000000704b00000| Untracked 
|  56|0x0000000704c00000, 0x0000000704c00000, 0x0000000704d00000|  0%| F|  |TAMS 0x0000000704c00000, 0x0000000704c00000| Untracked 
|  57|0x0000000704d00000, 0x0000000704d00000, 0x0000000704e00000|  0%| F|  |TAMS 0x0000000704d00000, 0x0000000704d00000| Untracked 
|  58|0x0000000704e00000, 0x0000000704e00000, 0x0000000704f00000|  0%| F|  |TAMS 0x0000000704e00000, 0x0000000704e00000| Untracked 
|  59|0x0000000704f00000, 0x0000000704f00000, 0x0000000705000000|  0%| F|  |TAMS 0x0000000704f00000, 0x0000000704f00000| Untracked 
|  60|0x0000000705000000, 0x0000000705000000, 0x0000000705100000|  0%| F|  |TAMS 0x0000000705000000, 0x0000000705000000| Untracked 
|  61|0x0000000705100000, 0x0000000705100000, 0x0000000705200000|  0%| F|  |TAMS 0x0000000705100000, 0x0000000705100000| Untracked 
|  62|0x0000000705200000, 0x0000000705200000, 0x0000000705300000|  0%| F|  |TAMS 0x0000000705200000, 0x0000000705200000| Untracked 
|  63|0x0000000705300000, 0x0000000705300000, 0x0000000705400000|  0%| F|  |TAMS 0x0000000705300000, 0x0000000705300000| Untracked 
|  64|0x0000000705400000, 0x0000000705400000, 0x0000000705500000|  0%| F|  |TAMS 0x0000000705400000, 0x0000000705400000| Untracked 
|  65|0x0000000705500000, 0x0000000705500000, 0x0000000705600000|  0%| F|  |TAMS 0x0000000705500000, 0x0000000705500000| Untracked 
|  66|0x0000000705600000, 0x0000000705600000, 0x0000000705700000|  0%| F|  |TAMS 0x0000000705600000, 0x0000000705600000| Untracked 
|  67|0x0000000705700000, 0x0000000705700000, 0x0000000705800000|  0%| F|  |TAMS 0x0000000705700000, 0x0000000705700000| Untracked 
|  68|0x0000000705800000, 0x0000000705800000, 0x0000000705900000|  0%| F|  |TAMS 0x0000000705800000, 0x0000000705800000| Untracked 
|  69|0x0000000705900000, 0x0000000705900000, 0x0000000705a00000|  0%| F|  |TAMS 0x0000000705900000, 0x0000000705900000| Untracked 
|  70|0x0000000705a00000, 0x0000000705a00000, 0x0000000705b00000|  0%| F|  |TAMS 0x0000000705a00000, 0x0000000705a00000| Untracked 
|  71|0x0000000705b00000, 0x0000000705b00000, 0x0000000705c00000|  0%| F|  |TAMS 0x0000000705b00000, 0x0000000705b00000| Untracked 
|  72|0x0000000705c00000, 0x0000000705c00000, 0x0000000705d00000|  0%| F|  |TAMS 0x0000000705c00000, 0x0000000705c00000| Untracked 
|  73|0x0000000705d00000, 0x0000000705d00000, 0x0000000705e00000|  0%| F|  |TAMS 0x0000000705d00000, 0x0000000705d00000| Untracked 
|  74|0x0000000705e00000, 0x0000000705e00000, 0x0000000705f00000|  0%| F|  |TAMS 0x0000000705e00000, 0x0000000705e00000| Untracked 
|  75|0x0000000705f00000, 0x0000000705f00000, 0x0000000706000000|  0%| F|  |TAMS 0x0000000705f00000, 0x0000000705f00000| Untracked 
|  76|0x0000000706000000, 0x0000000706000000, 0x0000000706100000|  0%| F|  |TAMS 0x0000000706000000, 0x0000000706000000| Untracked 
|  77|0x0000000706100000, 0x0000000706100000, 0x0000000706200000|  0%| F|  |TAMS 0x0000000706100000, 0x0000000706100000| Untracked 
|  78|0x0000000706200000, 0x0000000706200000, 0x0000000706300000|  0%| F|  |TAMS 0x0000000706200000, 0x0000000706200000| Untracked 
|  79|0x0000000706300000, 0x0000000706300000, 0x0000000706400000|  0%| F|  |TAMS 0x0000000706300000, 0x0000000706300000| Untracked 
|  80|0x0000000706400000, 0x0000000706400000, 0x0000000706500000|  0%| F|  |TAMS 0x0000000706400000, 0x0000000706400000| Untracked 
|  81|0x0000000706500000, 0x0000000706500000, 0x0000000706600000|  0%| F|  |TAMS 0x0000000706500000, 0x0000000706500000| Untracked 
|  82|0x0000000706600000, 0x0000000706600000, 0x0000000706700000|  0%| F|  |TAMS 0x0000000706600000, 0x0000000706600000| Untracked 
|  83|0x0000000706700000, 0x0000000706700000, 0x0000000706800000|  0%| F|  |TAMS 0x0000000706700000, 0x0000000706700000| Untracked 
|  84|0x0000000706800000, 0x0000000706800000, 0x0000000706900000|  0%| F|  |TAMS 0x0000000706800000, 0x0000000706800000| Untracked 
|  85|0x0000000706900000, 0x0000000706900000, 0x0000000706a00000|  0%| F|  |TAMS 0x0000000706900000, 0x0000000706900000| Untracked 
|  86|0x0000000706a00000, 0x0000000706a00000, 0x0000000706b00000|  0%| F|  |TAMS 0x0000000706a00000, 0x0000000706a00000| Untracked 
|  87|0x0000000706b00000, 0x0000000706b00000, 0x0000000706c00000|  0%| F|  |TAMS 0x0000000706b00000, 0x0000000706b00000| Untracked 
|  88|0x0000000706c00000, 0x0000000706c00000, 0x0000000706d00000|  0%| F|  |TAMS 0x0000000706c00000, 0x0000000706c00000| Untracked 
|  89|0x0000000706d00000, 0x0000000706d00000, 0x0000000706e00000|  0%| F|  |TAMS 0x0000000706d00000, 0x0000000706d00000| Untracked 
|  90|0x0000000706e00000, 0x0000000706e00000, 0x0000000706f00000|  0%| F|  |TAMS 0x0000000706e00000, 0x0000000706e00000| Untracked 
|  91|0x0000000706f00000, 0x0000000706f00000, 0x0000000707000000|  0%| F|  |TAMS 0x0000000706f00000, 0x0000000706f00000| Untracked 
|  92|0x0000000707000000, 0x0000000707000000, 0x0000000707100000|  0%| F|  |TAMS 0x0000000707000000, 0x0000000707000000| Untracked 
|  93|0x0000000707100000, 0x0000000707100000, 0x0000000707200000|  0%| F|  |TAMS 0x0000000707100000, 0x0000000707100000| Untracked 
|  94|0x0000000707200000, 0x0000000707200000, 0x0000000707300000|  0%| F|  |TAMS 0x0000000707200000, 0x0000000707200000| Untracked 
|  95|0x0000000707300000, 0x0000000707300000, 0x0000000707400000|  0%| F|  |TAMS 0x0000000707300000, 0x0000000707300000| Untracked 
|  96|0x0000000707400000, 0x0000000707400000, 0x0000000707500000|  0%| F|  |TAMS 0x0000000707400000, 0x0000000707400000| Untracked 
|  97|0x0000000707500000, 0x0000000707500000, 0x0000000707600000|  0%| F|  |TAMS 0x0000000707500000, 0x0000000707500000| Untracked 
|  98|0x0000000707600000, 0x0000000707600000, 0x0000000707700000|  0%| F|  |TAMS 0x0000000707600000, 0x0000000707600000| Untracked 
|  99|0x0000000707700000, 0x0000000707700000, 0x0000000707800000|  0%| F|  |TAMS 0x0000000707700000, 0x0000000707700000| Untracked 
| 100|0x0000000707800000, 0x0000000707800000, 0x0000000707900000|  0%| F|  |TAMS 0x0000000707800000, 0x0000000707800000| Untracked 
| 101|0x0000000707900000, 0x0000000707900000, 0x0000000707a00000|  0%| F|  |TAMS 0x0000000707900000, 0x0000000707900000| Untracked 
| 102|0x0000000707a00000, 0x0000000707a00000, 0x0000000707b00000|  0%| F|  |TAMS 0x0000000707a00000, 0x0000000707a00000| Untracked 
| 103|0x0000000707b00000, 0x0000000707b00000, 0x0000000707c00000|  0%| F|  |TAMS 0x0000000707b00000, 0x0000000707b00000| Untracked 
| 104|0x0000000707c00000, 0x0000000707c00000, 0x0000000707d00000|  0%| F|  |TAMS 0x0000000707c00000, 0x0000000707c00000| Untracked 
| 105|0x0000000707d00000, 0x0000000707d00000, 0x0000000707e00000|  0%| F|  |TAMS 0x0000000707d00000, 0x0000000707d00000| Untracked 
| 106|0x0000000707e00000, 0x0000000707e00000, 0x0000000707f00000|  0%| F|  |TAMS 0x0000000707e00000, 0x0000000707e00000| Untracked 
| 107|0x0000000707f00000, 0x0000000707f00000, 0x0000000708000000|  0%| F|  |TAMS 0x0000000707f00000, 0x0000000707f00000| Untracked 
| 108|0x0000000708000000, 0x0000000708000000, 0x0000000708100000|  0%| F|  |TAMS 0x0000000708000000, 0x0000000708000000| Untracked 
| 109|0x0000000708100000, 0x0000000708100000, 0x0000000708200000|  0%| F|  |TAMS 0x0000000708100000, 0x0000000708100000| Untracked 
| 110|0x0000000708200000, 0x0000000708200000, 0x0000000708300000|  0%| F|  |TAMS 0x0000000708200000, 0x0000000708200000| Untracked 
| 111|0x0000000708300000, 0x0000000708300000, 0x0000000708400000|  0%| F|  |TAMS 0x0000000708300000, 0x0000000708300000| Untracked 
| 112|0x0000000708400000, 0x0000000708400000, 0x0000000708500000|  0%| F|  |TAMS 0x0000000708400000, 0x0000000708400000| Untracked 
| 113|0x0000000708500000, 0x0000000708500000, 0x0000000708600000|  0%| F|  |TAMS 0x0000000708500000, 0x0000000708500000| Untracked 
| 114|0x0000000708600000, 0x0000000708600000, 0x0000000708700000|  0%| F|  |TAMS 0x0000000708600000, 0x0000000708600000| Untracked 
| 115|0x0000000708700000, 0x0000000708700000, 0x0000000708800000|  0%| F|  |TAMS 0x0000000708700000, 0x0000000708700000| Untracked 
| 116|0x0000000708800000, 0x0000000708800000, 0x0000000708900000|  0%| F|  |TAMS 0x0000000708800000, 0x0000000708800000| Untracked 
| 117|0x0000000708900000, 0x0000000708900000, 0x0000000708a00000|  0%| F|  |TAMS 0x0000000708900000, 0x0000000708900000| Untracked 
| 118|0x0000000708a00000, 0x0000000708a00000, 0x0000000708b00000|  0%| F|  |TAMS 0x0000000708a00000, 0x0000000708a00000| Untracked 
| 119|0x0000000708b00000, 0x0000000708b00000, 0x0000000708c00000|  0%| F|  |TAMS 0x0000000708b00000, 0x0000000708b00000| Untracked 
| 120|0x0000000708c00000, 0x0000000708c00000, 0x0000000708d00000|  0%| F|  |TAMS 0x0000000708c00000, 0x0000000708c00000| Untracked 
| 121|0x0000000708d00000, 0x0000000708d00000, 0x0000000708e00000|  0%| F|  |TAMS 0x0000000708d00000, 0x0000000708d00000| Untracked 
| 122|0x0000000708e00000, 0x0000000708e00000, 0x0000000708f00000|  0%| F|  |TAMS 0x0000000708e00000, 0x0000000708e00000| Untracked 
| 123|0x0000000708f00000, 0x0000000708f00000, 0x0000000709000000|  0%| F|  |TAMS 0x0000000708f00000, 0x0000000708f00000| Untracked 
| 124|0x0000000709000000, 0x0000000709000000, 0x0000000709100000|  0%| F|  |TAMS 0x0000000709000000, 0x0000000709000000| Untracked 
| 125|0x0000000709100000, 0x0000000709100000, 0x0000000709200000|  0%| F|  |TAMS 0x0000000709100000, 0x0000000709100000| Untracked 
| 126|0x0000000709200000, 0x0000000709200000, 0x0000000709300000|  0%| F|  |TAMS 0x0000000709200000, 0x0000000709200000| Untracked 
| 127|0x0000000709300000, 0x0000000709300000, 0x0000000709400000|  0%| F|  |TAMS 0x0000000709300000, 0x0000000709300000| Untracked 
| 128|0x0000000709400000, 0x0000000709400000, 0x0000000709500000|  0%| F|  |TAMS 0x0000000709400000, 0x0000000709400000| Untracked 
| 129|0x0000000709500000, 0x0000000709500000, 0x0000000709600000|  0%| F|  |TAMS 0x0000000709500000, 0x0000000709500000| Untracked 
| 130|0x0000000709600000, 0x0000000709600000, 0x0000000709700000|  0%| F|  |TAMS 0x0000000709600000, 0x0000000709600000| Untracked 
| 131|0x0000000709700000, 0x0000000709700000, 0x0000000709800000|  0%| F|  |TAMS 0x0000000709700000, 0x0000000709700000| Untracked 
| 132|0x0000000709800000, 0x0000000709800000, 0x0000000709900000|  0%| F|  |TAMS 0x0000000709800000, 0x0000000709800000| Untracked 
| 133|0x0000000709900000, 0x0000000709900000, 0x0000000709a00000|  0%| F|  |TAMS 0x0000000709900000, 0x0000000709900000| Untracked 
| 134|0x0000000709a00000, 0x0000000709a00000, 0x0000000709b00000|  0%| F|  |TAMS 0x0000000709a00000, 0x0000000709a00000| Untracked 
| 135|0x0000000709b00000, 0x0000000709b00000, 0x0000000709c00000|  0%| F|  |TAMS 0x0000000709b00000, 0x0000000709b00000| Untracked 
| 136|0x0000000709c00000, 0x0000000709c00000, 0x0000000709d00000|  0%| F|  |TAMS 0x0000000709c00000, 0x0000000709c00000| Untracked 
| 137|0x0000000709d00000, 0x0000000709d00000, 0x0000000709e00000|  0%| F|  |TAMS 0x0000000709d00000, 0x0000000709d00000| Untracked 
| 138|0x0000000709e00000, 0x0000000709e00000, 0x0000000709f00000|  0%| F|  |TAMS 0x0000000709e00000, 0x0000000709e00000| Untracked 
| 139|0x0000000709f00000, 0x0000000709f00000, 0x000000070a000000|  0%| F|  |TAMS 0x0000000709f00000, 0x0000000709f00000| Untracked 
| 140|0x000000070a000000, 0x000000070a000000, 0x000000070a100000|  0%| F|  |TAMS 0x000000070a000000, 0x000000070a000000| Untracked 
| 141|0x000000070a100000, 0x000000070a100000, 0x000000070a200000|  0%| F|  |TAMS 0x000000070a100000, 0x000000070a100000| Untracked 
| 142|0x000000070a200000, 0x000000070a200000, 0x000000070a300000|  0%| F|  |TAMS 0x000000070a200000, 0x000000070a200000| Untracked 
| 143|0x000000070a300000, 0x000000070a300000, 0x000000070a400000|  0%| F|  |TAMS 0x000000070a300000, 0x000000070a300000| Untracked 
| 144|0x000000070a400000, 0x000000070a400000, 0x000000070a500000|  0%| F|  |TAMS 0x000000070a400000, 0x000000070a400000| Untracked 
| 145|0x000000070a500000, 0x000000070a500000, 0x000000070a600000|  0%| F|  |TAMS 0x000000070a500000, 0x000000070a500000| Untracked 
| 146|0x000000070a600000, 0x000000070a600000, 0x000000070a700000|  0%| F|  |TAMS 0x000000070a600000, 0x000000070a600000| Untracked 
| 147|0x000000070a700000, 0x000000070a700000, 0x000000070a800000|  0%| F|  |TAMS 0x000000070a700000, 0x000000070a700000| Untracked 
| 148|0x000000070a800000, 0x000000070a800000, 0x000000070a900000|  0%| F|  |TAMS 0x000000070a800000, 0x000000070a800000| Untracked 
| 149|0x000000070a900000, 0x000000070a900000, 0x000000070aa00000|  0%| F|  |TAMS 0x000000070a900000, 0x000000070a900000| Untracked 
| 150|0x000000070aa00000, 0x000000070aa00000, 0x000000070ab00000|  0%| F|  |TAMS 0x000000070aa00000, 0x000000070aa00000| Untracked 
| 151|0x000000070ab00000, 0x000000070ab00000, 0x000000070ac00000|  0%| F|  |TAMS 0x000000070ab00000, 0x000000070ab00000| Untracked 
| 152|0x000000070ac00000, 0x000000070ac00000, 0x000000070ad00000|  0%| F|  |TAMS 0x000000070ac00000, 0x000000070ac00000| Untracked 
| 153|0x000000070ad00000, 0x000000070ad00000, 0x000000070ae00000|  0%| F|  |TAMS 0x000000070ad00000, 0x000000070ad00000| Untracked 
| 154|0x000000070ae00000, 0x000000070ae00000, 0x000000070af00000|  0%| F|  |TAMS 0x000000070ae00000, 0x000000070ae00000| Untracked 
| 155|0x000000070af00000, 0x000000070af00000, 0x000000070b000000|  0%| F|  |TAMS 0x000000070af00000, 0x000000070af00000| Untracked 
| 156|0x000000070b000000, 0x000000070b000000, 0x000000070b100000|  0%| F|  |TAMS 0x000000070b000000, 0x000000070b000000| Untracked 
| 157|0x000000070b100000, 0x000000070b100000, 0x000000070b200000|  0%| F|  |TAMS 0x000000070b100000, 0x000000070b100000| Untracked 
| 158|0x000000070b200000, 0x000000070b200000, 0x000000070b300000|  0%| F|  |TAMS 0x000000070b200000, 0x000000070b200000| Untracked 
| 159|0x000000070b300000, 0x000000070b300000, 0x000000070b400000|  0%| F|  |TAMS 0x000000070b300000, 0x000000070b300000| Untracked 
| 160|0x000000070b400000, 0x000000070b400000, 0x000000070b500000|  0%| F|  |TAMS 0x000000070b400000, 0x000000070b400000| Untracked 
| 161|0x000000070b500000, 0x000000070b500000, 0x000000070b600000|  0%| F|  |TAMS 0x000000070b500000, 0x000000070b500000| Untracked 
| 162|0x000000070b600000, 0x000000070b600000, 0x000000070b700000|  0%| F|  |TAMS 0x000000070b600000, 0x000000070b600000| Untracked 
| 163|0x000000070b700000, 0x000000070b700000, 0x000000070b800000|  0%| F|  |TAMS 0x000000070b700000, 0x000000070b700000| Untracked 
| 164|0x000000070b800000, 0x000000070b800000, 0x000000070b900000|  0%| F|  |TAMS 0x000000070b800000, 0x000000070b800000| Untracked 
| 165|0x000000070b900000, 0x000000070b900000, 0x000000070ba00000|  0%| F|  |TAMS 0x000000070b900000, 0x000000070b900000| Untracked 
| 166|0x000000070ba00000, 0x000000070ba00000, 0x000000070bb00000|  0%| F|  |TAMS 0x000000070ba00000, 0x000000070ba00000| Untracked 
| 167|0x000000070bb00000, 0x000000070bb00000, 0x000000070bc00000|  0%| F|  |TAMS 0x000000070bb00000, 0x000000070bb00000| Untracked 
| 168|0x000000070bc00000, 0x000000070bc00000, 0x000000070bd00000|  0%| F|  |TAMS 0x000000070bc00000, 0x000000070bc00000| Untracked 
| 169|0x000000070bd00000, 0x000000070bd00000, 0x000000070be00000|  0%| F|  |TAMS 0x000000070bd00000, 0x000000070bd00000| Untracked 
| 170|0x000000070be00000, 0x000000070be00000, 0x000000070bf00000|  0%| F|  |TAMS 0x000000070be00000, 0x000000070be00000| Untracked 
| 171|0x000000070bf00000, 0x000000070bf00000, 0x000000070c000000|  0%| F|  |TAMS 0x000000070bf00000, 0x000000070bf00000| Untracked 
| 172|0x000000070c000000, 0x000000070c000000, 0x000000070c100000|  0%| F|  |TAMS 0x000000070c000000, 0x000000070c000000| Untracked 
| 173|0x000000070c100000, 0x000000070c100000, 0x000000070c200000|  0%| F|  |TAMS 0x000000070c100000, 0x000000070c100000| Untracked 
| 174|0x000000070c200000, 0x000000070c200000, 0x000000070c300000|  0%| F|  |TAMS 0x000000070c200000, 0x000000070c200000| Untracked 
| 175|0x000000070c300000, 0x000000070c300000, 0x000000070c400000|  0%| F|  |TAMS 0x000000070c300000, 0x000000070c300000| Untracked 
| 176|0x000000070c400000, 0x000000070c400000, 0x000000070c500000|  0%| F|  |TAMS 0x000000070c400000, 0x000000070c400000| Untracked 
| 177|0x000000070c500000, 0x000000070c500000, 0x000000070c600000|  0%| F|  |TAMS 0x000000070c500000, 0x000000070c500000| Untracked 
| 178|0x000000070c600000, 0x000000070c600000, 0x000000070c700000|  0%| F|  |TAMS 0x000000070c600000, 0x000000070c600000| Untracked 
| 179|0x000000070c700000, 0x000000070c700000, 0x000000070c800000|  0%| F|  |TAMS 0x000000070c700000, 0x000000070c700000| Untracked 
| 180|0x000000070c800000, 0x000000070c800000, 0x000000070c900000|  0%| F|  |TAMS 0x000000070c800000, 0x000000070c800000| Untracked 
| 181|0x000000070c900000, 0x000000070c900000, 0x000000070ca00000|  0%| F|  |TAMS 0x000000070c900000, 0x000000070c900000| Untracked 
| 182|0x000000070ca00000, 0x000000070ca00000, 0x000000070cb00000|  0%| F|  |TAMS 0x000000070ca00000, 0x000000070ca00000| Untracked 
| 183|0x000000070cb00000, 0x000000070cb00000, 0x000000070cc00000|  0%| F|  |TAMS 0x000000070cb00000, 0x000000070cb00000| Untracked 
| 184|0x000000070cc00000, 0x000000070cc00000, 0x000000070cd00000|  0%| F|  |TAMS 0x000000070cc00000, 0x000000070cc00000| Untracked 
| 185|0x000000070cd00000, 0x000000070cd00000, 0x000000070ce00000|  0%| F|  |TAMS 0x000000070cd00000, 0x000000070cd00000| Untracked 
| 186|0x000000070ce00000, 0x000000070ce00000, 0x000000070cf00000|  0%| F|  |TAMS 0x000000070ce00000, 0x000000070ce00000| Untracked 
| 187|0x000000070cf00000, 0x000000070cf00000, 0x000000070d000000|  0%| F|  |TAMS 0x000000070cf00000, 0x000000070cf00000| Untracked 
| 188|0x000000070d000000, 0x000000070d000000, 0x000000070d100000|  0%| F|  |TAMS 0x000000070d000000, 0x000000070d000000| Untracked 
| 189|0x000000070d100000, 0x000000070d100000, 0x000000070d200000|  0%| F|  |TAMS 0x000000070d100000, 0x000000070d100000| Untracked 
| 190|0x000000070d200000, 0x000000070d200000, 0x000000070d300000|  0%| F|  |TAMS 0x000000070d200000, 0x000000070d200000| Untracked 
| 191|0x000000070d300000, 0x000000070d300000, 0x000000070d400000|  0%| F|  |TAMS 0x000000070d300000, 0x000000070d300000| Untracked 
| 192|0x000000070d400000, 0x000000070d400000, 0x000000070d500000|  0%| F|  |TAMS 0x000000070d400000, 0x000000070d400000| Untracked 
| 193|0x000000070d500000, 0x000000070d500000, 0x000000070d600000|  0%| F|  |TAMS 0x000000070d500000, 0x000000070d500000| Untracked 
| 194|0x000000070d600000, 0x000000070d600000, 0x000000070d700000|  0%| F|  |TAMS 0x000000070d600000, 0x000000070d600000| Untracked 
| 195|0x000000070d700000, 0x000000070d700000, 0x000000070d800000|  0%| F|  |TAMS 0x000000070d700000, 0x000000070d700000| Untracked 
| 196|0x000000070d800000, 0x000000070d800000, 0x000000070d900000|  0%| F|  |TAMS 0x000000070d800000, 0x000000070d800000| Untracked 
| 197|0x000000070d900000, 0x000000070d900000, 0x000000070da00000|  0%| F|  |TAMS 0x000000070d900000, 0x000000070d900000| Untracked 
| 198|0x000000070da00000, 0x000000070da00000, 0x000000070db00000|  0%| F|  |TAMS 0x000000070da00000, 0x000000070da00000| Untracked 
| 199|0x000000070db00000, 0x000000070db00000, 0x000000070dc00000|  0%| F|  |TAMS 0x000000070db00000, 0x000000070db00000| Untracked 
| 200|0x000000070dc00000, 0x000000070dc00000, 0x000000070dd00000|  0%| F|  |TAMS 0x000000070dc00000, 0x000000070dc00000| Untracked 
| 201|0x000000070dd00000, 0x000000070dd00000, 0x000000070de00000|  0%| F|  |TAMS 0x000000070dd00000, 0x000000070dd00000| Untracked 
| 202|0x000000070de00000, 0x000000070de00000, 0x000000070df00000|  0%| F|  |TAMS 0x000000070de00000, 0x000000070de00000| Untracked 
| 203|0x000000070df00000, 0x000000070df00000, 0x000000070e000000|  0%| F|  |TAMS 0x000000070df00000, 0x000000070df00000| Untracked 
| 204|0x000000070e000000, 0x000000070e000000, 0x000000070e100000|  0%| F|  |TAMS 0x000000070e000000, 0x000000070e000000| Untracked 
| 205|0x000000070e100000, 0x000000070e100000, 0x000000070e200000|  0%| F|  |TAMS 0x000000070e100000, 0x000000070e100000| Untracked 
| 206|0x000000070e200000, 0x000000070e200000, 0x000000070e300000|  0%| F|  |TAMS 0x000000070e200000, 0x000000070e200000| Untracked 
| 207|0x000000070e300000, 0x000000070e300000, 0x000000070e400000|  0%| F|  |TAMS 0x000000070e300000, 0x000000070e300000| Untracked 
| 208|0x000000070e400000, 0x000000070e400000, 0x000000070e500000|  0%| F|  |TAMS 0x000000070e400000, 0x000000070e400000| Untracked 
| 209|0x000000070e500000, 0x000000070e500000, 0x000000070e600000|  0%| F|  |TAMS 0x000000070e500000, 0x000000070e500000| Untracked 
| 210|0x000000070e600000, 0x000000070e600000, 0x000000070e700000|  0%| F|  |TAMS 0x000000070e600000, 0x000000070e600000| Untracked 
| 211|0x000000070e700000, 0x000000070e700000, 0x000000070e800000|  0%| F|  |TAMS 0x000000070e700000, 0x000000070e700000| Untracked 
| 212|0x000000070e800000, 0x000000070e800000, 0x000000070e900000|  0%| F|  |TAMS 0x000000070e800000, 0x000000070e800000| Untracked 
| 213|0x000000070e900000, 0x000000070e900000, 0x000000070ea00000|  0%| F|  |TAMS 0x000000070e900000, 0x000000070e900000| Untracked 
| 214|0x000000070ea00000, 0x000000070ea00000, 0x000000070eb00000|  0%| F|  |TAMS 0x000000070ea00000, 0x000000070ea00000| Untracked 
| 215|0x000000070eb00000, 0x000000070eb00000, 0x000000070ec00000|  0%| F|  |TAMS 0x000000070eb00000, 0x000000070eb00000| Untracked 
| 216|0x000000070ec00000, 0x000000070ec00000, 0x000000070ed00000|  0%| F|  |TAMS 0x000000070ec00000, 0x000000070ec00000| Untracked 
| 217|0x000000070ed00000, 0x000000070ed00000, 0x000000070ee00000|  0%| F|  |TAMS 0x000000070ed00000, 0x000000070ed00000| Untracked 
| 218|0x000000070ee00000, 0x000000070ee00000, 0x000000070ef00000|  0%| F|  |TAMS 0x000000070ee00000, 0x000000070ee00000| Untracked 
| 219|0x000000070ef00000, 0x000000070ef00000, 0x000000070f000000|  0%| F|  |TAMS 0x000000070ef00000, 0x000000070ef00000| Untracked 
| 220|0x000000070f000000, 0x000000070f000000, 0x000000070f100000|  0%| F|  |TAMS 0x000000070f000000, 0x000000070f000000| Untracked 
| 221|0x000000070f100000, 0x000000070f100000, 0x000000070f200000|  0%| F|  |TAMS 0x000000070f100000, 0x000000070f100000| Untracked 
| 222|0x000000070f200000, 0x000000070f200000, 0x000000070f300000|  0%| F|  |TAMS 0x000000070f200000, 0x000000070f200000| Untracked 
| 223|0x000000070f300000, 0x000000070f300000, 0x000000070f400000|  0%| F|  |TAMS 0x000000070f300000, 0x000000070f300000| Untracked 
| 224|0x000000070f400000, 0x000000070f400000, 0x000000070f500000|  0%| F|  |TAMS 0x000000070f400000, 0x000000070f400000| Untracked 
| 225|0x000000070f500000, 0x000000070f500000, 0x000000070f600000|  0%| F|  |TAMS 0x000000070f500000, 0x000000070f500000| Untracked 
| 226|0x000000070f600000, 0x000000070f600000, 0x000000070f700000|  0%| F|  |TAMS 0x000000070f600000, 0x000000070f600000| Untracked 
| 227|0x000000070f700000, 0x000000070f700000, 0x000000070f800000|  0%| F|  |TAMS 0x000000070f700000, 0x000000070f700000| Untracked 
| 228|0x000000070f800000, 0x000000070f800000, 0x000000070f900000|  0%| F|  |TAMS 0x000000070f800000, 0x000000070f800000| Untracked 
| 229|0x000000070f900000, 0x000000070f900000, 0x000000070fa00000|  0%| F|  |TAMS 0x000000070f900000, 0x000000070f900000| Untracked 
| 230|0x000000070fa00000, 0x000000070fa00000, 0x000000070fb00000|  0%| F|  |TAMS 0x000000070fa00000, 0x000000070fa00000| Untracked 
| 231|0x000000070fb00000, 0x000000070fb00000, 0x000000070fc00000|  0%| F|  |TAMS 0x000000070fb00000, 0x000000070fb00000| Untracked 
| 232|0x000000070fc00000, 0x000000070fc00000, 0x000000070fd00000|  0%| F|  |TAMS 0x000000070fc00000, 0x000000070fc00000| Untracked 
| 233|0x000000070fd00000, 0x000000070fd00000, 0x000000070fe00000|  0%| F|  |TAMS 0x000000070fd00000, 0x000000070fd00000| Untracked 
| 234|0x000000070fe00000, 0x000000070fe00000, 0x000000070ff00000|  0%| F|  |TAMS 0x000000070fe00000, 0x000000070fe00000| Untracked 
| 235|0x000000070ff00000, 0x000000070ff00000, 0x0000000710000000|  0%| F|  |TAMS 0x000000070ff00000, 0x000000070ff00000| Untracked 
| 236|0x0000000710000000, 0x0000000710000000, 0x0000000710100000|  0%| F|  |TAMS 0x0000000710000000, 0x0000000710000000| Untracked 
| 237|0x0000000710100000, 0x0000000710100000, 0x0000000710200000|  0%| F|  |TAMS 0x0000000710100000, 0x0000000710100000| Untracked 
| 238|0x0000000710200000, 0x0000000710200000, 0x0000000710300000|  0%| F|  |TAMS 0x0000000710200000, 0x0000000710200000| Untracked 
| 239|0x0000000710300000, 0x0000000710300000, 0x0000000710400000|  0%| F|  |TAMS 0x0000000710300000, 0x0000000710300000| Untracked 
| 240|0x0000000710400000, 0x0000000710400000, 0x0000000710500000|  0%| F|  |TAMS 0x0000000710400000, 0x0000000710400000| Untracked 
| 241|0x0000000710500000, 0x0000000710600000, 0x0000000710600000|100%| S|CS|TAMS 0x0000000710500000, 0x0000000710500000| Complete 
| 242|0x0000000710600000, 0x0000000710700000, 0x0000000710700000|100%| S|CS|TAMS 0x0000000710600000, 0x0000000710600000| Complete 
| 243|0x0000000710700000, 0x0000000710800000, 0x0000000710800000|100%| S|CS|TAMS 0x0000000710700000, 0x0000000710700000| Complete 
| 244|0x0000000710800000, 0x0000000710900000, 0x0000000710900000|100%| S|CS|TAMS 0x0000000710800000, 0x0000000710800000| Complete 
| 245|0x0000000710900000, 0x0000000710a00000, 0x0000000710a00000|100%| S|CS|TAMS 0x0000000710900000, 0x0000000710900000| Complete 
| 246|0x0000000710a00000, 0x0000000710b00000, 0x0000000710b00000|100%| S|CS|TAMS 0x0000000710a00000, 0x0000000710a00000| Complete 
| 247|0x0000000710b00000, 0x0000000710b00000, 0x0000000710c00000|  0%| F|  |TAMS 0x0000000710b00000, 0x0000000710b00000| Untracked 
| 248|0x0000000710c00000, 0x0000000710c00000, 0x0000000710d00000|  0%| F|  |TAMS 0x0000000710c00000, 0x0000000710c00000| Untracked 
| 249|0x0000000710d00000, 0x0000000710d00000, 0x0000000710e00000|  0%| F|  |TAMS 0x0000000710d00000, 0x0000000710d00000| Untracked 
| 250|0x0000000710e00000, 0x0000000710e00000, 0x0000000710f00000|  0%| F|  |TAMS 0x0000000710e00000, 0x0000000710e00000| Untracked 
| 251|0x0000000710f00000, 0x0000000710f00000, 0x0000000711000000|  0%| F|  |TAMS 0x0000000710f00000, 0x0000000710f00000| Untracked 
| 252|0x0000000711000000, 0x0000000711000000, 0x0000000711100000|  0%| F|  |TAMS 0x0000000711000000, 0x0000000711000000| Untracked 
| 253|0x0000000711100000, 0x0000000711100000, 0x0000000711200000|  0%| F|  |TAMS 0x0000000711100000, 0x0000000711100000| Untracked 
| 254|0x0000000711200000, 0x0000000711200000, 0x0000000711300000|  0%| F|  |TAMS 0x0000000711200000, 0x0000000711200000| Untracked 
| 255|0x0000000711300000, 0x0000000711300000, 0x0000000711400000|  0%| F|  |TAMS 0x0000000711300000, 0x0000000711300000| Untracked 

Card table byte_map: [0x000001ba6ab70000,0x000001ba6b370000] _byte_map_base: 0x000001ba67366000

Marking Bits (Prev, Next): (CMBitMap*) 0x000001ba537b0b38, (CMBitMap*) 0x000001ba537b0b70
 Prev Bits: [0x000001ba6bb70000, 0x000001ba6fb20000)
 Next Bits: [0x000001ba6fb20000, 0x000001ba73ad0000)

Polling page: 0x000001ba51400000

Metaspace:

Usage:
  Non-class:     25.94 MB capacity,    25.43 MB ( 98%) used,   427.38 KB (  2%) free+waste,    97.62 KB ( <1%) overhead. 
      Class:      3.92 MB capacity,     3.57 MB ( 91%) used,   303.36 KB (  8%) free+waste,    49.62 KB (  1%) overhead. 
       Both:     29.86 MB capacity,    29.00 MB ( 97%) used,   730.73 KB (  2%) free+waste,   147.25 KB ( <1%) overhead. 

Virtual space:
  Non-class space:       30.00 MB reserved,      26.17 MB ( 87%) committed 
      Class space:        1.00 GB reserved,       3.95 MB ( <1%) committed 
             Both:        1.03 GB reserved,      30.12 MB (  3%) committed 

Chunk freelists:
   Non-Class:  5.50 KB
       Class:  4.38 KB
        Both:  9.88 KB

CodeHeap 'non-profiled nmethods': size=238336Kb used=4093Kb max_used=4093Kb free=234242Kb
 bounds [0x000001ba5b560000, 0x000001ba5b960000, 0x000001ba69e20000]
CodeHeap 'non-nmethods': size=7424Kb used=1244Kb max_used=1244Kb free=6180Kb
 bounds [0x000001ba5ae20000, 0x000001ba5b090000, 0x000001ba5b560000]
 total_blobs=3135 nmethods=2652 adapters=416
 compilation: disabled (not enough contiguous free space left)
              stopped_count=1, restarted_count=0
 full_count=1

Compilation events (10 events):
Event: 12.020 Thread 0x000001ba771bd000 2648       1       org.springframework.beans.factory.support.AbstractBeanDefinition::getScope (5 bytes)
Event: 12.020 Thread 0x000001ba771bd000 nmethod 2648 0x000001ba5b95da90 code [0x000001ba5b95dc20, 0x000001ba5b95dcd8]
Event: 12.020 Thread 0x000001ba771bd000 2649       1       org.springframework.core.ResolvableType$1::isAssignableFrom (24 bytes)
Event: 12.020 Thread 0x000001ba771bd000 nmethod 2649 0x000001ba5b95dd90 code [0x000001ba5b95df20, 0x000001ba5b95e048]
Event: 12.021 Thread 0x000001ba771bd000 2650       1       ch.qos.logback.classic.Logger::<init> (25 bytes)
Event: 12.021 Thread 0x000001ba771bd000 nmethod 2650 0x000001ba5b95e110 code [0x000001ba5b95e2a0, 0x000001ba5b95e498]
Event: 12.038 Thread 0x000001ba771bd000 2651       1       ch.qos.logback.classic.Logger::createChildByName (128 bytes)
Event: 12.039 Thread 0x000001ba771bd000 nmethod 2651 0x000001ba5b95e510 code [0x000001ba5b95e780, 0x000001ba5b95f138]
Event: 12.047 Thread 0x000001ba771bd000 2653       1       java.lang.invoke.InvokerBytecodeGenerator::constantPlaceholder (97 bytes)
Event: 12.048 Thread 0x000001ba771bd000 


GC Heap History (10 events):
Event: 6.661 GC heap before
{Heap before GC invocations=0 (full 0):
 garbage-first heap   total 262144K, used 25600K [0x0000000701400000, 0x0000000800000000)
  region size 1024K, 24 young (24576K), 0 survivors (0K)
 Metaspace       used 11313K, capacity 11582K, committed 11776K, reserved 1060864K
  class space    used 1184K, capacity 1274K, committed 1280K, reserved 1048576K
}
Event: 6.700 GC heap after
{Heap after GC invocations=1 (full 0):
 garbage-first heap   total 262144K, used 11680K [0x0000000701400000, 0x0000000800000000)
  region size 1024K, 3 young (3072K), 3 survivors (3072K)
 Metaspace       used 11313K, capacity 11582K, committed 11776K, reserved 1060864K
  class space    used 1184K, capacity 1274K, committed 1280K, reserved 1048576K
}
Event: 7.228 GC heap before
{Heap before GC invocations=1 (full 0):
 garbage-first heap   total 262144K, used 30112K [0x0000000701400000, 0x0000000800000000)
  region size 1024K, 21 young (21504K), 3 survivors (3072K)
 Metaspace       used 14845K, capacity 15209K, committed 15360K, reserved 1062912K
  class space    used 1552K, capacity 1678K, committed 1792K, reserved 1048576K
}
Event: 7.232 GC heap after
{Heap after GC invocations=2 (full 0):
 garbage-first heap   total 262144K, used 13309K [0x0000000701400000, 0x0000000800000000)
  region size 1024K, 2 young (2048K), 2 survivors (2048K)
 Metaspace       used 14845K, capacity 15209K, committed 15360K, reserved 1062912K
  class space    used 1552K, capacity 1678K, committed 1792K, reserved 1048576K
}
Event: 11.215 GC heap before
{Heap before GC invocations=2 (full 0):
 garbage-first heap   total 262144K, used 58365K [0x0000000701400000, 0x0000000800000000)
  region size 1024K, 47 young (48128K), 2 survivors (2048K)
 Metaspace       used 20569K, capacity 21209K, committed 21296K, reserved 1069056K
  class space    used 2397K, capacity 2658K, committed 2688K, reserved 1048576K
}
Event: 11.220 GC heap after
{Heap after GC invocations=3 (full 0):
 garbage-first heap   total 262144K, used 15249K [0x0000000701400000, 0x0000000800000000)
  region size 1024K, 4 young (4096K), 4 survivors (4096K)
 Metaspace       used 20569K, capacity 21209K, committed 21296K, reserved 1069056K
  class space    used 2397K, capacity 2658K, committed 2688K, reserved 1048576K
}
Event: 11.903 GC heap before
{Heap before GC invocations=4 (full 0):
 garbage-first heap   total 262144K, used 79761K [0x0000000701400000, 0x0000000800000000)
  region size 1024K, 69 young (70656K), 4 survivors (4096K)
 Metaspace       used 28705K, capacity 29491K, committed 29692K, reserved 1075200K
  class space    used 3501K, capacity 3836K, committed 3916K, reserved 1048576K
}
Event: 11.912 GC heap after
{Heap after GC invocations=5 (full 0):
 garbage-first heap   total 262144K, used 17284K [0x0000000701400000, 0x0000000800000000)
  region size 1024K, 6 young (6144K), 6 survivors (6144K)
 Metaspace       used 28705K, capacity 29491K, committed 29692K, reserved 1075200K
  class space    used 3501K, capacity 3836K, committed 3916K, reserved 1048576K
}
Event: 12.066 GC heap before
{Heap before GC invocations=6 (full 0):
 garbage-first heap   total 262144K, used 25476K [0x0000000701400000, 0x0000000800000000)
  region size 1024K, 15 young (15360K), 6 survivors (6144K)
 Metaspace       used 29695K, capacity 30573K, committed 30844K, reserved 1079296K
  class space    used 3656K, capacity 4009K, committed 4044K, reserved 1048576K
}
Event: 12.074 GC heap after
{Heap after GC invocations=7 (full 0):
 garbage-first heap   total 262144K, used 17713K [0x0000000701400000, 0x0000000800000000)
  region size 1024K, 6 young (6144K), 6 survivors (6144K)
 Metaspace       used 29695K, capacity 30573K, committed 30844K, reserved 1079296K
  class space    used 3656K, capacity 4009K, committed 4044K, reserved 1048576K
}

Deoptimization events (0 events):
No events

Classes redefined (0 events):
No events

Internal exceptions (10 events):
Event: 11.613 Thread 0x000001ba5374d800 Exception <a 'java/lang/ClassNotFoundException'{0x000000070ec77ae0}: org/springframework/context/EnvironmentAwareCustomizer> (0x000000070ec77ae0) thrown at [./open/src/hotspot/share/classfile/systemDictionary.cpp, line 226]
Event: 11.614 Thread 0x000001ba5374d800 Exception <a 'java/lang/ClassNotFoundException'{0x000000070eb3e398}: org/springframework/beans/factory/AwareCustomizer> (0x000000070eb3e398) thrown at [./open/src/hotspot/share/classfile/systemDictionary.cpp, line 226]
Event: 11.648 Thread 0x000001ba783f7800 Exception <a 'java/lang/NoSuchMethodError'{0x000000070e82da00}: static [B.<clinit>()V> (0x000000070e82da00) thrown at [./open/src/hotspot/share/prims/jni.cpp, line 1366]
Event: 11.716 Thread 0x000001ba7863a000 Exception <a 'java/lang/NoSuchMethodError'{0x000000070dda6840}: java.lang.invoke.DirectMethodHandle$Holder.invokeStaticInit(Ljava/lang/Object;Ljava/lang/Object;Ljava/lang/Object;Ljava/lang/Object;Ljava/lang/Object;)Ljava/lang/Object;> (0x000000070dda6840)
Event: 12.005 Thread 0x000001ba7863a000 Exception <a 'java/lang/NoSuchMethodError'{0x0000000710e22c10}: java.lang.invoke.DirectMethodHandle$Holder.invokeSpecial(Ljava/lang/Object;Ljava/lang/Object;)J> (0x0000000710e22c10) thrown at [./open/src/hotspot/share/interpreter/linkResolver.cpp, line 77
Event: 12.011 Thread 0x000001ba7863a000 Exception <a 'java/lang/NoSuchMethodError'{0x0000000710e6afc8}: java.lang.invoke.DirectMethodHandle$Holder.invokeStatic(Ljava/lang/Object;Ljava/lang/Object;)J> (0x0000000710e6afc8) thrown at [./open/src/hotspot/share/interpreter/linkResolver.cpp, line 772
Event: 12.011 Thread 0x000001ba7863a000 Exception <a 'java/lang/NoSuchMethodError'{0x0000000710e6ddf0}: java.lang.invoke.DirectMethodHandle$Holder.invokeStaticInit(Ljava/lang/Object;Ljava/lang/Object;)J> (0x0000000710e6ddf0) thrown at [./open/src/hotspot/share/interpreter/linkResolver.cpp, line
Event: 12.015 Thread 0x000001ba7863a000 Exception <a 'java/lang/NoSuchMethodError'{0x0000000710d2bc58}: java.lang.invoke.DirectMethodHandle$Holder.invokeInterface(Ljava/lang/Object;Ljava/lang/Object;)J> (0x0000000710d2bc58) thrown at [./open/src/hotspot/share/interpreter/linkResolver.cpp, line 
Event: 12.015 Thread 0x000001ba7863a000 Exception <a 'java/lang/IncompatibleClassChangeError'{0x0000000710d2e9f0}: Found class java.lang.Object, but interface was expected> (0x0000000710d2e9f0) thrown at [./open/src/hotspot/share/interpreter/linkResolver.cpp, line 838]
Event: 12.047 Thread 0x000001ba7863a000 Exception <a 'java/lang/NoSuchMethodError'{0x0000000710cd1f18}: java.lang.invoke.DirectMethodHandle$Holder.invokeVirtual(Ljava/lang/Object;Ljava/lang/Object;Ljava/lang/Object;Ljava/lang/Object;)Ljava/lang/Object;> (0x0000000710cd1f18) thrown at [./open/sr

Events (10 events):
Event: 12.062 loading class java/text/MessageFormat done
Event: 12.062 loading class org/springframework/context/weaving/LoadTimeWeaverAware
Event: 12.062 loading class org/springframework/context/weaving/LoadTimeWeaverAware done
Event: 12.063 loading class org/springframework/beans/factory/annotation/Lookup
Event: 12.063 loading class org/springframework/beans/factory/annotation/Lookup done
Event: 12.063 loading class org/springframework/beans/factory/annotation/AutowiredAnnotationBeanPostProcessor
Event: 12.063 loading class org/springframework/beans/factory/annotation/AutowiredAnnotationBeanPostProcessor done
Event: 12.064 loading class org/springframework/beans/factory/SmartFactoryBean
Event: 12.064 loading class org/springframework/beans/factory/SmartFactoryBean done
Event: 12.066 Executing VM operation: CollectForMetadataAllocation


Dynamic libraries:
0x00007ff7768b0000 - 0x00007ff7768c0000 	C:\Program Files\Java\jdk-11\bin\java.exe
0x00007ffa3a230000 - 0x00007ffa3a428000 	C:\WINDOWS\SYSTEM32\ntdll.dll
0x00007ffa39a40000 - 0x00007ffa39afd000 	C:\WINDOWS\System32\KERNEL32.DLL
0x00007ffa37c70000 - 0x00007ffa37f66000 	C:\WINDOWS\System32\KERNELBASE.dll
0x00007ffa380c0000 - 0x00007ffa381c0000 	C:\WINDOWS\System32\ucrtbase.dll
0x00007ff9fab00000 - 0x00007ff9fab19000 	C:\Program Files\Java\jdk-11\bin\jli.dll
0x00007ffa38460000 - 0x00007ffa38510000 	C:\WINDOWS\System32\ADVAPI32.dll
0x00007ffa38980000 - 0x00007ffa38a1e000 	C:\WINDOWS\System32\msvcrt.dll
0x00007ffa3a070000 - 0x00007ffa3a110000 	C:\WINDOWS\System32\sechost.dll
0x00007ffa39670000 - 0x00007ffa39793000 	C:\WINDOWS\System32\RPCRT4.dll
0x00007ffa37b70000 - 0x00007ffa37b97000 	C:\WINDOWS\System32\bcrypt.dll
0x00007ffa38b40000 - 0x00007ffa38cdf000 	C:\WINDOWS\System32\USER32.dll
0x00007ffa37ba0000 - 0x00007ffa37bc2000 	C:\WINDOWS\System32\win32u.dll
0x00007ffa39930000 - 0x00007ffa3995b000 	C:\WINDOWS\System32\GDI32.dll
0x00007ffa37a50000 - 0x00007ffa37b67000 	C:\WINDOWS\System32\gdi32full.dll
0x00007ffa37bd0000 - 0x00007ffa37c6d000 	C:\WINDOWS\System32\msvcp_win.dll
0x00007ff9fab20000 - 0x00007ff9fab3b000 	C:\Program Files\Java\jdk-11\bin\VCRUNTIME140.dll
0x00007ffa18480000 - 0x00007ffa1871a000 	C:\WINDOWS\WinSxS\amd64_microsoft.windows.common-controls_6595b64144ccf1df_6.0.19041.4355_none_60b8b9eb71f62e16\COMCTL32.dll
0x00007ffa30630000 - 0x00007ffa3063a000 	C:\WINDOWS\SYSTEM32\VERSION.dll
0x00007ffa3a110000 - 0x00007ffa3a13f000 	C:\WINDOWS\System32\IMM32.DLL
0x00007ffa0d2a0000 - 0x00007ffa0d2ac000 	C:\Program Files\Java\jdk-11\bin\vcruntime140_1.dll
0x00007ff9f6f50000 - 0x00007ff9f6fde000 	C:\Program Files\Java\jdk-11\bin\msvcp140.dll
0x00007ff94dfd0000 - 0x00007ff94eb3e000 	C:\Program Files\Java\jdk-11\bin\server\jvm.dll
0x00007ffa39920000 - 0x00007ffa39928000 	C:\WINDOWS\System32\PSAPI.DLL
0x00007ffa1b710000 - 0x00007ffa1b719000 	C:\WINDOWS\SYSTEM32\WSOCK32.dll
0x00007ffa21250000 - 0x00007ffa21277000 	C:\WINDOWS\SYSTEM32\WINMM.dll
0x00007ffa39820000 - 0x00007ffa3988b000 	C:\WINDOWS\System32\WS2_32.dll
0x00007ffa36100000 - 0x00007ffa36112000 	C:\WINDOWS\SYSTEM32\kernel.appcore.dll
0x00007ffa0a560000 - 0x00007ffa0a570000 	C:\Program Files\Java\jdk-11\bin\verify.dll
0x00007ffa35e10000 - 0x00007ffa35ff4000 	C:\WINDOWS\SYSTEM32\DBGHELP.DLL
0x00007ffa2e430000 - 0x00007ffa2e464000 	C:\WINDOWS\SYSTEM32\dbgcore.DLL
0x00007ffa37fc0000 - 0x00007ffa38042000 	C:\WINDOWS\System32\bcryptPrimitives.dll
0x00007ff9f97f0000 - 0x00007ff9f9818000 	C:\Program Files\Java\jdk-11\bin\java.dll
0x00007ffa0a510000 - 0x00007ffa0a51a000 	C:\Program Files\Java\jdk-11\bin\jimage.dll
0x00007ffa0e820000 - 0x00007ffa0e858000 	C:\Program Files\Java\jdk-11\bin\jdwp.dll
0x00007ffa0e8b0000 - 0x00007ffa0e8be000 	C:\Program Files\Java\jdk-11\bin\instrument.dll
0x00007ff9f97d0000 - 0x00007ff9f97e7000 	C:\Program Files\Java\jdk-11\bin\zip.dll
0x00007ffa38f00000 - 0x00007ffa3966c000 	C:\WINDOWS\System32\SHELL32.dll
0x00007ffa35670000 - 0x00007ffa35e0d000 	C:\WINDOWS\SYSTEM32\windows.storage.dll
0x00007ffa39b00000 - 0x00007ffa39e53000 	C:\WINDOWS\System32\combase.dll
0x00007ffa37310000 - 0x00007ffa3733e000 	C:\WINDOWS\SYSTEM32\Wldp.dll
0x00007ffa39960000 - 0x00007ffa39a2d000 	C:\WINDOWS\System32\OLEAUT32.dll
0x00007ffa3a140000 - 0x00007ffa3a1ed000 	C:\WINDOWS\System32\SHCORE.dll
0x00007ffa3a010000 - 0x00007ffa3a065000 	C:\WINDOWS\System32\shlwapi.dll
0x00007ffa37820000 - 0x00007ffa37844000 	C:\WINDOWS\SYSTEM32\profapi.dll
0x00007ffa0e8a0000 - 0x00007ffa0e8ab000 	C:\Program Files\Java\jdk-11\bin\dt_socket.dll
0x00007ffa37070000 - 0x00007ffa370da000 	C:\WINDOWS\system32\mswsock.dll
0x00007ff9f53b0000 - 0x00007ff9f53c9000 	C:\Program Files\Java\jdk-11\bin\net.dll
0x00007ffa2daf0000 - 0x00007ffa2dbfa000 	C:\WINDOWS\SYSTEM32\WINHTTP.dll
0x00007ff9f5390000 - 0x00007ff9f53a2000 	C:\Program Files\Java\jdk-11\bin\nio.dll
0x00007ffa36d40000 - 0x00007ffa36e0a000 	C:\WINDOWS\SYSTEM32\DNSAPI.dll
0x00007ffa36d00000 - 0x00007ffa36d3b000 	C:\WINDOWS\SYSTEM32\IPHLPAPI.DLL
0x00007ffa38320000 - 0x00007ffa38328000 	C:\WINDOWS\System32\NSI.dll
0x00007ffa2f840000 - 0x00007ffa2f84a000 	C:\Windows\System32\rasadhlp.dll
0x00007ffa29810000 - 0x00007ffa29890000 	C:\WINDOWS\System32\fwpuclnt.dll
0x00007ffa07d20000 - 0x00007ffa07d29000 	C:\Program Files\Java\jdk-11\bin\management.dll
0x00007ffa07d10000 - 0x00007ffa07d1b000 	C:\Program Files\Java\jdk-11\bin\management_ext.dll
0x00007ffa37260000 - 0x00007ffa37278000 	C:\WINDOWS\SYSTEM32\CRYPTSP.dll
0x00007ffa36920000 - 0x00007ffa36954000 	C:\WINDOWS\system32\rsaenh.dll
0x00007ffa377d0000 - 0x00007ffa377fe000 	C:\WINDOWS\SYSTEM32\USERENV.dll
0x00007ffa37280000 - 0x00007ffa3728c000 	C:\WINDOWS\SYSTEM32\CRYPTBASE.dll
0x00007ffa302c0000 - 0x00007ffa302d7000 	C:\WINDOWS\SYSTEM32\dhcpcsvc6.DLL
0x00007ffa302a0000 - 0x00007ffa302bd000 	C:\WINDOWS\SYSTEM32\dhcpcsvc.DLL
0x00007ffa12ea0000 - 0x00007ffa12eb7000 	C:\WINDOWS\system32\napinsp.dll
0x00007ffa12e80000 - 0x00007ffa12e9b000 	C:\WINDOWS\system32\pnrpnsp.dll
0x00007ffa31fb0000 - 0x00007ffa31fc5000 	C:\WINDOWS\system32\wshbth.dll
0x00007ffa30940000 - 0x00007ffa3095d000 	C:\WINDOWS\system32\NLAapi.dll
0x00007ffa12c40000 - 0x00007ffa12c52000 	C:\WINDOWS\System32\winrnr.dll

dbghelp: loaded successfully - version: 4.0.5 - missing functions: none
symbol engine: initialized successfully - sym options: 0x614 - pdb path: .;C:\Program Files\Java\jdk-11\bin;C:\WINDOWS\SYSTEM32;C:\WINDOWS\WinSxS\amd64_microsoft.windows.common-controls_6595b64144ccf1df_6.0.19041.4355_none_60b8b9eb71f62e16;C:\Program Files\Java\jdk-11\bin\server

VM Arguments:
jvm_args: -agentlib:jdwp=transport=dt_socket,address=127.0.0.1:51839,suspend=y,server=n -Dserver.port=8083 -XX:TieredStopAtLevel=1 -Xverify:none -Dspring.profiles.active=local -Dspring.output.ansi.enabled=always -javaagent:C:\Users\19655\AppData\Local\JetBrains\IntelliJIdea2021.1\captureAgent\debugger-agent.jar=file:/C:/Users/19655/AppData/Local/Temp/capture4.props -Dcom.sun.management.jmxremote -Dspring.jmx.enabled=true -Dspring.liveBeansView.mbeanDomain -Dspring.application.admin.enabled=true -Dfile.encoding=UTF-8 
java_command: com.hmall.item.ItemApplication
java_class_path (initial): D:\ev\SpringCloud\codemy\hmall\item-service\target\classes;D:\ev\SpringCloud\codemy\hmall\hm-common\target\classes;D:\maven_respository\org\apache\commons\commons-pool2\2.11.1\commons-pool2-2.11.1.jar;D:\maven_respository\cn\hutool\hutool-all\5.8.11\hutool-all-5.8.11.jar;D:\maven_respository\org\springframework\boot\spring-boot-starter-logging\2.7.12\spring-boot-starter-logging-2.7.12.jar;D:\maven_respository\ch\qos\logback\logback-classic\1.2.12\logback-classic-1.2.12.jar;D:\maven_respository\ch\qos\logback\logback-core\1.2.12\logback-core-1.2.12.jar;D:\maven_respository\org\apache\logging\log4j\log4j-to-slf4j\2.17.2\log4j-to-slf4j-2.17.2.jar;D:\maven_respository\org\apache\logging\log4j\log4j-api\2.17.2\log4j-api-2.17.2.jar;D:\maven_respository\org\slf4j\jul-to-slf4j\1.7.36\jul-to-slf4j-1.7.36.jar;D:\maven_respository\org\hibernate\validator\hibernate-validator\6.2.5.Final\hibernate-validator-6.2.5.Final.jar;D:\maven_respository\jakarta\validation\jakarta.validation-api\2.0.2\jakarta.validation-api-2.0.2.jar;D:\maven_respository\org\jboss\logging\jboss-logging\3.4.3.Final\jboss-logging-3.4.3.Final.jar;D:\maven_respository\com\fasterxml\classmate\1.5.1\classmate-1.5.1.jar;D:\maven_respository\org\springframework\boot\spring-boot-autoconfigure\2.7.12\spring-boot-autoconfigure-2.7.12.jar;D:\maven_respository\org\springframework\boot\spring-boot\2.7.12\spring-boot-2.7.12.jar;D:\maven_respository\com\github\xiaoymin\knife4j-openapi2-spring-boot-starter\4.1.0\knife4j-openapi2-spring-boot-starter-4.1.0.jar;D:\maven_respository\com\github\xiaoymin\knife4j-core\4.1.0\knife4j-core-4.1.0.jar;D:\maven_respository\com\github\xiaoymin\knife4j-openapi2-ui\4.1.0\knife4j-openapi2-ui-4.1.0.jar;D:\maven_respository\org\javassist\javassist\3.25.0-GA\javassist-3.25.0-GA.jar;D:\maven_respository\io\springfox\springfox-swagger2\2.10.5\springfox-swagger2-2.10.5.jar;D:\maven_respository\io\springfox\springfox-spi\2.10.5\springfox-spi-2.10.5.jar;D:\maven_respos
Launcher Type: SUN_STANDARD

[Global flags]
     bool BytecodeVerificationLocal                = false                                     {product} {command line}
     bool BytecodeVerificationRemote               = false                                     {product} {command line}
     intx CICompilerCount                          = 4                                         {product} {ergonomic}
     uint ConcGCThreads                            = 3                                         {product} {ergonomic}
     uint G1ConcRefinementThreads                  = 10                                        {product} {ergonomic}
   size_t G1HeapRegionSize                         = 1048576                                   {product} {ergonomic}
    uintx GCDrainStackTargetSize                   = 64                                        {product} {ergonomic}
   size_t InitialHeapSize                          = 268435456                                 {product} {ergonomic}
     bool ManagementServer                         = true                                      {product} {command line}
   size_t MarkStackSize                            = 4194304                                   {product} {ergonomic}
   size_t MaxHeapSize                              = 4273995776                                {product} {ergonomic}
   size_t MaxNewSize                               = 2563768320                                {product} {ergonomic}
   size_t MinHeapDeltaBytes                        = 1048576                                   {product} {ergonomic}
    uintx NonNMethodCodeHeapSize                   = 7549744                                {pd product} {ergonomic}
    uintx NonProfiledCodeHeapSize                  = 244108496                              {pd product} {ergonomic}
    uintx ProfiledCodeHeapSize                     = 0                                      {pd product} {ergonomic}
    uintx ReservedCodeCacheSize                    = 251658240                              {pd product} {ergonomic}
     bool SegmentedCodeCache                       = true                                      {product} {ergonomic}
     intx TieredStopAtLevel                        = 1                                         {product} {command line}
     bool UseCompressedClassPointers               = true                                 {lp64_product} {ergonomic}
     bool UseCompressedOops                        = true                                 {lp64_product} {ergonomic}
     bool UseG1GC                                  = true                                      {product} {ergonomic}
     bool UseLargePagesIndividualAllocation        = false                                  {pd product} {ergonomic}

Logging:
Log output configuration:
 #0: stdout all=warning uptime,level,tags
 #1: stderr all=off uptime,level,tags

Environment Variables:
JAVA_HOME=C:\Program Files\Java\jdk-11
CLASSPATH=.;C:\Program Files\Java\jdk-11\lib;C:\Program Files\Java\jdk-11\lib\tools.jar;D:\apache-jmeter-5.6.3\apache-jmeter-5.6.3\lib\ext\ApacheJMeter_core.jar;D:\apache-jmeter-5.6.3\apache-jmeter-5.6.3\lib\jorphan.jar;
PATH=C:\Program Files\Java\jdk-11\bin;C:\Program Files\Common Files\Oracle\Java\javapath;D:\linux\bin\;C:\Program Files (x86)\Common Files\Oracle\Java\javapath;C:\Windows\system32;C:\Windows;C:\Windows\System32\Wbem;C:\Windows\System32\WindowsPowerShell\v1.0\;C:\Windows\System32\OpenSSH\;C:\Program Files (x86)\NVIDIA Corporation\PhysX\Common;C:\Program Files\NVIDIA Corporation\NVIDIA NvDLISR;D:\MATLAB2023b\R2023b\runtime\win64;D:\MATLAB2023b\R2023b\bin;D:\matlab\runtime\win64;D:\matlab\bin;D:\matlab\polyspace\bin;C:\WINDOWS\system32;C:\WINDOWS;C:\WINDOWS\System32\Wbem;C:\WINDOWS\System32\WindowsPowerShell\v1.0\;C:\WINDOWS\System32\OpenSSH\;D:\node\;D:\node\node_global;C:\Program Files\MySQL\MySQL Server 8.0\bin;D:\Windows Kits\10\Windows Performance Toolkit\;C:\Program Files\MySQL\MySQL Server 8.0\bin\;D:\apache-maven-3.6.3\bin;D:\Git\Git\cmd;D:\web\dll;D:\apache-jmeter-5.6.3\apache-jmeter-5.6.3\bin;D:\MinGW\bin;D:\dev\python\python3.11\Scripts\;D:\dev\python\python3.11\;C:\Program Files\MySQL\MySQL Shell 8.0\bin\;C:\Users\19655\AppData\Local\Microsoft\WindowsApps;D:\VSCODE\Microsoft VS Code\bin;C:\Users\19655\AppData\Roaming\npm;D:\node\node_global;D:\node\node_cache;;D:\pycharmzhunye\PyCharm 2023.2.1\bin;;D:\cpolar\
USERNAME=19655
OS=Windows_NT
PROCESSOR_IDENTIFIER=Intel64 Family 6 Model 158 Stepping 10, GenuineIntel



---------------  S Y S T E M  ---------------

OS: Windows 10 , 64 bit Build 19041 (10.0.19041.3636)

CPU:total 12 (initial active 12) (6 cores per cpu, 2 threads per core) family 6 model 158 stepping 10 microcode 0xb4, cmov, cx8, fxsr, mmx, sse, sse2, sse3, ssse3, sse4.1, sse4.2, popcnt, avx, avx2, aes, clmul, erms, 3dnowpref, lzcnt, ht, tsc, tscinvbit, bmi1, bmi2, adx, fma

Memory: 4k page, system-wide physical 16303M (357M free)
TotalPageFile size 41903M (AvailPageFile size 0M)
current process WorkingSet (physical memory assigned to process): 169M, peak: 169M
current process commit charge ("private bytes"): 390M, peak: 391M

vm_info: Java HotSpot(TM) 64-Bit Server VM (11.0.22+9-LTS-219) for windows-amd64 JRE (11.0.22+9-LTS-219), built on Dec 19 2023 22:08:21 by "mach5one" with MS VC++ 17.1 (VS2022)

END.
