#
# There is insufficient memory for the Java Runtime Environment to continue.
# Native memory allocation (mmap) failed to map 268435456 bytes for Failed to commit area from 0x0000000701400000 to 0x0000000711400000 of length 268435456.
# Possible reasons:
#   The system is out of physical RAM or swap space
#   The process is running with CompressedOops enabled, and the Java Heap may be blocking the growth of the native heap
# Possible solutions:
#   Reduce memory load on the system
#   Increase physical memory or swap space
#   Check if swap backing store is full
#   Decrease Java heap size (-Xmx/-Xms)
#   Decrease number of Java threads
#   Decrease Java thread stack sizes (-Xss)
#   Set larger code cache with -XX:ReservedCodeCacheSize=
# This output file may be truncated or incomplete.
#
#  Out of Memory Error (./open/src/hotspot/os/windows/os_windows.cpp:3298), pid=49696, tid=29564
#
# JRE version:  (11.0.22+9) (build )
# Java VM: Java HotSpot(TM) 64-Bit Server VM (11.0.22+9-LTS-219, mixed mode, sharing, tiered, compressed oops, g1 gc, windows-amd64)
# No core dump will be written. Minidumps are not enabled by default on client versions of Windows
#

---------------  S U M M A R Y ------------

Command Line: -agentlib:jdwp=transport=dt_socket,address=127.0.0.1:59677,suspend=y,server=n -XX:TieredStopAtLevel=1 -Xverify:none -Dspring.profiles.active=local -Dspring.output.ansi.enabled=always -javaagent:C:\Users\19655\AppData\Local\JetBrains\IntelliJIdea2021.1\captureAgent\debugger-agent.jar=file:/C:/Users/19655/AppData/Local/Temp/capture25335.props -Dcom.sun.management.jmxremote -Dspring.jmx.enabled=true -Dspring.liveBeansView.mbeanDomain -Dspring.application.admin.enabled=true -Dfile.encoding=UTF-8 com.hmall.item.ItemApplication

Host: Intel(R) Core(TM) i7-9750H CPU @ 2.60GHz, 12 cores, 15G,  Windows 10 , 64 bit Build 19041 (10.0.19041.3636)
Time: Wed Jun 19 21:51:20 2024  Windows 10 , 64 bit Build 19041 (10.0.19041.3636) elapsed time: 0.049476 seconds (0d 0h 0m 0s)

---------------  T H R E A D  ---------------

Current thread (0x000002552bc7a800):  JavaThread "Unknown thread" [_thread_in_vm, id=29564, stack(0x0000005cb1200000,0x0000005cb1300000)]

Stack: [0x0000005cb1200000,0x0000005cb1300000]
Native frames: (J=compiled Java code, j=interpreted, Vv=VM code, C=native code)
V  [jvm.dll+0x66055a]
V  [jvm.dll+0x7a367f]
V  [jvm.dll+0x7a4d49]
V  [jvm.dll+0x7a53e3]
V  [jvm.dll+0x258625]
V  [jvm.dll+0x65d8b9]
V  [jvm.dll+0x652455]
V  [jvm.dll+0x31319d]
V  [jvm.dll+0x313002]
V  [jvm.dll+0x317c36]
V  [jvm.dll+0x35fd70]
V  [jvm.dll+0x35f7e2]
V  [jvm.dll+0x2ee3d8]
V  [jvm.dll+0x2ef4e5]
V  [jvm.dll+0x77c6c7]
V  [jvm.dll+0x77dfaf]
V  [jvm.dll+0x36d0a9]
V  [jvm.dll+0x7610af]
V  [jvm.dll+0x3df1c7]
V  [jvm.dll+0x3e1271]
C  [jli.dll+0x52e7]
C  [ucrtbase.dll+0x21bb2]
C  [KERNEL32.DLL+0x17344]
C  [ntdll.dll+0x4cc91]


---------------  P R O C E S S  ---------------

Threads class SMR info:
_java_thread_list=0x0000025529b01bd0, length=0, elements={
}

Java Threads: ( => current thread )

Other Threads:
  0x000002552bc91800 GCTaskThread "GC Thread#0" [stack: 0x0000005cb1300000,0x0000005cb1400000] [id=40200]
  0x000002552bcf1800 ConcurrentGCThread "G1 Main Marker" [stack: 0x0000005cb1400000,0x0000005cb1500000] [id=49952]
  0x000002552bcf2800 ConcurrentGCThread "G1 Conc#0" [stack: 0x0000005cb1500000,0x0000005cb1600000] [id=36128]

[error occurred during error reporting (printing all threads), id 0xc0000005, EXCEPTION_ACCESS_VIOLATION (0xc0000005) at pc=0x00007ffc158ee9a7]

VM state:not at safepoint (not fully initialized)

VM Mutex/Monitor currently owned by a thread:  ([mutex/lock_event])
[0x000002552bc76400] Heap_lock - owner thread: 0x000002552bc7a800

Heap address: 0x0000000701400000, size: 4076 MB, Compressed Oops mode: Non-zero based: 0x0000000701400000
Narrow klass base: 0x0000000000000000, Narrow klass shift: 0

GC Heap History (0 events):
No events

Deoptimization events (0 events):
No events

Classes redefined (0 events):
No events

Internal exceptions (0 events):
No events

Events (0 events):
No events


Dynamic libraries:
0x00007ff6314b0000 - 0x00007ff6314c0000 	C:\Program Files\Java\jdk-11\bin\java.exe
0x00007ffc667f0000 - 0x00007ffc669e8000 	C:\WINDOWS\SYSTEM32\ntdll.dll
0x00007ffc64d40000 - 0x00007ffc64dfd000 	C:\WINDOWS\System32\KERNEL32.DLL
0x00007ffc63eb0000 - 0x00007ffc641a6000 	C:\WINDOWS\System32\KERNELBASE.dll
0x00007ffc64640000 - 0x00007ffc64740000 	C:\WINDOWS\System32\ucrtbase.dll
0x00007ffc2c770000 - 0x00007ffc2c789000 	C:\Program Files\Java\jdk-11\bin\jli.dll
0x00007ffc2c370000 - 0x00007ffc2c38b000 	C:\Program Files\Java\jdk-11\bin\VCRUNTIME140.dll
0x00007ffc65470000 - 0x00007ffc65520000 	C:\WINDOWS\System32\ADVAPI32.dll
0x00007ffc65550000 - 0x00007ffc655ee000 	C:\WINDOWS\System32\msvcrt.dll
0x00007ffc653d0000 - 0x00007ffc65470000 	C:\WINDOWS\System32\sechost.dll
0x00007ffc64980000 - 0x00007ffc64aa3000 	C:\WINDOWS\System32\RPCRT4.dll
0x00007ffc64740000 - 0x00007ffc64767000 	C:\WINDOWS\System32\bcrypt.dll
0x00007ffc64ab0000 - 0x00007ffc64c4f000 	C:\WINDOWS\System32\USER32.dll
0x00007ffc64800000 - 0x00007ffc64822000 	C:\WINDOWS\System32\win32u.dll
0x00007ffc64940000 - 0x00007ffc6496b000 	C:\WINDOWS\System32\GDI32.dll
0x00007ffc64320000 - 0x00007ffc64437000 	C:\WINDOWS\System32\gdi32full.dll
0x00007ffc4dd40000 - 0x00007ffc4dfda000 	C:\WINDOWS\WinSxS\amd64_microsoft.windows.common-controls_6595b64144ccf1df_6.0.19041.4355_none_60b8b9eb71f62e16\COMCTL32.dll
0x00007ffc645a0000 - 0x00007ffc6463d000 	C:\WINDOWS\System32\msvcp_win.dll
0x00007ffc5c540000 - 0x00007ffc5c54a000 	C:\WINDOWS\SYSTEM32\VERSION.dll
0x00007ffc66640000 - 0x00007ffc6666f000 	C:\WINDOWS\System32\IMM32.DLL
0x00007ffc38b40000 - 0x00007ffc38b4c000 	C:\Program Files\Java\jdk-11\bin\vcruntime140_1.dll
0x00007ffc21c60000 - 0x00007ffc21cee000 	C:\Program Files\Java\jdk-11\bin\msvcp140.dll
0x00007ffc155f0000 - 0x00007ffc1615e000 	C:\Program Files\Java\jdk-11\bin\server\jvm.dll
0x00007ffc64f50000 - 0x00007ffc64f58000 	C:\WINDOWS\System32\PSAPI.DLL
0x00007ffc42b90000 - 0x00007ffc42b99000 	C:\WINDOWS\SYSTEM32\WSOCK32.dll
0x00007ffc64e60000 - 0x00007ffc64ecb000 	C:\WINDOWS\System32\WS2_32.dll
0x00007ffc56de0000 - 0x00007ffc56e07000 	C:\WINDOWS\SYSTEM32\WINMM.dll
0x00007ffc626c0000 - 0x00007ffc626d2000 	C:\WINDOWS\SYSTEM32\kernel.appcore.dll
0x00007ffc36dd0000 - 0x00007ffc36de0000 	C:\Program Files\Java\jdk-11\bin\verify.dll
0x00007ffc61c30000 - 0x00007ffc61e14000 	C:\WINDOWS\SYSTEM32\DBGHELP.DLL
0x00007ffc4a190000 - 0x00007ffc4a1c4000 	C:\WINDOWS\SYSTEM32\dbgcore.DLL
0x00007ffc64770000 - 0x00007ffc647f2000 	C:\WINDOWS\System32\bcryptPrimitives.dll
0x00007ffc2bf80000 - 0x00007ffc2bfa8000 	C:\Program Files\Java\jdk-11\bin\java.dll
0x00007ffc35b80000 - 0x00007ffc35b8a000 	C:\Program Files\Java\jdk-11\bin\jimage.dll
0x00007ffc1e410000 - 0x00007ffc1e448000 	C:\Program Files\Java\jdk-11\bin\jdwp.dll
0x00007ffc3b0d0000 - 0x00007ffc3b0de000 	C:\Program Files\Java\jdk-11\bin\instrument.dll
0x00007ffc2c2b0000 - 0x00007ffc2c2c7000 	C:\Program Files\Java\jdk-11\bin\zip.dll

dbghelp: loaded successfully - version: 4.0.5 - missing functions: none
symbol engine: initialized successfully - sym options: 0x614 - pdb path: .;C:\Program Files\Java\jdk-11\bin;C:\WINDOWS\SYSTEM32;C:\WINDOWS\WinSxS\amd64_microsoft.windows.common-controls_6595b64144ccf1df_6.0.19041.4355_none_60b8b9eb71f62e16;C:\Program Files\Java\jdk-11\bin\server

VM Arguments:
jvm_args: -agentlib:jdwp=transport=dt_socket,address=127.0.0.1:59677,suspend=y,server=n -XX:TieredStopAtLevel=1 -Xverify:none -Dspring.profiles.active=local -Dspring.output.ansi.enabled=always -javaagent:C:\Users\19655\AppData\Local\JetBrains\IntelliJIdea2021.1\captureAgent\debugger-agent.jar=file:/C:/Users/19655/AppData/Local/Temp/capture25335.props -Dcom.sun.management.jmxremote -Dspring.jmx.enabled=true -Dspring.liveBeansView.mbeanDomain -Dspring.application.admin.enabled=true -Dfile.encoding=UTF-8 
java_command: com.hmall.item.ItemApplication
java_class_path (initial): D:\ev\SpringCloud\codemy\hmall\item-service\target\classes;D:\ev\SpringCloud\codemy\hmall\hm-common\target\classes;D:\maven_respository\org\apache\commons\commons-pool2\2.11.1\commons-pool2-2.11.1.jar;D:\maven_respository\cn\hutool\hutool-all\5.8.11\hutool-all-5.8.11.jar;D:\maven_respository\org\springframework\boot\spring-boot-starter-logging\2.7.12\spring-boot-starter-logging-2.7.12.jar;D:\maven_respository\ch\qos\logback\logback-classic\1.2.12\logback-classic-1.2.12.jar;D:\maven_respository\ch\qos\logback\logback-core\1.2.12\logback-core-1.2.12.jar;D:\maven_respository\org\apache\logging\log4j\log4j-to-slf4j\2.17.2\log4j-to-slf4j-2.17.2.jar;D:\maven_respository\org\apache\logging\log4j\log4j-api\2.17.2\log4j-api-2.17.2.jar;D:\maven_respository\org\slf4j\jul-to-slf4j\1.7.36\jul-to-slf4j-1.7.36.jar;D:\maven_respository\org\hibernate\validator\hibernate-validator\6.2.5.Final\hibernate-validator-6.2.5.Final.jar;D:\maven_respository\jakarta\validation\jakarta.validation-api\2.0.2\jakarta.validation-api-2.0.2.jar;D:\maven_respository\org\jboss\logging\jboss-logging\3.4.3.Final\jboss-logging-3.4.3.Final.jar;D:\maven_respository\com\fasterxml\classmate\1.5.1\classmate-1.5.1.jar;D:\maven_respository\org\springframework\boot\spring-boot-autoconfigure\2.7.12\spring-boot-autoconfigure-2.7.12.jar;D:\maven_respository\org\springframework\boot\spring-boot\2.7.12\spring-boot-2.7.12.jar;D:\maven_respository\com\github\xiaoymin\knife4j-openapi2-spring-boot-starter\4.1.0\knife4j-openapi2-spring-boot-starter-4.1.0.jar;D:\maven_respository\com\github\xiaoymin\knife4j-core\4.1.0\knife4j-core-4.1.0.jar;D:\maven_respository\com\github\xiaoymin\knife4j-openapi2-ui\4.1.0\knife4j-openapi2-ui-4.1.0.jar;D:\maven_respository\org\javassist\javassist\3.25.0-GA\javassist-3.25.0-GA.jar;D:\maven_respository\io\springfox\springfox-swagger2\2.10.5\springfox-swagger2-2.10.5.jar;D:\maven_respository\io\springfox\springfox-spi\2.10.5\springfox-spi-2.10.5.jar;D:\maven_respos
Launcher Type: SUN_STANDARD

[Global flags]
     bool BytecodeVerificationLocal                = false                                     {product} {command line}
     bool BytecodeVerificationRemote               = false                                     {product} {command line}
     intx CICompilerCount                          = 4                                         {product} {ergonomic}
     uint ConcGCThreads                            = 3                                         {product} {ergonomic}
     uint G1ConcRefinementThreads                  = 10                                        {product} {ergonomic}
   size_t G1HeapRegionSize                         = 1048576                                   {product} {ergonomic}
    uintx GCDrainStackTargetSize                   = 64                                        {product} {ergonomic}
   size_t InitialHeapSize                          = 268435456                                 {product} {ergonomic}
     bool ManagementServer                         = true                                      {product} {command line}
   size_t MarkStackSize                            = 4194304                                   {product} {ergonomic}
   size_t MaxHeapSize                              = 4273995776                                {product} {ergonomic}
   size_t MinHeapDeltaBytes                        = 1048576                                   {product} {ergonomic}
    uintx NonNMethodCodeHeapSize                   = 7549744                                {pd product} {ergonomic}
    uintx NonProfiledCodeHeapSize                  = 244108496                              {pd product} {ergonomic}
    uintx ProfiledCodeHeapSize                     = 0                                      {pd product} {ergonomic}
    uintx ReservedCodeCacheSize                    = 251658240                              {pd product} {ergonomic}
     bool SegmentedCodeCache                       = true                                      {product} {ergonomic}
     intx TieredStopAtLevel                        = 1                                         {product} {command line}
     bool UseCompressedClassPointers               = true                                 {lp64_product} {ergonomic}
     bool UseCompressedOops                        = true                                 {lp64_product} {ergonomic}
     bool UseG1GC                                  = true                                      {product} {ergonomic}
     bool UseLargePagesIndividualAllocation        = false                                  {pd product} {ergonomic}

Logging:
Log output configuration:
 #0: stdout all=warning uptime,level,tags
 #1: stderr all=off uptime,level,tags

Environment Variables:
JAVA_HOME=C:\Program Files\Java\jdk-11
CLASSPATH=.;C:\Program Files\Java\jdk-11\lib;C:\Program Files\Java\jdk-11\lib\tools.jar;D:\apache-jmeter-5.6.3\apache-jmeter-5.6.3\lib\ext\ApacheJMeter_core.jar;D:\apache-jmeter-5.6.3\apache-jmeter-5.6.3\lib\jorphan.jar;
PATH=C:\Program Files\Java\jdk-11\bin;C:\Program Files\Common Files\Oracle\Java\javapath;D:\linux\bin\;C:\Program Files (x86)\Common Files\Oracle\Java\javapath;C:\Windows\system32;C:\Windows;C:\Windows\System32\Wbem;C:\Windows\System32\WindowsPowerShell\v1.0\;C:\Windows\System32\OpenSSH\;C:\Program Files (x86)\NVIDIA Corporation\PhysX\Common;C:\Program Files\NVIDIA Corporation\NVIDIA NvDLISR;D:\MATLAB2023b\R2023b\runtime\win64;D:\MATLAB2023b\R2023b\bin;D:\matlab\runtime\win64;D:\matlab\bin;D:\matlab\polyspace\bin;C:\WINDOWS\system32;C:\WINDOWS;C:\WINDOWS\System32\Wbem;C:\WINDOWS\System32\WindowsPowerShell\v1.0\;C:\WINDOWS\System32\OpenSSH\;D:\node\;D:\node\node_global;C:\Program Files\MySQL\MySQL Server 8.0\bin;D:\Windows Kits\10\Windows Performance Toolkit\;C:\Program Files\MySQL\MySQL Server 8.0\bin\;D:\apache-maven-3.6.3\bin;D:\Git\Git\cmd;D:\微信web开发者工具\dll;D:\apache-jmeter-5.6.3\apache-jmeter-5.6.3\bin;D:\MinGW\bin;D:\dev\python\python3.11\Scripts\;D:\dev\python\python3.11\;C:\Program Files\MySQL\MySQL Shell 8.0\bin\;C:\Users\19655\AppData\Local\Microsoft\WindowsApps;D:\VSCODE\Microsoft VS Code\bin;C:\Users\19655\AppData\Roaming\npm;D:\node\node_global;D:\node\node_cache;;D:\pycharmzhunye\PyCharm 2023.2.1\bin;;D:\cpolar\
USERNAME=19655
OS=Windows_NT
PROCESSOR_IDENTIFIER=Intel64 Family 6 Model 158 Stepping 10, GenuineIntel



---------------  S Y S T E M  ---------------

OS: Windows 10 , 64 bit Build 19041 (10.0.19041.3636)

CPU:total 12 (initial active 12) (6 cores per cpu, 2 threads per core) family 6 model 158 stepping 10 microcode 0xb4, cmov, cx8, fxsr, mmx, sse, sse2, sse3, ssse3, sse4.1, sse4.2, popcnt, avx, avx2, aes, clmul, erms, 3dnowpref, lzcnt, ht, tsc, tscinvbit, bmi1, bmi2, adx, fma

Memory: 4k page, system-wide physical 16303M (613M free)
TotalPageFile size 40155M (AvailPageFile size 115M)
current process WorkingSet (physical memory assigned to process): 10M, peak: 10M
current process commit charge ("private bytes"): 62M, peak: 318M

vm_info: Java HotSpot(TM) 64-Bit Server VM (11.0.22+9-LTS-219) for windows-amd64 JRE (11.0.22+9-LTS-219), built on Dec 19 2023 22:08:21 by "mach5one" with MS VC++ 17.1 (VS2022)

END.
