#
# There is insufficient memory for the Java Runtime Environment to continue.
# Native memory allocation (malloc) failed to allocate 32744 bytes for ChunkPool::allocate
# Possible reasons:
#   The system is out of physical RAM or swap space
#   The process is running with CompressedOops enabled, and the Java Heap may be blocking the growth of the native heap
# Possible solutions:
#   Reduce memory load on the system
#   Increase physical memory or swap space
#   Check if swap backing store is full
#   Decrease Java heap size (-Xmx/-Xms)
#   Decrease number of Java threads
#   Decrease Java thread stack sizes (-Xss)
#   Set larger code cache with -XX:ReservedCodeCacheSize=
#   JVM is running with Zero Based Compressed Oops mode in which the Java heap is
#     placed in the first 32GB address space. The Java Heap base address is the
#     maximum limit for the native heap growth. Please use -XX:HeapBaseMinAddress
#     to set the Java Heap base and to place the Java Heap above 32GB virtual address.
# This output file may be truncated or incomplete.
#
#  Out of Memory Error (./open/src/hotspot/share/memory/arena.cpp:81), pid=78304, tid=66616
#
# JRE version: Java(TM) SE Runtime Environment 18.9 (11.0.22+9) (build 11.0.22+9-LTS-219)
# Java VM: Java HotSpot(TM) 64-Bit Server VM 18.9 (11.0.22+9-LTS-219, mixed mode, tiered, compressed oops, g1 gc, windows-amd64)
# No core dump will be written. Minidumps are not enabled by default on client versions of Windows
#

---------------  S U M M A R Y ------------

Command Line: -agentlib:jdwp=transport=dt_socket,address=127.0.0.1:49925,suspend=y,server=n -XX:TieredStopAtLevel=1 -Xverify:none -Dspring.profiles.active=local -Dspring.output.ansi.enabled=always -javaagent:C:\Users\19655\AppData\Local\JetBrains\IntelliJIdea2021.1\captureAgent\debugger-agent.jar=file:/C:/Users/19655/AppData/Local/Temp/capture8.props -Dcom.sun.management.jmxremote -Dspring.jmx.enabled=true -Dspring.liveBeansView.mbeanDomain -Dspring.application.admin.enabled=true -Dfile.encoding=UTF-8 com.hmall.cart.CartApplication

Host: Intel(R) Core(TM) i7-9750H CPU @ 2.60GHz, 12 cores, 15G,  Windows 10 , 64 bit Build 19041 (10.0.19041.3636)
Time: Wed Jun 12 14:32:50 2024  Windows 10 , 64 bit Build 19041 (10.0.19041.3636) elapsed time: 3232.927299 seconds (0d 0h 53m 52s)

---------------  T H R E A D  ---------------

Current thread (0x0000029ae4d19800):  VMThread "VM Thread" [stack: 0x000000d677c00000,0x000000d677d00000] [id=66616] _threads_hazard_ptr=0x0000029ae828bc30

Stack: [0x000000d677c00000,0x000000d677d00000]
[error occurred during error reporting (printing stack bounds), id 0xc0000005, EXCEPTION_ACCESS_VIOLATION (0xc0000005) at pc=0x0000029ac8a20f2d]

Native frames: (J=compiled Java code, j=interpreted, Vv=VM code, C=native code)
V  [jvm.dll+0x66055a]
V  [jvm.dll+0x7a367f]
V  [jvm.dll+0x7a4d49]
V  [jvm.dll+0x7a5345]
V  [jvm.dll+0x7a52fb]
V  [jvm.dll+0x65fa63]
V  [jvm.dll+0x660158]
C  [ntdll.dll+0xa247f]
C  [ntdll.dll+0x514b4]
C  [ntdll.dll+0xa0f8e]
C  0x0000029ac8a20f2d

VM_Operation (0x000000d67f2fc7c0): BulkRevokeBias, mode: safepoint, requested by thread 0x0000029af2665800


---------------  P R O C E S S  ---------------

Threads class SMR info:
_java_thread_list=0x0000029ae828bc30, length=158, elements={
0x0000029ae4d43800, 0x0000029ae4d4d800, 0x0000029ae4db2800, 0x0000029ae4db5800,
0x0000029ae4db7800, 0x0000029ae4dbb800, 0x0000029ae4dc3800, 0x0000029ae4f6c000,
0x0000029ae5045800, 0x0000029ae502d000, 0x0000029ae504d000, 0x0000029ae4f6e000,
0x0000029ae4f71000, 0x0000029ae4f6b800, 0x0000029ae4f72000, 0x0000029ae4f6e800,
0x0000029ae4f6f800, 0x0000029ae4f70000, 0x0000029ae67ec000, 0x0000029ae67e6000,
0x0000029ae67e8800, 0x0000029ae67ea000, 0x0000029ae67e9800, 0x0000029ae67ec800,
0x0000029ae67ed800, 0x0000029ae8628800, 0x0000029ae8624000, 0x0000029ae862a800,
0x0000029ae8625000, 0x0000029ae8631800, 0x0000029ae862b800, 0x0000029ae862f000,
0x0000029ae862f800, 0x0000029ae8632000, 0x0000029ae862c800, 0x0000029ae8633000,
0x0000029ae8fa5000, 0x0000029ae8fa6800, 0x0000029ae8fa8800, 0x0000029ae8fa7800,
0x0000029ae8fa9000, 0x0000029ae8fa3800, 0x0000029ae8faa000, 0x0000029ae8fae000,
0x0000029ae8fab000, 0x0000029ae8fab800, 0x0000029ae8fac800, 0x0000029ae8fad800,
0x0000029af2263800, 0x0000029af2266800, 0x0000029af226a000, 0x0000029af2264000,
0x0000029af226d000, 0x0000029af226a800, 0x0000029af2267800, 0x0000029af226e000,
0x0000029af226e800, 0x0000029af2270800, 0x0000029af226f800, 0x0000029af226b800,
0x0000029ae67f0800, 0x0000029ae67f4000, 0x0000029ae67f1800, 0x0000029ae67f2800,
0x0000029ae67f3000, 0x0000029ae67f5000, 0x0000029ae67ef000, 0x0000029ae67f0000,
0x0000029ae8626000, 0x0000029ae8626800, 0x0000029ae8629000, 0x0000029ae8627800,
0x0000029ae862a000, 0x0000029ae862d000, 0x0000029ae8fa0000, 0x0000029ae8fa2800,
0x0000029af2268000, 0x0000029af2269000, 0x0000029af2664000, 0x0000029af2664800,
0x0000029af265f000, 0x0000029af2663000, 0x0000029af2669000, 0x0000029af2669800,
0x0000029af266d000, 0x0000029af266d800, 0x0000029af266a800, 0x0000029af266b000,
0x0000029af266c000, 0x0000029ae8fa4800, 0x0000029ae8fa6000, 0x0000029ae8fa1000,
0x0000029ae8faf000, 0x0000029ae862e000, 0x0000029af2661800, 0x0000029ae8630800,
0x0000029ae893c000, 0x0000029ae893d000, 0x0000029ae893e800, 0x0000029ae8941000,
0x0000029ae8939800, 0x0000029ae893b000, 0x0000029ae8942800, 0x0000029ae8943800,
0x0000029ae8944000, 0x0000029ae8945000, 0x0000029ae893a800, 0x0000029ae8946000,
0x0000029ae8942000, 0x0000029af2665800, 0x0000029af2660000, 0x0000029af2666800,
0x0000029af2660800, 0x0000029af2667000, 0x0000029af2668000, 0x0000029ae893d800,
0x0000029ae8938000, 0x0000029ae8946800, 0x0000029ae67ee800, 0x0000029ae8939000,
0x0000029ae67eb000, 0x0000029ae8fa2000, 0x0000029af2271000, 0x0000029af1b61800,
0x0000029af1b60000, 0x0000029af1b65000, 0x0000029af1b5f800, 0x0000029af1b66800,
0x0000029af1b69000, 0x0000029af1b6d000, 0x0000029af1b6b800, 0x0000029af1b6a800,
0x0000029af1b6c800, 0x0000029af1b6e000, 0x0000029ae893f800, 0x0000029af1b67800,
0x0000029ae67e7000, 0x0000029ae67e8000, 0x0000029af2265000, 0x0000029af2265800,
0x0000029af2662000, 0x0000029af1b68800, 0x0000029af2804000, 0x0000029af2806800,
0x0000029af27fe000, 0x0000029af2807000, 0x0000029af2802000, 0x0000029af2801800,
0x0000029af2805800, 0x0000029af2800000, 0x0000029af2809000, 0x0000029af280b000,
0x0000029af2804800, 0x0000029af27ff000, 0x0000029af2800800, 0x0000029af280d000,
0x0000029af2803000, 0x0000029af2809800
}

Java Threads: ( => current thread )
  0x0000029ae4d43800 JavaThread "Reference Handler" daemon [_thread_blocked, id=81072, stack(0x000000d677d00000,0x000000d677e00000)]
  0x0000029ae4d4d800 JavaThread "Finalizer" daemon [_thread_blocked, id=61460, stack(0x000000d677e00000,0x000000d677f00000)]
  0x0000029ae4db2800 JavaThread "Signal Dispatcher" daemon [_thread_blocked, id=73324, stack(0x000000d677f00000,0x000000d678000000)]
  0x0000029ae4db5800 JavaThread "Attach Listener" daemon [_thread_blocked, id=85940, stack(0x000000d678000000,0x000000d678100000)]
  0x0000029ae4db7800 JavaThread "Service Thread" daemon [_thread_blocked, id=86116, stack(0x000000d678100000,0x000000d678200000)]
  0x0000029ae4dbb800 JavaThread "C1 CompilerThread0" daemon [_thread_blocked, id=69028, stack(0x000000d678200000,0x000000d678300000)]
  0x0000029ae4dc3800 JavaThread "Sweeper thread" daemon [_thread_blocked, id=46280, stack(0x000000d678300000,0x000000d678400000)]
  0x0000029ae4f6c000 JavaThread "Common-Cleaner" daemon [_thread_blocked, id=57660, stack(0x000000d678400000,0x000000d678500000)]
  0x0000029ae5045800 JavaThread "JDWP Transport Listener: dt_socket" daemon [_thread_blocked, id=85436, stack(0x000000d678500000,0x000000d678600000)]
  0x0000029ae502d000 JavaThread "JDWP Event Helper Thread" daemon [_thread_blocked, id=71764, stack(0x000000d678600000,0x000000d678700000)]
  0x0000029ae504d000 JavaThread "JDWP Command Reader" daemon [_thread_in_native, id=60652, stack(0x000000d678700000,0x000000d678800000)]
  0x0000029ae4f6e000 JavaThread "RMI TCP Accept-0" daemon [_thread_in_native, id=42652, stack(0x000000d678800000,0x000000d678900000)]
  0x0000029ae4f71000 JavaThread "logback-1" daemon [_thread_blocked, id=46724, stack(0x000000d679200000,0x000000d679300000)]
  0x0000029ae4f6b800 JavaThread "logback-2" daemon [_thread_blocked, id=7448, stack(0x000000d679300000,0x000000d679400000)]
  0x0000029ae4f72000 JavaThread "logback-3" daemon [_thread_blocked, id=79716, stack(0x000000d678f00000,0x000000d679000000)]
  0x0000029ae4f6e800 JavaThread "com.alibaba.nacos.client.identify.watcher.0" daemon [_thread_blocked, id=71060, stack(0x000000d679400000,0x000000d679500000)]
  0x0000029ae4f6f800 JavaThread "com.alibaba.nacos.client.Worker" daemon [_thread_blocked, id=78324, stack(0x000000d679500000,0x000000d679600000)]
  0x0000029ae4f70000 JavaThread "logback-4" daemon [_thread_blocked, id=63568, stack(0x000000d679600000,0x000000d679700000)]
  0x0000029ae67ec000 JavaThread "logback-5" daemon [_thread_blocked, id=73944, stack(0x000000d679700000,0x000000d679800000)]
  0x0000029ae67e6000 JavaThread "nacos.publisher-com.alibaba.nacos.common.notify.SlowEvent" daemon [_thread_blocked, id=82760, stack(0x000000d679800000,0x000000d679900000)]
  0x0000029ae67e8800 JavaThread "com.alibaba.nacos.client.remote.worker" daemon [_thread_blocked, id=55304, stack(0x000000d679900000,0x000000d679a00000)]
  0x0000029ae67ea000 JavaThread "com.alibaba.nacos.client.remote.worker" daemon [_thread_blocked, id=81080, stack(0x000000d679a00000,0x000000d679b00000)]
  0x0000029ae67e9800 JavaThread "RMI Scheduler(0)" daemon [_thread_blocked, id=80012, stack(0x000000d679c00000,0x000000d679d00000)]
  0x0000029ae67ec800 JavaThread "grpc-nio-worker-ELG-1-1" daemon [_thread_in_native, id=73268, stack(0x000000d679d00000,0x000000d679e00000)]
  0x0000029ae67ed800 JavaThread "grpc-nio-worker-ELG-1-2" daemon [_thread_in_native, id=73312, stack(0x000000d679f00000,0x000000d67a000000)]
  0x0000029ae8628800 JavaThread "fileListener_3_1" daemon [_thread_blocked, id=46528, stack(0x000000d67b000000,0x000000d67b100000)]
  0x0000029ae8624000 JavaThread "timeoutChecker_1_1" daemon [_thread_blocked, id=80052, stack(0x000000d67b100000,0x000000d67b200000)]
  0x0000029ae862a800 JavaThread "nacos.publisher-com.alibaba.nacos.client.naming.event.InstancesChangeEvent" daemon [_thread_blocked, id=80296, stack(0x000000d67b200000,0x000000d67b300000)]
  0x0000029ae8625000 JavaThread "com.alibaba.nacos.naming.failover" daemon [_thread_blocked, id=73076, stack(0x000000d67b300000,0x000000d67b400000)]
  0x0000029ae8631800 JavaThread "com.alibaba.nacos.client.naming.security" daemon [_thread_blocked, id=77932, stack(0x000000d67b500000,0x000000d67b600000)]
  0x0000029ae862b800 JavaThread "com.alibaba.nacos.naming.push.receiver" daemon [_thread_in_native, id=86960, stack(0x000000d67b600000,0x000000d67b700000)]
  0x0000029ae862f000 JavaThread "com.alibaba.nacos.client.naming.grpc.redo.0" daemon [_thread_blocked, id=77432, stack(0x000000d67b700000,0x000000d67b800000)]
  0x0000029ae862f800 JavaThread "com.alibaba.nacos.client.remote.worker" daemon [_thread_blocked, id=80200, stack(0x000000d67b800000,0x000000d67b900000)]
  0x0000029ae8632000 JavaThread "com.alibaba.nacos.client.remote.worker" daemon [_thread_blocked, id=68220, stack(0x000000d67b900000,0x000000d67ba00000)]
  0x0000029ae862c800 JavaThread "grpc-nio-worker-ELG-1-3" daemon [_thread_in_native, id=76140, stack(0x000000d67ba00000,0x000000d67bb00000)]
  0x0000029ae8633000 JavaThread "grpc-nio-worker-ELG-1-4" daemon [_thread_in_native, id=82268, stack(0x000000d67bb00000,0x000000d67bc00000)]
  0x0000029ae8fa5000 JavaThread "com.alibaba.nacos.client.naming.updater.0" daemon [_thread_blocked, id=2724, stack(0x000000d67c000000,0x000000d67c100000)]
  0x0000029ae8fa6800 JavaThread "com.alibaba.nacos.client.naming.updater.1" daemon [_thread_blocked, id=85300, stack(0x000000d67c500000,0x000000d67c600000)]
  0x0000029ae8fa8800 JavaThread "NettyClientSelector_TMROLE_1_1" daemon [_thread_in_native, id=9740, stack(0x000000d67c600000,0x000000d67c700000)]
  0x0000029ae8fa7800 JavaThread "AsyncWorker_1_1_2" daemon [_thread_blocked, id=41500, stack(0x000000d67c700000,0x000000d67c800000)]
  0x0000029ae8fa9000 JavaThread "xaTwoPhaseTimeoutChecker_1_1" daemon [_thread_blocked, id=60488, stack(0x000000d67c800000,0x000000d67c900000)]
  0x0000029ae8fa3800 JavaThread "timeoutChecker_2_1" daemon [_thread_blocked, id=80744, stack(0x000000d67c900000,0x000000d67ca00000)]
  0x0000029ae8faa000 JavaThread "rpcMergeMessageSend_RMROLE_1_1" daemon [_thread_blocked, id=73420, stack(0x000000d67ca00000,0x000000d67cb00000)]
  0x0000029ae8fae000 JavaThread "AsyncWorker_1_2_2" daemon [_thread_blocked, id=78472, stack(0x000000d67cb00000,0x000000d67cc00000)]
  0x0000029ae8fab000 JavaThread "Catalina-utility-1" [_thread_blocked, id=49468, stack(0x000000d67cd00000,0x000000d67ce00000)]
  0x0000029ae8fab800 JavaThread "Catalina-utility-2" [_thread_blocked, id=51532, stack(0x000000d67ce00000,0x000000d67cf00000)]
  0x0000029ae8fac800 JavaThread "container-0" [_thread_blocked, id=86820, stack(0x000000d67cf00000,0x000000d67d000000)]
  0x0000029ae8fad800 JavaThread "mysql-cj-abandoned-connection-cleanup" daemon [_thread_blocked, id=82568, stack(0x000000d67d000000,0x000000d67d100000)]
  0x0000029af2263800 JavaThread "HikariPool-1 housekeeper" daemon [_thread_blocked, id=71332, stack(0x000000d67d100000,0x000000d67d200000)]
  0x0000029af2266800 JavaThread "NettyClientSelector_RMROLE_1_1" daemon [_thread_in_native, id=64496, stack(0x000000d67d200000,0x000000d67d300000)]
  0x0000029af226a000 JavaThread "spring.cloud.inetutils" daemon [_thread_blocked, id=57128, stack(0x000000d67a400000,0x000000d67a500000)]
  0x0000029af2264000 JavaThread "fenceLogCleanThread_1_1" daemon [_thread_blocked, id=12412, stack(0x000000d67a500000,0x000000d67a600000)]
  0x0000029af226d000 JavaThread "com.alibaba.nacos.naming.failover" daemon [_thread_blocked, id=75468, stack(0x000000d67a700000,0x000000d67a800000)]
  0x0000029af226a800 JavaThread "com.alibaba.nacos.client.naming.security" daemon [_thread_blocked, id=76604, stack(0x000000d67a800000,0x000000d67a900000)]
  0x0000029af2267800 JavaThread "com.alibaba.nacos.naming.push.receiver" daemon [_thread_in_native, id=72328, stack(0x000000d67a900000,0x000000d67aa00000)]
  0x0000029af226e000 JavaThread "com.alibaba.nacos.client.naming.grpc.redo.0" daemon [_thread_blocked, id=63980, stack(0x000000d67aa00000,0x000000d67ab00000)]
  0x0000029af226e800 JavaThread "com.alibaba.nacos.client.remote.worker" daemon [_thread_blocked, id=45712, stack(0x000000d67ab00000,0x000000d67ac00000)]
  0x0000029af2270800 JavaThread "com.alibaba.nacos.client.remote.worker" daemon [_thread_blocked, id=61368, stack(0x000000d67ac00000,0x000000d67ad00000)]
  0x0000029af226f800 JavaThread "grpc-nio-worker-ELG-1-5" daemon [_thread_in_native, id=84920, stack(0x000000d67ad00000,0x000000d67ae00000)]
  0x0000029af226b800 JavaThread "grpc-nio-worker-ELG-1-6" daemon [_thread_in_native, id=20000, stack(0x000000d67ae00000,0x000000d67af00000)]
  0x0000029ae67f0800 JavaThread "com.alibaba.nacos.client.naming.updater.0" daemon [_thread_blocked, id=63168, stack(0x000000d67be00000,0x000000d67bf00000)]
  0x0000029ae67f4000 JavaThread "Nacos-Watch-Task-Scheduler-1" [_thread_blocked, id=68404, stack(0x000000d67c100000,0x000000d67c200000)]
  0x0000029ae67f1800 JavaThread "http-nio-8082-exec-1" daemon [_thread_blocked, id=68148, stack(0x000000d67c200000,0x000000d67c300000)]
  0x0000029ae67f2800 JavaThread "http-nio-8082-exec-2" daemon [_thread_blocked, id=61216, stack(0x000000d67c300000,0x000000d67c400000)]
  0x0000029ae67f3000 JavaThread "http-nio-8082-exec-3" daemon [_thread_blocked, id=33604, stack(0x000000d67c400000,0x000000d67c500000)]
  0x0000029ae67f5000 JavaThread "http-nio-8082-exec-4" daemon [_thread_blocked, id=67856, stack(0x000000d67cc00000,0x000000d67cd00000)]
  0x0000029ae67ef000 JavaThread "http-nio-8082-exec-5" daemon [_thread_blocked, id=82672, stack(0x000000d67d300000,0x000000d67d400000)]
  0x0000029ae67f0000 JavaThread "http-nio-8082-exec-6" daemon [_thread_blocked, id=76328, stack(0x000000d67d700000,0x000000d67d800000)]
  0x0000029ae8626000 JavaThread "http-nio-8082-exec-7" daemon [_thread_blocked, id=73048, stack(0x000000d67d800000,0x000000d67d900000)]
  0x0000029ae8626800 JavaThread "http-nio-8082-exec-8" daemon [_thread_blocked, id=24652, stack(0x000000d67d900000,0x000000d67da00000)]
  0x0000029ae8629000 JavaThread "http-nio-8082-exec-9" daemon [_thread_blocked, id=55512, stack(0x000000d67da00000,0x000000d67db00000)]
  0x0000029ae8627800 JavaThread "http-nio-8082-exec-10" daemon [_thread_blocked, id=21060, stack(0x000000d67db00000,0x000000d67dc00000)]
  0x0000029ae862a000 JavaThread "http-nio-8082-Poller" daemon [_thread_in_native, id=28844, stack(0x000000d67dc00000,0x000000d67dd00000)]
  0x0000029ae862d000 JavaThread "http-nio-8082-Acceptor" daemon [_thread_in_native, id=76804, stack(0x000000d67dd00000,0x000000d67de00000)]
  0x0000029ae8fa0000 JavaThread "com.alibaba.nacos.client.naming.updater.1" daemon [_thread_blocked, id=21612, stack(0x000000d67e300000,0x000000d67e400000)]
  0x0000029ae8fa2800 JavaThread "DestroyJavaVM" [_thread_blocked, id=72176, stack(0x000000d677600000,0x000000d677700000)]
  0x0000029af2268000 JavaThread "logback-6" daemon [_thread_blocked, id=21548, stack(0x000000d67a200000,0x000000d67a300000)]
  0x0000029af2269000 JavaThread "logback-7" daemon [_thread_blocked, id=66592, stack(0x000000d67a300000,0x000000d67a400000)]
  0x0000029af2664000 JavaThread "logback-8" daemon [_thread_blocked, id=61148, stack(0x000000d67e800000,0x000000d67e900000)]
  0x0000029af2664800 JavaThread "logback-9" daemon [_thread_blocked, id=80976, stack(0x000000d67e900000,0x000000d67ea00000)]
  0x0000029af265f000 JavaThread "logback-10" daemon [_thread_blocked, id=84228, stack(0x000000d67ea00000,0x000000d67eb00000)]
  0x0000029af2663000 JavaThread "logback-11" daemon [_thread_blocked, id=25292, stack(0x000000d67bd00000,0x000000d67be00000)]
  0x0000029af2669000 JavaThread "logback-12" daemon [_thread_blocked, id=56920, stack(0x000000d67de00000,0x000000d67df00000)]
  0x0000029af2669800 JavaThread "logback-13" daemon [_thread_blocked, id=61272, stack(0x000000d67df00000,0x000000d67e000000)]
  0x0000029af266d000 JavaThread "logback-14" daemon [_thread_blocked, id=45808, stack(0x000000d67e200000,0x000000d67e300000)]
  0x0000029af266d800 JavaThread "logback-15" daemon [_thread_blocked, id=75744, stack(0x000000d67e400000,0x000000d67e500000)]
  0x0000029af266a800 JavaThread "sentinel-heartbeat-send-task-thread-1" daemon [_thread_blocked, id=82852, stack(0x000000d67e600000,0x000000d67e700000)]
  0x0000029af266b000 JavaThread "sentinel-time-tick-thread" daemon [_thread_blocked, id=75876, stack(0x000000d67eb00000,0x000000d67ec00000)]
  0x0000029af266c000 JavaThread "sentinel-system-status-record-task-thread-1" daemon [_thread_blocked, id=53948, stack(0x000000d67ec00000,0x000000d67ed00000)]
  0x0000029ae8fa4800 JavaThread "sentinel-command-center-executor-thread-1" daemon [_thread_in_native, id=60256, stack(0x000000d67ed00000,0x000000d67ee00000)]
  0x0000029ae8fa6000 JavaThread "sentinel-metrics-record-task-thread-1" daemon [_thread_blocked, id=57740, stack(0x000000d67ee00000,0x000000d67ef00000)]
  0x0000029ae8fa1000 JavaThread "boundedElastic-evictor-1" daemon [_thread_blocked, id=87332, stack(0x000000d67e500000,0x000000d67e600000)]
  0x0000029ae8faf000 JavaThread "com.alibaba.nacos.client.naming.updater.2" daemon [_thread_blocked, id=66020, stack(0x000000d67f000000,0x000000d67f100000)]
  0x0000029ae862e000 JavaThread "com.alibaba.nacos.client.naming.updater.3" daemon [_thread_blocked, id=88004, stack(0x000000d67f800000,0x000000d67f900000)]
  0x0000029af2661800 JavaThread "sentinel-heartbeat-send-task-thread-2" daemon [_thread_blocked, id=18908, stack(0x000000d677400000,0x000000d677500000)]
  0x0000029ae8630800 JavaThread "com.alibaba.nacos.client.naming.updater.2" daemon [_thread_blocked, id=56440, stack(0x000000d67bc00000,0x000000d67bd00000)]
  0x0000029ae893c000 JavaThread "sentinel-command-center-service-executor-thread-1" daemon [_thread_blocked, id=21896, stack(0x000000d67f900000,0x000000d67fa00000)]
  0x0000029ae893d000 JavaThread "sentinel-command-center-service-executor-thread-2" daemon [_thread_blocked, id=45904, stack(0x000000d67af00000,0x000000d67b000000)]
  0x0000029ae893e800 JavaThread "com.alibaba.nacos.client.naming.updater.4" daemon [_thread_blocked, id=68408, stack(0x000000d67bf00000,0x000000d67c000000)]
  0x0000029ae8941000 JavaThread "sentinel-command-center-service-executor-thread-3" daemon [_thread_blocked, id=11276, stack(0x000000d67f600000,0x000000d67f700000)]
  0x0000029ae8939800 JavaThread "logback-16" daemon [_thread_blocked, id=79900, stack(0x000000d67f100000,0x000000d67f200000)]
  0x0000029ae893b000 JavaThread "logback-17" daemon [_thread_blocked, id=33556, stack(0x000000d67f700000,0x000000d67f800000)]
  0x0000029ae8942800 JavaThread "logback-18" daemon [_thread_blocked, id=50384, stack(0x000000d67fa00000,0x000000d67fb00000)]
  0x0000029ae8943800 JavaThread "sentinel-command-center-service-executor-thread-4" daemon [_thread_blocked, id=74216, stack(0x000000d67fb00000,0x000000d67fc00000)]
  0x0000029ae8944000 JavaThread "logback-19" daemon [_thread_blocked, id=67864, stack(0x000000d67fc00000,0x000000d67fd00000)]
  0x0000029ae8945000 JavaThread "logback-20" daemon [_thread_blocked, id=22548, stack(0x000000d67fd00000,0x000000d67fe00000)]
  0x0000029ae893a800 JavaThread "sentinel-command-center-service-executor-thread-5" daemon [_thread_blocked, id=30984, stack(0x000000d67fe00000,0x000000d67ff00000)]
  0x0000029ae8946000 JavaThread "sentinel-command-center-service-executor-thread-6" daemon [_thread_blocked, id=67340, stack(0x000000d67ff00000,0x000000d680000000)]
  0x0000029ae8942000 JavaThread "sentinel-command-center-service-executor-thread-7" daemon [_thread_blocked, id=68908, stack(0x000000d67a600000,0x000000d67a700000)]
  0x0000029af2665800 JavaThread "sentinel-command-center-service-executor-thread-8" daemon [_thread_blocked, id=47180, stack(0x000000d67f200000,0x000000d67f300000)]
  0x0000029af2660000 JavaThread "logback-21" daemon [_thread_blocked, id=84460, stack(0x000000d600000000,0x000000d600100000)]
  0x0000029af2666800 JavaThread "logback-22" daemon [_thread_blocked, id=59204, stack(0x000000d600100000,0x000000d600200000)]
  0x0000029af2660800 JavaThread "logback-23" daemon [_thread_blocked, id=61760, stack(0x000000d600200000,0x000000d600300000)]
  0x0000029af2667000 JavaThread "logback-24" daemon [_thread_blocked, id=87484, stack(0x000000d600300000,0x000000d600400000)]
  0x0000029af2668000 JavaThread "logback-25" daemon [_thread_blocked, id=72184, stack(0x000000d600400000,0x000000d600500000)]
  0x0000029ae893d800 JavaThread "com.alibaba.nacos.client.naming.updater.5" daemon [_thread_blocked, id=41664, stack(0x000000d600900000,0x000000d600a00000)]
  0x0000029ae8938000 JavaThread "sentinel-command-center-service-executor-thread-9" daemon [_thread_blocked, id=85568, stack(0x000000d600a00000,0x000000d600b00000)]
  0x0000029ae8946800 JavaThread "com.alibaba.nacos.client.naming.updater.3" daemon [_thread_blocked, id=48568, stack(0x000000d600e00000,0x000000d600f00000)]
  0x0000029ae67ee800 JavaThread "sentinel-command-center-service-executor-thread-10" daemon [_thread_blocked, id=87044, stack(0x000000d600f00000,0x000000d601000000)]
  0x0000029ae8939000 JavaThread "sentinel-command-center-service-executor-thread-11" daemon [_thread_blocked, id=58656, stack(0x000000d600c00000,0x000000d600d00000)]
  0x0000029ae67eb000 JavaThread "com.alibaba.nacos.client.naming.updater.6" daemon [_thread_blocked, id=24992, stack(0x000000d601000000,0x000000d601100000)]
  0x0000029ae8fa2000 JavaThread "sentinel-command-center-service-executor-thread-12" daemon [_thread_blocked, id=33536, stack(0x000000d601200000,0x000000d601300000)]
  0x0000029af2271000 JavaThread "logback-26" daemon [_thread_blocked, id=78372, stack(0x000000d600b00000,0x000000d600c00000)]
  0x0000029af1b61800 JavaThread "logback-27" daemon [_thread_blocked, id=84676, stack(0x000000d601300000,0x000000d601400000)]
  0x0000029af1b60000 JavaThread "logback-28" daemon [_thread_blocked, id=77404, stack(0x000000d601400000,0x000000d601500000)]
  0x0000029af1b65000 JavaThread "logback-29" daemon [_thread_blocked, id=73820, stack(0x000000d601500000,0x000000d601600000)]
  0x0000029af1b5f800 JavaThread "logback-30" daemon [_thread_blocked, id=77004, stack(0x000000d601600000,0x000000d601700000)]
  0x0000029af1b66800 JavaThread "rpcDispatch_RMROLE_1_1_24" daemon [_thread_blocked, id=24280, stack(0x000000d601700000,0x000000d601800000)]
  0x0000029af1b69000 JavaThread "logback-31" daemon [_thread_blocked, id=66624, stack(0x000000d601900000,0x000000d601a00000)]
  0x0000029af1b6d000 JavaThread "logback-32" daemon [_thread_blocked, id=51716, stack(0x000000d601a00000,0x000000d601b00000)]
  0x0000029af1b6b800 JavaThread "logback-33" daemon [_thread_blocked, id=78124, stack(0x000000d601b00000,0x000000d601c00000)]
  0x0000029af1b6a800 JavaThread "logback-34" daemon [_thread_blocked, id=30552, stack(0x000000d601c00000,0x000000d601d00000)]
  0x0000029af1b6c800 JavaThread "logback-35" daemon [_thread_blocked, id=63240, stack(0x000000d601d00000,0x000000d601e00000)]
  0x0000029af1b6e000 JavaThread "com.alibaba.nacos.client.naming.updater.7" daemon [_thread_blocked, id=81924, stack(0x000000d601f00000,0x000000d602000000)]
  0x0000029ae893f800 JavaThread "com.alibaba.nacos.client.naming.updater.4" daemon [_thread_blocked, id=43716, stack(0x000000d602000000,0x000000d602100000)]
  0x0000029af1b67800 JavaThread "logback-36" daemon [_thread_blocked, id=70320, stack(0x000000d600d00000,0x000000d600e00000)]
  0x0000029ae67e7000 JavaThread "logback-37" daemon [_thread_blocked, id=26852, stack(0x000000d602300000,0x000000d602400000)]
  0x0000029ae67e8000 JavaThread "logback-38" daemon [_thread_blocked, id=75448, stack(0x000000d602400000,0x000000d602500000)]
  0x0000029af2265000 JavaThread "logback-39" daemon [_thread_blocked, id=25340, stack(0x000000d602500000,0x000000d602600000)]
  0x0000029af2265800 JavaThread "logback-40" daemon [_thread_blocked, id=68892, stack(0x000000d602600000,0x000000d602700000)]
  0x0000029af2662000 JavaThread "rpcDispatch_RMROLE_1_2_24" daemon [_thread_blocked, id=80688, stack(0x000000d602700000,0x000000d602800000)]
  0x0000029af1b68800 JavaThread "com.alibaba.nacos.client.naming.updater.5" daemon [_thread_blocked, id=67624, stack(0x000000d602200000,0x000000d602300000)]
  0x0000029af2804000 JavaThread "com.alibaba.nacos.client.naming.updater.6" daemon [_thread_blocked, id=85928, stack(0x000000d602100000,0x000000d602200000)]
  0x0000029af2806800 JavaThread "com.alibaba.nacos.client.naming.updater.7" daemon [_thread_blocked, id=75836, stack(0x000000d602900000,0x000000d602a00000)]
  0x0000029af27fe000 JavaThread "OkHttp TaskRunner" daemon [_thread_blocked, id=66220, stack(0x000000d602a00000,0x000000d602b00000)]
  0x0000029af2807000 JavaThread "ForkJoinPool.commonPool-worker-5" daemon [_thread_blocked, id=66668, stack(0x000000d602c00000,0x000000d602d00000)]
  0x0000029af2802000 JavaThread "rpcDispatch_RMROLE_1_3_24" daemon [_thread_blocked, id=4252, stack(0x000000d602d00000,0x000000d602e00000)]
  0x0000029af2801800 JavaThread "rpcDispatch_RMROLE_1_4_24" daemon [_thread_blocked, id=64872, stack(0x000000d601800000,0x000000d601900000)]
  0x0000029af2805800 JavaThread "rpcDispatch_RMROLE_1_5_24" daemon [_thread_blocked, id=22876, stack(0x000000d602800000,0x000000d602900000)]
  0x0000029af2800000 JavaThread "rpcDispatch_RMROLE_1_6_24" daemon [_thread_blocked, id=75360, stack(0x000000d602e00000,0x000000d602f00000)]
  0x0000029af2809000 JavaThread "rpcDispatch_RMROLE_1_7_24" daemon [_thread_blocked, id=77832, stack(0x000000d602b00000,0x000000d602c00000)]
  0x0000029af280b000 JavaThread "rpcDispatch_RMROLE_1_8_24" daemon [_thread_blocked, id=72280, stack(0x000000d602f00000,0x000000d603000000)]
  0x0000029af2804800 JavaThread "nacos-grpc-client-executor-658" daemon [_thread_blocked, id=65152, stack(0x000000d601100000,0x000000d601200000)]
  0x0000029af27ff000 JavaThread "nacos-grpc-client-executor-648" daemon [_thread_blocked, id=66364, stack(0x000000d603000000,0x000000d603100000)]
  0x0000029af2800800 JavaThread "nacos-grpc-client-executor-649" daemon [_thread_blocked, id=27724, stack(0x000000d600600000,0x000000d600700000)]
  0x0000029af280d000 JavaThread "nacos-grpc-client-executor-659" daemon [_thread_blocked, id=9760, stack(0x000000d603100000,0x000000d603200000)]
  0x0000029af2803000 JavaThread "nacos-grpc-client-executor-649" daemon [_thread_blocked, id=40720, stack(0x000000d600500000,0x000000d600600000)]
  0x0000029af2809800 JavaThread "nacos-grpc-client-executor-650" daemon [_thread_blocked, id=12836, stack(0x000000d600800000,0x000000d600900000)]

Other Threads:
=>0x0000029ae4d19800 VMThread "VM Thread" [stack: 0x000000d677c00000,0x000000d677d00000] [id=66616] _threads_hazard_ptr=0x0000029ae828bc30
  0x0000029ae588e000 WatcherThread [stack: 0x000000d678e00000,0x000000d678f00000] [id=18160]
  0x0000029ac1364000 GCTaskThread "GC Thread#0" [stack: 0x000000d677700000,0x000000d677800000] [id=76416]
  0x0000029ae5aef000 GCTaskThread "GC Thread#1" [stack: 0x000000d678900000,0x000000d678a00000] [id=82804]
  0x0000029ae5ae7000 GCTaskThread "GC Thread#2" [stack: 0x000000d678a00000,0x000000d678b00000] [id=66156]
  0x0000029ae5af2000 GCTaskThread "GC Thread#3" [stack: 0x000000d678b00000,0x000000d678c00000] [id=824]
  0x0000029ae5aff800 GCTaskThread "GC Thread#4" [stack: 0x000000d678c00000,0x000000d678d00000] [id=57732]
  0x0000029ae5b01800 GCTaskThread "GC Thread#5" [stack: 0x000000d678d00000,0x000000d678e00000] [id=50264]
  0x0000029af232e000 GCTaskThread "GC Thread#6" [stack: 0x000000d67d400000,0x000000d67d500000] [id=85808]
  0x0000029af232e800 GCTaskThread "GC Thread#7" [stack: 0x000000d67d500000,0x000000d67d600000] [id=66372]
  0x0000029af1c5d800 GCTaskThread "GC Thread#8" [stack: 0x000000d67e000000,0x000000d67e100000] [id=29444]
  0x0000029af1c5e000 GCTaskThread "GC Thread#9" [stack: 0x000000d67e100000,0x000000d67e200000] [id=58744]
  0x0000029ac13c1800 ConcurrentGCThread "G1 Main Marker" [stack: 0x000000d677800000,0x000000d677900000] [id=22324]
  0x0000029ac13c3000 ConcurrentGCThread "G1 Conc#0" [stack: 0x000000d677900000,0x000000d677a00000] [id=79116]
  0x0000029ae6238800 ConcurrentGCThread "G1 Conc#1" [stack: 0x000000d679000000,0x000000d679100000] [id=82156]
  0x0000029ae6039800 ConcurrentGCThread "G1 Conc#2" [stack: 0x000000d679100000,0x000000d679200000] [id=30028]
  0x0000029ae4382800 ConcurrentGCThread "G1 Refine#0" [stack: 0x000000d677a00000,0x000000d677b00000] [id=73916]
  0x0000029af28d7000 ConcurrentGCThread "G1 Refine#1" [stack: 0x000000d600700000,0x000000d600800000] [id=66324]
  0x0000029ae4383800 ConcurrentGCThread "G1 Young RemSet Sampling" [stack: 0x000000d677b00000,0x000000d677c00000] [id=66776]

Threads with active compile tasks:

VM state:at safepoint (normal execution)

VM Mutex/Monitor currently owned by a thread:  ([mutex/lock_event])
[0x0000029ac134a4c0] Threads_lock - owner thread: 0x0000029ae4d19800

Heap address: 0x0000000701400000, size: 4076 MB, Compressed Oops mode: Zero based, Oop shift amount: 3
Narrow klass base: 0x0000000800000000, Narrow klass shift: 0
Compressed class space size: 1073741824 Address: 0x0000000800000000

Heap:
 garbage-first heap   total 262144K, used 176322K [0x0000000701400000, 0x0000000800000000)
  region size 1024K, 129 young (132096K), 9 survivors (9216K)
 Metaspace       used 87656K, capacity 90305K, committed 90536K, reserved 1128448K
  class space    used 10849K, capacity 11882K, committed 11928K, reserved 1048576K
Heap Regions: E=young(eden), S=young(survivor), O=old, HS=humongous(starts), HC=humongous(continues), CS=collection set, F=free, A=archive, TAMS=top-at-mark-start (previous, next)
|   0|0x0000000701400000, 0x0000000701500000, 0x0000000701500000|100%|HS|  |TAMS 0x0000000701500000, 0x0000000701400000| Complete 
|   1|0x0000000701500000, 0x0000000701600000, 0x0000000701600000|100%| O|  |TAMS 0x0000000701600000, 0x0000000701500000| Untracked 
|   2|0x0000000701600000, 0x0000000701700000, 0x0000000701700000|100%| O|  |TAMS 0x0000000701700000, 0x0000000701600000| Untracked 
|   3|0x0000000701700000, 0x0000000701800000, 0x0000000701800000|100%| O|  |TAMS 0x0000000701800000, 0x0000000701700000| Untracked 
|   4|0x0000000701800000, 0x0000000701900000, 0x0000000701900000|100%| O|  |TAMS 0x0000000701900000, 0x0000000701800000| Untracked 
|   5|0x0000000701900000, 0x0000000701a00000, 0x0000000701a00000|100%| O|  |TAMS 0x0000000701a00000, 0x0000000701900000| Untracked 
|   6|0x0000000701a00000, 0x0000000701b00000, 0x0000000701b00000|100%| O|  |TAMS 0x0000000701b00000, 0x0000000701a00000| Untracked 
|   7|0x0000000701b00000, 0x0000000701c00000, 0x0000000701c00000|100%| O|  |TAMS 0x0000000701c00000, 0x0000000701b00000| Untracked 
|   8|0x0000000701c00000, 0x0000000701d00000, 0x0000000701d00000|100%| O|  |TAMS 0x0000000701d00000, 0x0000000701c00000| Untracked 
|   9|0x0000000701d00000, 0x0000000701e00000, 0x0000000701e00000|100%| O|  |TAMS 0x0000000701e00000, 0x0000000701d00000| Untracked 
|  10|0x0000000701e00000, 0x0000000701f00000, 0x0000000701f00000|100%| O|  |TAMS 0x0000000701f00000, 0x0000000701e00000| Untracked 
|  11|0x0000000701f00000, 0x0000000702000000, 0x0000000702000000|100%| O|  |TAMS 0x0000000702000000, 0x0000000701f00000| Untracked 
|  12|0x0000000702000000, 0x0000000702100000, 0x0000000702100000|100%| O|  |TAMS 0x0000000702100000, 0x0000000702000000| Untracked 
|  13|0x0000000702100000, 0x0000000702200000, 0x0000000702200000|100%| O|  |TAMS 0x0000000702200000, 0x0000000702100000| Untracked 
|  14|0x0000000702200000, 0x0000000702300000, 0x0000000702300000|100%| O|  |TAMS 0x0000000702300000, 0x0000000702200000| Untracked 
|  15|0x0000000702300000, 0x0000000702400000, 0x0000000702400000|100%| O|  |TAMS 0x0000000702400000, 0x0000000702300000| Untracked 
|  16|0x0000000702400000, 0x0000000702500000, 0x0000000702500000|100%| O|  |TAMS 0x0000000702500000, 0x0000000702400000| Untracked 
|  17|0x0000000702500000, 0x0000000702600000, 0x0000000702600000|100%| O|  |TAMS 0x0000000702600000, 0x0000000702500000| Untracked 
|  18|0x0000000702600000, 0x0000000702700000, 0x0000000702700000|100%| O|  |TAMS 0x0000000702700000, 0x0000000702600000| Untracked 
|  19|0x0000000702700000, 0x0000000702800000, 0x0000000702800000|100%| O|  |TAMS 0x0000000702800000, 0x0000000702700000| Untracked 
|  20|0x0000000702800000, 0x0000000702900000, 0x0000000702900000|100%| O|  |TAMS 0x0000000702900000, 0x0000000702800000| Untracked 
|  21|0x0000000702900000, 0x0000000702a00000, 0x0000000702a00000|100%| O|  |TAMS 0x0000000702a00000, 0x0000000702900000| Untracked 
|  22|0x0000000702a00000, 0x0000000702b00000, 0x0000000702b00000|100%| O|  |TAMS 0x0000000702b00000, 0x0000000702a00000| Untracked 
|  23|0x0000000702b00000, 0x0000000702c00000, 0x0000000702c00000|100%| O|  |TAMS 0x0000000702c00000, 0x0000000702b00000| Untracked 
|  24|0x0000000702c00000, 0x0000000702d00000, 0x0000000702d00000|100%| O|  |TAMS 0x0000000702d00000, 0x0000000702c00000| Untracked 
|  25|0x0000000702d00000, 0x0000000702e00000, 0x0000000702e00000|100%| O|  |TAMS 0x0000000702e00000, 0x0000000702d00000| Untracked 
|  26|0x0000000702e00000, 0x0000000702f00000, 0x0000000702f00000|100%| O|  |TAMS 0x0000000702f00000, 0x0000000702e00000| Untracked 
|  27|0x0000000702f00000, 0x0000000703000000, 0x0000000703000000|100%| O|  |TAMS 0x0000000703000000, 0x0000000702f00000| Untracked 
|  28|0x0000000703000000, 0x0000000703100000, 0x0000000703100000|100%| O|  |TAMS 0x0000000703100000, 0x0000000703000000| Untracked 
|  29|0x0000000703100000, 0x0000000703200000, 0x0000000703200000|100%| O|  |TAMS 0x0000000703200000, 0x0000000703100000| Untracked 
|  30|0x0000000703200000, 0x0000000703300000, 0x0000000703300000|100%| O|  |TAMS 0x0000000703300000, 0x0000000703200000| Untracked 
|  31|0x0000000703300000, 0x0000000703400000, 0x0000000703400000|100%| O|  |TAMS 0x0000000703400000, 0x0000000703300000| Untracked 
|  32|0x0000000703400000, 0x0000000703500000, 0x0000000703500000|100%| O|  |TAMS 0x0000000703500000, 0x0000000703400000| Untracked 
|  33|0x0000000703500000, 0x0000000703600000, 0x0000000703600000|100%| O|  |TAMS 0x0000000703600000, 0x0000000703500000| Untracked 
|  34|0x0000000703600000, 0x0000000703700000, 0x0000000703700000|100%| O|  |TAMS 0x0000000703700000, 0x0000000703600000| Untracked 
|  35|0x0000000703700000, 0x0000000703800000, 0x0000000703800000|100%| O|  |TAMS 0x0000000703800000, 0x0000000703700000| Untracked 
|  36|0x0000000703800000, 0x0000000703900000, 0x0000000703900000|100%| O|  |TAMS 0x0000000703900000, 0x0000000703800000| Untracked 
|  37|0x0000000703900000, 0x0000000703a00000, 0x0000000703a00000|100%| O|  |TAMS 0x0000000703a00000, 0x0000000703900000| Untracked 
|  38|0x0000000703a00000, 0x0000000703b00000, 0x0000000703b00000|100%| O|  |TAMS 0x0000000703ac1c00, 0x0000000703a00000| Untracked 
|  39|0x0000000703b00000, 0x0000000703c00000, 0x0000000703c00000|100%| O|  |TAMS 0x0000000703b00000, 0x0000000703b00000| Untracked 
|  40|0x0000000703c00000, 0x0000000703d00000, 0x0000000703d00000|100%| O|  |TAMS 0x0000000703c00000, 0x0000000703c00000| Untracked 
|  41|0x0000000703d00000, 0x0000000703e00000, 0x0000000703e00000|100%| O|  |TAMS 0x0000000703d00000, 0x0000000703d00000| Untracked 
|  42|0x0000000703e00000, 0x0000000703f00000, 0x0000000703f00000|100%| O|  |TAMS 0x0000000703e00000, 0x0000000703e00000| Untracked 
|  43|0x0000000703f00000, 0x0000000704000000, 0x0000000704000000|100%| O|  |TAMS 0x0000000703f00000, 0x0000000703f00000| Untracked 
|  44|0x0000000704000000, 0x0000000704100000, 0x0000000704100000|100%| O|  |TAMS 0x0000000704000000, 0x0000000704000000| Untracked 
|  45|0x0000000704100000, 0x0000000704130800, 0x0000000704200000| 18%| O|  |TAMS 0x0000000704100000, 0x0000000704100000| Untracked 
|  46|0x0000000704200000, 0x0000000704200000, 0x0000000704300000|  0%| F|  |TAMS 0x0000000704200000, 0x0000000704200000| Untracked 
|  47|0x0000000704300000, 0x0000000704300000, 0x0000000704400000|  0%| F|  |TAMS 0x0000000704300000, 0x0000000704300000| Untracked 
|  48|0x0000000704400000, 0x0000000704400000, 0x0000000704500000|  0%| F|  |TAMS 0x0000000704400000, 0x0000000704400000| Untracked 
|  49|0x0000000704500000, 0x0000000704500000, 0x0000000704600000|  0%| F|  |TAMS 0x0000000704500000, 0x0000000704500000| Untracked 
|  50|0x0000000704600000, 0x0000000704600000, 0x0000000704700000|  0%| F|  |TAMS 0x0000000704600000, 0x0000000704600000| Untracked 
|  51|0x0000000704700000, 0x0000000704700000, 0x0000000704800000|  0%| F|  |TAMS 0x0000000704700000, 0x0000000704700000| Untracked 
|  52|0x0000000704800000, 0x0000000704800000, 0x0000000704900000|  0%| F|  |TAMS 0x0000000704800000, 0x0000000704800000| Untracked 
|  53|0x0000000704900000, 0x0000000704900000, 0x0000000704a00000|  0%| F|  |TAMS 0x0000000704900000, 0x0000000704900000| Untracked 
|  54|0x0000000704a00000, 0x0000000704a00000, 0x0000000704b00000|  0%| F|  |TAMS 0x0000000704a00000, 0x0000000704a00000| Untracked 
|  55|0x0000000704b00000, 0x0000000704b00000, 0x0000000704c00000|  0%| F|  |TAMS 0x0000000704b00000, 0x0000000704b00000| Untracked 
|  56|0x0000000704c00000, 0x0000000704c00000, 0x0000000704d00000|  0%| F|  |TAMS 0x0000000704c00000, 0x0000000704c00000| Untracked 
|  57|0x0000000704d00000, 0x0000000704d00000, 0x0000000704e00000|  0%| F|  |TAMS 0x0000000704d00000, 0x0000000704d00000| Untracked 
|  58|0x0000000704e00000, 0x0000000704e00000, 0x0000000704f00000|  0%| F|  |TAMS 0x0000000704e00000, 0x0000000704e00000| Untracked 
|  59|0x0000000704f00000, 0x0000000704f00000, 0x0000000705000000|  0%| F|  |TAMS 0x0000000704f00000, 0x0000000704f00000| Untracked 
|  60|0x0000000705000000, 0x0000000705000000, 0x0000000705100000|  0%| F|  |TAMS 0x0000000705000000, 0x0000000705000000| Untracked 
|  61|0x0000000705100000, 0x0000000705100000, 0x0000000705200000|  0%| F|  |TAMS 0x0000000705100000, 0x0000000705100000| Untracked 
|  62|0x0000000705200000, 0x0000000705200000, 0x0000000705300000|  0%| F|  |TAMS 0x0000000705200000, 0x0000000705200000| Untracked 
|  63|0x0000000705300000, 0x0000000705300000, 0x0000000705400000|  0%| F|  |TAMS 0x0000000705300000, 0x0000000705300000| Untracked 
|  64|0x0000000705400000, 0x0000000705400000, 0x0000000705500000|  0%| F|  |TAMS 0x0000000705400000, 0x0000000705400000| Untracked 
|  65|0x0000000705500000, 0x0000000705500000, 0x0000000705600000|  0%| F|  |TAMS 0x0000000705500000, 0x0000000705500000| Untracked 
|  66|0x0000000705600000, 0x0000000705600000, 0x0000000705700000|  0%| F|  |TAMS 0x0000000705600000, 0x0000000705600000| Untracked 
|  67|0x0000000705700000, 0x0000000705700000, 0x0000000705800000|  0%| F|  |TAMS 0x0000000705700000, 0x0000000705700000| Untracked 
|  68|0x0000000705800000, 0x0000000705800000, 0x0000000705900000|  0%| F|  |TAMS 0x0000000705800000, 0x0000000705800000| Untracked 
|  69|0x0000000705900000, 0x0000000705900000, 0x0000000705a00000|  0%| F|  |TAMS 0x0000000705900000, 0x0000000705900000| Untracked 
|  70|0x0000000705a00000, 0x0000000705a00000, 0x0000000705b00000|  0%| F|  |TAMS 0x0000000705a00000, 0x0000000705a00000| Untracked 
|  71|0x0000000705b00000, 0x0000000705b00000, 0x0000000705c00000|  0%| F|  |TAMS 0x0000000705b00000, 0x0000000705b00000| Untracked 
|  72|0x0000000705c00000, 0x0000000705c00000, 0x0000000705d00000|  0%| F|  |TAMS 0x0000000705c00000, 0x0000000705c00000| Untracked 
|  73|0x0000000705d00000, 0x0000000705d00000, 0x0000000705e00000|  0%| F|  |TAMS 0x0000000705d00000, 0x0000000705d00000| Untracked 
|  74|0x0000000705e00000, 0x0000000705e00000, 0x0000000705f00000|  0%| F|  |TAMS 0x0000000705e00000, 0x0000000705e00000| Untracked 
|  75|0x0000000705f00000, 0x0000000705f00000, 0x0000000706000000|  0%| F|  |TAMS 0x0000000705f00000, 0x0000000705f00000| Untracked 
|  76|0x0000000706000000, 0x0000000706000000, 0x0000000706100000|  0%| F|  |TAMS 0x0000000706000000, 0x0000000706000000| Untracked 
|  77|0x0000000706100000, 0x0000000706100000, 0x0000000706200000|  0%| F|  |TAMS 0x0000000706100000, 0x0000000706100000| Untracked 
|  78|0x0000000706200000, 0x0000000706200000, 0x0000000706300000|  0%| F|  |TAMS 0x0000000706200000, 0x0000000706200000| Untracked 
|  79|0x0000000706300000, 0x0000000706300000, 0x0000000706400000|  0%| F|  |TAMS 0x0000000706300000, 0x0000000706300000| Untracked 
|  80|0x0000000706400000, 0x0000000706400000, 0x0000000706500000|  0%| F|  |TAMS 0x0000000706400000, 0x0000000706400000| Untracked 
|  81|0x0000000706500000, 0x0000000706500000, 0x0000000706600000|  0%| F|  |TAMS 0x0000000706500000, 0x0000000706500000| Untracked 
|  82|0x0000000706600000, 0x0000000706600000, 0x0000000706700000|  0%| F|  |TAMS 0x0000000706600000, 0x0000000706600000| Untracked 
|  83|0x0000000706700000, 0x0000000706700000, 0x0000000706800000|  0%| F|  |TAMS 0x0000000706700000, 0x0000000706700000| Untracked 
|  84|0x0000000706800000, 0x0000000706800000, 0x0000000706900000|  0%| F|  |TAMS 0x0000000706800000, 0x0000000706800000| Untracked 
|  85|0x0000000706900000, 0x0000000706900000, 0x0000000706a00000|  0%| F|  |TAMS 0x0000000706900000, 0x0000000706900000| Untracked 
|  86|0x0000000706a00000, 0x0000000706a00000, 0x0000000706b00000|  0%| F|  |TAMS 0x0000000706a00000, 0x0000000706a00000| Untracked 
|  87|0x0000000706b00000, 0x0000000706b00000, 0x0000000706c00000|  0%| F|  |TAMS 0x0000000706b00000, 0x0000000706b00000| Untracked 
|  88|0x0000000706c00000, 0x0000000706c00000, 0x0000000706d00000|  0%| F|  |TAMS 0x0000000706c00000, 0x0000000706c00000| Untracked 
|  89|0x0000000706d00000, 0x0000000706d00000, 0x0000000706e00000|  0%| F|  |TAMS 0x0000000706d00000, 0x0000000706d00000| Untracked 
|  90|0x0000000706e00000, 0x0000000706e00000, 0x0000000706f00000|  0%| F|  |TAMS 0x0000000706e00000, 0x0000000706e00000| Untracked 
|  91|0x0000000706f00000, 0x0000000706f00000, 0x0000000707000000|  0%| F|  |TAMS 0x0000000706f00000, 0x0000000706f00000| Untracked 
|  92|0x0000000707000000, 0x0000000707000000, 0x0000000707100000|  0%| F|  |TAMS 0x0000000707000000, 0x0000000707000000| Untracked 
|  93|0x0000000707100000, 0x0000000707100000, 0x0000000707200000|  0%| F|  |TAMS 0x0000000707100000, 0x0000000707100000| Untracked 
|  94|0x0000000707200000, 0x0000000707200000, 0x0000000707300000|  0%| F|  |TAMS 0x0000000707200000, 0x0000000707200000| Untracked 
|  95|0x0000000707300000, 0x0000000707300000, 0x0000000707400000|  0%| F|  |TAMS 0x0000000707300000, 0x0000000707300000| Untracked 
|  96|0x0000000707400000, 0x0000000707400000, 0x0000000707500000|  0%| F|  |TAMS 0x0000000707400000, 0x0000000707400000| Untracked 
|  97|0x0000000707500000, 0x0000000707500000, 0x0000000707600000|  0%| F|  |TAMS 0x0000000707500000, 0x0000000707500000| Untracked 
|  98|0x0000000707600000, 0x0000000707600000, 0x0000000707700000|  0%| F|  |TAMS 0x0000000707600000, 0x0000000707600000| Untracked 
|  99|0x0000000707700000, 0x0000000707700000, 0x0000000707800000|  0%| F|  |TAMS 0x0000000707700000, 0x0000000707700000| Untracked 
| 100|0x0000000707800000, 0x0000000707800000, 0x0000000707900000|  0%| F|  |TAMS 0x0000000707800000, 0x0000000707800000| Untracked 
| 101|0x0000000707900000, 0x0000000707900000, 0x0000000707a00000|  0%| F|  |TAMS 0x0000000707900000, 0x0000000707900000| Untracked 
| 102|0x0000000707a00000, 0x0000000707a00000, 0x0000000707b00000|  0%| F|  |TAMS 0x0000000707a00000, 0x0000000707a00000| Untracked 
| 103|0x0000000707b00000, 0x0000000707b00000, 0x0000000707c00000|  0%| F|  |TAMS 0x0000000707b00000, 0x0000000707b00000| Untracked 
| 104|0x0000000707c00000, 0x0000000707c00000, 0x0000000707d00000|  0%| F|  |TAMS 0x0000000707c00000, 0x0000000707c00000| Untracked 
| 105|0x0000000707d00000, 0x0000000707d00000, 0x0000000707e00000|  0%| F|  |TAMS 0x0000000707d00000, 0x0000000707d00000| Untracked 
| 106|0x0000000707e00000, 0x0000000707e00000, 0x0000000707f00000|  0%| F|  |TAMS 0x0000000707e00000, 0x0000000707e00000| Untracked 
| 107|0x0000000707f00000, 0x0000000707f00000, 0x0000000708000000|  0%| F|  |TAMS 0x0000000707f00000, 0x0000000707f00000| Untracked 
| 108|0x0000000708000000, 0x0000000708000000, 0x0000000708100000|  0%| F|  |TAMS 0x0000000708000000, 0x0000000708000000| Untracked 
| 109|0x0000000708100000, 0x0000000708200000, 0x0000000708200000|100%| S|CS|TAMS 0x0000000708100000, 0x0000000708100000| Complete 
| 110|0x0000000708200000, 0x0000000708300000, 0x0000000708300000|100%| S|CS|TAMS 0x0000000708200000, 0x0000000708200000| Complete 
| 111|0x0000000708300000, 0x0000000708400000, 0x0000000708400000|100%| S|CS|TAMS 0x0000000708300000, 0x0000000708300000| Complete 
| 112|0x0000000708400000, 0x0000000708500000, 0x0000000708500000|100%| S|CS|TAMS 0x0000000708400000, 0x0000000708400000| Complete 
| 113|0x0000000708500000, 0x0000000708600000, 0x0000000708600000|100%| S|CS|TAMS 0x0000000708500000, 0x0000000708500000| Complete 
| 114|0x0000000708600000, 0x0000000708700000, 0x0000000708700000|100%| S|CS|TAMS 0x0000000708600000, 0x0000000708600000| Complete 
| 115|0x0000000708700000, 0x0000000708800000, 0x0000000708800000|100%| S|CS|TAMS 0x0000000708700000, 0x0000000708700000| Complete 
| 116|0x0000000708800000, 0x0000000708900000, 0x0000000708900000|100%| S|CS|TAMS 0x0000000708800000, 0x0000000708800000| Complete 
| 117|0x0000000708900000, 0x0000000708a00000, 0x0000000708a00000|100%| S|CS|TAMS 0x0000000708900000, 0x0000000708900000| Complete 
| 118|0x0000000708a00000, 0x0000000708a00000, 0x0000000708b00000|  0%| F|  |TAMS 0x0000000708a00000, 0x0000000708a00000| Untracked 
| 119|0x0000000708b00000, 0x0000000708b00000, 0x0000000708c00000|  0%| F|  |TAMS 0x0000000708b00000, 0x0000000708b00000| Untracked 
| 120|0x0000000708c00000, 0x0000000708c00000, 0x0000000708d00000|  0%| F|  |TAMS 0x0000000708c00000, 0x0000000708c00000| Untracked 
| 121|0x0000000708d00000, 0x0000000708d00000, 0x0000000708e00000|  0%| F|  |TAMS 0x0000000708d00000, 0x0000000708d00000| Untracked 
| 122|0x0000000708e00000, 0x0000000708e00000, 0x0000000708f00000|  0%| F|  |TAMS 0x0000000708e00000, 0x0000000708e00000| Untracked 
| 123|0x0000000708f00000, 0x0000000708f00000, 0x0000000709000000|  0%| F|  |TAMS 0x0000000708f00000, 0x0000000708f00000| Untracked 
| 124|0x0000000709000000, 0x0000000709000000, 0x0000000709100000|  0%| F|  |TAMS 0x0000000709000000, 0x0000000709000000| Untracked 
| 125|0x0000000709100000, 0x0000000709100000, 0x0000000709200000|  0%| F|  |TAMS 0x0000000709100000, 0x0000000709100000| Untracked 
| 126|0x0000000709200000, 0x0000000709200000, 0x0000000709300000|  0%| F|  |TAMS 0x0000000709200000, 0x0000000709200000| Untracked 
| 127|0x0000000709300000, 0x0000000709300000, 0x0000000709400000|  0%| F|  |TAMS 0x0000000709300000, 0x0000000709300000| Untracked 
| 128|0x0000000709400000, 0x0000000709400000, 0x0000000709500000|  0%| F|  |TAMS 0x0000000709400000, 0x0000000709400000| Untracked 
| 129|0x0000000709500000, 0x0000000709500000, 0x0000000709600000|  0%| F|  |TAMS 0x0000000709500000, 0x0000000709500000| Untracked 
| 130|0x0000000709600000, 0x0000000709600000, 0x0000000709700000|  0%| F|  |TAMS 0x0000000709600000, 0x0000000709600000| Untracked 
| 131|0x0000000709700000, 0x0000000709700000, 0x0000000709800000|  0%| F|  |TAMS 0x0000000709700000, 0x0000000709700000| Untracked 
| 132|0x0000000709800000, 0x0000000709800000, 0x0000000709900000|  0%| F|  |TAMS 0x0000000709800000, 0x0000000709800000| Untracked 
| 133|0x0000000709900000, 0x0000000709900000, 0x0000000709a00000|  0%| F|  |TAMS 0x0000000709900000, 0x0000000709900000| Untracked 
| 134|0x0000000709a00000, 0x0000000709a00000, 0x0000000709b00000|  0%| F|  |TAMS 0x0000000709a00000, 0x0000000709a00000| Untracked 
| 135|0x0000000709b00000, 0x0000000709b00000, 0x0000000709c00000|  0%| F|  |TAMS 0x0000000709b00000, 0x0000000709b00000| Untracked 
| 136|0x0000000709c00000, 0x0000000709ced5b8, 0x0000000709d00000| 92%| E|  |TAMS 0x0000000709c00000, 0x0000000709c00000| Complete 
| 137|0x0000000709d00000, 0x0000000709e00000, 0x0000000709e00000|100%| E|CS|TAMS 0x0000000709d00000, 0x0000000709d00000| Complete 
| 138|0x0000000709e00000, 0x0000000709f00000, 0x0000000709f00000|100%| E|CS|TAMS 0x0000000709e00000, 0x0000000709e00000| Complete 
| 139|0x0000000709f00000, 0x000000070a000000, 0x000000070a000000|100%| E|CS|TAMS 0x0000000709f00000, 0x0000000709f00000| Complete 
| 140|0x000000070a000000, 0x000000070a100000, 0x000000070a100000|100%| E|CS|TAMS 0x000000070a000000, 0x000000070a000000| Complete 
| 141|0x000000070a100000, 0x000000070a200000, 0x000000070a200000|100%| E|CS|TAMS 0x000000070a100000, 0x000000070a100000| Complete 
| 142|0x000000070a200000, 0x000000070a300000, 0x000000070a300000|100%| E|CS|TAMS 0x000000070a200000, 0x000000070a200000| Complete 
| 143|0x000000070a300000, 0x000000070a400000, 0x000000070a400000|100%| E|CS|TAMS 0x000000070a300000, 0x000000070a300000| Complete 
| 144|0x000000070a400000, 0x000000070a500000, 0x000000070a500000|100%| E|CS|TAMS 0x000000070a400000, 0x000000070a400000| Complete 
| 145|0x000000070a500000, 0x000000070a600000, 0x000000070a600000|100%| E|CS|TAMS 0x000000070a500000, 0x000000070a500000| Complete 
| 146|0x000000070a600000, 0x000000070a700000, 0x000000070a700000|100%| E|CS|TAMS 0x000000070a600000, 0x000000070a600000| Complete 
| 147|0x000000070a700000, 0x000000070a800000, 0x000000070a800000|100%| E|CS|TAMS 0x000000070a700000, 0x000000070a700000| Complete 
| 148|0x000000070a800000, 0x000000070a900000, 0x000000070a900000|100%| E|CS|TAMS 0x000000070a800000, 0x000000070a800000| Complete 
| 149|0x000000070a900000, 0x000000070aa00000, 0x000000070aa00000|100%| E|CS|TAMS 0x000000070a900000, 0x000000070a900000| Complete 
| 150|0x000000070aa00000, 0x000000070ab00000, 0x000000070ab00000|100%| E|CS|TAMS 0x000000070aa00000, 0x000000070aa00000| Complete 
| 151|0x000000070ab00000, 0x000000070ac00000, 0x000000070ac00000|100%| E|  |TAMS 0x000000070ab00000, 0x000000070ab00000| Complete 
| 152|0x000000070ac00000, 0x000000070ad00000, 0x000000070ad00000|100%| E|CS|TAMS 0x000000070ac00000, 0x000000070ac00000| Complete 
| 153|0x000000070ad00000, 0x000000070ae00000, 0x000000070ae00000|100%| E|CS|TAMS 0x000000070ad00000, 0x000000070ad00000| Complete 
| 154|0x000000070ae00000, 0x000000070af00000, 0x000000070af00000|100%| E|CS|TAMS 0x000000070ae00000, 0x000000070ae00000| Complete 
| 155|0x000000070af00000, 0x000000070b000000, 0x000000070b000000|100%| E|CS|TAMS 0x000000070af00000, 0x000000070af00000| Complete 
| 156|0x000000070b000000, 0x000000070b100000, 0x000000070b100000|100%| E|CS|TAMS 0x000000070b000000, 0x000000070b000000| Complete 
| 157|0x000000070b100000, 0x000000070b200000, 0x000000070b200000|100%| E|CS|TAMS 0x000000070b100000, 0x000000070b100000| Complete 
| 158|0x000000070b200000, 0x000000070b300000, 0x000000070b300000|100%| E|CS|TAMS 0x000000070b200000, 0x000000070b200000| Complete 
| 159|0x000000070b300000, 0x000000070b400000, 0x000000070b400000|100%| E|CS|TAMS 0x000000070b300000, 0x000000070b300000| Complete 
| 160|0x000000070b400000, 0x000000070b500000, 0x000000070b500000|100%| E|CS|TAMS 0x000000070b400000, 0x000000070b400000| Complete 
| 161|0x000000070b500000, 0x000000070b600000, 0x000000070b600000|100%| E|CS|TAMS 0x000000070b500000, 0x000000070b500000| Complete 
| 162|0x000000070b600000, 0x000000070b700000, 0x000000070b700000|100%| E|CS|TAMS 0x000000070b600000, 0x000000070b600000| Complete 
| 163|0x000000070b700000, 0x000000070b800000, 0x000000070b800000|100%| E|CS|TAMS 0x000000070b700000, 0x000000070b700000| Complete 
| 164|0x000000070b800000, 0x000000070b900000, 0x000000070b900000|100%| E|CS|TAMS 0x000000070b800000, 0x000000070b800000| Complete 
| 165|0x000000070b900000, 0x000000070ba00000, 0x000000070ba00000|100%| E|CS|TAMS 0x000000070b900000, 0x000000070b900000| Complete 
| 166|0x000000070ba00000, 0x000000070bb00000, 0x000000070bb00000|100%| E|CS|TAMS 0x000000070ba00000, 0x000000070ba00000| Complete 
| 167|0x000000070bb00000, 0x000000070bc00000, 0x000000070bc00000|100%| E|CS|TAMS 0x000000070bb00000, 0x000000070bb00000| Complete 
| 168|0x000000070bc00000, 0x000000070bd00000, 0x000000070bd00000|100%| E|CS|TAMS 0x000000070bc00000, 0x000000070bc00000| Complete 
| 169|0x000000070bd00000, 0x000000070be00000, 0x000000070be00000|100%| E|CS|TAMS 0x000000070bd00000, 0x000000070bd00000| Complete 
| 170|0x000000070be00000, 0x000000070bf00000, 0x000000070bf00000|100%| E|CS|TAMS 0x000000070be00000, 0x000000070be00000| Complete 
| 171|0x000000070bf00000, 0x000000070c000000, 0x000000070c000000|100%| E|CS|TAMS 0x000000070bf00000, 0x000000070bf00000| Complete 
| 172|0x000000070c000000, 0x000000070c100000, 0x000000070c100000|100%| E|CS|TAMS 0x000000070c000000, 0x000000070c000000| Complete 
| 173|0x000000070c100000, 0x000000070c200000, 0x000000070c200000|100%| E|CS|TAMS 0x000000070c100000, 0x000000070c100000| Complete 
| 174|0x000000070c200000, 0x000000070c300000, 0x000000070c300000|100%| E|CS|TAMS 0x000000070c200000, 0x000000070c200000| Complete 
| 175|0x000000070c300000, 0x000000070c400000, 0x000000070c400000|100%| E|CS|TAMS 0x000000070c300000, 0x000000070c300000| Complete 
| 176|0x000000070c400000, 0x000000070c500000, 0x000000070c500000|100%| E|CS|TAMS 0x000000070c400000, 0x000000070c400000| Complete 
| 177|0x000000070c500000, 0x000000070c600000, 0x000000070c600000|100%| E|CS|TAMS 0x000000070c500000, 0x000000070c500000| Complete 
| 178|0x000000070c600000, 0x000000070c700000, 0x000000070c700000|100%| E|CS|TAMS 0x000000070c600000, 0x000000070c600000| Complete 
| 179|0x000000070c700000, 0x000000070c800000, 0x000000070c800000|100%| E|CS|TAMS 0x000000070c700000, 0x000000070c700000| Complete 
| 180|0x000000070c800000, 0x000000070c900000, 0x000000070c900000|100%| E|CS|TAMS 0x000000070c800000, 0x000000070c800000| Complete 
| 181|0x000000070c900000, 0x000000070ca00000, 0x000000070ca00000|100%| E|CS|TAMS 0x000000070c900000, 0x000000070c900000| Complete 
| 182|0x000000070ca00000, 0x000000070cb00000, 0x000000070cb00000|100%| E|CS|TAMS 0x000000070ca00000, 0x000000070ca00000| Complete 
| 183|0x000000070cb00000, 0x000000070cc00000, 0x000000070cc00000|100%| E|CS|TAMS 0x000000070cb00000, 0x000000070cb00000| Complete 
| 184|0x000000070cc00000, 0x000000070cd00000, 0x000000070cd00000|100%| E|CS|TAMS 0x000000070cc00000, 0x000000070cc00000| Complete 
| 185|0x000000070cd00000, 0x000000070ce00000, 0x000000070ce00000|100%| E|CS|TAMS 0x000000070cd00000, 0x000000070cd00000| Complete 
| 186|0x000000070ce00000, 0x000000070cf00000, 0x000000070cf00000|100%| E|CS|TAMS 0x000000070ce00000, 0x000000070ce00000| Complete 
| 187|0x000000070cf00000, 0x000000070d000000, 0x000000070d000000|100%| E|CS|TAMS 0x000000070cf00000, 0x000000070cf00000| Complete 
| 188|0x000000070d000000, 0x000000070d100000, 0x000000070d100000|100%| E|CS|TAMS 0x000000070d000000, 0x000000070d000000| Complete 
| 189|0x000000070d100000, 0x000000070d200000, 0x000000070d200000|100%| E|CS|TAMS 0x000000070d100000, 0x000000070d100000| Complete 
| 190|0x000000070d200000, 0x000000070d300000, 0x000000070d300000|100%| E|CS|TAMS 0x000000070d200000, 0x000000070d200000| Complete 
| 191|0x000000070d300000, 0x000000070d400000, 0x000000070d400000|100%| E|CS|TAMS 0x000000070d300000, 0x000000070d300000| Complete 
| 192|0x000000070d400000, 0x000000070d500000, 0x000000070d500000|100%| E|CS|TAMS 0x000000070d400000, 0x000000070d400000| Complete 
| 193|0x000000070d500000, 0x000000070d600000, 0x000000070d600000|100%| E|CS|TAMS 0x000000070d500000, 0x000000070d500000| Complete 
| 194|0x000000070d600000, 0x000000070d700000, 0x000000070d700000|100%| E|CS|TAMS 0x000000070d600000, 0x000000070d600000| Complete 
| 195|0x000000070d700000, 0x000000070d800000, 0x000000070d800000|100%| E|CS|TAMS 0x000000070d700000, 0x000000070d700000| Complete 
| 196|0x000000070d800000, 0x000000070d900000, 0x000000070d900000|100%| E|CS|TAMS 0x000000070d800000, 0x000000070d800000| Complete 
| 197|0x000000070d900000, 0x000000070da00000, 0x000000070da00000|100%| E|CS|TAMS 0x000000070d900000, 0x000000070d900000| Complete 
| 198|0x000000070da00000, 0x000000070db00000, 0x000000070db00000|100%| E|CS|TAMS 0x000000070da00000, 0x000000070da00000| Complete 
| 199|0x000000070db00000, 0x000000070dc00000, 0x000000070dc00000|100%| E|CS|TAMS 0x000000070db00000, 0x000000070db00000| Complete 
| 200|0x000000070dc00000, 0x000000070dd00000, 0x000000070dd00000|100%| E|CS|TAMS 0x000000070dc00000, 0x000000070dc00000| Complete 
| 201|0x000000070dd00000, 0x000000070de00000, 0x000000070de00000|100%| E|CS|TAMS 0x000000070dd00000, 0x000000070dd00000| Complete 
| 202|0x000000070de00000, 0x000000070df00000, 0x000000070df00000|100%| E|CS|TAMS 0x000000070de00000, 0x000000070de00000| Complete 
| 203|0x000000070df00000, 0x000000070e000000, 0x000000070e000000|100%| E|CS|TAMS 0x000000070df00000, 0x000000070df00000| Complete 
| 204|0x000000070e000000, 0x000000070e100000, 0x000000070e100000|100%| E|CS|TAMS 0x000000070e000000, 0x000000070e000000| Complete 
| 205|0x000000070e100000, 0x000000070e200000, 0x000000070e200000|100%| E|CS|TAMS 0x000000070e100000, 0x000000070e100000| Complete 
| 206|0x000000070e200000, 0x000000070e300000, 0x000000070e300000|100%| E|CS|TAMS 0x000000070e200000, 0x000000070e200000| Complete 
| 207|0x000000070e300000, 0x000000070e400000, 0x000000070e400000|100%| E|CS|TAMS 0x000000070e300000, 0x000000070e300000| Complete 
| 208|0x000000070e400000, 0x000000070e500000, 0x000000070e500000|100%| E|CS|TAMS 0x000000070e400000, 0x000000070e400000| Complete 
| 209|0x000000070e500000, 0x000000070e600000, 0x000000070e600000|100%| E|CS|TAMS 0x000000070e500000, 0x000000070e500000| Complete 
| 210|0x000000070e600000, 0x000000070e700000, 0x000000070e700000|100%| E|CS|TAMS 0x000000070e600000, 0x000000070e600000| Complete 
| 211|0x000000070e700000, 0x000000070e800000, 0x000000070e800000|100%| E|CS|TAMS 0x000000070e700000, 0x000000070e700000| Complete 
| 212|0x000000070e800000, 0x000000070e900000, 0x000000070e900000|100%| E|CS|TAMS 0x000000070e800000, 0x000000070e800000| Complete 
| 213|0x000000070e900000, 0x000000070ea00000, 0x000000070ea00000|100%| E|CS|TAMS 0x000000070e900000, 0x000000070e900000| Complete 
| 214|0x000000070ea00000, 0x000000070eb00000, 0x000000070eb00000|100%| E|CS|TAMS 0x000000070ea00000, 0x000000070ea00000| Complete 
| 215|0x000000070eb00000, 0x000000070ec00000, 0x000000070ec00000|100%| E|CS|TAMS 0x000000070eb00000, 0x000000070eb00000| Complete 
| 216|0x000000070ec00000, 0x000000070ed00000, 0x000000070ed00000|100%| E|CS|TAMS 0x000000070ec00000, 0x000000070ec00000| Complete 
| 217|0x000000070ed00000, 0x000000070ee00000, 0x000000070ee00000|100%| E|CS|TAMS 0x000000070ed00000, 0x000000070ed00000| Complete 
| 218|0x000000070ee00000, 0x000000070ef00000, 0x000000070ef00000|100%| E|CS|TAMS 0x000000070ee00000, 0x000000070ee00000| Complete 
| 219|0x000000070ef00000, 0x000000070f000000, 0x000000070f000000|100%| E|CS|TAMS 0x000000070ef00000, 0x000000070ef00000| Complete 
| 220|0x000000070f000000, 0x000000070f100000, 0x000000070f100000|100%| E|CS|TAMS 0x000000070f000000, 0x000000070f000000| Complete 
| 221|0x000000070f100000, 0x000000070f200000, 0x000000070f200000|100%| E|CS|TAMS 0x000000070f100000, 0x000000070f100000| Complete 
| 222|0x000000070f200000, 0x000000070f300000, 0x000000070f300000|100%| E|CS|TAMS 0x000000070f200000, 0x000000070f200000| Complete 
| 223|0x000000070f300000, 0x000000070f400000, 0x000000070f400000|100%| E|CS|TAMS 0x000000070f300000, 0x000000070f300000| Complete 
| 224|0x000000070f400000, 0x000000070f500000, 0x000000070f500000|100%| E|CS|TAMS 0x000000070f400000, 0x000000070f400000| Complete 
| 225|0x000000070f500000, 0x000000070f600000, 0x000000070f600000|100%| E|CS|TAMS 0x000000070f500000, 0x000000070f500000| Complete 
| 226|0x000000070f600000, 0x000000070f700000, 0x000000070f700000|100%| E|CS|TAMS 0x000000070f600000, 0x000000070f600000| Complete 
| 227|0x000000070f700000, 0x000000070f800000, 0x000000070f800000|100%| E|CS|TAMS 0x000000070f700000, 0x000000070f700000| Complete 
| 228|0x000000070f800000, 0x000000070f900000, 0x000000070f900000|100%| E|CS|TAMS 0x000000070f800000, 0x000000070f800000| Complete 
| 229|0x000000070f900000, 0x000000070fa00000, 0x000000070fa00000|100%| E|CS|TAMS 0x000000070f900000, 0x000000070f900000| Complete 
| 230|0x000000070fa00000, 0x000000070fb00000, 0x000000070fb00000|100%| E|CS|TAMS 0x000000070fa00000, 0x000000070fa00000| Complete 
| 231|0x000000070fb00000, 0x000000070fc00000, 0x000000070fc00000|100%| E|CS|TAMS 0x000000070fb00000, 0x000000070fb00000| Complete 
| 232|0x000000070fc00000, 0x000000070fd00000, 0x000000070fd00000|100%| E|CS|TAMS 0x000000070fc00000, 0x000000070fc00000| Complete 
| 233|0x000000070fd00000, 0x000000070fe00000, 0x000000070fe00000|100%| E|CS|TAMS 0x000000070fd00000, 0x000000070fd00000| Complete 
| 234|0x000000070fe00000, 0x000000070ff00000, 0x000000070ff00000|100%| E|CS|TAMS 0x000000070fe00000, 0x000000070fe00000| Complete 
| 235|0x000000070ff00000, 0x0000000710000000, 0x0000000710000000|100%| E|CS|TAMS 0x000000070ff00000, 0x000000070ff00000| Complete 
| 236|0x0000000710000000, 0x0000000710100000, 0x0000000710100000|100%| E|CS|TAMS 0x0000000710000000, 0x0000000710000000| Complete 
| 237|0x0000000710100000, 0x0000000710200000, 0x0000000710200000|100%| E|CS|TAMS 0x0000000710100000, 0x0000000710100000| Complete 
| 238|0x0000000710200000, 0x0000000710300000, 0x0000000710300000|100%| E|CS|TAMS 0x0000000710200000, 0x0000000710200000| Complete 
| 239|0x0000000710300000, 0x0000000710400000, 0x0000000710400000|100%| E|CS|TAMS 0x0000000710300000, 0x0000000710300000| Complete 
| 240|0x0000000710400000, 0x0000000710500000, 0x0000000710500000|100%| E|CS|TAMS 0x0000000710400000, 0x0000000710400000| Complete 
| 241|0x0000000710500000, 0x0000000710600000, 0x0000000710600000|100%| E|CS|TAMS 0x0000000710500000, 0x0000000710500000| Complete 
| 242|0x0000000710600000, 0x0000000710700000, 0x0000000710700000|100%| E|CS|TAMS 0x0000000710600000, 0x0000000710600000| Complete 
| 243|0x0000000710700000, 0x0000000710800000, 0x0000000710800000|100%| E|CS|TAMS 0x0000000710700000, 0x0000000710700000| Complete 
| 244|0x0000000710800000, 0x0000000710900000, 0x0000000710900000|100%| E|CS|TAMS 0x0000000710800000, 0x0000000710800000| Complete 
| 245|0x0000000710900000, 0x0000000710a00000, 0x0000000710a00000|100%| E|CS|TAMS 0x0000000710900000, 0x0000000710900000| Complete 
| 246|0x0000000710a00000, 0x0000000710b00000, 0x0000000710b00000|100%| E|CS|TAMS 0x0000000710a00000, 0x0000000710a00000| Complete 
| 247|0x0000000710b00000, 0x0000000710c00000, 0x0000000710c00000|100%| E|CS|TAMS 0x0000000710b00000, 0x0000000710b00000| Complete 
| 248|0x0000000710c00000, 0x0000000710d00000, 0x0000000710d00000|100%| E|CS|TAMS 0x0000000710c00000, 0x0000000710c00000| Complete 
| 249|0x0000000710d00000, 0x0000000710e00000, 0x0000000710e00000|100%| E|CS|TAMS 0x0000000710d00000, 0x0000000710d00000| Complete 
| 250|0x0000000710e00000, 0x0000000710f00000, 0x0000000710f00000|100%| E|CS|TAMS 0x0000000710e00000, 0x0000000710e00000| Complete 
| 251|0x0000000710f00000, 0x0000000711000000, 0x0000000711000000|100%| E|CS|TAMS 0x0000000710f00000, 0x0000000710f00000| Complete 
| 252|0x0000000711000000, 0x0000000711100000, 0x0000000711100000|100%| E|CS|TAMS 0x0000000711000000, 0x0000000711000000| Complete 
| 253|0x0000000711100000, 0x0000000711200000, 0x0000000711200000|100%| E|CS|TAMS 0x0000000711100000, 0x0000000711100000| Complete 
| 254|0x0000000711200000, 0x0000000711300000, 0x0000000711300000|100%| E|CS|TAMS 0x0000000711200000, 0x0000000711200000| Complete 
| 255|0x0000000711300000, 0x0000000711400000, 0x0000000711400000|100%| E|CS|TAMS 0x0000000711300000, 0x0000000711300000| Complete 

Card table byte_map: [0x0000029ad8770000,0x0000029ad8f70000] _byte_map_base: 0x0000029ad4f66000

Marking Bits (Prev, Next): (CMBitMap*) 0x0000029ac13b0f58, (CMBitMap*) 0x0000029ac13b0f90
 Prev Bits: [0x0000029ad9770000, 0x0000029add720000)
 Next Bits: [0x0000029add720000, 0x0000029ae16d0000)

Polling page: 0x0000029abf2c0000

Metaspace:

Usage:
  Non-class:     76.58 MB capacity,    75.01 MB ( 98%) used,     1.28 MB (  2%) free+waste,   309.00 KB ( <1%) overhead. 
      Class:     11.60 MB capacity,    10.60 MB ( 91%) used,   882.48 KB (  7%) free+waste,   150.19 KB (  1%) overhead. 
       Both:     88.19 MB capacity,    85.60 MB ( 97%) used,     2.14 MB (  2%) free+waste,   459.19 KB ( <1%) overhead. 

Virtual space:
  Non-class space:       78.00 MB reserved,      76.77 MB ( 98%) committed 
      Class space:        1.00 GB reserved,      11.65 MB (  1%) committed 
             Both:        1.08 GB reserved,      88.41 MB (  8%) committed 

Chunk freelists:
   Non-Class:  128 bytes
       Class:  0 bytes
        Both:  128 bytes

CodeHeap 'non-profiled nmethods': size=238336Kb used=22464Kb max_used=22464Kb free=215872Kb
 bounds [0x0000029ac9160000, 0x0000029aca750000, 0x0000029ad7a20000]
CodeHeap 'non-nmethods': size=7424Kb used=1424Kb max_used=1424Kb free=6000Kb
 bounds [0x0000029ac8a20000, 0x0000029ac8c90000, 0x0000029ac9160000]
 total_blobs=13755 nmethods=12998 adapters=689
 compilation: enabled
              stopped_count=0, restarted_count=0
 full_count=0

Compilation events (10 events):
Event: 3159.432 Thread 0x0000029ae4dbb800 12999       1       io.netty.handler.codec.ByteToMessageDecoder::channelReadComplete (62 bytes)
Event: 3159.433 Thread 0x0000029ae4dbb800 nmethod 12999 0x0000029aca74ea10 code [0x0000029aca74ec20, 0x0000029aca74f068]
Event: 3159.433 Thread 0x0000029ae4dbb800 13000       1       io.netty.handler.codec.ByteToMessageDecoder::discardSomeReadBytes (34 bytes)
Event: 3159.433 Thread 0x0000029ae4dbb800 nmethod 13000 0x0000029aca74f390 code [0x0000029aca74f540, 0x0000029aca74f678]
Event: 3159.433 Thread 0x0000029ae4dbb800 13001       1       io.netty.channel.DefaultChannelPipeline$TailContext::channelReadComplete (8 bytes)
Event: 3159.433 Thread 0x0000029ae4dbb800 nmethod 13001 0x0000029aca74f710 code [0x0000029aca74f8a0, 0x0000029aca74f958]
Event: 3159.433 Thread 0x0000029ae4dbb800 13002       1       io.netty.channel.DefaultChannelPipeline::onUnhandledInboundChannelReadComplete (1 bytes)
Event: 3159.433 Thread 0x0000029ae4dbb800 nmethod 13002 0x0000029aca74fa10 code [0x0000029aca74fba0, 0x0000029aca74fc58]
Event: 3190.166 Thread 0x0000029ae4dbb800 13003       1       com.alibaba.nacos.shaded.io.grpc.netty.shaded.io.netty.buffer.AbstractByteBuf::isReadOnly (2 bytes)
Event: 3190.166 Thread 0x0000029ae4dbb800 nmethod 13003 0x0000029aca74fd10 code [0x0000029aca74fea0, 0x0000029aca74ff58]

GC Heap History (10 events):
Event: 20.633 GC heap before
{Heap before GC invocations=11 (full 0):
 garbage-first heap   total 262144K, used 183114K [0x0000000701400000, 0x0000000800000000)
  region size 1024K, 153 young (156672K), 13 survivors (13312K)
 Metaspace       used 72887K, capacity 74533K, committed 74576K, reserved 1114112K
  class space    used 8992K, capacity 9648K, committed 9676K, reserved 1048576K
}
Event: 20.649 GC heap after
{Heap after GC invocations=12 (full 0):
 garbage-first heap   total 262144K, used 40360K [0x0000000701400000, 0x0000000800000000)
  region size 1024K, 16 young (16384K), 16 survivors (16384K)
 Metaspace       used 72887K, capacity 74533K, committed 74576K, reserved 1114112K
  class space    used 8992K, capacity 9648K, committed 9676K, reserved 1048576K
}
Event: 28.547 GC heap before
{Heap before GC invocations=12 (full 0):
 garbage-first heap   total 262144K, used 180648K [0x0000000701400000, 0x0000000800000000)
  region size 1024K, 153 young (156672K), 16 survivors (16384K)
 Metaspace       used 77984K, capacity 79869K, committed 79952K, reserved 1118208K
  class space    used 9675K, capacity 10436K, committed 10444K, reserved 1048576K
}
Event: 28.560 GC heap after
{Heap after GC invocations=13 (full 0):
 garbage-first heap   total 262144K, used 48314K [0x0000000701400000, 0x0000000800000000)
  region size 1024K, 16 young (16384K), 16 survivors (16384K)
 Metaspace       used 77984K, capacity 79869K, committed 79952K, reserved 1118208K
  class space    used 9675K, capacity 10436K, committed 10444K, reserved 1048576K
}
Event: 68.044 GC heap before
{Heap before GC invocations=13 (full 0):
 garbage-first heap   total 262144K, used 86202K [0x0000000701400000, 0x0000000800000000)
  region size 1024K, 55 young (56320K), 16 survivors (16384K)
 Metaspace       used 80689K, capacity 82838K, committed 82908K, reserved 1122304K
  class space    used 10057K, capacity 10916K, committed 10956K, reserved 1048576K
}
Event: 68.056 GC heap after
{Heap after GC invocations=14 (full 0):
 garbage-first heap   total 262144K, used 49193K [0x0000000701400000, 0x0000000800000000)
  region size 1024K, 10 young (10240K), 10 survivors (10240K)
 Metaspace       used 80689K, capacity 82838K, committed 82908K, reserved 1122304K
  class space    used 10057K, capacity 10916K, committed 10956K, reserved 1048576K
}
Event: 736.162 GC heap before
{Heap before GC invocations=15 (full 0):
 garbage-first heap   total 262144K, used 192553K [0x0000000701400000, 0x0000000800000000)
  region size 1024K, 151 young (154624K), 10 survivors (10240K)
 Metaspace       used 86967K, capacity 89539K, committed 89640K, reserved 1128448K
  class space    used 10792K, capacity 11786K, committed 11800K, reserved 1048576K
}
Event: 736.287 GC heap after
{Heap after GC invocations=16 (full 0):
 garbage-first heap   total 262144K, used 54222K [0x0000000701400000, 0x0000000800000000)
  region size 1024K, 15 young (15360K), 15 survivors (15360K)
 Metaspace       used 86967K, capacity 89539K, committed 89640K, reserved 1128448K
  class space    used 10792K, capacity 11786K, committed 11800K, reserved 1048576K
}
Event: 2144.138 GC heap before
{Heap before GC invocations=16 (full 0):
 garbage-first heap   total 262144K, used 194510K [0x0000000701400000, 0x0000000800000000)
  region size 1024K, 153 young (156672K), 15 survivors (15360K)
 Metaspace       used 87548K, capacity 90177K, committed 90280K, reserved 1128448K
  class space    used 10838K, capacity 11867K, committed 11928K, reserved 1048576K
}
Event: 2144.211 GC heap after
{Heap after GC invocations=17 (full 0):
 garbage-first heap   total 262144K, used 55490K [0x0000000701400000, 0x0000000800000000)
  region size 1024K, 9 young (9216K), 9 survivors (9216K)
 Metaspace       used 87548K, capacity 90177K, committed 90280K, reserved 1128448K
  class space    used 10838K, capacity 11867K, committed 11928K, reserved 1048576K
}

Deoptimization events (0 events):
No events

Classes redefined (0 events):
No events

Internal exceptions (10 events):
Event: 3188.113 Thread 0x0000029ae4f6e800 Exception <a 'java/io/FileNotFoundException'{0x0000000709f01640}> (0x0000000709f01640) thrown at [./open/src/hotspot/share/prims/jni.cpp, line 611]
Event: 3188.113 Thread 0x0000029ae4f6e800 Exception <a 'java/io/FileNotFoundException'{0x0000000709f01dd0}> (0x0000000709f01dd0) thrown at [./open/src/hotspot/share/prims/jni.cpp, line 611]
Event: 3198.120 Thread 0x0000029ae4f6e800 Exception <a 'java/io/FileNotFoundException'{0x0000000709f0cb58}> (0x0000000709f0cb58) thrown at [./open/src/hotspot/share/prims/jni.cpp, line 611]
Event: 3198.120 Thread 0x0000029ae4f6e800 Exception <a 'java/io/FileNotFoundException'{0x0000000709f0d2e8}> (0x0000000709f0d2e8) thrown at [./open/src/hotspot/share/prims/jni.cpp, line 611]
Event: 3208.134 Thread 0x0000029ae4f6e800 Exception <a 'java/io/FileNotFoundException'{0x0000000709f18070}> (0x0000000709f18070) thrown at [./open/src/hotspot/share/prims/jni.cpp, line 611]
Event: 3208.135 Thread 0x0000029ae4f6e800 Exception <a 'java/io/FileNotFoundException'{0x0000000709f18800}> (0x0000000709f18800) thrown at [./open/src/hotspot/share/prims/jni.cpp, line 611]
Event: 3218.151 Thread 0x0000029ae4f6e800 Exception <a 'java/io/FileNotFoundException'{0x0000000709d6a900}> (0x0000000709d6a900) thrown at [./open/src/hotspot/share/prims/jni.cpp, line 611]
Event: 3218.151 Thread 0x0000029ae4f6e800 Exception <a 'java/io/FileNotFoundException'{0x0000000709d6b090}> (0x0000000709d6b090) thrown at [./open/src/hotspot/share/prims/jni.cpp, line 611]
Event: 3228.211 Thread 0x0000029ae4f6e800 Exception <a 'java/io/FileNotFoundException'{0x0000000709d75e18}> (0x0000000709d75e18) thrown at [./open/src/hotspot/share/prims/jni.cpp, line 611]
Event: 3228.211 Thread 0x0000029ae4f6e800 Exception <a 'java/io/FileNotFoundException'{0x0000000709d765a8}> (0x0000000709d765a8) thrown at [./open/src/hotspot/share/prims/jni.cpp, line 611]

Events (10 events):
Event: 3228.212 Thread 0x0000029ae4f6e800 DEOPT UNPACKING pc=0x0000029ac8a5bb5e sp=0x000000d6794fe3a0 mode 1
Event: 3228.212 Thread 0x0000029ae4f6e800 DEOPT PACKING pc=0x0000029aca26b11c sp=0x000000d6794fefc0
Event: 3228.212 Thread 0x0000029ae4f6e800 DEOPT UNPACKING pc=0x0000029ac8a5bb5e sp=0x000000d6794fe488 mode 1
Event: 3228.769 Thread 0x0000029af280d000 Thread added: 0x0000029af280d000
Event: 3228.788 Thread 0x0000029af2803000 Thread exited: 0x0000029af2803000
Event: 3228.948 Thread 0x0000029af280c000 Thread exited: 0x0000029af280c000
Event: 3228.992 Thread 0x0000029af2803000 Thread added: 0x0000029af2803000
Event: 3230.257 Thread 0x0000029af2808000 Thread exited: 0x0000029af2808000
Event: 3230.257 Thread 0x0000029af2809800 Thread added: 0x0000029af2809800
Event: 3232.916 Executing VM operation: BulkRevokeBias


Dynamic libraries:
0x00007ff796fb0000 - 0x00007ff796fc0000 	C:\Program Files\Java\jdk-11\bin\java.exe
0x00007ffceab10000 - 0x00007ffcead08000 	C:\WINDOWS\SYSTEM32\ntdll.dll
0x00007ffce8e30000 - 0x00007ffce8eed000 	C:\WINDOWS\System32\KERNEL32.DLL
0x00007ffce81f0000 - 0x00007ffce84e6000 	C:\WINDOWS\System32\KERNELBASE.dll
0x00007ffce8a40000 - 0x00007ffce8b40000 	C:\WINDOWS\System32\ucrtbase.dll
0x00007ffcbc310000 - 0x00007ffcbc329000 	C:\Program Files\Java\jdk-11\bin\jli.dll
0x00007ffcbc2f0000 - 0x00007ffcbc30b000 	C:\Program Files\Java\jdk-11\bin\VCRUNTIME140.dll
0x00007ffce8ba0000 - 0x00007ffce8c50000 	C:\WINDOWS\System32\ADVAPI32.dll
0x00007ffce9ff0000 - 0x00007ffcea08e000 	C:\WINDOWS\System32\msvcrt.dll
0x00007ffcea0a0000 - 0x00007ffcea140000 	C:\WINDOWS\System32\sechost.dll
0x00007ffcea230000 - 0x00007ffcea353000 	C:\WINDOWS\System32\RPCRT4.dll
0x00007ffce85e0000 - 0x00007ffce8607000 	C:\WINDOWS\System32\bcrypt.dll
0x00007ffce8f30000 - 0x00007ffce90cf000 	C:\WINDOWS\System32\USER32.dll
0x00007ffce81c0000 - 0x00007ffce81e2000 	C:\WINDOWS\System32\win32u.dll
0x00007ffce9220000 - 0x00007ffce924b000 	C:\WINDOWS\System32\GDI32.dll
0x00007ffce8920000 - 0x00007ffce8a37000 	C:\WINDOWS\System32\gdi32full.dll
0x00007ffce84f0000 - 0x00007ffce858d000 	C:\WINDOWS\System32\msvcp_win.dll
0x00007ffce7580000 - 0x00007ffce781a000 	C:\WINDOWS\WinSxS\amd64_microsoft.windows.common-controls_6595b64144ccf1df_6.0.19041.4355_none_60b8b9eb71f62e16\COMCTL32.dll
0x00007ffce06d0000 - 0x00007ffce06da000 	C:\WINDOWS\SYSTEM32\VERSION.dll
0x00007ffce8ef0000 - 0x00007ffce8f22000 	C:\WINDOWS\System32\IMM32.DLL
0x00007ffccefe0000 - 0x00007ffccefec000 	C:\Program Files\Java\jdk-11\bin\vcruntime140_1.dll
0x00007ffca4c00000 - 0x00007ffca4c8e000 	C:\Program Files\Java\jdk-11\bin\msvcp140.dll
0x00007ffc73ff0000 - 0x00007ffc74b5e000 	C:\Program Files\Java\jdk-11\bin\server\jvm.dll
0x00007ffce98b0000 - 0x00007ffce98b8000 	C:\WINDOWS\System32\PSAPI.DLL
0x00007ffcc8260000 - 0x00007ffcc8269000 	C:\WINDOWS\SYSTEM32\WSOCK32.dll
0x00007ffce9250000 - 0x00007ffce92bb000 	C:\WINDOWS\System32\WS2_32.dll
0x00007ffcdd7d0000 - 0x00007ffcdd7f7000 	C:\WINDOWS\SYSTEM32\WINMM.dll
0x00007ffce6360000 - 0x00007ffce6372000 	C:\WINDOWS\SYSTEM32\kernel.appcore.dll
0x00007ffcceea0000 - 0x00007ffcceeb0000 	C:\Program Files\Java\jdk-11\bin\verify.dll
0x00007ffce7b20000 - 0x00007ffce7d04000 	C:\WINDOWS\SYSTEM32\DBGHELP.DLL
0x00007ffce7930000 - 0x00007ffce7964000 	C:\WINDOWS\SYSTEM32\dbgcore.DLL
0x00007ffce86c0000 - 0x00007ffce8742000 	C:\WINDOWS\System32\bcryptPrimitives.dll
0x00007ffcbc2c0000 - 0x00007ffcbc2e8000 	C:\Program Files\Java\jdk-11\bin\java.dll
0x00007ffccb070000 - 0x00007ffccb07a000 	C:\Program Files\Java\jdk-11\bin\jimage.dll
0x00007ffc9eb80000 - 0x00007ffc9ebb8000 	C:\Program Files\Java\jdk-11\bin\jdwp.dll
0x00007ffcd19f0000 - 0x00007ffcd19fe000 	C:\Program Files\Java\jdk-11\bin\instrument.dll
0x00007ffcbc2a0000 - 0x00007ffcbc2b7000 	C:\Program Files\Java\jdk-11\bin\zip.dll
0x00007ffcea360000 - 0x00007ffceaacb000 	C:\WINDOWS\System32\SHELL32.dll
0x00007ffce5ac0000 - 0x00007ffce625d000 	C:\WINDOWS\SYSTEM32\windows.storage.dll
0x00007ffce9a60000 - 0x00007ffce9db3000 	C:\WINDOWS\System32\combase.dll
0x00007ffce7480000 - 0x00007ffce74ae000 	C:\WINDOWS\SYSTEM32\Wldp.dll
0x00007ffce92c0000 - 0x00007ffce938d000 	C:\WINDOWS\System32\OLEAUT32.dll
0x00007ffce8c50000 - 0x00007ffce8cfd000 	C:\WINDOWS\System32\SHCORE.dll
0x00007ffce90d0000 - 0x00007ffce9125000 	C:\WINDOWS\System32\shlwapi.dll
0x00007ffce80f0000 - 0x00007ffce8114000 	C:\WINDOWS\SYSTEM32\profapi.dll
0x00007ffccf2a0000 - 0x00007ffccf2ab000 	C:\Program Files\Java\jdk-11\bin\dt_socket.dll
0x00007ffce7350000 - 0x00007ffce73ba000 	C:\WINDOWS\system32\mswsock.dll
0x00007ffcbb950000 - 0x00007ffcbb969000 	C:\Program Files\Java\jdk-11\bin\net.dll
0x00007ffcdc3a0000 - 0x00007ffcdc4aa000 	C:\WINDOWS\SYSTEM32\WINHTTP.dll
0x00007ffcbb930000 - 0x00007ffcbb942000 	C:\Program Files\Java\jdk-11\bin\nio.dll
0x00007ffce6f00000 - 0x00007ffce6fcb000 	C:\WINDOWS\SYSTEM32\DNSAPI.dll
0x00007ffce6ec0000 - 0x00007ffce6efb000 	C:\WINDOWS\SYSTEM32\IPHLPAPI.DLL
0x00007ffce9130000 - 0x00007ffce9138000 	C:\WINDOWS\System32\NSI.dll
0x00007ffcd84c0000 - 0x00007ffcd84ca000 	C:\Windows\System32\rasadhlp.dll
0x00007ffcd2c30000 - 0x00007ffcd2cb0000 	C:\WINDOWS\System32\fwpuclnt.dll
0x00007ffcbc200000 - 0x00007ffcbc209000 	C:\Program Files\Java\jdk-11\bin\management.dll
0x00007ffcbc130000 - 0x00007ffcbc13b000 	C:\Program Files\Java\jdk-11\bin\management_ext.dll
0x00007ffce7eb0000 - 0x00007ffce7ec8000 	C:\WINDOWS\SYSTEM32\CRYPTSP.dll
0x00007ffce6b60000 - 0x00007ffce6b94000 	C:\WINDOWS\system32\rsaenh.dll
0x00007ffce80a0000 - 0x00007ffce80ce000 	C:\WINDOWS\SYSTEM32\USERENV.dll
0x00007ffce7440000 - 0x00007ffce744c000 	C:\WINDOWS\SYSTEM32\CRYPTBASE.dll
0x00007ffcdf410000 - 0x00007ffcdf427000 	C:\WINDOWS\SYSTEM32\dhcpcsvc6.DLL
0x00007ffcdf3f0000 - 0x00007ffcdf40d000 	C:\WINDOWS\SYSTEM32\dhcpcsvc.DLL
0x00007ffcc0da0000 - 0x00007ffcc0db7000 	C:\WINDOWS\system32\napinsp.dll
0x00007ffcc0d80000 - 0x00007ffcc0d9b000 	C:\WINDOWS\system32\pnrpnsp.dll
0x00007ffce2130000 - 0x00007ffce2145000 	C:\WINDOWS\system32\wshbth.dll
0x00007ffce2c20000 - 0x00007ffce2c3d000 	C:\WINDOWS\system32\NLAapi.dll
0x00007ffcc0d60000 - 0x00007ffcc0d72000 	C:\WINDOWS\System32\winrnr.dll
0x00007ffcbdf00000 - 0x00007ffcbdf0e000 	C:\Program Files\Java\jdk-11\bin\sunmscapi.dll
0x00007ffce8750000 - 0x00007ffce88ae000 	C:\WINDOWS\System32\CRYPT32.dll
0x00007ffce7550000 - 0x00007ffce7579000 	C:\WINDOWS\SYSTEM32\ncrypt.dll
0x00007ffce74b0000 - 0x00007ffce74eb000 	C:\WINDOWS\SYSTEM32\NTASN1.dll
0x00007ffcbdf10000 - 0x00007ffcbdf37000 	C:\Program Files\Java\jdk-11\bin\sunec.dll
0x00007ffcc5240000 - 0x00007ffcc5289000 	C:\WINDOWS\SYSTEM32\pdh.dll
0x00007ffce7d80000 - 0x00007ffce7d8f000 	C:\WINDOWS\System32\perfos.dll

dbghelp: loaded successfully - version: 4.0.5 - missing functions: none
symbol engine: initialized successfully - sym options: 0x614 - pdb path: .;C:\Program Files\Java\jdk-11\bin;C:\WINDOWS\SYSTEM32;C:\WINDOWS\WinSxS\amd64_microsoft.windows.common-controls_6595b64144ccf1df_6.0.19041.4355_none_60b8b9eb71f62e16;C:\Program Files\Java\jdk-11\bin\server

VM Arguments:
jvm_args: -agentlib:jdwp=transport=dt_socket,address=127.0.0.1:49925,suspend=y,server=n -XX:TieredStopAtLevel=1 -Xverify:none -Dspring.profiles.active=local -Dspring.output.ansi.enabled=always -javaagent:C:\Users\19655\AppData\Local\JetBrains\IntelliJIdea2021.1\captureAgent\debugger-agent.jar=file:/C:/Users/19655/AppData/Local/Temp/capture8.props -Dcom.sun.management.jmxremote -Dspring.jmx.enabled=true -Dspring.liveBeansView.mbeanDomain -Dspring.application.admin.enabled=true -Dfile.encoding=UTF-8 
java_command: com.hmall.cart.CartApplication
java_class_path (initial): D:\ev\SpringCloud\codemy\hmall\cart-service\target\classes;D:\ev\SpringCloud\codemy\hmall\hm-common\target\classes;D:\maven_respository\org\apache\commons\commons-pool2\2.11.1\commons-pool2-2.11.1.jar;D:\maven_respository\cn\hutool\hutool-all\5.8.11\hutool-all-5.8.11.jar;D:\maven_respository\org\springframework\boot\spring-boot-starter-logging\2.7.12\spring-boot-starter-logging-2.7.12.jar;D:\maven_respository\ch\qos\logback\logback-classic\1.2.12\logback-classic-1.2.12.jar;D:\maven_respository\ch\qos\logback\logback-core\1.2.12\logback-core-1.2.12.jar;D:\maven_respository\org\apache\logging\log4j\log4j-to-slf4j\2.17.2\log4j-to-slf4j-2.17.2.jar;D:\maven_respository\org\apache\logging\log4j\log4j-api\2.17.2\log4j-api-2.17.2.jar;D:\maven_respository\org\slf4j\jul-to-slf4j\1.7.36\jul-to-slf4j-1.7.36.jar;D:\maven_respository\org\hibernate\validator\hibernate-validator\6.2.5.Final\hibernate-validator-6.2.5.Final.jar;D:\maven_respository\jakarta\validation\jakarta.validation-api\2.0.2\jakarta.validation-api-2.0.2.jar;D:\maven_respository\org\jboss\logging\jboss-logging\3.4.3.Final\jboss-logging-3.4.3.Final.jar;D:\maven_respository\com\fasterxml\classmate\1.5.1\classmate-1.5.1.jar;D:\maven_respository\org\springframework\boot\spring-boot-autoconfigure\2.7.12\spring-boot-autoconfigure-2.7.12.jar;D:\maven_respository\org\springframework\boot\spring-boot\2.7.12\spring-boot-2.7.12.jar;D:\maven_respository\com\github\xiaoymin\knife4j-openapi2-spring-boot-starter\4.1.0\knife4j-openapi2-spring-boot-starter-4.1.0.jar;D:\maven_respository\com\github\xiaoymin\knife4j-core\4.1.0\knife4j-core-4.1.0.jar;D:\maven_respository\com\github\xiaoymin\knife4j-openapi2-ui\4.1.0\knife4j-openapi2-ui-4.1.0.jar;D:\maven_respository\org\javassist\javassist\3.25.0-GA\javassist-3.25.0-GA.jar;D:\maven_respository\io\springfox\springfox-swagger2\2.10.5\springfox-swagger2-2.10.5.jar;D:\maven_respository\io\springfox\springfox-spi\2.10.5\springfox-spi-2.10.5.jar;D:\maven_respos
Launcher Type: SUN_STANDARD

[Global flags]
     bool BytecodeVerificationLocal                = false                                     {product} {command line}
     bool BytecodeVerificationRemote               = false                                     {product} {command line}
     intx CICompilerCount                          = 4                                         {product} {ergonomic}
     uint ConcGCThreads                            = 3                                         {product} {ergonomic}
     uint G1ConcRefinementThreads                  = 10                                        {product} {ergonomic}
   size_t G1HeapRegionSize                         = 1048576                                   {product} {ergonomic}
    uintx GCDrainStackTargetSize                   = 64                                        {product} {ergonomic}
   size_t InitialHeapSize                          = 268435456                                 {product} {ergonomic}
     bool ManagementServer                         = true                                      {product} {command line}
   size_t MarkStackSize                            = 4194304                                   {product} {ergonomic}
   size_t MaxHeapSize                              = 4273995776                                {product} {ergonomic}
   size_t MaxNewSize                               = 2563768320                                {product} {ergonomic}
   size_t MinHeapDeltaBytes                        = 1048576                                   {product} {ergonomic}
    uintx NonNMethodCodeHeapSize                   = 7549744                                {pd product} {ergonomic}
    uintx NonProfiledCodeHeapSize                  = 244108496                              {pd product} {ergonomic}
    uintx ProfiledCodeHeapSize                     = 0                                      {pd product} {ergonomic}
    uintx ReservedCodeCacheSize                    = 251658240                              {pd product} {ergonomic}
     bool SegmentedCodeCache                       = true                                      {product} {ergonomic}
     intx TieredStopAtLevel                        = 1                                         {product} {command line}
     bool UseCompressedClassPointers               = true                                 {lp64_product} {ergonomic}
     bool UseCompressedOops                        = true                                 {lp64_product} {ergonomic}
     bool UseG1GC                                  = true                                      {product} {ergonomic}
     bool UseLargePagesIndividualAllocation        = false                                  {pd product} {ergonomic}

Logging:
Log output configuration:
 #0: stdout all=warning uptime,level,tags
 #1: stderr all=off uptime,level,tags

Environment Variables:
JAVA_HOME=C:\Program Files\Java\jdk-11
CLASSPATH=.;C:\Program Files\Java\jdk-11\lib;C:\Program Files\Java\jdk-11\lib\tools.jar;D:\apache-jmeter-5.6.3\apache-jmeter-5.6.3\lib\ext\ApacheJMeter_core.jar;D:\apache-jmeter-5.6.3\apache-jmeter-5.6.3\lib\jorphan.jar;
PATH=C:\Program Files\Java\jdk-11\bin;C:\Program Files\Common Files\Oracle\Java\javapath;D:\linux\bin\;C:\Program Files (x86)\Common Files\Oracle\Java\javapath;C:\Windows\system32;C:\Windows;C:\Windows\System32\Wbem;C:\Windows\System32\WindowsPowerShell\v1.0\;C:\Windows\System32\OpenSSH\;C:\Program Files (x86)\NVIDIA Corporation\PhysX\Common;C:\Program Files\NVIDIA Corporation\NVIDIA NvDLISR;D:\MATLAB2023b\R2023b\runtime\win64;D:\MATLAB2023b\R2023b\bin;D:\matlab\runtime\win64;D:\matlab\bin;D:\matlab\polyspace\bin;C:\WINDOWS\system32;C:\WINDOWS;C:\WINDOWS\System32\Wbem;C:\WINDOWS\System32\WindowsPowerShell\v1.0\;C:\WINDOWS\System32\OpenSSH\;D:\node\;D:\node\node_global;C:\Program Files\MySQL\MySQL Server 8.0\bin;D:\Windows Kits\10\Windows Performance Toolkit\;C:\Program Files\MySQL\MySQL Server 8.0\bin\;D:\apache-maven-3.6.3\bin;D:\Git\Git\cmd;D:\web\dll;D:\apache-jmeter-5.6.3\apache-jmeter-5.6.3\bin;D:\MinGW\bin;D:\dev\python\python3.11\Scripts\;D:\dev\python\python3.11\;C:\Program Files\MySQL\MySQL Shell 8.0\bin\;C:\Users\19655\AppData\Local\Microsoft\WindowsApps;D:\VSCODE\Microsoft VS Code\bin;C:\Users\19655\AppData\Roaming\npm;D:\node\node_global;D:\node\node_cache;;D:\pycharmzhunye\PyCharm 2023.2.1\bin;;D:\cpolar\
USERNAME=19655
OS=Windows_NT
PROCESSOR_IDENTIFIER=Intel64 Family 6 Model 158 Stepping 10, GenuineIntel



---------------  S Y S T E M  ---------------

OS: Windows 10 , 64 bit Build 19041 (10.0.19041.3636)

CPU:total 12 (initial active 12) (6 cores per cpu, 2 threads per core) family 6 model 158 stepping 10 microcode 0xb4, cmov, cx8, fxsr, mmx, sse, sse2, sse3, ssse3, sse4.1, sse4.2, popcnt, avx, avx2, aes, clmul, erms, 3dnowpref, lzcnt, ht, tsc, tscinvbit, bmi1, bmi2, adx, fma

Memory: 4k page, system-wide physical 16303M (157M free)
TotalPageFile size 41903M (AvailPageFile size 0M)
current process WorkingSet (physical memory assigned to process): 96M, peak: 724M
current process commit charge ("private bytes"): 915M, peak: 919M

vm_info: Java HotSpot(TM) 64-Bit Server VM (11.0.22+9-LTS-219) for windows-amd64 JRE (11.0.22+9-LTS-219), built on Dec 19 2023 22:08:21 by "mach5one" with MS VC++ 17.1 (VS2022)

END.
