#
# There is insufficient memory for the Java Runtime Environment to continue.
# Native memory allocation (malloc) failed to allocate 32744 bytes for ChunkPool::allocate
# Possible reasons:
#   The system is out of physical RAM or swap space
#   The process is running with CompressedOops enabled, and the Java Heap may be blocking the growth of the native heap
# Possible solutions:
#   Reduce memory load on the system
#   Increase physical memory or swap space
#   Check if swap backing store is full
#   Decrease Java heap size (-Xmx/-Xms)
#   Decrease number of Java threads
#   Decrease Java thread stack sizes (-Xss)
#   Set larger code cache with -XX:ReservedCodeCacheSize=
#   JVM is running with Zero Based Compressed Oops mode in which the Java heap is
#     placed in the first 32GB address space. The Java Heap base address is the
#     maximum limit for the native heap growth. Please use -XX:HeapBaseMinAddress
#     to set the Java Heap base and to place the Java Heap above 32GB virtual address.
# This output file may be truncated or incomplete.
#
#  Out of Memory Error (./open/src/hotspot/share/memory/arena.cpp:81), pid=33084, tid=41536
#
# JRE version: Java(TM) SE Runtime Environment 18.9 (11.0.22+9) (build 11.0.22+9-LTS-219)
# Java VM: Java HotSpot(TM) 64-Bit Server VM 18.9 (11.0.22+9-LTS-219, mixed mode, tiered, compressed oops, g1 gc, windows-amd64)
# No core dump will be written. Minidumps are not enabled by default on client versions of Windows
#

---------------  S U M M A R Y ------------

Command Line: -agentlib:jdwp=transport=dt_socket,address=127.0.0.1:59596,suspend=y,server=n -XX:TieredStopAtLevel=1 -Xverify:none -Dspring.profiles.active=local -Dspring.output.ansi.enabled=always -javaagent:C:\Users\19655\AppData\Local\JetBrains\IntelliJIdea2021.1\captureAgent\debugger-agent.jar=file:/C:/Users/19655/AppData/Local/Temp/capture5.props -Dcom.sun.management.jmxremote -Dspring.jmx.enabled=true -Dspring.liveBeansView.mbeanDomain -Dspring.application.admin.enabled=true -Dfile.encoding=UTF-8 com.hmall.cart.CartApplication

Host: Intel(R) Core(TM) i7-9750H CPU @ 2.60GHz, 12 cores, 15G,  Windows 10 , 64 bit Build 19041 (10.0.19041.3636)
Time: Wed Jun 19 21:51:25 2024  Windows 10 , 64 bit Build 19041 (10.0.19041.3636) elapsed time: 31.531682 seconds (0d 0h 0m 31s)

---------------  T H R E A D  ---------------

Current thread (0x0000014e7f64a000):  VMThread "VM Thread" [stack: 0x00000003e4500000,0x00000003e4600000] [id=41536] _threads_hazard_ptr=0x0000014e1be29980

Stack: [0x00000003e4500000,0x00000003e4600000]
[error occurred during error reporting (printing stack bounds), id 0xc0000005, EXCEPTION_ACCESS_VIOLATION (0xc0000005) at pc=0x0000014e00000f2d]

Native frames: (J=compiled Java code, j=interpreted, Vv=VM code, C=native code)
V  [jvm.dll+0x66055a]
V  [jvm.dll+0x7a367f]
V  [jvm.dll+0x7a4d49]
V  [jvm.dll+0x7a5345]
V  [jvm.dll+0x7a52fb]
V  [jvm.dll+0x65fa63]
V  [jvm.dll+0x660158]
C  [ntdll.dll+0xa292f]
C  [ntdll.dll+0x52554]
C  [ntdll.dll+0xa143e]
C  0x0000014e00000f2d

VM_Operation (0x00000003e6cfdf10): BulkRevokeBias, mode: safepoint, requested by thread 0x0000014e1bc8a800


---------------  P R O C E S S  ---------------

Threads class SMR info:
_java_thread_list=0x0000014e1be29980, length=42, elements={
0x0000014e74bde000, 0x0000014e7f67a000, 0x0000014e7f67b000, 0x0000014e7f6e7800,
0x0000014e7f6ea800, 0x0000014e7f6ec000, 0x0000014e7f6ef000, 0x0000014e7f6f0000,
0x0000014e7f640800, 0x0000014e7f99e800, 0x0000014e7f9bb800, 0x0000014e7f9bc800,
0x0000014e19a64800, 0x0000014e19a44800, 0x0000014e1a138000, 0x0000014e1a2b8000,
0x0000014e1a35c800, 0x0000014e1a712000, 0x0000014e1a70e000, 0x0000014e1b8d8000,
0x0000014e19d79800, 0x0000014e19d7c000, 0x0000014e19d76000, 0x0000014e19d7a800,
0x0000014e19d78000, 0x0000014e19d77000, 0x0000014e19d7b000, 0x0000014e19d78800,
0x0000014e19d7c800, 0x0000014e1bc89800, 0x0000014e1bc88800, 0x0000014e1bc8a800,
0x0000014e1bc8b000, 0x0000014e1bc8d000, 0x0000014e1bc8c000, 0x0000014e1bc8d800,
0x0000014e1bc8f000, 0x0000014e1bc88000, 0x0000014e1bc93800, 0x0000014e1bc90000,
0x0000014e1bc94000, 0x0000014e1bc91800
}

Java Threads: ( => current thread )
  0x0000014e74bde000 JavaThread "main" [_thread_blocked, id=50088, stack(0x00000003e3f00000,0x00000003e4000000)]
  0x0000014e7f67a000 JavaThread "Reference Handler" daemon [_thread_blocked, id=18812, stack(0x00000003e4600000,0x00000003e4700000)]
  0x0000014e7f67b000 JavaThread "Finalizer" daemon [_thread_blocked, id=49712, stack(0x00000003e4700000,0x00000003e4800000)]
  0x0000014e7f6e7800 JavaThread "Signal Dispatcher" daemon [_thread_blocked, id=35224, stack(0x00000003e4800000,0x00000003e4900000)]
  0x0000014e7f6ea800 JavaThread "Attach Listener" daemon [_thread_blocked, id=38956, stack(0x00000003e4900000,0x00000003e4a00000)]
  0x0000014e7f6ec000 JavaThread "Service Thread" daemon [_thread_blocked, id=48552, stack(0x00000003e4a00000,0x00000003e4b00000)]
  0x0000014e7f6ef000 JavaThread "C1 CompilerThread0" daemon [_thread_blocked, id=35496, stack(0x00000003e4b00000,0x00000003e4c00000)]
  0x0000014e7f6f0000 JavaThread "Sweeper thread" daemon [_thread_blocked, id=49492, stack(0x00000003e4c00000,0x00000003e4d00000)]
  0x0000014e7f640800 JavaThread "Common-Cleaner" daemon [_thread_blocked, id=8688, stack(0x00000003e4d00000,0x00000003e4e00000)]
  0x0000014e7f99e800 JavaThread "JDWP Transport Listener: dt_socket" daemon [_thread_blocked, id=26724, stack(0x00000003e4e00000,0x00000003e4f00000)]
  0x0000014e7f9bb800 JavaThread "JDWP Event Helper Thread" daemon [_thread_blocked, id=45308, stack(0x00000003e4f00000,0x00000003e5000000)]
  0x0000014e7f9bc800 JavaThread "JDWP Command Reader" daemon [_thread_in_native, id=5432, stack(0x00000003e5000000,0x00000003e5100000)]
  0x0000014e19a64800 JavaThread "RMI TCP Accept-0" daemon [_thread_in_native, id=47516, stack(0x00000003e5100000,0x00000003e5200000)]
  0x0000014e19a44800 JavaThread "RMI TCP Connection(1)-192.168.44.1" daemon [_thread_in_native, id=26072, stack(0x00000003e5800000,0x00000003e5900000)]
  0x0000014e1a138000 JavaThread "RMI Scheduler(0)" daemon [_thread_blocked, id=49544, stack(0x00000003e5900000,0x00000003e5a00000)]
  0x0000014e1a2b8000 JavaThread "logback-1" daemon [_thread_blocked, id=43760, stack(0x00000003e5d00000,0x00000003e5e00000)]
  0x0000014e1a35c800 JavaThread "logback-2" daemon [_thread_blocked, id=39904, stack(0x00000003e5e00000,0x00000003e5f00000)]
  0x0000014e1a712000 JavaThread "logback-3" daemon [_thread_blocked, id=49104, stack(0x00000003e5f00000,0x00000003e6000000)]
  0x0000014e1a70e000 JavaThread "com.alibaba.nacos.client.identify.watcher.0" daemon [_thread_blocked, id=43540, stack(0x00000003e5c00000,0x00000003e5d00000)]
  0x0000014e1b8d8000 JavaThread "com.alibaba.nacos.client.Worker" daemon [_thread_blocked, id=49216, stack(0x00000003e6000000,0x00000003e6100000)]
  0x0000014e19d79800 JavaThread "logback-4" daemon [_thread_blocked, id=25528, stack(0x00000003e6100000,0x00000003e6200000)]
  0x0000014e19d7c000 JavaThread "logback-5" daemon [_thread_blocked, id=40784, stack(0x00000003e6200000,0x00000003e6300000)]
  0x0000014e19d76000 JavaThread "nacos.publisher-com.alibaba.nacos.common.notify.SlowEvent" daemon [_thread_blocked, id=44888, stack(0x00000003e6400000,0x00000003e6500000)]
  0x0000014e19d7a800 JavaThread "com.alibaba.nacos.client.remote.worker" daemon [_thread_blocked, id=41528, stack(0x00000003e6300000,0x00000003e6400000)]
  0x0000014e19d78000 JavaThread "com.alibaba.nacos.client.remote.worker" daemon [_thread_blocked, id=44740, stack(0x00000003e6500000,0x00000003e6600000)]
  0x0000014e19d77000 JavaThread "grpc-nio-worker-ELG-1-1" daemon [_thread_in_native, id=25940, stack(0x00000003e6600000,0x00000003e6700000)]
  0x0000014e19d7b000 JavaThread "grpc-default-executor-0" daemon [_thread_blocked, id=40412, stack(0x00000003e6700000,0x00000003e6800000)]
  0x0000014e19d78800 JavaThread "nacos-grpc-client-executor-0" daemon [_thread_blocked, id=49044, stack(0x00000003e6800000,0x00000003e6900000)]
  0x0000014e19d7c800 JavaThread "grpc-nio-worker-ELG-1-2" daemon [_thread_in_native, id=23732, stack(0x00000003e6900000,0x00000003e6a00000)]
  0x0000014e1bc89800 JavaThread "grpc-default-executor-1" daemon [_thread_blocked, id=45872, stack(0x00000003e6a00000,0x00000003e6b00000)]
  0x0000014e1bc88800 JavaThread "grpc-nio-worker-ELG-1-4" daemon [_thread_blocked, id=11560, stack(0x00000003e6b00000,0x00000003e6c00000)]
  0x0000014e1bc8a800 JavaThread "grpc-nio-worker-ELG-1-3" daemon [_thread_blocked, id=49988, stack(0x00000003e6c00000,0x00000003e6d00000)]
  0x0000014e1bc8b000 JavaThread "nacos-grpc-client-executor-1" daemon [_thread_blocked, id=50144, stack(0x00000003e6e00000,0x00000003e6f00000)]
  0x0000014e1bc8d000 JavaThread "nacos-grpc-client-executor-2" daemon [_thread_blocked, id=27696, stack(0x00000003e6f00000,0x00000003e7000000)]
  0x0000014e1bc8c000 JavaThread "nacos-grpc-client-executor-3" daemon [_thread_blocked, id=49260, stack(0x00000003e7000000,0x00000003e7100000)]
  0x0000014e1bc8d800 JavaThread "nacos-grpc-client-executor-4" daemon [_thread_blocked, id=49280, stack(0x00000003e7100000,0x00000003e7200000)]
  0x0000014e1bc8f000 JavaThread "nacos-grpc-client-executor-5" daemon [_thread_blocked, id=48768, stack(0x00000003e7300000,0x00000003e7400000)]
  0x0000014e1bc88000 JavaThread "nacos-grpc-client-executor-6" daemon [_thread_blocked, id=31576, stack(0x00000003e7200000,0x00000003e7300000)]
  0x0000014e1bc93800 JavaThread "nacos-grpc-client-executor-7" daemon [_thread_blocked, id=42872, stack(0x00000003e7400000,0x00000003e7500000)]
  0x0000014e1bc90000 JavaThread "nacos-grpc-client-executor-8" daemon [_thread_blocked, id=46744, stack(0x00000003e7500000,0x00000003e7600000)]
  0x0000014e1bc94000 JavaThread "nacos-grpc-client-executor-9" daemon [_thread_blocked, id=43804, stack(0x00000003e7600000,0x00000003e7700000)]
  0x0000014e1bc91800 JavaThread "nacos-grpc-client-executor-10" daemon [_thread_blocked, id=29304, stack(0x00000003e7700000,0x00000003e7800000)]

Other Threads:
=>0x0000014e7f64a000 VMThread "VM Thread" [stack: 0x00000003e4500000,0x00000003e4600000] [id=41536] _threads_hazard_ptr=0x0000014e1be29980
  0x0000014e19a48800 WatcherThread [stack: 0x00000003e5200000,0x00000003e5300000] [id=46204]
  0x0000014e74bf4000 GCTaskThread "GC Thread#0" [stack: 0x00000003e4000000,0x00000003e4100000] [id=46348]
  0x0000014e19aa6800 GCTaskThread "GC Thread#1" [stack: 0x00000003e5300000,0x00000003e5400000] [id=7488]
  0x0000014e19aa7000 GCTaskThread "GC Thread#2" [stack: 0x00000003e5400000,0x00000003e5500000] [id=41448]
  0x0000014e19a3a800 GCTaskThread "GC Thread#3" [stack: 0x00000003e5500000,0x00000003e5600000] [id=49192]
  0x0000014e19a3b000 GCTaskThread "GC Thread#4" [stack: 0x00000003e5600000,0x00000003e5700000] [id=44756]
  0x0000014e19a2f800 GCTaskThread "GC Thread#5" [stack: 0x00000003e5700000,0x00000003e5800000] [id=45112]
  0x0000014e74c51800 ConcurrentGCThread "G1 Main Marker" [stack: 0x00000003e4100000,0x00000003e4200000] [id=38612]
  0x0000014e74c53000 ConcurrentGCThread "G1 Conc#0" [stack: 0x00000003e4200000,0x00000003e4300000] [id=49236]
  0x0000014e19fa4800 ConcurrentGCThread "G1 Conc#1" [stack: 0x00000003e5a00000,0x00000003e5b00000] [id=28096]
  0x0000014e1a221000 ConcurrentGCThread "G1 Conc#2" [stack: 0x00000003e5b00000,0x00000003e5c00000] [id=29788]
  0x0000014e7ecb2800 ConcurrentGCThread "G1 Refine#0" [stack: 0x00000003e4300000,0x00000003e4400000] [id=49944]
  0x0000014e7ecb3800 ConcurrentGCThread "G1 Young RemSet Sampling" [stack: 0x00000003e4400000,0x00000003e4500000] [id=27468]

Threads with active compile tasks:
C1 CompilerThread0    31582 3619       1       org.yaml.snakeyaml.parser.ParserImpl::parseNode (1168 bytes)

VM state:at safepoint (normal execution)

VM Mutex/Monitor currently owned by a thread:  ([mutex/lock_event])
[0x0000014e74bda8f0] Threads_lock - owner thread: 0x0000014e7f64a000

Heap address: 0x0000000701400000, size: 4076 MB, Compressed Oops mode: Zero based, Oop shift amount: 3
Narrow klass base: 0x0000000800000000, Narrow klass shift: 0
Compressed class space size: 1073741824 Address: 0x0000000800000000

Heap:
 garbage-first heap   total 262144K, used 112181K [0x0000000701400000, 0x0000000800000000)
  region size 1024K, 100 young (102400K), 9 survivors (9216K)
 Metaspace       used 42132K, capacity 43181K, committed 43440K, reserved 1087488K
  class space    used 5209K, capacity 5615K, committed 5632K, reserved 1048576K
Heap Regions: E=young(eden), S=young(survivor), O=old, HS=humongous(starts), HC=humongous(continues), CS=collection set, F=free, A=archive, TAMS=top-at-mark-start (previous, next)
|   0|0x0000000701400000, 0x0000000701500000, 0x0000000701500000|100%|HS|  |TAMS 0x0000000701500000, 0x0000000701400000| Complete 
|   1|0x0000000701500000, 0x0000000701600000, 0x0000000701600000|100%| O|  |TAMS 0x0000000701600000, 0x0000000701500000| Untracked 
|   2|0x0000000701600000, 0x0000000701700000, 0x0000000701700000|100%| O|  |TAMS 0x0000000701700000, 0x0000000701600000| Untracked 
|   3|0x0000000701700000, 0x0000000701800000, 0x0000000701800000|100%| O|  |TAMS 0x0000000701800000, 0x0000000701700000| Untracked 
|   4|0x0000000701800000, 0x0000000701900000, 0x0000000701900000|100%| O|  |TAMS 0x0000000701900000, 0x0000000701800000| Untracked 
|   5|0x0000000701900000, 0x0000000701a00000, 0x0000000701a00000|100%| O|  |TAMS 0x0000000701a00000, 0x0000000701900000| Untracked 
|   6|0x0000000701a00000, 0x0000000701b00000, 0x0000000701b00000|100%| O|  |TAMS 0x0000000701b00000, 0x0000000701a00000| Untracked 
|   7|0x0000000701b00000, 0x0000000701c00000, 0x0000000701c00000|100%| O|  |TAMS 0x0000000701c00000, 0x0000000701b00000| Untracked 
|   8|0x0000000701c00000, 0x0000000701d00000, 0x0000000701d00000|100%| O|  |TAMS 0x0000000701d00000, 0x0000000701c00000| Untracked 
|   9|0x0000000701d00000, 0x0000000701e00000, 0x0000000701e00000|100%| O|  |TAMS 0x0000000701e00000, 0x0000000701d00000| Untracked 
|  10|0x0000000701e00000, 0x0000000701f00000, 0x0000000701f00000|100%| O|  |TAMS 0x0000000701f00000, 0x0000000701e00000| Untracked 
|  11|0x0000000701f00000, 0x0000000701f22400, 0x0000000702000000| 13%| O|  |TAMS 0x0000000701f22400, 0x0000000701f00000| Untracked 
|  12|0x0000000702000000, 0x0000000702000000, 0x0000000702100000|  0%| F|  |TAMS 0x0000000702000000, 0x0000000702000000| Untracked 
|  13|0x0000000702100000, 0x0000000702100000, 0x0000000702200000|  0%| F|  |TAMS 0x0000000702100000, 0x0000000702100000| Untracked 
|  14|0x0000000702200000, 0x0000000702200000, 0x0000000702300000|  0%| F|  |TAMS 0x0000000702200000, 0x0000000702200000| Untracked 
|  15|0x0000000702300000, 0x0000000702300000, 0x0000000702400000|  0%| F|  |TAMS 0x0000000702300000, 0x0000000702300000| Untracked 
|  16|0x0000000702400000, 0x0000000702400000, 0x0000000702500000|  0%| F|  |TAMS 0x0000000702400000, 0x0000000702400000| Untracked 
|  17|0x0000000702500000, 0x0000000702500000, 0x0000000702600000|  0%| F|  |TAMS 0x0000000702500000, 0x0000000702500000| Untracked 
|  18|0x0000000702600000, 0x0000000702600000, 0x0000000702700000|  0%| F|  |TAMS 0x0000000702600000, 0x0000000702600000| Untracked 
|  19|0x0000000702700000, 0x0000000702700000, 0x0000000702800000|  0%| F|  |TAMS 0x0000000702700000, 0x0000000702700000| Untracked 
|  20|0x0000000702800000, 0x0000000702800000, 0x0000000702900000|  0%| F|  |TAMS 0x0000000702800000, 0x0000000702800000| Untracked 
|  21|0x0000000702900000, 0x0000000702900000, 0x0000000702a00000|  0%| F|  |TAMS 0x0000000702900000, 0x0000000702900000| Untracked 
|  22|0x0000000702a00000, 0x0000000702a00000, 0x0000000702b00000|  0%| F|  |TAMS 0x0000000702a00000, 0x0000000702a00000| Untracked 
|  23|0x0000000702b00000, 0x0000000702b00000, 0x0000000702c00000|  0%| F|  |TAMS 0x0000000702b00000, 0x0000000702b00000| Untracked 
|  24|0x0000000702c00000, 0x0000000702c00000, 0x0000000702d00000|  0%| F|  |TAMS 0x0000000702c00000, 0x0000000702c00000| Untracked 
|  25|0x0000000702d00000, 0x0000000702d00000, 0x0000000702e00000|  0%| F|  |TAMS 0x0000000702d00000, 0x0000000702d00000| Untracked 
|  26|0x0000000702e00000, 0x0000000702e00000, 0x0000000702f00000|  0%| F|  |TAMS 0x0000000702e00000, 0x0000000702e00000| Untracked 
|  27|0x0000000702f00000, 0x0000000702f00000, 0x0000000703000000|  0%| F|  |TAMS 0x0000000702f00000, 0x0000000702f00000| Untracked 
|  28|0x0000000703000000, 0x0000000703000000, 0x0000000703100000|  0%| F|  |TAMS 0x0000000703000000, 0x0000000703000000| Untracked 
|  29|0x0000000703100000, 0x0000000703100000, 0x0000000703200000|  0%| F|  |TAMS 0x0000000703100000, 0x0000000703100000| Untracked 
|  30|0x0000000703200000, 0x0000000703200000, 0x0000000703300000|  0%| F|  |TAMS 0x0000000703200000, 0x0000000703200000| Untracked 
|  31|0x0000000703300000, 0x0000000703300000, 0x0000000703400000|  0%| F|  |TAMS 0x0000000703300000, 0x0000000703300000| Untracked 
|  32|0x0000000703400000, 0x0000000703400000, 0x0000000703500000|  0%| F|  |TAMS 0x0000000703400000, 0x0000000703400000| Untracked 
|  33|0x0000000703500000, 0x0000000703500000, 0x0000000703600000|  0%| F|  |TAMS 0x0000000703500000, 0x0000000703500000| Untracked 
|  34|0x0000000703600000, 0x0000000703600000, 0x0000000703700000|  0%| F|  |TAMS 0x0000000703600000, 0x0000000703600000| Untracked 
|  35|0x0000000703700000, 0x0000000703700000, 0x0000000703800000|  0%| F|  |TAMS 0x0000000703700000, 0x0000000703700000| Untracked 
|  36|0x0000000703800000, 0x0000000703800000, 0x0000000703900000|  0%| F|  |TAMS 0x0000000703800000, 0x0000000703800000| Untracked 
|  37|0x0000000703900000, 0x0000000703900000, 0x0000000703a00000|  0%| F|  |TAMS 0x0000000703900000, 0x0000000703900000| Untracked 
|  38|0x0000000703a00000, 0x0000000703a00000, 0x0000000703b00000|  0%| F|  |TAMS 0x0000000703a00000, 0x0000000703a00000| Untracked 
|  39|0x0000000703b00000, 0x0000000703b00000, 0x0000000703c00000|  0%| F|  |TAMS 0x0000000703b00000, 0x0000000703b00000| Untracked 
|  40|0x0000000703c00000, 0x0000000703c00000, 0x0000000703d00000|  0%| F|  |TAMS 0x0000000703c00000, 0x0000000703c00000| Untracked 
|  41|0x0000000703d00000, 0x0000000703d00000, 0x0000000703e00000|  0%| F|  |TAMS 0x0000000703d00000, 0x0000000703d00000| Untracked 
|  42|0x0000000703e00000, 0x0000000703e00000, 0x0000000703f00000|  0%| F|  |TAMS 0x0000000703e00000, 0x0000000703e00000| Untracked 
|  43|0x0000000703f00000, 0x0000000703f00000, 0x0000000704000000|  0%| F|  |TAMS 0x0000000703f00000, 0x0000000703f00000| Untracked 
|  44|0x0000000704000000, 0x0000000704000000, 0x0000000704100000|  0%| F|  |TAMS 0x0000000704000000, 0x0000000704000000| Untracked 
|  45|0x0000000704100000, 0x0000000704100000, 0x0000000704200000|  0%| F|  |TAMS 0x0000000704100000, 0x0000000704100000| Untracked 
|  46|0x0000000704200000, 0x0000000704200000, 0x0000000704300000|  0%| F|  |TAMS 0x0000000704200000, 0x0000000704200000| Untracked 
|  47|0x0000000704300000, 0x0000000704300000, 0x0000000704400000|  0%| F|  |TAMS 0x0000000704300000, 0x0000000704300000| Untracked 
|  48|0x0000000704400000, 0x0000000704400000, 0x0000000704500000|  0%| F|  |TAMS 0x0000000704400000, 0x0000000704400000| Untracked 
|  49|0x0000000704500000, 0x0000000704500000, 0x0000000704600000|  0%| F|  |TAMS 0x0000000704500000, 0x0000000704500000| Untracked 
|  50|0x0000000704600000, 0x0000000704600000, 0x0000000704700000|  0%| F|  |TAMS 0x0000000704600000, 0x0000000704600000| Untracked 
|  51|0x0000000704700000, 0x0000000704700000, 0x0000000704800000|  0%| F|  |TAMS 0x0000000704700000, 0x0000000704700000| Untracked 
|  52|0x0000000704800000, 0x0000000704800000, 0x0000000704900000|  0%| F|  |TAMS 0x0000000704800000, 0x0000000704800000| Untracked 
|  53|0x0000000704900000, 0x0000000704900000, 0x0000000704a00000|  0%| F|  |TAMS 0x0000000704900000, 0x0000000704900000| Untracked 
|  54|0x0000000704a00000, 0x0000000704a00000, 0x0000000704b00000|  0%| F|  |TAMS 0x0000000704a00000, 0x0000000704a00000| Untracked 
|  55|0x0000000704b00000, 0x0000000704b00000, 0x0000000704c00000|  0%| F|  |TAMS 0x0000000704b00000, 0x0000000704b00000| Untracked 
|  56|0x0000000704c00000, 0x0000000704c00000, 0x0000000704d00000|  0%| F|  |TAMS 0x0000000704c00000, 0x0000000704c00000| Untracked 
|  57|0x0000000704d00000, 0x0000000704d00000, 0x0000000704e00000|  0%| F|  |TAMS 0x0000000704d00000, 0x0000000704d00000| Untracked 
|  58|0x0000000704e00000, 0x0000000704e00000, 0x0000000704f00000|  0%| F|  |TAMS 0x0000000704e00000, 0x0000000704e00000| Untracked 
|  59|0x0000000704f00000, 0x0000000704f00000, 0x0000000705000000|  0%| F|  |TAMS 0x0000000704f00000, 0x0000000704f00000| Untracked 
|  60|0x0000000705000000, 0x0000000705000000, 0x0000000705100000|  0%| F|  |TAMS 0x0000000705000000, 0x0000000705000000| Untracked 
|  61|0x0000000705100000, 0x0000000705100000, 0x0000000705200000|  0%| F|  |TAMS 0x0000000705100000, 0x0000000705100000| Untracked 
|  62|0x0000000705200000, 0x0000000705200000, 0x0000000705300000|  0%| F|  |TAMS 0x0000000705200000, 0x0000000705200000| Untracked 
|  63|0x0000000705300000, 0x0000000705300000, 0x0000000705400000|  0%| F|  |TAMS 0x0000000705300000, 0x0000000705300000| Untracked 
|  64|0x0000000705400000, 0x0000000705400000, 0x0000000705500000|  0%| F|  |TAMS 0x0000000705400000, 0x0000000705400000| Untracked 
|  65|0x0000000705500000, 0x0000000705500000, 0x0000000705600000|  0%| F|  |TAMS 0x0000000705500000, 0x0000000705500000| Untracked 
|  66|0x0000000705600000, 0x0000000705600000, 0x0000000705700000|  0%| F|  |TAMS 0x0000000705600000, 0x0000000705600000| Untracked 
|  67|0x0000000705700000, 0x0000000705700000, 0x0000000705800000|  0%| F|  |TAMS 0x0000000705700000, 0x0000000705700000| Untracked 
|  68|0x0000000705800000, 0x0000000705800000, 0x0000000705900000|  0%| F|  |TAMS 0x0000000705800000, 0x0000000705800000| Untracked 
|  69|0x0000000705900000, 0x0000000705900000, 0x0000000705a00000|  0%| F|  |TAMS 0x0000000705900000, 0x0000000705900000| Untracked 
|  70|0x0000000705a00000, 0x0000000705a00000, 0x0000000705b00000|  0%| F|  |TAMS 0x0000000705a00000, 0x0000000705a00000| Untracked 
|  71|0x0000000705b00000, 0x0000000705b00000, 0x0000000705c00000|  0%| F|  |TAMS 0x0000000705b00000, 0x0000000705b00000| Untracked 
|  72|0x0000000705c00000, 0x0000000705c00000, 0x0000000705d00000|  0%| F|  |TAMS 0x0000000705c00000, 0x0000000705c00000| Untracked 
|  73|0x0000000705d00000, 0x0000000705d00000, 0x0000000705e00000|  0%| F|  |TAMS 0x0000000705d00000, 0x0000000705d00000| Untracked 
|  74|0x0000000705e00000, 0x0000000705e00000, 0x0000000705f00000|  0%| F|  |TAMS 0x0000000705e00000, 0x0000000705e00000| Untracked 
|  75|0x0000000705f00000, 0x0000000705f00000, 0x0000000706000000|  0%| F|  |TAMS 0x0000000705f00000, 0x0000000705f00000| Untracked 
|  76|0x0000000706000000, 0x0000000706000000, 0x0000000706100000|  0%| F|  |TAMS 0x0000000706000000, 0x0000000706000000| Untracked 
|  77|0x0000000706100000, 0x0000000706100000, 0x0000000706200000|  0%| F|  |TAMS 0x0000000706100000, 0x0000000706100000| Untracked 
|  78|0x0000000706200000, 0x0000000706200000, 0x0000000706300000|  0%| F|  |TAMS 0x0000000706200000, 0x0000000706200000| Untracked 
|  79|0x0000000706300000, 0x0000000706300000, 0x0000000706400000|  0%| F|  |TAMS 0x0000000706300000, 0x0000000706300000| Untracked 
|  80|0x0000000706400000, 0x0000000706400000, 0x0000000706500000|  0%| F|  |TAMS 0x0000000706400000, 0x0000000706400000| Untracked 
|  81|0x0000000706500000, 0x0000000706500000, 0x0000000706600000|  0%| F|  |TAMS 0x0000000706500000, 0x0000000706500000| Untracked 
|  82|0x0000000706600000, 0x0000000706600000, 0x0000000706700000|  0%| F|  |TAMS 0x0000000706600000, 0x0000000706600000| Untracked 
|  83|0x0000000706700000, 0x0000000706700000, 0x0000000706800000|  0%| F|  |TAMS 0x0000000706700000, 0x0000000706700000| Untracked 
|  84|0x0000000706800000, 0x0000000706800000, 0x0000000706900000|  0%| F|  |TAMS 0x0000000706800000, 0x0000000706800000| Untracked 
|  85|0x0000000706900000, 0x0000000706900000, 0x0000000706a00000|  0%| F|  |TAMS 0x0000000706900000, 0x0000000706900000| Untracked 
|  86|0x0000000706a00000, 0x0000000706a00000, 0x0000000706b00000|  0%| F|  |TAMS 0x0000000706a00000, 0x0000000706a00000| Untracked 
|  87|0x0000000706b00000, 0x0000000706b00000, 0x0000000706c00000|  0%| F|  |TAMS 0x0000000706b00000, 0x0000000706b00000| Untracked 
|  88|0x0000000706c00000, 0x0000000706c00000, 0x0000000706d00000|  0%| F|  |TAMS 0x0000000706c00000, 0x0000000706c00000| Untracked 
|  89|0x0000000706d00000, 0x0000000706d00000, 0x0000000706e00000|  0%| F|  |TAMS 0x0000000706d00000, 0x0000000706d00000| Untracked 
|  90|0x0000000706e00000, 0x0000000706e00000, 0x0000000706f00000|  0%| F|  |TAMS 0x0000000706e00000, 0x0000000706e00000| Untracked 
|  91|0x0000000706f00000, 0x0000000706f00000, 0x0000000707000000|  0%| F|  |TAMS 0x0000000706f00000, 0x0000000706f00000| Untracked 
|  92|0x0000000707000000, 0x0000000707000000, 0x0000000707100000|  0%| F|  |TAMS 0x0000000707000000, 0x0000000707000000| Untracked 
|  93|0x0000000707100000, 0x0000000707100000, 0x0000000707200000|  0%| F|  |TAMS 0x0000000707100000, 0x0000000707100000| Untracked 
|  94|0x0000000707200000, 0x0000000707200000, 0x0000000707300000|  0%| F|  |TAMS 0x0000000707200000, 0x0000000707200000| Untracked 
|  95|0x0000000707300000, 0x0000000707300000, 0x0000000707400000|  0%| F|  |TAMS 0x0000000707300000, 0x0000000707300000| Untracked 
|  96|0x0000000707400000, 0x0000000707400000, 0x0000000707500000|  0%| F|  |TAMS 0x0000000707400000, 0x0000000707400000| Untracked 
|  97|0x0000000707500000, 0x0000000707500000, 0x0000000707600000|  0%| F|  |TAMS 0x0000000707500000, 0x0000000707500000| Untracked 
|  98|0x0000000707600000, 0x0000000707600000, 0x0000000707700000|  0%| F|  |TAMS 0x0000000707600000, 0x0000000707600000| Untracked 
|  99|0x0000000707700000, 0x0000000707700000, 0x0000000707800000|  0%| F|  |TAMS 0x0000000707700000, 0x0000000707700000| Untracked 
| 100|0x0000000707800000, 0x0000000707800000, 0x0000000707900000|  0%| F|  |TAMS 0x0000000707800000, 0x0000000707800000| Untracked 
| 101|0x0000000707900000, 0x0000000707900000, 0x0000000707a00000|  0%| F|  |TAMS 0x0000000707900000, 0x0000000707900000| Untracked 
| 102|0x0000000707a00000, 0x0000000707a00000, 0x0000000707b00000|  0%| F|  |TAMS 0x0000000707a00000, 0x0000000707a00000| Untracked 
| 103|0x0000000707b00000, 0x0000000707b00000, 0x0000000707c00000|  0%| F|  |TAMS 0x0000000707b00000, 0x0000000707b00000| Untracked 
| 104|0x0000000707c00000, 0x0000000707c00000, 0x0000000707d00000|  0%| F|  |TAMS 0x0000000707c00000, 0x0000000707c00000| Untracked 
| 105|0x0000000707d00000, 0x0000000707d00000, 0x0000000707e00000|  0%| F|  |TAMS 0x0000000707d00000, 0x0000000707d00000| Untracked 
| 106|0x0000000707e00000, 0x0000000707e00000, 0x0000000707f00000|  0%| F|  |TAMS 0x0000000707e00000, 0x0000000707e00000| Untracked 
| 107|0x0000000707f00000, 0x0000000707f00000, 0x0000000708000000|  0%| F|  |TAMS 0x0000000707f00000, 0x0000000707f00000| Untracked 
| 108|0x0000000708000000, 0x0000000708000000, 0x0000000708100000|  0%| F|  |TAMS 0x0000000708000000, 0x0000000708000000| Untracked 
| 109|0x0000000708100000, 0x0000000708100000, 0x0000000708200000|  0%| F|  |TAMS 0x0000000708100000, 0x0000000708100000| Untracked 
| 110|0x0000000708200000, 0x0000000708200000, 0x0000000708300000|  0%| F|  |TAMS 0x0000000708200000, 0x0000000708200000| Untracked 
| 111|0x0000000708300000, 0x0000000708300000, 0x0000000708400000|  0%| F|  |TAMS 0x0000000708300000, 0x0000000708300000| Untracked 
| 112|0x0000000708400000, 0x0000000708400000, 0x0000000708500000|  0%| F|  |TAMS 0x0000000708400000, 0x0000000708400000| Untracked 
| 113|0x0000000708500000, 0x0000000708500000, 0x0000000708600000|  0%| F|  |TAMS 0x0000000708500000, 0x0000000708500000| Untracked 
| 114|0x0000000708600000, 0x0000000708600000, 0x0000000708700000|  0%| F|  |TAMS 0x0000000708600000, 0x0000000708600000| Untracked 
| 115|0x0000000708700000, 0x0000000708700000, 0x0000000708800000|  0%| F|  |TAMS 0x0000000708700000, 0x0000000708700000| Untracked 
| 116|0x0000000708800000, 0x0000000708800000, 0x0000000708900000|  0%| F|  |TAMS 0x0000000708800000, 0x0000000708800000| Untracked 
| 117|0x0000000708900000, 0x0000000708900000, 0x0000000708a00000|  0%| F|  |TAMS 0x0000000708900000, 0x0000000708900000| Untracked 
| 118|0x0000000708a00000, 0x0000000708a00000, 0x0000000708b00000|  0%| F|  |TAMS 0x0000000708a00000, 0x0000000708a00000| Untracked 
| 119|0x0000000708b00000, 0x0000000708b00000, 0x0000000708c00000|  0%| F|  |TAMS 0x0000000708b00000, 0x0000000708b00000| Untracked 
| 120|0x0000000708c00000, 0x0000000708c00000, 0x0000000708d00000|  0%| F|  |TAMS 0x0000000708c00000, 0x0000000708c00000| Untracked 
| 121|0x0000000708d00000, 0x0000000708d00000, 0x0000000708e00000|  0%| F|  |TAMS 0x0000000708d00000, 0x0000000708d00000| Untracked 
| 122|0x0000000708e00000, 0x0000000708e00000, 0x0000000708f00000|  0%| F|  |TAMS 0x0000000708e00000, 0x0000000708e00000| Untracked 
| 123|0x0000000708f00000, 0x0000000708f00000, 0x0000000709000000|  0%| F|  |TAMS 0x0000000708f00000, 0x0000000708f00000| Untracked 
| 124|0x0000000709000000, 0x0000000709000000, 0x0000000709100000|  0%| F|  |TAMS 0x0000000709000000, 0x0000000709000000| Untracked 
| 125|0x0000000709100000, 0x0000000709100000, 0x0000000709200000|  0%| F|  |TAMS 0x0000000709100000, 0x0000000709100000| Untracked 
| 126|0x0000000709200000, 0x0000000709200000, 0x0000000709300000|  0%| F|  |TAMS 0x0000000709200000, 0x0000000709200000| Untracked 
| 127|0x0000000709300000, 0x0000000709300000, 0x0000000709400000|  0%| F|  |TAMS 0x0000000709300000, 0x0000000709300000| Untracked 
| 128|0x0000000709400000, 0x0000000709400000, 0x0000000709500000|  0%| F|  |TAMS 0x0000000709400000, 0x0000000709400000| Untracked 
| 129|0x0000000709500000, 0x0000000709500000, 0x0000000709600000|  0%| F|  |TAMS 0x0000000709500000, 0x0000000709500000| Untracked 
| 130|0x0000000709600000, 0x0000000709600000, 0x0000000709700000|  0%| F|  |TAMS 0x0000000709600000, 0x0000000709600000| Untracked 
| 131|0x0000000709700000, 0x0000000709700000, 0x0000000709800000|  0%| F|  |TAMS 0x0000000709700000, 0x0000000709700000| Untracked 
| 132|0x0000000709800000, 0x0000000709800000, 0x0000000709900000|  0%| F|  |TAMS 0x0000000709800000, 0x0000000709800000| Untracked 
| 133|0x0000000709900000, 0x0000000709900000, 0x0000000709a00000|  0%| F|  |TAMS 0x0000000709900000, 0x0000000709900000| Untracked 
| 134|0x0000000709a00000, 0x0000000709a00000, 0x0000000709b00000|  0%| F|  |TAMS 0x0000000709a00000, 0x0000000709a00000| Untracked 
| 135|0x0000000709b00000, 0x0000000709b00000, 0x0000000709c00000|  0%| F|  |TAMS 0x0000000709b00000, 0x0000000709b00000| Untracked 
| 136|0x0000000709c00000, 0x0000000709c00000, 0x0000000709d00000|  0%| F|  |TAMS 0x0000000709c00000, 0x0000000709c00000| Untracked 
| 137|0x0000000709d00000, 0x0000000709d00000, 0x0000000709e00000|  0%| F|  |TAMS 0x0000000709d00000, 0x0000000709d00000| Untracked 
| 138|0x0000000709e00000, 0x0000000709e00000, 0x0000000709f00000|  0%| F|  |TAMS 0x0000000709e00000, 0x0000000709e00000| Untracked 
| 139|0x0000000709f00000, 0x0000000709f00000, 0x000000070a000000|  0%| F|  |TAMS 0x0000000709f00000, 0x0000000709f00000| Untracked 
| 140|0x000000070a000000, 0x000000070a000000, 0x000000070a100000|  0%| F|  |TAMS 0x000000070a000000, 0x000000070a000000| Untracked 
| 141|0x000000070a100000, 0x000000070a100000, 0x000000070a200000|  0%| F|  |TAMS 0x000000070a100000, 0x000000070a100000| Untracked 
| 142|0x000000070a200000, 0x000000070a200000, 0x000000070a300000|  0%| F|  |TAMS 0x000000070a200000, 0x000000070a200000| Untracked 
| 143|0x000000070a300000, 0x000000070a300000, 0x000000070a400000|  0%| F|  |TAMS 0x000000070a300000, 0x000000070a300000| Untracked 
| 144|0x000000070a400000, 0x000000070a400000, 0x000000070a500000|  0%| F|  |TAMS 0x000000070a400000, 0x000000070a400000| Untracked 
| 145|0x000000070a500000, 0x000000070a500000, 0x000000070a600000|  0%| F|  |TAMS 0x000000070a500000, 0x000000070a500000| Untracked 
| 146|0x000000070a600000, 0x000000070a600000, 0x000000070a700000|  0%| F|  |TAMS 0x000000070a600000, 0x000000070a600000| Untracked 
| 147|0x000000070a700000, 0x000000070a700000, 0x000000070a800000|  0%| F|  |TAMS 0x000000070a700000, 0x000000070a700000| Untracked 
| 148|0x000000070a800000, 0x000000070a800000, 0x000000070a900000|  0%| F|  |TAMS 0x000000070a800000, 0x000000070a800000| Untracked 
| 149|0x000000070a900000, 0x000000070a900000, 0x000000070aa00000|  0%| F|  |TAMS 0x000000070a900000, 0x000000070a900000| Untracked 
| 150|0x000000070aa00000, 0x000000070aa00000, 0x000000070ab00000|  0%| F|  |TAMS 0x000000070aa00000, 0x000000070aa00000| Untracked 
| 151|0x000000070ab00000, 0x000000070ab00000, 0x000000070ac00000|  0%| F|  |TAMS 0x000000070ab00000, 0x000000070ab00000| Untracked 
| 152|0x000000070ac00000, 0x000000070ac00000, 0x000000070ad00000|  0%| F|  |TAMS 0x000000070ac00000, 0x000000070ac00000| Untracked 
| 153|0x000000070ad00000, 0x000000070ad00000, 0x000000070ae00000|  0%| F|  |TAMS 0x000000070ad00000, 0x000000070ad00000| Untracked 
| 154|0x000000070ae00000, 0x000000070ae00000, 0x000000070af00000|  0%| F|  |TAMS 0x000000070ae00000, 0x000000070ae00000| Untracked 
| 155|0x000000070af00000, 0x000000070af00000, 0x000000070b000000|  0%| F|  |TAMS 0x000000070af00000, 0x000000070af00000| Untracked 
| 156|0x000000070b000000, 0x000000070b100000, 0x000000070b100000|100%| E|  |TAMS 0x000000070b000000, 0x000000070b000000| Complete 
| 157|0x000000070b100000, 0x000000070b200000, 0x000000070b200000|100%| E|CS|TAMS 0x000000070b100000, 0x000000070b100000| Complete 
| 158|0x000000070b200000, 0x000000070b300000, 0x000000070b300000|100%| E|CS|TAMS 0x000000070b200000, 0x000000070b200000| Complete 
| 159|0x000000070b300000, 0x000000070b400000, 0x000000070b400000|100%| E|CS|TAMS 0x000000070b300000, 0x000000070b300000| Complete 
| 160|0x000000070b400000, 0x000000070b500000, 0x000000070b500000|100%| E|CS|TAMS 0x000000070b400000, 0x000000070b400000| Complete 
| 161|0x000000070b500000, 0x000000070b600000, 0x000000070b600000|100%| E|CS|TAMS 0x000000070b500000, 0x000000070b500000| Complete 
| 162|0x000000070b600000, 0x000000070b700000, 0x000000070b700000|100%| E|CS|TAMS 0x000000070b600000, 0x000000070b600000| Complete 
| 163|0x000000070b700000, 0x000000070b800000, 0x000000070b800000|100%| E|CS|TAMS 0x000000070b700000, 0x000000070b700000| Complete 
| 164|0x000000070b800000, 0x000000070b900000, 0x000000070b900000|100%| E|CS|TAMS 0x000000070b800000, 0x000000070b800000| Complete 
| 165|0x000000070b900000, 0x000000070ba00000, 0x000000070ba00000|100%| E|CS|TAMS 0x000000070b900000, 0x000000070b900000| Complete 
| 166|0x000000070ba00000, 0x000000070bb00000, 0x000000070bb00000|100%| E|CS|TAMS 0x000000070ba00000, 0x000000070ba00000| Complete 
| 167|0x000000070bb00000, 0x000000070bc00000, 0x000000070bc00000|100%| E|CS|TAMS 0x000000070bb00000, 0x000000070bb00000| Complete 
| 168|0x000000070bc00000, 0x000000070bd00000, 0x000000070bd00000|100%| E|CS|TAMS 0x000000070bc00000, 0x000000070bc00000| Complete 
| 169|0x000000070bd00000, 0x000000070be00000, 0x000000070be00000|100%| E|CS|TAMS 0x000000070bd00000, 0x000000070bd00000| Complete 
| 170|0x000000070be00000, 0x000000070bf00000, 0x000000070bf00000|100%| E|CS|TAMS 0x000000070be00000, 0x000000070be00000| Complete 
| 171|0x000000070bf00000, 0x000000070c000000, 0x000000070c000000|100%| E|CS|TAMS 0x000000070bf00000, 0x000000070bf00000| Complete 
| 172|0x000000070c000000, 0x000000070c100000, 0x000000070c100000|100%| E|CS|TAMS 0x000000070c000000, 0x000000070c000000| Complete 
| 173|0x000000070c100000, 0x000000070c200000, 0x000000070c200000|100%| E|CS|TAMS 0x000000070c100000, 0x000000070c100000| Complete 
| 174|0x000000070c200000, 0x000000070c300000, 0x000000070c300000|100%| E|CS|TAMS 0x000000070c200000, 0x000000070c200000| Complete 
| 175|0x000000070c300000, 0x000000070c400000, 0x000000070c400000|100%| E|CS|TAMS 0x000000070c300000, 0x000000070c300000| Complete 
| 176|0x000000070c400000, 0x000000070c500000, 0x000000070c500000|100%| E|CS|TAMS 0x000000070c400000, 0x000000070c400000| Complete 
| 177|0x000000070c500000, 0x000000070c600000, 0x000000070c600000|100%| E|CS|TAMS 0x000000070c500000, 0x000000070c500000| Complete 
| 178|0x000000070c600000, 0x000000070c700000, 0x000000070c700000|100%| E|CS|TAMS 0x000000070c600000, 0x000000070c600000| Complete 
| 179|0x000000070c700000, 0x000000070c800000, 0x000000070c800000|100%| E|CS|TAMS 0x000000070c700000, 0x000000070c700000| Complete 
| 180|0x000000070c800000, 0x000000070c900000, 0x000000070c900000|100%| E|CS|TAMS 0x000000070c800000, 0x000000070c800000| Complete 
| 181|0x000000070c900000, 0x000000070ca00000, 0x000000070ca00000|100%| E|CS|TAMS 0x000000070c900000, 0x000000070c900000| Complete 
| 182|0x000000070ca00000, 0x000000070cb00000, 0x000000070cb00000|100%| E|CS|TAMS 0x000000070ca00000, 0x000000070ca00000| Complete 
| 183|0x000000070cb00000, 0x000000070cc00000, 0x000000070cc00000|100%| E|CS|TAMS 0x000000070cb00000, 0x000000070cb00000| Complete 
| 184|0x000000070cc00000, 0x000000070cd00000, 0x000000070cd00000|100%| E|CS|TAMS 0x000000070cc00000, 0x000000070cc00000| Complete 
| 185|0x000000070cd00000, 0x000000070ce00000, 0x000000070ce00000|100%| E|CS|TAMS 0x000000070cd00000, 0x000000070cd00000| Complete 
| 186|0x000000070ce00000, 0x000000070cf00000, 0x000000070cf00000|100%| E|CS|TAMS 0x000000070ce00000, 0x000000070ce00000| Complete 
| 187|0x000000070cf00000, 0x000000070d000000, 0x000000070d000000|100%| E|CS|TAMS 0x000000070cf00000, 0x000000070cf00000| Complete 
| 188|0x000000070d000000, 0x000000070d100000, 0x000000070d100000|100%| E|CS|TAMS 0x000000070d000000, 0x000000070d000000| Complete 
| 189|0x000000070d100000, 0x000000070d200000, 0x000000070d200000|100%| E|CS|TAMS 0x000000070d100000, 0x000000070d100000| Complete 
| 190|0x000000070d200000, 0x000000070d300000, 0x000000070d300000|100%| E|CS|TAMS 0x000000070d200000, 0x000000070d200000| Complete 
| 191|0x000000070d300000, 0x000000070d400000, 0x000000070d400000|100%| E|CS|TAMS 0x000000070d300000, 0x000000070d300000| Complete 
| 192|0x000000070d400000, 0x000000070d500000, 0x000000070d500000|100%| E|CS|TAMS 0x000000070d400000, 0x000000070d400000| Complete 
| 193|0x000000070d500000, 0x000000070d600000, 0x000000070d600000|100%| E|CS|TAMS 0x000000070d500000, 0x000000070d500000| Complete 
| 194|0x000000070d600000, 0x000000070d700000, 0x000000070d700000|100%| E|CS|TAMS 0x000000070d600000, 0x000000070d600000| Complete 
| 195|0x000000070d700000, 0x000000070d800000, 0x000000070d800000|100%| E|CS|TAMS 0x000000070d700000, 0x000000070d700000| Complete 
| 196|0x000000070d800000, 0x000000070d900000, 0x000000070d900000|100%| E|CS|TAMS 0x000000070d800000, 0x000000070d800000| Complete 
| 197|0x000000070d900000, 0x000000070da00000, 0x000000070da00000|100%| E|CS|TAMS 0x000000070d900000, 0x000000070d900000| Complete 
| 198|0x000000070da00000, 0x000000070db00000, 0x000000070db00000|100%| E|CS|TAMS 0x000000070da00000, 0x000000070da00000| Complete 
| 199|0x000000070db00000, 0x000000070dc00000, 0x000000070dc00000|100%| E|CS|TAMS 0x000000070db00000, 0x000000070db00000| Complete 
| 200|0x000000070dc00000, 0x000000070dd00000, 0x000000070dd00000|100%| E|CS|TAMS 0x000000070dc00000, 0x000000070dc00000| Complete 
| 201|0x000000070dd00000, 0x000000070de00000, 0x000000070de00000|100%| E|CS|TAMS 0x000000070dd00000, 0x000000070dd00000| Complete 
| 202|0x000000070de00000, 0x000000070df00000, 0x000000070df00000|100%| E|CS|TAMS 0x000000070de00000, 0x000000070de00000| Complete 
| 203|0x000000070df00000, 0x000000070e000000, 0x000000070e000000|100%| E|CS|TAMS 0x000000070df00000, 0x000000070df00000| Complete 
| 204|0x000000070e000000, 0x000000070e100000, 0x000000070e100000|100%| E|CS|TAMS 0x000000070e000000, 0x000000070e000000| Complete 
| 205|0x000000070e100000, 0x000000070e200000, 0x000000070e200000|100%| E|CS|TAMS 0x000000070e100000, 0x000000070e100000| Complete 
| 206|0x000000070e200000, 0x000000070e300000, 0x000000070e300000|100%| E|CS|TAMS 0x000000070e200000, 0x000000070e200000| Complete 
| 207|0x000000070e300000, 0x000000070e400000, 0x000000070e400000|100%| E|CS|TAMS 0x000000070e300000, 0x000000070e300000| Complete 
| 208|0x000000070e400000, 0x000000070e500000, 0x000000070e500000|100%| E|CS|TAMS 0x000000070e400000, 0x000000070e400000| Complete 
| 209|0x000000070e500000, 0x000000070e600000, 0x000000070e600000|100%| E|CS|TAMS 0x000000070e500000, 0x000000070e500000| Complete 
| 210|0x000000070e600000, 0x000000070e700000, 0x000000070e700000|100%| E|CS|TAMS 0x000000070e600000, 0x000000070e600000| Complete 
| 211|0x000000070e700000, 0x000000070e800000, 0x000000070e800000|100%| E|CS|TAMS 0x000000070e700000, 0x000000070e700000| Complete 
| 212|0x000000070e800000, 0x000000070e900000, 0x000000070e900000|100%| E|CS|TAMS 0x000000070e800000, 0x000000070e800000| Complete 
| 213|0x000000070e900000, 0x000000070ea00000, 0x000000070ea00000|100%| E|CS|TAMS 0x000000070e900000, 0x000000070e900000| Complete 
| 214|0x000000070ea00000, 0x000000070eb00000, 0x000000070eb00000|100%| E|CS|TAMS 0x000000070ea00000, 0x000000070ea00000| Complete 
| 215|0x000000070eb00000, 0x000000070eb6b190, 0x000000070ec00000| 41%| S|CS|TAMS 0x000000070eb00000, 0x000000070eb00000| Complete 
| 216|0x000000070ec00000, 0x000000070ed00000, 0x000000070ed00000|100%| S|CS|TAMS 0x000000070ec00000, 0x000000070ec00000| Complete 
| 217|0x000000070ed00000, 0x000000070ee00000, 0x000000070ee00000|100%| S|CS|TAMS 0x000000070ed00000, 0x000000070ed00000| Complete 
| 218|0x000000070ee00000, 0x000000070ef00000, 0x000000070ef00000|100%| S|CS|TAMS 0x000000070ee00000, 0x000000070ee00000| Complete 
| 219|0x000000070ef00000, 0x000000070f000000, 0x000000070f000000|100%| S|CS|TAMS 0x000000070ef00000, 0x000000070ef00000| Complete 
| 220|0x000000070f000000, 0x000000070f100000, 0x000000070f100000|100%| S|CS|TAMS 0x000000070f000000, 0x000000070f000000| Complete 
| 221|0x000000070f100000, 0x000000070f200000, 0x000000070f200000|100%| S|CS|TAMS 0x000000070f100000, 0x000000070f100000| Complete 
| 222|0x000000070f200000, 0x000000070f300000, 0x000000070f300000|100%| S|CS|TAMS 0x000000070f200000, 0x000000070f200000| Complete 
| 223|0x000000070f300000, 0x000000070f400000, 0x000000070f400000|100%| S|CS|TAMS 0x000000070f300000, 0x000000070f300000| Complete 
| 224|0x000000070f400000, 0x000000070f500000, 0x000000070f500000|100%| E|CS|TAMS 0x000000070f400000, 0x000000070f400000| Complete 
| 225|0x000000070f500000, 0x000000070f600000, 0x000000070f600000|100%| E|CS|TAMS 0x000000070f500000, 0x000000070f500000| Complete 
| 226|0x000000070f600000, 0x000000070f700000, 0x000000070f700000|100%| E|CS|TAMS 0x000000070f600000, 0x000000070f600000| Complete 
| 227|0x000000070f700000, 0x000000070f800000, 0x000000070f800000|100%| E|CS|TAMS 0x000000070f700000, 0x000000070f700000| Complete 
| 228|0x000000070f800000, 0x000000070f900000, 0x000000070f900000|100%| E|CS|TAMS 0x000000070f800000, 0x000000070f800000| Complete 
| 229|0x000000070f900000, 0x000000070fa00000, 0x000000070fa00000|100%| E|CS|TAMS 0x000000070f900000, 0x000000070f900000| Complete 
| 230|0x000000070fa00000, 0x000000070fb00000, 0x000000070fb00000|100%| E|CS|TAMS 0x000000070fa00000, 0x000000070fa00000| Complete 
| 231|0x000000070fb00000, 0x000000070fc00000, 0x000000070fc00000|100%| E|CS|TAMS 0x000000070fb00000, 0x000000070fb00000| Complete 
| 232|0x000000070fc00000, 0x000000070fd00000, 0x000000070fd00000|100%| E|CS|TAMS 0x000000070fc00000, 0x000000070fc00000| Complete 
| 233|0x000000070fd00000, 0x000000070fe00000, 0x000000070fe00000|100%| E|CS|TAMS 0x000000070fd00000, 0x000000070fd00000| Complete 
| 234|0x000000070fe00000, 0x000000070ff00000, 0x000000070ff00000|100%| E|CS|TAMS 0x000000070fe00000, 0x000000070fe00000| Complete 
| 235|0x000000070ff00000, 0x0000000710000000, 0x0000000710000000|100%| E|CS|TAMS 0x000000070ff00000, 0x000000070ff00000| Complete 
| 236|0x0000000710000000, 0x0000000710100000, 0x0000000710100000|100%| E|CS|TAMS 0x0000000710000000, 0x0000000710000000| Complete 
| 237|0x0000000710100000, 0x0000000710200000, 0x0000000710200000|100%| E|CS|TAMS 0x0000000710100000, 0x0000000710100000| Complete 
| 238|0x0000000710200000, 0x0000000710300000, 0x0000000710300000|100%| E|CS|TAMS 0x0000000710200000, 0x0000000710200000| Complete 
| 239|0x0000000710300000, 0x0000000710400000, 0x0000000710400000|100%| E|CS|TAMS 0x0000000710300000, 0x0000000710300000| Complete 
| 240|0x0000000710400000, 0x0000000710500000, 0x0000000710500000|100%| E|CS|TAMS 0x0000000710400000, 0x0000000710400000| Complete 
| 241|0x0000000710500000, 0x0000000710600000, 0x0000000710600000|100%| E|CS|TAMS 0x0000000710500000, 0x0000000710500000| Complete 
| 242|0x0000000710600000, 0x0000000710700000, 0x0000000710700000|100%| E|CS|TAMS 0x0000000710600000, 0x0000000710600000| Complete 
| 243|0x0000000710700000, 0x0000000710800000, 0x0000000710800000|100%| E|CS|TAMS 0x0000000710700000, 0x0000000710700000| Complete 
| 244|0x0000000710800000, 0x0000000710900000, 0x0000000710900000|100%| E|CS|TAMS 0x0000000710800000, 0x0000000710800000| Complete 
| 245|0x0000000710900000, 0x0000000710a00000, 0x0000000710a00000|100%| E|CS|TAMS 0x0000000710900000, 0x0000000710900000| Complete 
| 246|0x0000000710a00000, 0x0000000710b00000, 0x0000000710b00000|100%| E|CS|TAMS 0x0000000710a00000, 0x0000000710a00000| Complete 
| 247|0x0000000710b00000, 0x0000000710c00000, 0x0000000710c00000|100%| E|CS|TAMS 0x0000000710b00000, 0x0000000710b00000| Complete 
| 248|0x0000000710c00000, 0x0000000710d00000, 0x0000000710d00000|100%| E|CS|TAMS 0x0000000710c00000, 0x0000000710c00000| Complete 
| 249|0x0000000710d00000, 0x0000000710e00000, 0x0000000710e00000|100%| E|CS|TAMS 0x0000000710d00000, 0x0000000710d00000| Complete 
| 250|0x0000000710e00000, 0x0000000710f00000, 0x0000000710f00000|100%| E|CS|TAMS 0x0000000710e00000, 0x0000000710e00000| Complete 
| 251|0x0000000710f00000, 0x0000000711000000, 0x0000000711000000|100%| E|CS|TAMS 0x0000000710f00000, 0x0000000710f00000| Complete 
| 252|0x0000000711000000, 0x0000000711100000, 0x0000000711100000|100%| E|CS|TAMS 0x0000000711000000, 0x0000000711000000| Complete 
| 253|0x0000000711100000, 0x0000000711200000, 0x0000000711200000|100%| E|CS|TAMS 0x0000000711100000, 0x0000000711100000| Complete 
| 254|0x0000000711200000, 0x0000000711300000, 0x0000000711300000|100%| E|CS|TAMS 0x0000000711200000, 0x0000000711200000| Complete 
| 255|0x0000000711300000, 0x0000000711400000, 0x0000000711400000|100%| E|CS|TAMS 0x0000000711300000, 0x0000000711300000| Complete 

Card table byte_map: [0x0000014e7d000000,0x0000014e7d800000] _byte_map_base: 0x0000014e797f6000

Marking Bits (Prev, Next): (CMBitMap*) 0x0000014e74c40de8, (CMBitMap*) 0x0000014e74c40e20
 Prev Bits: [0x0000014e0f000000, 0x0000014e12fb0000)
 Next Bits: [0x0000014e12fb0000, 0x0000014e16f60000)

Polling page: 0x0000014e72b60000

Metaspace:

Usage:
  Non-class:     36.69 MB capacity,    36.06 MB ( 98%) used,   521.30 KB (  1%) free+waste,   122.62 KB ( <1%) overhead. 
      Class:      5.48 MB capacity,     5.09 MB ( 93%) used,   344.20 KB (  6%) free+waste,    60.81 KB (  1%) overhead. 
       Both:     42.17 MB capacity,    41.14 MB ( 98%) used,   865.51 KB (  2%) free+waste,   183.44 KB ( <1%) overhead. 

Virtual space:
  Non-class space:       38.00 MB reserved,      36.92 MB ( 97%) committed 
      Class space:        1.00 GB reserved,       5.50 MB ( <1%) committed 
             Both:        1.04 GB reserved,      42.42 MB (  4%) committed 

Chunk freelists:
   Non-Class:  256 bytes
       Class:  2.12 KB
        Both:  2.38 KB

CodeHeap 'non-profiled nmethods': size=238336Kb used=5519Kb max_used=5519Kb free=232816Kb
 bounds [0x0000014e00740000, 0x0000014e00cb0000, 0x0000014e0f000000]
CodeHeap 'non-nmethods': size=7424Kb used=1310Kb max_used=1310Kb free=6113Kb
 bounds [0x0000014e00000000, 0x0000014e00270000, 0x0000014e00740000]
 total_blobs=4206 nmethods=3618 adapters=521
 compilation: enabled
              stopped_count=0, restarted_count=0
 full_count=0

Compilation events (10 events):
Event: 31.507 Thread 0x0000014e7f6ef000 nmethod 3613 0x0000014e00ca1910 code [0x0000014e00ca1aa0, 0x0000014e00ca1b58]
Event: 31.511 Thread 0x0000014e7f6ef000 3615       1       com.alibaba.nacos.shaded.io.grpc.Metadata::bytesEqual (6 bytes)
Event: 31.512 Thread 0x0000014e7f6ef000 nmethod 3615 0x0000014e00ca1c10 code [0x0000014e00ca1da0, 0x0000014e00ca1e88]
Event: 31.512 Thread 0x0000014e7f6ef000 3616       1       com.alibaba.nacos.shaded.io.grpc.netty.shaded.io.netty.handler.codec.http2.DefaultHttp2Connection::verifyKey (18 bytes)
Event: 31.512 Thread 0x0000014e7f6ef000 nmethod 3616 0x0000014e00ca1f10 code [0x0000014e00ca20e0, 0x0000014e00ca22f8]
Event: 31.512 Thread 0x0000014e7f6ef000 3618       1       com.alibaba.nacos.shaded.io.grpc.netty.shaded.io.netty.buffer.AbstractByteBuf::checkReadableBytes0 (73 bytes)
Event: 31.514 Thread 0x0000014e7f6ef000 nmethod 3618 0x0000014e00ca2490 code [0x0000014e00ca2720, 0x0000014e00ca32c8]
Event: 31.514 Thread 0x0000014e7f6ef000 3617       1       com.alibaba.nacos.shaded.io.grpc.netty.shaded.io.netty.handler.codec.http2.DefaultHttp2Connection$DefaultPropertyKey::verifyConnection (20 bytes)
Event: 31.514 Thread 0x0000014e7f6ef000 nmethod 3617 0x0000014e00ca3890 code [0x0000014e00ca3a40, 0x0000014e00ca3b88]
Event: 31.523 Thread 0x0000014e7f6ef000 3619       1       org.yaml.snakeyaml.parser.ParserImpl::parseNode (1168 bytes)

GC Heap History (10 events):
Event: 13.634 GC heap before
{Heap before GC invocations=1 (full 0):
 garbage-first heap   total 262144K, used 31932K [0x0000000701400000, 0x0000000800000000)
  region size 1024K, 23 young (23552K), 3 survivors (3072K)
 Metaspace       used 15080K, capacity 15508K, committed 15616K, reserved 1062912K
  class space    used 1576K, capacity 1714K, committed 1792K, reserved 1048576K
}
Event: 13.638 GC heap after
{Heap after GC invocations=2 (full 0):
 garbage-first heap   total 262144K, used 13289K [0x0000000701400000, 0x0000000800000000)
  region size 1024K, 2 young (2048K), 2 survivors (2048K)
 Metaspace       used 15080K, capacity 15508K, committed 15616K, reserved 1062912K
  class space    used 1576K, capacity 1714K, committed 1792K, reserved 1048576K
}
Event: 16.805 GC heap before
{Heap before GC invocations=2 (full 0):
 garbage-first heap   total 262144K, used 54249K [0x0000000701400000, 0x0000000800000000)
  region size 1024K, 43 young (44032K), 2 survivors (2048K)
 Metaspace       used 20470K, capacity 21189K, committed 21296K, reserved 1069056K
  class space    used 2381K, capacity 2682K, committed 2688K, reserved 1048576K
}
Event: 16.812 GC heap after
{Heap after GC invocations=3 (full 0):
 garbage-first heap   total 262144K, used 15176K [0x0000000701400000, 0x0000000800000000)
  region size 1024K, 4 young (4096K), 4 survivors (4096K)
 Metaspace       used 20470K, capacity 21189K, committed 21296K, reserved 1069056K
  class space    used 2381K, capacity 2682K, committed 2688K, reserved 1048576K
}
Event: 17.385 GC heap before
{Heap before GC invocations=4 (full 0):
 garbage-first heap   total 262144K, used 74568K [0x0000000701400000, 0x0000000800000000)
  region size 1024K, 63 young (64512K), 4 survivors (4096K)
 Metaspace       used 28037K, capacity 28885K, committed 29104K, reserved 1075200K
  class space    used 3447K, capacity 3798K, committed 3840K, reserved 1048576K
}
Event: 17.392 GC heap after
{Heap after GC invocations=5 (full 0):
 garbage-first heap   total 262144K, used 17137K [0x0000000701400000, 0x0000000800000000)
  region size 1024K, 6 young (6144K), 6 survivors (6144K)
 Metaspace       used 28037K, capacity 28885K, committed 29104K, reserved 1075200K
  class space    used 3447K, capacity 3798K, committed 3840K, reserved 1048576K
}
Event: 20.804 GC heap before
{Heap before GC invocations=5 (full 0):
 garbage-first heap   total 262144K, used 108273K [0x0000000701400000, 0x0000000800000000)
  region size 1024K, 95 young (97280K), 6 survivors (6144K)
 Metaspace       used 32257K, capacity 33240K, committed 33328K, reserved 1079296K
  class space    used 3998K, capacity 4397K, committed 4480K, reserved 1048576K
}
Event: 20.812 GC heap after
{Heap after GC invocations=6 (full 0):
 garbage-first heap   total 262144K, used 18730K [0x0000000701400000, 0x0000000800000000)
  region size 1024K, 8 young (8192K), 8 survivors (8192K)
 Metaspace       used 32257K, capacity 33240K, committed 33328K, reserved 1079296K
  class space    used 3998K, capacity 4397K, committed 4480K, reserved 1048576K
}
Event: 21.503 GC heap before
{Heap before GC invocations=6 (full 0):
 garbage-first heap   total 262144K, used 50474K [0x0000000701400000, 0x0000000800000000)
  region size 1024K, 40 young (40960K), 8 survivors (8192K)
 Metaspace       used 34698K, capacity 35707K, committed 35888K, reserved 1081344K
  class space    used 4325K, capacity 4731K, committed 4736K, reserved 1048576K
}
Event: 21.512 GC heap after
{Heap after GC invocations=7 (full 0):
 garbage-first heap   total 262144K, used 20021K [0x0000000701400000, 0x0000000800000000)
  region size 1024K, 9 young (9216K), 9 survivors (9216K)
 Metaspace       used 34698K, capacity 35707K, committed 35888K, reserved 1081344K
  class space    used 4325K, capacity 4731K, committed 4736K, reserved 1048576K
}

Deoptimization events (0 events):
No events

Classes redefined (0 events):
No events

Internal exceptions (10 events):
Event: 20.960 Thread 0x0000014e74bde000 Exception <a 'java/lang/UnsatisfiedLinkError'{0x00000007109ab358}: com.alibaba.nacos.shaded.io.grpc.netty.shaded.io.netty.channel.epoll.Native.offsetofEpollData()I> (0x00000007109ab358) thrown at [./open/src/hotspot/share/prims/nativeLookup.cpp, line 521]
Event: 20.960 Thread 0x0000014e74bde000 Exception <a 'java/lang/ExceptionInInitializerError'{0x00000007109ad9e0}> (0x00000007109ad9e0) thrown at [./open/src/hotspot/share/oops/instanceKlass.cpp, line 1078]
Event: 21.635 Thread 0x0000014e19a44800 Exception <a 'java/lang/reflect/InvocationTargetException'{0x0000000711109ae0}> (0x0000000711109ae0) thrown at [./open/src/hotspot/share/runtime/reflection.cpp, line 1240]
Event: 22.223 Thread 0x0000014e19a44800 Exception <a 'java/lang/reflect/InvocationTargetException'{0x0000000711116270}> (0x0000000711116270) thrown at [./open/src/hotspot/share/runtime/reflection.cpp, line 1240]
Event: 23.418 Thread 0x0000014e19a44800 Exception <a 'java/lang/reflect/InvocationTargetException'{0x0000000711122cd0}> (0x0000000711122cd0) thrown at [./open/src/hotspot/share/runtime/reflection.cpp, line 1240]
Event: 23.924 Thread 0x0000014e19a44800 Exception <a 'java/lang/reflect/InvocationTargetException'{0x0000000711132438}> (0x0000000711132438) thrown at [./open/src/hotspot/share/runtime/reflection.cpp, line 1240]
Event: 24.440 Thread 0x0000014e19a44800 Exception <a 'java/lang/reflect/InvocationTargetException'{0x0000000710f0be88}> (0x0000000710f0be88) thrown at [./open/src/hotspot/share/runtime/reflection.cpp, line 1240]
Event: 27.700 Thread 0x0000014e1a70e000 Exception <a 'java/io/FileNotFoundException'{0x000000070da86208}> (0x000000070da86208) thrown at [./open/src/hotspot/share/prims/jni.cpp, line 611]
Event: 27.700 Thread 0x0000014e1a70e000 Exception <a 'java/io/FileNotFoundException'{0x000000070da86998}> (0x000000070da86998) thrown at [./open/src/hotspot/share/prims/jni.cpp, line 611]
Event: 27.850 Thread 0x0000014e74bde000 Exception <a 'java/lang/NoClassDefFoundError'{0x000000070daecb20}: sun/reflect/Reflection> (0x000000070daecb20) thrown at [./open/src/hotspot/share/classfile/systemDictionary.cpp, line 215]

Events (10 events):
Event: 31.507 Executing VM operation: RevokeBias
Event: 31.507 Executing VM operation: RevokeBias done
Event: 31.507 Executing VM operation: RevokeBias
Event: 31.507 Executing VM operation: RevokeBias done
Event: 31.512 Thread 0x0000014e1bc91800 Thread added: 0x0000014e1bc91800
Event: 31.524 Thread 0x0000014e74bde000 DEOPT PACKING pc=0x0000014e00aba5ac sp=0x00000003e3ffe270
Event: 31.524 Thread 0x0000014e74bde000 DEOPT UNPACKING pc=0x0000014e0003bb5e sp=0x00000003e3ffd778 mode 1
Event: 31.527 Executing VM operation: RevokeBias
Event: 31.527 Executing VM operation: RevokeBias done
Event: 31.527 Executing VM operation: BulkRevokeBias


Dynamic libraries:
0x00007ff6314b0000 - 0x00007ff6314c0000 	C:\Program Files\Java\jdk-11\bin\java.exe
0x00007ffc667f0000 - 0x00007ffc669e8000 	C:\WINDOWS\SYSTEM32\ntdll.dll
0x00007ffc64d40000 - 0x00007ffc64dfd000 	C:\WINDOWS\System32\KERNEL32.DLL
0x00007ffc63eb0000 - 0x00007ffc641a6000 	C:\WINDOWS\System32\KERNELBASE.dll
0x00007ffc64640000 - 0x00007ffc64740000 	C:\WINDOWS\System32\ucrtbase.dll
0x00007ffc2c770000 - 0x00007ffc2c789000 	C:\Program Files\Java\jdk-11\bin\jli.dll
0x00007ffc2c370000 - 0x00007ffc2c38b000 	C:\Program Files\Java\jdk-11\bin\VCRUNTIME140.dll
0x00007ffc65470000 - 0x00007ffc65520000 	C:\WINDOWS\System32\ADVAPI32.dll
0x00007ffc65550000 - 0x00007ffc655ee000 	C:\WINDOWS\System32\msvcrt.dll
0x00007ffc653d0000 - 0x00007ffc65470000 	C:\WINDOWS\System32\sechost.dll
0x00007ffc64980000 - 0x00007ffc64aa3000 	C:\WINDOWS\System32\RPCRT4.dll
0x00007ffc64740000 - 0x00007ffc64767000 	C:\WINDOWS\System32\bcrypt.dll
0x00007ffc64ab0000 - 0x00007ffc64c4f000 	C:\WINDOWS\System32\USER32.dll
0x00007ffc64800000 - 0x00007ffc64822000 	C:\WINDOWS\System32\win32u.dll
0x00007ffc64940000 - 0x00007ffc6496b000 	C:\WINDOWS\System32\GDI32.dll
0x00007ffc64320000 - 0x00007ffc64437000 	C:\WINDOWS\System32\gdi32full.dll
0x00007ffc4dd40000 - 0x00007ffc4dfda000 	C:\WINDOWS\WinSxS\amd64_microsoft.windows.common-controls_6595b64144ccf1df_6.0.19041.4355_none_60b8b9eb71f62e16\COMCTL32.dll
0x00007ffc645a0000 - 0x00007ffc6463d000 	C:\WINDOWS\System32\msvcp_win.dll
0x00007ffc5c540000 - 0x00007ffc5c54a000 	C:\WINDOWS\SYSTEM32\VERSION.dll
0x00007ffc66640000 - 0x00007ffc6666f000 	C:\WINDOWS\System32\IMM32.DLL
0x00007ffc38b40000 - 0x00007ffc38b4c000 	C:\Program Files\Java\jdk-11\bin\vcruntime140_1.dll
0x00007ffc21c60000 - 0x00007ffc21cee000 	C:\Program Files\Java\jdk-11\bin\msvcp140.dll
0x00007ffc155f0000 - 0x00007ffc1615e000 	C:\Program Files\Java\jdk-11\bin\server\jvm.dll
0x00007ffc64f50000 - 0x00007ffc64f58000 	C:\WINDOWS\System32\PSAPI.DLL
0x00007ffc42b90000 - 0x00007ffc42b99000 	C:\WINDOWS\SYSTEM32\WSOCK32.dll
0x00007ffc56de0000 - 0x00007ffc56e07000 	C:\WINDOWS\SYSTEM32\WINMM.dll
0x00007ffc64e60000 - 0x00007ffc64ecb000 	C:\WINDOWS\System32\WS2_32.dll
0x00007ffc626c0000 - 0x00007ffc626d2000 	C:\WINDOWS\SYSTEM32\kernel.appcore.dll
0x00007ffc36dd0000 - 0x00007ffc36de0000 	C:\Program Files\Java\jdk-11\bin\verify.dll
0x00007ffc61c30000 - 0x00007ffc61e14000 	C:\WINDOWS\SYSTEM32\DBGHELP.DLL
0x00007ffc4a190000 - 0x00007ffc4a1c4000 	C:\WINDOWS\SYSTEM32\dbgcore.DLL
0x00007ffc64770000 - 0x00007ffc647f2000 	C:\WINDOWS\System32\bcryptPrimitives.dll
0x00007ffc2bf80000 - 0x00007ffc2bfa8000 	C:\Program Files\Java\jdk-11\bin\java.dll
0x00007ffc35b80000 - 0x00007ffc35b8a000 	C:\Program Files\Java\jdk-11\bin\jimage.dll
0x00007ffc1e410000 - 0x00007ffc1e448000 	C:\Program Files\Java\jdk-11\bin\jdwp.dll
0x00007ffc3b0d0000 - 0x00007ffc3b0de000 	C:\Program Files\Java\jdk-11\bin\instrument.dll
0x00007ffc2c2b0000 - 0x00007ffc2c2c7000 	C:\Program Files\Java\jdk-11\bin\zip.dll
0x00007ffc65ed0000 - 0x00007ffc6663c000 	C:\WINDOWS\System32\SHELL32.dll
0x00007ffc61e20000 - 0x00007ffc625bd000 	C:\WINDOWS\SYSTEM32\windows.storage.dll
0x00007ffc659c0000 - 0x00007ffc65d13000 	C:\WINDOWS\System32\combase.dll
0x00007ffc638d0000 - 0x00007ffc638fe000 	C:\WINDOWS\SYSTEM32\Wldp.dll
0x00007ffc655f0000 - 0x00007ffc656bd000 	C:\WINDOWS\System32\OLEAUT32.dll
0x00007ffc64830000 - 0x00007ffc648dd000 	C:\WINDOWS\System32\SHCORE.dll
0x00007ffc648e0000 - 0x00007ffc64935000 	C:\WINDOWS\System32\shlwapi.dll
0x00007ffc63de0000 - 0x00007ffc63e04000 	C:\WINDOWS\SYSTEM32\profapi.dll
0x00007ffc38580000 - 0x00007ffc3858b000 	C:\Program Files\Java\jdk-11\bin\dt_socket.dll
0x00007ffc63630000 - 0x00007ffc6369a000 	C:\WINDOWS\system32\mswsock.dll
0x00007ffc2bf00000 - 0x00007ffc2bf19000 	C:\Program Files\Java\jdk-11\bin\net.dll
0x00007ffc58d80000 - 0x00007ffc58e8a000 	C:\WINDOWS\SYSTEM32\WINHTTP.dll
0x00007ffc2be20000 - 0x00007ffc2be32000 	C:\Program Files\Java\jdk-11\bin\nio.dll
0x00007ffc632e0000 - 0x00007ffc633aa000 	C:\WINDOWS\SYSTEM32\DNSAPI.dll
0x00007ffc632a0000 - 0x00007ffc632db000 	C:\WINDOWS\SYSTEM32\IPHLPAPI.DLL
0x00007ffc65540000 - 0x00007ffc65548000 	C:\WINDOWS\System32\NSI.dll
0x00007ffc5c550000 - 0x00007ffc5c55a000 	C:\Windows\System32\rasadhlp.dll
0x00007ffc53890000 - 0x00007ffc53910000 	C:\WINDOWS\System32\fwpuclnt.dll
0x00007ffc2c350000 - 0x00007ffc2c359000 	C:\Program Files\Java\jdk-11\bin\management.dll
0x00007ffc2bef0000 - 0x00007ffc2befb000 	C:\Program Files\Java\jdk-11\bin\management_ext.dll
0x00007ffc63820000 - 0x00007ffc63838000 	C:\WINDOWS\SYSTEM32\CRYPTSP.dll
0x00007ffc62e80000 - 0x00007ffc62eb4000 	C:\WINDOWS\system32\rsaenh.dll
0x00007ffc63d50000 - 0x00007ffc63d7e000 	C:\WINDOWS\SYSTEM32\USERENV.dll
0x00007ffc63840000 - 0x00007ffc6384c000 	C:\WINDOWS\SYSTEM32\CRYPTBASE.dll
0x00007ffc5bba0000 - 0x00007ffc5bbb7000 	C:\WINDOWS\SYSTEM32\dhcpcsvc6.DLL
0x00007ffc5bb80000 - 0x00007ffc5bb9d000 	C:\WINDOWS\SYSTEM32\dhcpcsvc.DLL
0x00007ffc3d780000 - 0x00007ffc3d797000 	C:\WINDOWS\system32\napinsp.dll
0x00007ffc3d760000 - 0x00007ffc3d77b000 	C:\WINDOWS\system32\pnrpnsp.dll
0x00007ffc5fdf0000 - 0x00007ffc5fe05000 	C:\WINDOWS\system32\wshbth.dll
0x00007ffc5dff0000 - 0x00007ffc5e00d000 	C:\WINDOWS\system32\NLAapi.dll
0x00007ffc3d5b0000 - 0x00007ffc3d5c2000 	C:\WINDOWS\System32\winrnr.dll

dbghelp: loaded successfully - version: 4.0.5 - missing functions: none
symbol engine: initialized successfully - sym options: 0x614 - pdb path: .;C:\Program Files\Java\jdk-11\bin;C:\WINDOWS\SYSTEM32;C:\WINDOWS\WinSxS\amd64_microsoft.windows.common-controls_6595b64144ccf1df_6.0.19041.4355_none_60b8b9eb71f62e16;C:\Program Files\Java\jdk-11\bin\server

VM Arguments:
jvm_args: -agentlib:jdwp=transport=dt_socket,address=127.0.0.1:59596,suspend=y,server=n -XX:TieredStopAtLevel=1 -Xverify:none -Dspring.profiles.active=local -Dspring.output.ansi.enabled=always -javaagent:C:\Users\19655\AppData\Local\JetBrains\IntelliJIdea2021.1\captureAgent\debugger-agent.jar=file:/C:/Users/19655/AppData/Local/Temp/capture5.props -Dcom.sun.management.jmxremote -Dspring.jmx.enabled=true -Dspring.liveBeansView.mbeanDomain -Dspring.application.admin.enabled=true -Dfile.encoding=UTF-8 
java_command: com.hmall.cart.CartApplication
java_class_path (initial): D:\ev\SpringCloud\codemy\hmall\cart-service\target\classes;D:\ev\SpringCloud\codemy\hmall\hm-common\target\classes;D:\maven_respository\org\apache\commons\commons-pool2\2.11.1\commons-pool2-2.11.1.jar;D:\maven_respository\cn\hutool\hutool-all\5.8.11\hutool-all-5.8.11.jar;D:\maven_respository\org\springframework\boot\spring-boot-starter-logging\2.7.12\spring-boot-starter-logging-2.7.12.jar;D:\maven_respository\ch\qos\logback\logback-classic\1.2.12\logback-classic-1.2.12.jar;D:\maven_respository\ch\qos\logback\logback-core\1.2.12\logback-core-1.2.12.jar;D:\maven_respository\org\apache\logging\log4j\log4j-to-slf4j\2.17.2\log4j-to-slf4j-2.17.2.jar;D:\maven_respository\org\apache\logging\log4j\log4j-api\2.17.2\log4j-api-2.17.2.jar;D:\maven_respository\org\slf4j\jul-to-slf4j\1.7.36\jul-to-slf4j-1.7.36.jar;D:\maven_respository\org\hibernate\validator\hibernate-validator\6.2.5.Final\hibernate-validator-6.2.5.Final.jar;D:\maven_respository\jakarta\validation\jakarta.validation-api\2.0.2\jakarta.validation-api-2.0.2.jar;D:\maven_respository\org\jboss\logging\jboss-logging\3.4.3.Final\jboss-logging-3.4.3.Final.jar;D:\maven_respository\com\fasterxml\classmate\1.5.1\classmate-1.5.1.jar;D:\maven_respository\org\springframework\boot\spring-boot-autoconfigure\2.7.12\spring-boot-autoconfigure-2.7.12.jar;D:\maven_respository\org\springframework\boot\spring-boot\2.7.12\spring-boot-2.7.12.jar;D:\maven_respository\com\github\xiaoymin\knife4j-openapi2-spring-boot-starter\4.1.0\knife4j-openapi2-spring-boot-starter-4.1.0.jar;D:\maven_respository\com\github\xiaoymin\knife4j-core\4.1.0\knife4j-core-4.1.0.jar;D:\maven_respository\com\github\xiaoymin\knife4j-openapi2-ui\4.1.0\knife4j-openapi2-ui-4.1.0.jar;D:\maven_respository\org\javassist\javassist\3.25.0-GA\javassist-3.25.0-GA.jar;D:\maven_respository\io\springfox\springfox-swagger2\2.10.5\springfox-swagger2-2.10.5.jar;D:\maven_respository\io\springfox\springfox-spi\2.10.5\springfox-spi-2.10.5.jar;D:\maven_respos
Launcher Type: SUN_STANDARD

[Global flags]
     bool BytecodeVerificationLocal                = false                                     {product} {command line}
     bool BytecodeVerificationRemote               = false                                     {product} {command line}
     intx CICompilerCount                          = 4                                         {product} {ergonomic}
     uint ConcGCThreads                            = 3                                         {product} {ergonomic}
     uint G1ConcRefinementThreads                  = 10                                        {product} {ergonomic}
   size_t G1HeapRegionSize                         = 1048576                                   {product} {ergonomic}
    uintx GCDrainStackTargetSize                   = 64                                        {product} {ergonomic}
   size_t InitialHeapSize                          = 268435456                                 {product} {ergonomic}
     bool ManagementServer                         = true                                      {product} {command line}
   size_t MarkStackSize                            = 4194304                                   {product} {ergonomic}
   size_t MaxHeapSize                              = 4273995776                                {product} {ergonomic}
   size_t MaxNewSize                               = 2563768320                                {product} {ergonomic}
   size_t MinHeapDeltaBytes                        = 1048576                                   {product} {ergonomic}
    uintx NonNMethodCodeHeapSize                   = 7549744                                {pd product} {ergonomic}
    uintx NonProfiledCodeHeapSize                  = 244108496                              {pd product} {ergonomic}
    uintx ProfiledCodeHeapSize                     = 0                                      {pd product} {ergonomic}
    uintx ReservedCodeCacheSize                    = 251658240                              {pd product} {ergonomic}
     bool SegmentedCodeCache                       = true                                      {product} {ergonomic}
     intx TieredStopAtLevel                        = 1                                         {product} {command line}
     bool UseCompressedClassPointers               = true                                 {lp64_product} {ergonomic}
     bool UseCompressedOops                        = true                                 {lp64_product} {ergonomic}
     bool UseG1GC                                  = true                                      {product} {ergonomic}
     bool UseLargePagesIndividualAllocation        = false                                  {pd product} {ergonomic}

Logging:
Log output configuration:
 #0: stdout all=warning uptime,level,tags
 #1: stderr all=off uptime,level,tags

Environment Variables:
JAVA_HOME=C:\Program Files\Java\jdk-11
CLASSPATH=.;C:\Program Files\Java\jdk-11\lib;C:\Program Files\Java\jdk-11\lib\tools.jar;D:\apache-jmeter-5.6.3\apache-jmeter-5.6.3\lib\ext\ApacheJMeter_core.jar;D:\apache-jmeter-5.6.3\apache-jmeter-5.6.3\lib\jorphan.jar;
PATH=C:\Program Files\Java\jdk-11\bin;C:\Program Files\Common Files\Oracle\Java\javapath;D:\linux\bin\;C:\Program Files (x86)\Common Files\Oracle\Java\javapath;C:\Windows\system32;C:\Windows;C:\Windows\System32\Wbem;C:\Windows\System32\WindowsPowerShell\v1.0\;C:\Windows\System32\OpenSSH\;C:\Program Files (x86)\NVIDIA Corporation\PhysX\Common;C:\Program Files\NVIDIA Corporation\NVIDIA NvDLISR;D:\MATLAB2023b\R2023b\runtime\win64;D:\MATLAB2023b\R2023b\bin;D:\matlab\runtime\win64;D:\matlab\bin;D:\matlab\polyspace\bin;C:\WINDOWS\system32;C:\WINDOWS;C:\WINDOWS\System32\Wbem;C:\WINDOWS\System32\WindowsPowerShell\v1.0\;C:\WINDOWS\System32\OpenSSH\;D:\node\;D:\node\node_global;C:\Program Files\MySQL\MySQL Server 8.0\bin;D:\Windows Kits\10\Windows Performance Toolkit\;C:\Program Files\MySQL\MySQL Server 8.0\bin\;D:\apache-maven-3.6.3\bin;D:\Git\Git\cmd;D:\web\dll;D:\apache-jmeter-5.6.3\apache-jmeter-5.6.3\bin;D:\MinGW\bin;D:\dev\python\python3.11\Scripts\;D:\dev\python\python3.11\;C:\Program Files\MySQL\MySQL Shell 8.0\bin\;C:\Users\19655\AppData\Local\Microsoft\WindowsApps;D:\VSCODE\Microsoft VS Code\bin;C:\Users\19655\AppData\Roaming\npm;D:\node\node_global;D:\node\node_cache;;D:\pycharmzhunye\PyCharm 2023.2.1\bin;;D:\cpolar\
USERNAME=19655
OS=Windows_NT
PROCESSOR_IDENTIFIER=Intel64 Family 6 Model 158 Stepping 10, GenuineIntel



---------------  S Y S T E M  ---------------

OS: Windows 10 , 64 bit Build 19041 (10.0.19041.3636)

CPU:total 12 (initial active 12) (6 cores per cpu, 2 threads per core) family 6 model 158 stepping 10 microcode 0xb4, cmov, cx8, fxsr, mmx, sse, sse2, sse3, ssse3, sse4.1, sse4.2, popcnt, avx, avx2, aes, clmul, erms, 3dnowpref, lzcnt, ht, tsc, tscinvbit, bmi1, bmi2, adx, fma

Memory: 4k page, system-wide physical 16303M (441M free)
TotalPageFile size 40155M (AvailPageFile size 0M)
current process WorkingSet (physical memory assigned to process): 270M, peak: 270M
current process commit charge ("private bytes"): 463M, peak: 463M

vm_info: Java HotSpot(TM) 64-Bit Server VM (11.0.22+9-LTS-219) for windows-amd64 JRE (11.0.22+9-LTS-219), built on Dec 19 2023 22:08:21 by "mach5one" with MS VC++ 17.1 (VS2022)

END.
