#
# There is insufficient memory for the Java Runtime Environment to continue.
# Native memory allocation (malloc) failed to allocate 32744 bytes for ChunkPool::allocate
# Possible reasons:
#   The system is out of physical RAM or swap space
#   The process is running with CompressedOops enabled, and the Java Heap may be blocking the growth of the native heap
# Possible solutions:
#   Reduce memory load on the system
#   Increase physical memory or swap space
#   Check if swap backing store is full
#   Decrease Java heap size (-Xmx/-Xms)
#   Decrease number of Java threads
#   Decrease Java thread stack sizes (-Xss)
#   Set larger code cache with -XX:ReservedCodeCacheSize=
#   JVM is running with Zero Based Compressed Oops mode in which the Java heap is
#     placed in the first 32GB address space. The Java Heap base address is the
#     maximum limit for the native heap growth. Please use -XX:HeapBaseMinAddress
#     to set the Java Heap base and to place the Java Heap above 32GB virtual address.
# This output file may be truncated or incomplete.
#
#  Out of Memory Error (./open/src/hotspot/share/memory/arena.cpp:81), pid=53488, tid=81260
#
# JRE version: Java(TM) SE Runtime Environment 18.9 (11.0.22+9) (build 11.0.22+9-LTS-219)
# Java VM: Java HotSpot(TM) 64-Bit Server VM 18.9 (11.0.22+9-LTS-219, mixed mode, tiered, compressed oops, g1 gc, windows-amd64)
# No core dump will be written. Minidumps are not enabled by default on client versions of Windows
#

---------------  S U M M A R Y ------------

Command Line: -agentlib:jdwp=transport=dt_socket,address=127.0.0.1:64854,suspend=y,server=n -XX:TieredStopAtLevel=1 -Xverify:none -Dspring.output.ansi.enabled=always -javaagent:C:\Users\19655\AppData\Local\JetBrains\IntelliJIdea2021.1\captureAgent\debugger-agent.jar=file:/C:/Users/19655/AppData/Local/Temp/capture19497.props -Dcom.sun.management.jmxremote -Dspring.jmx.enabled=true -Dspring.liveBeansView.mbeanDomain -Dspring.application.admin.enabled=true -Dfile.encoding=UTF-8 com.hmall.gateway.GatewayApplication

Host: Intel(R) Core(TM) i7-9750H CPU @ 2.60GHz, 12 cores, 15G,  Windows 10 , 64 bit Build 19041 (10.0.19041.3636)
Time: Wed Jun 12 13:32:25 2024  Windows 10 , 64 bit Build 19041 (10.0.19041.3636) elapsed time: 40.070616 seconds (0d 0h 0m 40s)

---------------  T H R E A D  ---------------

Current thread (0x000001b8d0b8b800):  VMThread "VM Thread" [stack: 0x0000001fd5600000,0x0000001fd5700000] [id=81260] _threads_hazard_ptr=0x000001b8d305cd00

Stack: [0x0000001fd5600000,0x0000001fd5700000]
[error occurred during error reporting (printing stack bounds), id 0xc0000005, EXCEPTION_ACCESS_VIOLATION (0xc0000005) at pc=0x000001b8b5120f2d]

Native frames: (J=compiled Java code, j=interpreted, Vv=VM code, C=native code)
V  [jvm.dll+0x66055a]
V  [jvm.dll+0x7a367f]
V  [jvm.dll+0x7a4d49]
V  [jvm.dll+0x7a5345]
V  [jvm.dll+0x7a52fb]
V  [jvm.dll+0x65fa63]
V  [jvm.dll+0x660158]
C  [ntdll.dll+0xa247f]
C  [ntdll.dll+0x514b4]
C  [ntdll.dll+0xa0f8e]
C  0x000001b8b5120f2d

VM_Operation (0x0000001fdacfb6b0): BulkRevokeBias, mode: safepoint, requested by thread 0x000001b8d35ee000


---------------  P R O C E S S  ---------------

Threads class SMR info:
_java_thread_list=0x000001b8d305cd00, length=82, elements={
0x000001b8ada3c000, 0x000001b8d1438800, 0x000001b8d1439800, 0x000001b8d14a5800,
0x000001b8d14a8800, 0x000001b8d14aa000, 0x000001b8d14ad000, 0x000001b8d14ae000,
0x000001b8d15e8800, 0x000001b8d1675800, 0x000001b8d1697800, 0x000001b8d1698800,
0x000001b8d1dda800, 0x000001b8d2d4b000, 0x000001b8d2d8d800, 0x000001b8d316e000,
0x000001b8d316a800, 0x000001b8d31bb800, 0x000001b8d1ddb800, 0x000001b8d31cf800,
0x000001b8d1a46800, 0x000001b8d1a44000, 0x000001b8d1a42800, 0x000001b8d1a41000,
0x000001b8d1a43800, 0x000001b8d1a47800, 0x000001b8d1a45000, 0x000001b8d1a41800,
0x000001b8d3533000, 0x000001b8d3532000, 0x000001b8d3536000, 0x000001b8d3538000,
0x000001b8d353e800, 0x000001b8d353d800, 0x000001b8d3538800, 0x000001b8d353a000,
0x000001b8d3537000, 0x000001b8d3533800, 0x000001b8d3535800, 0x000001b8d3531000,
0x000001b8d353c800, 0x000001b8d3539800, 0x000001b8d3534800, 0x000001b8d353b000,
0x000001b8d353f000, 0x000001b8d353c000, 0x000001b8d3540000, 0x000001b8d1a45800,
0x000001b8d8a50800, 0x000001b8d8a4f800, 0x000001b8d8a4e000, 0x000001b8d8a4e800,
0x000001b8d8a51000, 0x000001b8d8a52000, 0x000001b8d8a53000, 0x000001b8d8a4d000,
0x000001b8d8a53800, 0x000001b8d8a57800, 0x000001b8d8a55000, 0x000001b8d8a5a000,
0x000001b8d8a54800, 0x000001b8d8a59800, 0x000001b8d8a57000, 0x000001b8d8a5b000,
0x000001b8d8a58800, 0x000001b8d8a5c000, 0x000001b8d8a56000, 0x000001b8d35e5800,
0x000001b8d35e6800, 0x000001b8d35ed000, 0x000001b8d35ea800, 0x000001b8d35e7800,
0x000001b8d35ea000, 0x000001b8d35eb800, 0x000001b8d35ec000, 0x000001b8d35ee000,
0x000001b8d35e8000, 0x000001b8d35ee800, 0x000001b8d35e9000, 0x000001b8d35f3000,
0x000001b8d35f3800, 0x000001b8d35ef800
}

Java Threads: ( => current thread )
  0x000001b8ada3c000 JavaThread "main" [_thread_blocked, id=60848, stack(0x0000001fd5000000,0x0000001fd5100000)]
  0x000001b8d1438800 JavaThread "Reference Handler" daemon [_thread_blocked, id=42176, stack(0x0000001fd5700000,0x0000001fd5800000)]
  0x000001b8d1439800 JavaThread "Finalizer" daemon [_thread_blocked, id=26436, stack(0x0000001fd5800000,0x0000001fd5900000)]
  0x000001b8d14a5800 JavaThread "Signal Dispatcher" daemon [_thread_blocked, id=76396, stack(0x0000001fd5900000,0x0000001fd5a00000)]
  0x000001b8d14a8800 JavaThread "Attach Listener" daemon [_thread_blocked, id=20796, stack(0x0000001fd5a00000,0x0000001fd5b00000)]
  0x000001b8d14aa000 JavaThread "Service Thread" daemon [_thread_blocked, id=59456, stack(0x0000001fd5b00000,0x0000001fd5c00000)]
  0x000001b8d14ad000 JavaThread "C1 CompilerThread0" daemon [_thread_blocked, id=25940, stack(0x0000001fd5c00000,0x0000001fd5d00000)]
  0x000001b8d14ae000 JavaThread "Sweeper thread" daemon [_thread_blocked, id=47172, stack(0x0000001fd5d00000,0x0000001fd5e00000)]
  0x000001b8d15e8800 JavaThread "Common-Cleaner" daemon [_thread_blocked, id=12276, stack(0x0000001fd5e00000,0x0000001fd5f00000)]
  0x000001b8d1675800 JavaThread "JDWP Transport Listener: dt_socket" daemon [_thread_blocked, id=75792, stack(0x0000001fd5f00000,0x0000001fd6000000)]
  0x000001b8d1697800 JavaThread "JDWP Event Helper Thread" daemon [_thread_blocked, id=80472, stack(0x0000001fd6000000,0x0000001fd6100000)]
  0x000001b8d1698800 JavaThread "JDWP Command Reader" daemon [_thread_in_native, id=70804, stack(0x0000001fd6100000,0x0000001fd6200000)]
  0x000001b8d1dda800 JavaThread "RMI TCP Accept-0" daemon [_thread_in_native, id=74240, stack(0x0000001fd6200000,0x0000001fd6300000)]
  0x000001b8d2d4b000 JavaThread "logback-1" daemon [_thread_blocked, id=19080, stack(0x0000001fd6c00000,0x0000001fd6d00000)]
  0x000001b8d2d8d800 JavaThread "logback-2" daemon [_thread_blocked, id=65404, stack(0x0000001fd6d00000,0x0000001fd6e00000)]
  0x000001b8d316e000 JavaThread "logback-3" daemon [_thread_blocked, id=11804, stack(0x0000001fd6900000,0x0000001fd6a00000)]
  0x000001b8d316a800 JavaThread "com.alibaba.nacos.client.identify.watcher.0" daemon [_thread_blocked, id=42832, stack(0x0000001fd6e00000,0x0000001fd6f00000)]
  0x000001b8d31bb800 JavaThread "com.alibaba.nacos.client.Worker" daemon [_thread_blocked, id=60548, stack(0x0000001fd6f00000,0x0000001fd7000000)]
  0x000001b8d1ddb800 JavaThread "logback-4" daemon [_thread_blocked, id=69724, stack(0x0000001fd7000000,0x0000001fd7100000)]
  0x000001b8d31cf800 JavaThread "logback-5" daemon [_thread_blocked, id=73808, stack(0x0000001fd7100000,0x0000001fd7200000)]
  0x000001b8d1a46800 JavaThread "nacos.publisher-com.alibaba.nacos.common.notify.SlowEvent" daemon [_thread_blocked, id=25912, stack(0x0000001fd7200000,0x0000001fd7300000)]
  0x000001b8d1a44000 JavaThread "com.alibaba.nacos.client.remote.worker" daemon [_thread_blocked, id=61360, stack(0x0000001fd7300000,0x0000001fd7400000)]
  0x000001b8d1a42800 JavaThread "com.alibaba.nacos.client.remote.worker" daemon [_thread_blocked, id=44004, stack(0x0000001fd7400000,0x0000001fd7500000)]
  0x000001b8d1a41000 JavaThread "grpc-nio-worker-ELG-1-1" daemon [_thread_in_native, id=83976, stack(0x0000001fd7500000,0x0000001fd7600000)]
  0x000001b8d1a43800 JavaThread "grpc-default-executor-0" daemon [_thread_blocked, id=64404, stack(0x0000001fd7600000,0x0000001fd7700000)]
  0x000001b8d1a47800 JavaThread "RMI TCP Connection(2)-192.168.44.1" daemon [_thread_in_native, id=67072, stack(0x0000001fd7700000,0x0000001fd7800000)]
  0x000001b8d1a45000 JavaThread "RMI Scheduler(0)" daemon [_thread_blocked, id=86816, stack(0x0000001fd7800000,0x0000001fd7900000)]
  0x000001b8d1a41800 JavaThread "grpc-nio-worker-ELG-1-2" daemon [_thread_in_native, id=70104, stack(0x0000001fd7a00000,0x0000001fd7b00000)]
  0x000001b8d3533000 JavaThread "grpc-default-executor-1" daemon [_thread_blocked, id=52968, stack(0x0000001fd7b00000,0x0000001fd7c00000)]
  0x000001b8d3532000 JavaThread "grpc-nio-worker-ELG-1-3" daemon [_thread_in_native, id=84964, stack(0x0000001fd7c00000,0x0000001fd7d00000)]
  0x000001b8d3536000 JavaThread "grpc-nio-worker-ELG-1-4" daemon [_thread_blocked, id=82996, stack(0x0000001fd7d00000,0x0000001fd7e00000)]
  0x000001b8d3538000 JavaThread "logback-6" daemon [_thread_blocked, id=37976, stack(0x0000001fd8700000,0x0000001fd8800000)]
  0x000001b8d353e800 JavaThread "logback-7" daemon [_thread_blocked, id=74556, stack(0x0000001fd8800000,0x0000001fd8900000)]
  0x000001b8d353d800 JavaThread "boundedElastic-evictor-1" daemon [_thread_blocked, id=51992, stack(0x0000001fd8900000,0x0000001fd8a00000)]
  0x000001b8d3538800 JavaThread "RMI TCP Connection(4)-192.168.44.1" daemon [_thread_in_native, id=82412, stack(0x0000001fd8a00000,0x0000001fd8b00000)]
  0x000001b8d353a000 JavaThread "spring.cloud.inetutils" daemon [_thread_blocked, id=66080, stack(0x0000001fd8d00000,0x0000001fd8e00000)]
  0x000001b8d3537000 JavaThread "nacos-grpc-client-executor-11" daemon [_thread_blocked, id=12752, stack(0x0000001fd7900000,0x0000001fd7a00000)]
  0x000001b8d3533800 JavaThread "RMI TCP Connection(6)-192.168.44.1" daemon [_thread_in_native, id=82736, stack(0x0000001fd8100000,0x0000001fd8200000)]
  0x000001b8d3535800 JavaThread "nacos.publisher-com.alibaba.nacos.client.naming.event.InstancesChangeEvent" daemon [_thread_blocked, id=77092, stack(0x0000001fd8300000,0x0000001fd8400000)]
  0x000001b8d3531000 JavaThread "com.alibaba.nacos.naming.failover" daemon [_thread_blocked, id=816, stack(0x0000001fd8400000,0x0000001fd8500000)]
  0x000001b8d353c800 JavaThread "com.alibaba.nacos.client.naming.security" daemon [_thread_blocked, id=78948, stack(0x0000001fd8500000,0x0000001fd8600000)]
  0x000001b8d3539800 JavaThread "com.alibaba.nacos.naming.push.receiver" daemon [_thread_in_native, id=71128, stack(0x0000001fd8200000,0x0000001fd8300000)]
  0x000001b8d3534800 JavaThread "com.alibaba.nacos.client.naming.grpc.redo.0" daemon [_thread_blocked, id=27484, stack(0x0000001fd8600000,0x0000001fd8700000)]
  0x000001b8d353b000 JavaThread "com.alibaba.nacos.client.remote.worker" daemon [_thread_blocked, id=38688, stack(0x0000001fd8b00000,0x0000001fd8c00000)]
  0x000001b8d353f000 JavaThread "com.alibaba.nacos.client.remote.worker" daemon [_thread_blocked, id=12720, stack(0x0000001fd8c00000,0x0000001fd8d00000)]
  0x000001b8d353c000 JavaThread "grpc-nio-worker-ELG-1-5" daemon [_thread_in_native, id=47236, stack(0x0000001fd8e00000,0x0000001fd8f00000)]
  0x000001b8d3540000 JavaThread "grpc-nio-worker-ELG-1-6" daemon [_thread_in_native, id=17728, stack(0x0000001fd8f00000,0x0000001fd9000000)]
  0x000001b8d1a45800 JavaThread "nacos-grpc-client-executor-0" daemon [_thread_blocked, id=85188, stack(0x0000001fd9000000,0x0000001fd9100000)]
  0x000001b8d8a50800 JavaThread "nacos-grpc-client-executor-1" daemon [_thread_blocked, id=43552, stack(0x0000001fd9100000,0x0000001fd9200000)]
  0x000001b8d8a4f800 JavaThread "nacos-grpc-client-executor-2" daemon [_thread_blocked, id=84916, stack(0x0000001fd9200000,0x0000001fd9300000)]
  0x000001b8d8a4e000 JavaThread "com.alibaba.nacos.client.naming.updater.0" daemon [_thread_blocked, id=76680, stack(0x0000001fd9300000,0x0000001fd9400000)]
  0x000001b8d8a4e800 JavaThread "nacos-grpc-client-executor-3" daemon [_thread_blocked, id=79048, stack(0x0000001fd9400000,0x0000001fd9500000)]
  0x000001b8d8a51000 JavaThread "Nacos-Watch-Task-Scheduler-1" [_thread_blocked, id=83492, stack(0x0000001fd9500000,0x0000001fd9600000)]
  0x000001b8d8a52000 JavaThread "nacos-grpc-client-executor-4" daemon [_thread_blocked, id=71504, stack(0x0000001fd9600000,0x0000001fd9700000)]
  0x000001b8d8a53000 JavaThread "grpc-nio-worker-ELG-1-7" daemon [_thread_in_native, id=54580, stack(0x0000001fd9700000,0x0000001fd9800000)]
  0x000001b8d8a4d000 JavaThread "grpc-nio-worker-ELG-1-8" daemon [_thread_in_native, id=42660, stack(0x0000001fd9800000,0x0000001fd9900000)]
  0x000001b8d8a53800 JavaThread "nacos-grpc-client-executor-6" daemon [_thread_blocked, id=49972, stack(0x0000001fd9a00000,0x0000001fd9b00000)]
  0x000001b8d8a57800 JavaThread "com.alibaba.nacos.client.naming.updater.1" daemon [_thread_blocked, id=82976, stack(0x0000001fd9900000,0x0000001fd9a00000)]
  0x000001b8d8a55000 JavaThread "nacos-grpc-client-executor-12" daemon [_thread_blocked, id=58176, stack(0x0000001fd9b00000,0x0000001fd9c00000)]
  0x000001b8d8a5a000 JavaThread "reactor-http-nio-1" daemon [_thread_in_native, id=69240, stack(0x0000001fd9c00000,0x0000001fd9d00000)]
  0x000001b8d8a54800 JavaThread "server" [_thread_blocked, id=72036, stack(0x0000001fd9d00000,0x0000001fd9e00000)]
  0x000001b8d8a59800 JavaThread "logback-8" daemon [_thread_blocked, id=18412, stack(0x0000001fd9e00000,0x0000001fd9f00000)]
  0x000001b8d8a57000 JavaThread "logback-9" daemon [_thread_blocked, id=79144, stack(0x0000001fd9f00000,0x0000001fda000000)]
  0x000001b8d8a5b000 JavaThread "logback-10" daemon [_thread_blocked, id=27220, stack(0x0000001fda000000,0x0000001fda100000)]
  0x000001b8d8a58800 JavaThread "com.alibaba.nacos.client.naming.updater.2" daemon [_thread_blocked, id=61628, stack(0x0000001fda100000,0x0000001fda200000)]
  0x000001b8d8a5c000 JavaThread "grpc-nio-worker-ELG-1-9" daemon [_thread_blocked, id=49592, stack(0x0000001fda200000,0x0000001fda300000)]
  0x000001b8d8a56000 JavaThread "grpc-nio-worker-ELG-1-10" daemon [_thread_blocked, id=78376, stack(0x0000001fda300000,0x0000001fda400000)]
  0x000001b8d35e5800 JavaThread "grpc-nio-worker-ELG-1-11" daemon [_thread_blocked, id=24264, stack(0x0000001fda400000,0x0000001fda500000)]
  0x000001b8d35e6800 JavaThread "nacos-grpc-client-executor-7" daemon [_thread_blocked, id=76032, stack(0x0000001fda500000,0x0000001fda600000)]
  0x000001b8d35ed000 JavaThread "nacos-grpc-client-executor-8" daemon [_thread_blocked, id=65104, stack(0x0000001fda600000,0x0000001fda700000)]
  0x000001b8d35ea800 JavaThread "grpc-nio-worker-ELG-1-12" daemon [_thread_in_native, id=85620, stack(0x0000001fda700000,0x0000001fda800000)]
  0x000001b8d35e7800 JavaThread "grpc-nio-worker-ELG-1-13" daemon [_thread_in_native, id=2444, stack(0x0000001fda800000,0x0000001fda900000)]
  0x000001b8d35ea000 JavaThread "grpc-nio-worker-ELG-1-14" daemon [_thread_in_native, id=78252, stack(0x0000001fda900000,0x0000001fdaa00000)]
  0x000001b8d35eb800 JavaThread "nacos-grpc-client-executor-9" daemon [_thread_blocked, id=67480, stack(0x0000001fdaa00000,0x0000001fdab00000)]
  0x000001b8d35ec000 JavaThread "nacos-grpc-client-executor-10" daemon [_thread_blocked, id=3192, stack(0x0000001fdab00000,0x0000001fdac00000)]
  0x000001b8d35ee000 JavaThread "RMI TCP Connection(7)-192.168.44.1" daemon [_thread_blocked, id=83128, stack(0x0000001fdac00000,0x0000001fdad00000)]
  0x000001b8d35e8000 JavaThread "grpc-nio-worker-ELG-1-15" daemon [_thread_in_native, id=53844, stack(0x0000001fdad00000,0x0000001fdae00000)]
  0x000001b8d35ee800 JavaThread "grpc-nio-worker-ELG-1-16" daemon [_thread_in_native, id=74364, stack(0x0000001fdae00000,0x0000001fdaf00000)]
  0x000001b8d35e9000 JavaThread "grpc-nio-worker-ELG-1-17" daemon [_thread_in_native, id=60864, stack(0x0000001fdaf00000,0x0000001fdb000000)]
  0x000001b8d35f3000 JavaThread "nacos-grpc-client-executor-11" daemon [_thread_blocked, id=80460, stack(0x0000001fdb000000,0x0000001fdb100000)]
  0x000001b8d35f3800 JavaThread "nacos-grpc-client-executor-12" daemon [_thread_blocked, id=24224, stack(0x0000001fdb100000,0x0000001fdb200000)]
  0x000001b8d35ef800 JavaThread "JMX server connection timeout 124" daemon [_thread_blocked, id=52932, stack(0x0000001fdb200000,0x0000001fdb300000)]

Other Threads:
=>0x000001b8d0b8b800 VMThread "VM Thread" [stack: 0x0000001fd5600000,0x0000001fd5700000] [id=81260] _threads_hazard_ptr=0x000001b8d305cd00
  0x000001b8d1de4800 WatcherThread [stack: 0x0000001fd6300000,0x0000001fd6400000] [id=69252]
  0x000001b8ada54000 GCTaskThread "GC Thread#0" [stack: 0x0000001fd5100000,0x0000001fd5200000] [id=64508]
  0x000001b8d286b000 GCTaskThread "GC Thread#1" [stack: 0x0000001fd6400000,0x0000001fd6500000] [id=83000]
  0x000001b8d1f8a800 GCTaskThread "GC Thread#2" [stack: 0x0000001fd6500000,0x0000001fd6600000] [id=79172]
  0x000001b8d2882000 GCTaskThread "GC Thread#3" [stack: 0x0000001fd6600000,0x0000001fd6700000] [id=70620]
  0x000001b8d2882800 GCTaskThread "GC Thread#4" [stack: 0x0000001fd6700000,0x0000001fd6800000] [id=86288]
  0x000001b8d2883800 GCTaskThread "GC Thread#5" [stack: 0x0000001fd6800000,0x0000001fd6900000] [id=87396]
  0x000001b8adab0800 ConcurrentGCThread "G1 Main Marker" [stack: 0x0000001fd5200000,0x0000001fd5300000] [id=74924]
  0x000001b8adab2000 ConcurrentGCThread "G1 Conc#0" [stack: 0x0000001fd5300000,0x0000001fd5400000] [id=22020]
  0x000001b8d2991800 ConcurrentGCThread "G1 Conc#1" [stack: 0x0000001fd6a00000,0x0000001fd6b00000] [id=76544]
  0x000001b8d2a17000 ConcurrentGCThread "G1 Conc#2" [stack: 0x0000001fd6b00000,0x0000001fd6c00000] [id=69528]
  0x000001b8d0a6c000 ConcurrentGCThread "G1 Refine#0" [stack: 0x0000001fd5400000,0x0000001fd5500000] [id=85020]
  0x000001b8d0a6d000 ConcurrentGCThread "G1 Young RemSet Sampling" [stack: 0x0000001fd5500000,0x0000001fd5600000] [id=47584]

Threads with active compile tasks:

VM state:at safepoint (normal execution)

VM Mutex/Monitor currently owned by a thread:  ([mutex/lock_event])
[0x000001b8ada39c80] Threads_lock - owner thread: 0x000001b8d0b8b800

Heap address: 0x0000000701400000, size: 4076 MB, Compressed Oops mode: Zero based, Oop shift amount: 3
Narrow klass base: 0x0000000800000000, Narrow klass shift: 0
Compressed class space size: 1073741824 Address: 0x0000000800000000

Heap:
 garbage-first heap   total 262144K, used 49898K [0x0000000701400000, 0x0000000800000000)
  region size 1024K, 30 young (30720K), 13 survivors (13312K)
 Metaspace       used 59391K, capacity 60959K, committed 61084K, reserved 1101824K
  class space    used 7532K, capacity 8158K, committed 8172K, reserved 1048576K
Heap Regions: E=young(eden), S=young(survivor), O=old, HS=humongous(starts), HC=humongous(continues), CS=collection set, F=free, A=archive, TAMS=top-at-mark-start (previous, next)
|   0|0x0000000701400000, 0x0000000701500000, 0x0000000701500000|100%| O|  |TAMS 0x0000000701500000, 0x0000000701400000| Untracked 
|   1|0x0000000701500000, 0x0000000701600000, 0x0000000701600000|100%|HS|  |TAMS 0x0000000701600000, 0x0000000701500000| Complete 
|   2|0x0000000701600000, 0x0000000701700000, 0x0000000701700000|100%| O|  |TAMS 0x0000000701700000, 0x0000000701600000| Untracked 
|   3|0x0000000701700000, 0x0000000701800000, 0x0000000701800000|100%| O|  |TAMS 0x0000000701800000, 0x0000000701700000| Untracked 
|   4|0x0000000701800000, 0x0000000701900000, 0x0000000701900000|100%| O|  |TAMS 0x0000000701900000, 0x0000000701800000| Untracked 
|   5|0x0000000701900000, 0x0000000701a00000, 0x0000000701a00000|100%| O|  |TAMS 0x0000000701a00000, 0x0000000701900000| Untracked 
|   6|0x0000000701a00000, 0x0000000701b00000, 0x0000000701b00000|100%| O|  |TAMS 0x0000000701b00000, 0x0000000701a00000| Untracked 
|   7|0x0000000701b00000, 0x0000000701c00000, 0x0000000701c00000|100%| O|  |TAMS 0x0000000701c00000, 0x0000000701b00000| Untracked 
|   8|0x0000000701c00000, 0x0000000701d00000, 0x0000000701d00000|100%| O|  |TAMS 0x0000000701d00000, 0x0000000701c00000| Untracked 
|   9|0x0000000701d00000, 0x0000000701e00000, 0x0000000701e00000|100%| O|  |TAMS 0x0000000701e00000, 0x0000000701d00000| Untracked 
|  10|0x0000000701e00000, 0x0000000701f00000, 0x0000000701f00000|100%| O|  |TAMS 0x0000000701f00000, 0x0000000701e00000| Untracked 
|  11|0x0000000701f00000, 0x0000000702000000, 0x0000000702000000|100%| O|  |TAMS 0x0000000702000000, 0x0000000701f00000| Untracked 
|  12|0x0000000702000000, 0x0000000702100000, 0x0000000702100000|100%| O|  |TAMS 0x0000000702100000, 0x0000000702000000| Untracked 
|  13|0x0000000702100000, 0x0000000702200000, 0x0000000702200000|100%| O|  |TAMS 0x0000000702200000, 0x0000000702100000| Untracked 
|  14|0x0000000702200000, 0x0000000702300000, 0x0000000702300000|100%| O|  |TAMS 0x0000000702300000, 0x0000000702200000| Untracked 
|  15|0x0000000702300000, 0x0000000702400000, 0x0000000702400000|100%| O|  |TAMS 0x0000000702400000, 0x0000000702300000| Untracked 
|  16|0x0000000702400000, 0x0000000702500000, 0x0000000702500000|100%| O|  |TAMS 0x0000000702500000, 0x0000000702400000| Untracked 
|  17|0x0000000702500000, 0x0000000702600000, 0x0000000702600000|100%| O|  |TAMS 0x0000000702600000, 0x0000000702500000| Untracked 
|  18|0x0000000702600000, 0x0000000702700000, 0x0000000702700000|100%| O|  |TAMS 0x0000000702700000, 0x0000000702600000| Untracked 
|  19|0x0000000702700000, 0x00000007027ba800, 0x0000000702800000| 72%| O|  |TAMS 0x00000007027ba800, 0x0000000702700000| Untracked 
|  20|0x0000000702800000, 0x0000000702800000, 0x0000000702900000|  0%| F|  |TAMS 0x0000000702800000, 0x0000000702800000| Untracked 
|  21|0x0000000702900000, 0x0000000702900000, 0x0000000702a00000|  0%| F|  |TAMS 0x0000000702900000, 0x0000000702900000| Untracked 
|  22|0x0000000702a00000, 0x0000000702a00000, 0x0000000702b00000|  0%| F|  |TAMS 0x0000000702a00000, 0x0000000702a00000| Untracked 
|  23|0x0000000702b00000, 0x0000000702b00000, 0x0000000702c00000|  0%| F|  |TAMS 0x0000000702b00000, 0x0000000702b00000| Untracked 
|  24|0x0000000702c00000, 0x0000000702c00000, 0x0000000702d00000|  0%| F|  |TAMS 0x0000000702c00000, 0x0000000702c00000| Untracked 
|  25|0x0000000702d00000, 0x0000000702d00000, 0x0000000702e00000|  0%| F|  |TAMS 0x0000000702d00000, 0x0000000702d00000| Untracked 
|  26|0x0000000702e00000, 0x0000000702e00000, 0x0000000702f00000|  0%| F|  |TAMS 0x0000000702e00000, 0x0000000702e00000| Untracked 
|  27|0x0000000702f00000, 0x0000000702f00000, 0x0000000703000000|  0%| F|  |TAMS 0x0000000702f00000, 0x0000000702f00000| Untracked 
|  28|0x0000000703000000, 0x0000000703000000, 0x0000000703100000|  0%| F|  |TAMS 0x0000000703000000, 0x0000000703000000| Untracked 
|  29|0x0000000703100000, 0x0000000703100000, 0x0000000703200000|  0%| F|  |TAMS 0x0000000703100000, 0x0000000703100000| Untracked 
|  30|0x0000000703200000, 0x0000000703200000, 0x0000000703300000|  0%| F|  |TAMS 0x0000000703200000, 0x0000000703200000| Untracked 
|  31|0x0000000703300000, 0x0000000703300000, 0x0000000703400000|  0%| F|  |TAMS 0x0000000703300000, 0x0000000703300000| Untracked 
|  32|0x0000000703400000, 0x0000000703400000, 0x0000000703500000|  0%| F|  |TAMS 0x0000000703400000, 0x0000000703400000| Untracked 
|  33|0x0000000703500000, 0x0000000703500000, 0x0000000703600000|  0%| F|  |TAMS 0x0000000703500000, 0x0000000703500000| Untracked 
|  34|0x0000000703600000, 0x0000000703600000, 0x0000000703700000|  0%| F|  |TAMS 0x0000000703600000, 0x0000000703600000| Untracked 
|  35|0x0000000703700000, 0x0000000703700000, 0x0000000703800000|  0%| F|  |TAMS 0x0000000703700000, 0x0000000703700000| Untracked 
|  36|0x0000000703800000, 0x0000000703800000, 0x0000000703900000|  0%| F|  |TAMS 0x0000000703800000, 0x0000000703800000| Untracked 
|  37|0x0000000703900000, 0x0000000703900000, 0x0000000703a00000|  0%| F|  |TAMS 0x0000000703900000, 0x0000000703900000| Untracked 
|  38|0x0000000703a00000, 0x0000000703a00000, 0x0000000703b00000|  0%| F|  |TAMS 0x0000000703a00000, 0x0000000703a00000| Untracked 
|  39|0x0000000703b00000, 0x0000000703b00000, 0x0000000703c00000|  0%| F|  |TAMS 0x0000000703b00000, 0x0000000703b00000| Untracked 
|  40|0x0000000703c00000, 0x0000000703c00000, 0x0000000703d00000|  0%| F|  |TAMS 0x0000000703c00000, 0x0000000703c00000| Untracked 
|  41|0x0000000703d00000, 0x0000000703d00000, 0x0000000703e00000|  0%| F|  |TAMS 0x0000000703d00000, 0x0000000703d00000| Untracked 
|  42|0x0000000703e00000, 0x0000000703e00000, 0x0000000703f00000|  0%| F|  |TAMS 0x0000000703e00000, 0x0000000703e00000| Untracked 
|  43|0x0000000703f00000, 0x0000000703f00000, 0x0000000704000000|  0%| F|  |TAMS 0x0000000703f00000, 0x0000000703f00000| Untracked 
|  44|0x0000000704000000, 0x0000000704000000, 0x0000000704100000|  0%| F|  |TAMS 0x0000000704000000, 0x0000000704000000| Untracked 
|  45|0x0000000704100000, 0x0000000704100000, 0x0000000704200000|  0%| F|  |TAMS 0x0000000704100000, 0x0000000704100000| Untracked 
|  46|0x0000000704200000, 0x0000000704200000, 0x0000000704300000|  0%| F|  |TAMS 0x0000000704200000, 0x0000000704200000| Untracked 
|  47|0x0000000704300000, 0x0000000704300000, 0x0000000704400000|  0%| F|  |TAMS 0x0000000704300000, 0x0000000704300000| Untracked 
|  48|0x0000000704400000, 0x0000000704400000, 0x0000000704500000|  0%| F|  |TAMS 0x0000000704400000, 0x0000000704400000| Untracked 
|  49|0x0000000704500000, 0x0000000704500000, 0x0000000704600000|  0%| F|  |TAMS 0x0000000704500000, 0x0000000704500000| Untracked 
|  50|0x0000000704600000, 0x0000000704600000, 0x0000000704700000|  0%| F|  |TAMS 0x0000000704600000, 0x0000000704600000| Untracked 
|  51|0x0000000704700000, 0x0000000704700000, 0x0000000704800000|  0%| F|  |TAMS 0x0000000704700000, 0x0000000704700000| Untracked 
|  52|0x0000000704800000, 0x0000000704800000, 0x0000000704900000|  0%| F|  |TAMS 0x0000000704800000, 0x0000000704800000| Untracked 
|  53|0x0000000704900000, 0x0000000704900000, 0x0000000704a00000|  0%| F|  |TAMS 0x0000000704900000, 0x0000000704900000| Untracked 
|  54|0x0000000704a00000, 0x0000000704a00000, 0x0000000704b00000|  0%| F|  |TAMS 0x0000000704a00000, 0x0000000704a00000| Untracked 
|  55|0x0000000704b00000, 0x0000000704b00000, 0x0000000704c00000|  0%| F|  |TAMS 0x0000000704b00000, 0x0000000704b00000| Untracked 
|  56|0x0000000704c00000, 0x0000000704c00000, 0x0000000704d00000|  0%| F|  |TAMS 0x0000000704c00000, 0x0000000704c00000| Untracked 
|  57|0x0000000704d00000, 0x0000000704d00000, 0x0000000704e00000|  0%| F|  |TAMS 0x0000000704d00000, 0x0000000704d00000| Untracked 
|  58|0x0000000704e00000, 0x0000000704e00000, 0x0000000704f00000|  0%| F|  |TAMS 0x0000000704e00000, 0x0000000704e00000| Untracked 
|  59|0x0000000704f00000, 0x0000000704f00000, 0x0000000705000000|  0%| F|  |TAMS 0x0000000704f00000, 0x0000000704f00000| Untracked 
|  60|0x0000000705000000, 0x0000000705000000, 0x0000000705100000|  0%| F|  |TAMS 0x0000000705000000, 0x0000000705000000| Untracked 
|  61|0x0000000705100000, 0x0000000705100000, 0x0000000705200000|  0%| F|  |TAMS 0x0000000705100000, 0x0000000705100000| Untracked 
|  62|0x0000000705200000, 0x0000000705200000, 0x0000000705300000|  0%| F|  |TAMS 0x0000000705200000, 0x0000000705200000| Untracked 
|  63|0x0000000705300000, 0x0000000705300000, 0x0000000705400000|  0%| F|  |TAMS 0x0000000705300000, 0x0000000705300000| Untracked 
|  64|0x0000000705400000, 0x0000000705400000, 0x0000000705500000|  0%| F|  |TAMS 0x0000000705400000, 0x0000000705400000| Untracked 
|  65|0x0000000705500000, 0x0000000705500000, 0x0000000705600000|  0%| F|  |TAMS 0x0000000705500000, 0x0000000705500000| Untracked 
|  66|0x0000000705600000, 0x0000000705600000, 0x0000000705700000|  0%| F|  |TAMS 0x0000000705600000, 0x0000000705600000| Untracked 
|  67|0x0000000705700000, 0x0000000705700000, 0x0000000705800000|  0%| F|  |TAMS 0x0000000705700000, 0x0000000705700000| Untracked 
|  68|0x0000000705800000, 0x0000000705800000, 0x0000000705900000|  0%| F|  |TAMS 0x0000000705800000, 0x0000000705800000| Untracked 
|  69|0x0000000705900000, 0x0000000705900000, 0x0000000705a00000|  0%| F|  |TAMS 0x0000000705900000, 0x0000000705900000| Untracked 
|  70|0x0000000705a00000, 0x0000000705a00000, 0x0000000705b00000|  0%| F|  |TAMS 0x0000000705a00000, 0x0000000705a00000| Untracked 
|  71|0x0000000705b00000, 0x0000000705b00000, 0x0000000705c00000|  0%| F|  |TAMS 0x0000000705b00000, 0x0000000705b00000| Untracked 
|  72|0x0000000705c00000, 0x0000000705c00000, 0x0000000705d00000|  0%| F|  |TAMS 0x0000000705c00000, 0x0000000705c00000| Untracked 
|  73|0x0000000705d00000, 0x0000000705d00000, 0x0000000705e00000|  0%| F|  |TAMS 0x0000000705d00000, 0x0000000705d00000| Untracked 
|  74|0x0000000705e00000, 0x0000000705e00000, 0x0000000705f00000|  0%| F|  |TAMS 0x0000000705e00000, 0x0000000705e00000| Untracked 
|  75|0x0000000705f00000, 0x0000000705f00000, 0x0000000706000000|  0%| F|  |TAMS 0x0000000705f00000, 0x0000000705f00000| Untracked 
|  76|0x0000000706000000, 0x0000000706000000, 0x0000000706100000|  0%| F|  |TAMS 0x0000000706000000, 0x0000000706000000| Untracked 
|  77|0x0000000706100000, 0x0000000706100000, 0x0000000706200000|  0%| F|  |TAMS 0x0000000706100000, 0x0000000706100000| Untracked 
|  78|0x0000000706200000, 0x0000000706200000, 0x0000000706300000|  0%| F|  |TAMS 0x0000000706200000, 0x0000000706200000| Untracked 
|  79|0x0000000706300000, 0x0000000706300000, 0x0000000706400000|  0%| F|  |TAMS 0x0000000706300000, 0x0000000706300000| Untracked 
|  80|0x0000000706400000, 0x0000000706400000, 0x0000000706500000|  0%| F|  |TAMS 0x0000000706400000, 0x0000000706400000| Untracked 
|  81|0x0000000706500000, 0x0000000706500000, 0x0000000706600000|  0%| F|  |TAMS 0x0000000706500000, 0x0000000706500000| Untracked 
|  82|0x0000000706600000, 0x0000000706600000, 0x0000000706700000|  0%| F|  |TAMS 0x0000000706600000, 0x0000000706600000| Untracked 
|  83|0x0000000706700000, 0x0000000706700000, 0x0000000706800000|  0%| F|  |TAMS 0x0000000706700000, 0x0000000706700000| Untracked 
|  84|0x0000000706800000, 0x0000000706800000, 0x0000000706900000|  0%| F|  |TAMS 0x0000000706800000, 0x0000000706800000| Untracked 
|  85|0x0000000706900000, 0x0000000706900000, 0x0000000706a00000|  0%| F|  |TAMS 0x0000000706900000, 0x0000000706900000| Untracked 
|  86|0x0000000706a00000, 0x0000000706a00000, 0x0000000706b00000|  0%| F|  |TAMS 0x0000000706a00000, 0x0000000706a00000| Untracked 
|  87|0x0000000706b00000, 0x0000000706b00000, 0x0000000706c00000|  0%| F|  |TAMS 0x0000000706b00000, 0x0000000706b00000| Untracked 
|  88|0x0000000706c00000, 0x0000000706c00000, 0x0000000706d00000|  0%| F|  |TAMS 0x0000000706c00000, 0x0000000706c00000| Untracked 
|  89|0x0000000706d00000, 0x0000000706d00000, 0x0000000706e00000|  0%| F|  |TAMS 0x0000000706d00000, 0x0000000706d00000| Untracked 
|  90|0x0000000706e00000, 0x0000000706e00000, 0x0000000706f00000|  0%| F|  |TAMS 0x0000000706e00000, 0x0000000706e00000| Untracked 
|  91|0x0000000706f00000, 0x0000000706f00000, 0x0000000707000000|  0%| F|  |TAMS 0x0000000706f00000, 0x0000000706f00000| Untracked 
|  92|0x0000000707000000, 0x0000000707000000, 0x0000000707100000|  0%| F|  |TAMS 0x0000000707000000, 0x0000000707000000| Untracked 
|  93|0x0000000707100000, 0x0000000707100000, 0x0000000707200000|  0%| F|  |TAMS 0x0000000707100000, 0x0000000707100000| Untracked 
|  94|0x0000000707200000, 0x0000000707200000, 0x0000000707300000|  0%| F|  |TAMS 0x0000000707200000, 0x0000000707200000| Untracked 
|  95|0x0000000707300000, 0x0000000707300000, 0x0000000707400000|  0%| F|  |TAMS 0x0000000707300000, 0x0000000707300000| Untracked 
|  96|0x0000000707400000, 0x0000000707400000, 0x0000000707500000|  0%| F|  |TAMS 0x0000000707400000, 0x0000000707400000| Untracked 
|  97|0x0000000707500000, 0x0000000707500000, 0x0000000707600000|  0%| F|  |TAMS 0x0000000707500000, 0x0000000707500000| Untracked 
|  98|0x0000000707600000, 0x0000000707600000, 0x0000000707700000|  0%| F|  |TAMS 0x0000000707600000, 0x0000000707600000| Untracked 
|  99|0x0000000707700000, 0x0000000707700000, 0x0000000707800000|  0%| F|  |TAMS 0x0000000707700000, 0x0000000707700000| Untracked 
| 100|0x0000000707800000, 0x0000000707800000, 0x0000000707900000|  0%| F|  |TAMS 0x0000000707800000, 0x0000000707800000| Untracked 
| 101|0x0000000707900000, 0x0000000707900000, 0x0000000707a00000|  0%| F|  |TAMS 0x0000000707900000, 0x0000000707900000| Untracked 
| 102|0x0000000707a00000, 0x0000000707a00000, 0x0000000707b00000|  0%| F|  |TAMS 0x0000000707a00000, 0x0000000707a00000| Untracked 
| 103|0x0000000707b00000, 0x0000000707b00000, 0x0000000707c00000|  0%| F|  |TAMS 0x0000000707b00000, 0x0000000707b00000| Untracked 
| 104|0x0000000707c00000, 0x0000000707c00000, 0x0000000707d00000|  0%| F|  |TAMS 0x0000000707c00000, 0x0000000707c00000| Untracked 
| 105|0x0000000707d00000, 0x0000000707d00000, 0x0000000707e00000|  0%| F|  |TAMS 0x0000000707d00000, 0x0000000707d00000| Untracked 
| 106|0x0000000707e00000, 0x0000000707e00000, 0x0000000707f00000|  0%| F|  |TAMS 0x0000000707e00000, 0x0000000707e00000| Untracked 
| 107|0x0000000707f00000, 0x0000000707f00000, 0x0000000708000000|  0%| F|  |TAMS 0x0000000707f00000, 0x0000000707f00000| Untracked 
| 108|0x0000000708000000, 0x0000000708000000, 0x0000000708100000|  0%| F|  |TAMS 0x0000000708000000, 0x0000000708000000| Untracked 
| 109|0x0000000708100000, 0x0000000708100000, 0x0000000708200000|  0%| F|  |TAMS 0x0000000708100000, 0x0000000708100000| Untracked 
| 110|0x0000000708200000, 0x0000000708200000, 0x0000000708300000|  0%| F|  |TAMS 0x0000000708200000, 0x0000000708200000| Untracked 
| 111|0x0000000708300000, 0x0000000708300000, 0x0000000708400000|  0%| F|  |TAMS 0x0000000708300000, 0x0000000708300000| Untracked 
| 112|0x0000000708400000, 0x0000000708400000, 0x0000000708500000|  0%| F|  |TAMS 0x0000000708400000, 0x0000000708400000| Untracked 
| 113|0x0000000708500000, 0x0000000708500000, 0x0000000708600000|  0%| F|  |TAMS 0x0000000708500000, 0x0000000708500000| Untracked 
| 114|0x0000000708600000, 0x0000000708600000, 0x0000000708700000|  0%| F|  |TAMS 0x0000000708600000, 0x0000000708600000| Untracked 
| 115|0x0000000708700000, 0x0000000708700000, 0x0000000708800000|  0%| F|  |TAMS 0x0000000708700000, 0x0000000708700000| Untracked 
| 116|0x0000000708800000, 0x0000000708800000, 0x0000000708900000|  0%| F|  |TAMS 0x0000000708800000, 0x0000000708800000| Untracked 
| 117|0x0000000708900000, 0x0000000708900000, 0x0000000708a00000|  0%| F|  |TAMS 0x0000000708900000, 0x0000000708900000| Untracked 
| 118|0x0000000708a00000, 0x0000000708a00000, 0x0000000708b00000|  0%| F|  |TAMS 0x0000000708a00000, 0x0000000708a00000| Untracked 
| 119|0x0000000708b00000, 0x0000000708b00000, 0x0000000708c00000|  0%| F|  |TAMS 0x0000000708b00000, 0x0000000708b00000| Untracked 
| 120|0x0000000708c00000, 0x0000000708c00000, 0x0000000708d00000|  0%| F|  |TAMS 0x0000000708c00000, 0x0000000708c00000| Untracked 
| 121|0x0000000708d00000, 0x0000000708d00000, 0x0000000708e00000|  0%| F|  |TAMS 0x0000000708d00000, 0x0000000708d00000| Untracked 
| 122|0x0000000708e00000, 0x0000000708e00000, 0x0000000708f00000|  0%| F|  |TAMS 0x0000000708e00000, 0x0000000708e00000| Untracked 
| 123|0x0000000708f00000, 0x0000000708f00000, 0x0000000709000000|  0%| F|  |TAMS 0x0000000708f00000, 0x0000000708f00000| Untracked 
| 124|0x0000000709000000, 0x0000000709000000, 0x0000000709100000|  0%| F|  |TAMS 0x0000000709000000, 0x0000000709000000| Untracked 
| 125|0x0000000709100000, 0x0000000709100000, 0x0000000709200000|  0%| F|  |TAMS 0x0000000709100000, 0x0000000709100000| Untracked 
| 126|0x0000000709200000, 0x0000000709200000, 0x0000000709300000|  0%| F|  |TAMS 0x0000000709200000, 0x0000000709200000| Untracked 
| 127|0x0000000709300000, 0x0000000709300000, 0x0000000709400000|  0%| F|  |TAMS 0x0000000709300000, 0x0000000709300000| Untracked 
| 128|0x0000000709400000, 0x0000000709400000, 0x0000000709500000|  0%| F|  |TAMS 0x0000000709400000, 0x0000000709400000| Untracked 
| 129|0x0000000709500000, 0x0000000709500000, 0x0000000709600000|  0%| F|  |TAMS 0x0000000709500000, 0x0000000709500000| Untracked 
| 130|0x0000000709600000, 0x0000000709600000, 0x0000000709700000|  0%| F|  |TAMS 0x0000000709600000, 0x0000000709600000| Untracked 
| 131|0x0000000709700000, 0x0000000709700000, 0x0000000709800000|  0%| F|  |TAMS 0x0000000709700000, 0x0000000709700000| Untracked 
| 132|0x0000000709800000, 0x0000000709800000, 0x0000000709900000|  0%| F|  |TAMS 0x0000000709800000, 0x0000000709800000| Untracked 
| 133|0x0000000709900000, 0x0000000709900000, 0x0000000709a00000|  0%| F|  |TAMS 0x0000000709900000, 0x0000000709900000| Untracked 
| 134|0x0000000709a00000, 0x0000000709a00000, 0x0000000709b00000|  0%| F|  |TAMS 0x0000000709a00000, 0x0000000709a00000| Untracked 
| 135|0x0000000709b00000, 0x0000000709b00000, 0x0000000709c00000|  0%| F|  |TAMS 0x0000000709b00000, 0x0000000709b00000| Untracked 
| 136|0x0000000709c00000, 0x0000000709c00000, 0x0000000709d00000|  0%| F|  |TAMS 0x0000000709c00000, 0x0000000709c00000| Untracked 
| 137|0x0000000709d00000, 0x0000000709d00000, 0x0000000709e00000|  0%| F|  |TAMS 0x0000000709d00000, 0x0000000709d00000| Untracked 
| 138|0x0000000709e00000, 0x0000000709e00000, 0x0000000709f00000|  0%| F|  |TAMS 0x0000000709e00000, 0x0000000709e00000| Untracked 
| 139|0x0000000709f00000, 0x0000000709f00000, 0x000000070a000000|  0%| F|  |TAMS 0x0000000709f00000, 0x0000000709f00000| Untracked 
| 140|0x000000070a000000, 0x000000070a000000, 0x000000070a100000|  0%| F|  |TAMS 0x000000070a000000, 0x000000070a000000| Untracked 
| 141|0x000000070a100000, 0x000000070a100000, 0x000000070a200000|  0%| F|  |TAMS 0x000000070a100000, 0x000000070a100000| Untracked 
| 142|0x000000070a200000, 0x000000070a200000, 0x000000070a300000|  0%| F|  |TAMS 0x000000070a200000, 0x000000070a200000| Untracked 
| 143|0x000000070a300000, 0x000000070a300000, 0x000000070a400000|  0%| F|  |TAMS 0x000000070a300000, 0x000000070a300000| Untracked 
| 144|0x000000070a400000, 0x000000070a400000, 0x000000070a500000|  0%| F|  |TAMS 0x000000070a400000, 0x000000070a400000| Untracked 
| 145|0x000000070a500000, 0x000000070a500000, 0x000000070a600000|  0%| F|  |TAMS 0x000000070a500000, 0x000000070a500000| Untracked 
| 146|0x000000070a600000, 0x000000070a600000, 0x000000070a700000|  0%| F|  |TAMS 0x000000070a600000, 0x000000070a600000| Untracked 
| 147|0x000000070a700000, 0x000000070a700000, 0x000000070a800000|  0%| F|  |TAMS 0x000000070a700000, 0x000000070a700000| Untracked 
| 148|0x000000070a800000, 0x000000070a800000, 0x000000070a900000|  0%| F|  |TAMS 0x000000070a800000, 0x000000070a800000| Untracked 
| 149|0x000000070a900000, 0x000000070a900000, 0x000000070aa00000|  0%| F|  |TAMS 0x000000070a900000, 0x000000070a900000| Untracked 
| 150|0x000000070aa00000, 0x000000070aa00000, 0x000000070ab00000|  0%| F|  |TAMS 0x000000070aa00000, 0x000000070aa00000| Untracked 
| 151|0x000000070ab00000, 0x000000070ab00000, 0x000000070ac00000|  0%| F|  |TAMS 0x000000070ab00000, 0x000000070ab00000| Untracked 
| 152|0x000000070ac00000, 0x000000070ac00000, 0x000000070ad00000|  0%| F|  |TAMS 0x000000070ac00000, 0x000000070ac00000| Untracked 
| 153|0x000000070ad00000, 0x000000070ad00000, 0x000000070ae00000|  0%| F|  |TAMS 0x000000070ad00000, 0x000000070ad00000| Untracked 
| 154|0x000000070ae00000, 0x000000070ae00000, 0x000000070af00000|  0%| F|  |TAMS 0x000000070ae00000, 0x000000070ae00000| Untracked 
| 155|0x000000070af00000, 0x000000070af00000, 0x000000070b000000|  0%| F|  |TAMS 0x000000070af00000, 0x000000070af00000| Untracked 
| 156|0x000000070b000000, 0x000000070b000000, 0x000000070b100000|  0%| F|  |TAMS 0x000000070b000000, 0x000000070b000000| Untracked 
| 157|0x000000070b100000, 0x000000070b100000, 0x000000070b200000|  0%| F|  |TAMS 0x000000070b100000, 0x000000070b100000| Untracked 
| 158|0x000000070b200000, 0x000000070b200000, 0x000000070b300000|  0%| F|  |TAMS 0x000000070b200000, 0x000000070b200000| Untracked 
| 159|0x000000070b300000, 0x000000070b300000, 0x000000070b400000|  0%| F|  |TAMS 0x000000070b300000, 0x000000070b300000| Untracked 
| 160|0x000000070b400000, 0x000000070b400000, 0x000000070b500000|  0%| F|  |TAMS 0x000000070b400000, 0x000000070b400000| Untracked 
| 161|0x000000070b500000, 0x000000070b500000, 0x000000070b600000|  0%| F|  |TAMS 0x000000070b500000, 0x000000070b500000| Untracked 
| 162|0x000000070b600000, 0x000000070b600000, 0x000000070b700000|  0%| F|  |TAMS 0x000000070b600000, 0x000000070b600000| Untracked 
| 163|0x000000070b700000, 0x000000070b700000, 0x000000070b800000|  0%| F|  |TAMS 0x000000070b700000, 0x000000070b700000| Untracked 
| 164|0x000000070b800000, 0x000000070b800000, 0x000000070b900000|  0%| F|  |TAMS 0x000000070b800000, 0x000000070b800000| Untracked 
| 165|0x000000070b900000, 0x000000070b900000, 0x000000070ba00000|  0%| F|  |TAMS 0x000000070b900000, 0x000000070b900000| Untracked 
| 166|0x000000070ba00000, 0x000000070ba00000, 0x000000070bb00000|  0%| F|  |TAMS 0x000000070ba00000, 0x000000070ba00000| Untracked 
| 167|0x000000070bb00000, 0x000000070bb00000, 0x000000070bc00000|  0%| F|  |TAMS 0x000000070bb00000, 0x000000070bb00000| Untracked 
| 168|0x000000070bc00000, 0x000000070bc00000, 0x000000070bd00000|  0%| F|  |TAMS 0x000000070bc00000, 0x000000070bc00000| Untracked 
| 169|0x000000070bd00000, 0x000000070bd00000, 0x000000070be00000|  0%| F|  |TAMS 0x000000070bd00000, 0x000000070bd00000| Untracked 
| 170|0x000000070be00000, 0x000000070be00000, 0x000000070bf00000|  0%| F|  |TAMS 0x000000070be00000, 0x000000070be00000| Untracked 
| 171|0x000000070bf00000, 0x000000070bf00000, 0x000000070c000000|  0%| F|  |TAMS 0x000000070bf00000, 0x000000070bf00000| Untracked 
| 172|0x000000070c000000, 0x000000070c000000, 0x000000070c100000|  0%| F|  |TAMS 0x000000070c000000, 0x000000070c000000| Untracked 
| 173|0x000000070c100000, 0x000000070c100000, 0x000000070c200000|  0%| F|  |TAMS 0x000000070c100000, 0x000000070c100000| Untracked 
| 174|0x000000070c200000, 0x000000070c200000, 0x000000070c300000|  0%| F|  |TAMS 0x000000070c200000, 0x000000070c200000| Untracked 
| 175|0x000000070c300000, 0x000000070c300000, 0x000000070c400000|  0%| F|  |TAMS 0x000000070c300000, 0x000000070c300000| Untracked 
| 176|0x000000070c400000, 0x000000070c400000, 0x000000070c500000|  0%| F|  |TAMS 0x000000070c400000, 0x000000070c400000| Untracked 
| 177|0x000000070c500000, 0x000000070c500000, 0x000000070c600000|  0%| F|  |TAMS 0x000000070c500000, 0x000000070c500000| Untracked 
| 178|0x000000070c600000, 0x000000070c600000, 0x000000070c700000|  0%| F|  |TAMS 0x000000070c600000, 0x000000070c600000| Untracked 
| 179|0x000000070c700000, 0x000000070c700000, 0x000000070c800000|  0%| F|  |TAMS 0x000000070c700000, 0x000000070c700000| Untracked 
| 180|0x000000070c800000, 0x000000070c800000, 0x000000070c900000|  0%| F|  |TAMS 0x000000070c800000, 0x000000070c800000| Untracked 
| 181|0x000000070c900000, 0x000000070c900000, 0x000000070ca00000|  0%| F|  |TAMS 0x000000070c900000, 0x000000070c900000| Untracked 
| 182|0x000000070ca00000, 0x000000070ca00000, 0x000000070cb00000|  0%| F|  |TAMS 0x000000070ca00000, 0x000000070ca00000| Untracked 
| 183|0x000000070cb00000, 0x000000070cb00000, 0x000000070cc00000|  0%| F|  |TAMS 0x000000070cb00000, 0x000000070cb00000| Untracked 
| 184|0x000000070cc00000, 0x000000070cc00000, 0x000000070cd00000|  0%| F|  |TAMS 0x000000070cc00000, 0x000000070cc00000| Untracked 
| 185|0x000000070cd00000, 0x000000070cd00000, 0x000000070ce00000|  0%| F|  |TAMS 0x000000070cd00000, 0x000000070cd00000| Untracked 
| 186|0x000000070ce00000, 0x000000070ce00000, 0x000000070cf00000|  0%| F|  |TAMS 0x000000070ce00000, 0x000000070ce00000| Untracked 
| 187|0x000000070cf00000, 0x000000070cf00000, 0x000000070d000000|  0%| F|  |TAMS 0x000000070cf00000, 0x000000070cf00000| Untracked 
| 188|0x000000070d000000, 0x000000070d000000, 0x000000070d100000|  0%| F|  |TAMS 0x000000070d000000, 0x000000070d000000| Untracked 
| 189|0x000000070d100000, 0x000000070d100000, 0x000000070d200000|  0%| F|  |TAMS 0x000000070d100000, 0x000000070d100000| Untracked 
| 190|0x000000070d200000, 0x000000070d200000, 0x000000070d300000|  0%| F|  |TAMS 0x000000070d200000, 0x000000070d200000| Untracked 
| 191|0x000000070d300000, 0x000000070d300000, 0x000000070d400000|  0%| F|  |TAMS 0x000000070d300000, 0x000000070d300000| Untracked 
| 192|0x000000070d400000, 0x000000070d400000, 0x000000070d500000|  0%| F|  |TAMS 0x000000070d400000, 0x000000070d400000| Untracked 
| 193|0x000000070d500000, 0x000000070d500000, 0x000000070d600000|  0%| F|  |TAMS 0x000000070d500000, 0x000000070d500000| Untracked 
| 194|0x000000070d600000, 0x000000070d600000, 0x000000070d700000|  0%| F|  |TAMS 0x000000070d600000, 0x000000070d600000| Untracked 
| 195|0x000000070d700000, 0x000000070d700000, 0x000000070d800000|  0%| F|  |TAMS 0x000000070d700000, 0x000000070d700000| Untracked 
| 196|0x000000070d800000, 0x000000070d800000, 0x000000070d900000|  0%| F|  |TAMS 0x000000070d800000, 0x000000070d800000| Untracked 
| 197|0x000000070d900000, 0x000000070d900000, 0x000000070da00000|  0%| F|  |TAMS 0x000000070d900000, 0x000000070d900000| Untracked 
| 198|0x000000070da00000, 0x000000070da00000, 0x000000070db00000|  0%| F|  |TAMS 0x000000070da00000, 0x000000070da00000| Untracked 
| 199|0x000000070db00000, 0x000000070db00000, 0x000000070dc00000|  0%| F|  |TAMS 0x000000070db00000, 0x000000070db00000| Untracked 
| 200|0x000000070dc00000, 0x000000070dc00000, 0x000000070dd00000|  0%| F|  |TAMS 0x000000070dc00000, 0x000000070dc00000| Untracked 
| 201|0x000000070dd00000, 0x000000070dd00000, 0x000000070de00000|  0%| F|  |TAMS 0x000000070dd00000, 0x000000070dd00000| Untracked 
| 202|0x000000070de00000, 0x000000070de00000, 0x000000070df00000|  0%| F|  |TAMS 0x000000070de00000, 0x000000070de00000| Untracked 
| 203|0x000000070df00000, 0x000000070df00000, 0x000000070e000000|  0%| F|  |TAMS 0x000000070df00000, 0x000000070df00000| Untracked 
| 204|0x000000070e000000, 0x000000070e000000, 0x000000070e100000|  0%| F|  |TAMS 0x000000070e000000, 0x000000070e000000| Untracked 
| 205|0x000000070e100000, 0x000000070e100000, 0x000000070e200000|  0%| F|  |TAMS 0x000000070e100000, 0x000000070e100000| Untracked 
| 206|0x000000070e200000, 0x000000070e200000, 0x000000070e300000|  0%| F|  |TAMS 0x000000070e200000, 0x000000070e200000| Untracked 
| 207|0x000000070e300000, 0x000000070e300000, 0x000000070e400000|  0%| F|  |TAMS 0x000000070e300000, 0x000000070e300000| Untracked 
| 208|0x000000070e400000, 0x000000070e400000, 0x000000070e500000|  0%| F|  |TAMS 0x000000070e400000, 0x000000070e400000| Untracked 
| 209|0x000000070e500000, 0x000000070e500000, 0x000000070e600000|  0%| F|  |TAMS 0x000000070e500000, 0x000000070e500000| Untracked 
| 210|0x000000070e600000, 0x000000070e600000, 0x000000070e700000|  0%| F|  |TAMS 0x000000070e600000, 0x000000070e600000| Untracked 
| 211|0x000000070e700000, 0x000000070e700000, 0x000000070e800000|  0%| F|  |TAMS 0x000000070e700000, 0x000000070e700000| Untracked 
| 212|0x000000070e800000, 0x000000070e800000, 0x000000070e900000|  0%| F|  |TAMS 0x000000070e800000, 0x000000070e800000| Untracked 
| 213|0x000000070e900000, 0x000000070e900000, 0x000000070ea00000|  0%| F|  |TAMS 0x000000070e900000, 0x000000070e900000| Untracked 
| 214|0x000000070ea00000, 0x000000070ea00000, 0x000000070eb00000|  0%| F|  |TAMS 0x000000070ea00000, 0x000000070ea00000| Untracked 
| 215|0x000000070eb00000, 0x000000070eb00000, 0x000000070ec00000|  0%| F|  |TAMS 0x000000070eb00000, 0x000000070eb00000| Untracked 
| 216|0x000000070ec00000, 0x000000070ec00000, 0x000000070ed00000|  0%| F|  |TAMS 0x000000070ec00000, 0x000000070ec00000| Untracked 
| 217|0x000000070ed00000, 0x000000070ed00000, 0x000000070ee00000|  0%| F|  |TAMS 0x000000070ed00000, 0x000000070ed00000| Untracked 
| 218|0x000000070ee00000, 0x000000070ee00000, 0x000000070ef00000|  0%| F|  |TAMS 0x000000070ee00000, 0x000000070ee00000| Untracked 
| 219|0x000000070ef00000, 0x000000070ef00000, 0x000000070f000000|  0%| F|  |TAMS 0x000000070ef00000, 0x000000070ef00000| Untracked 
| 220|0x000000070f000000, 0x000000070f000000, 0x000000070f100000|  0%| F|  |TAMS 0x000000070f000000, 0x000000070f000000| Untracked 
| 221|0x000000070f100000, 0x000000070f100000, 0x000000070f200000|  0%| F|  |TAMS 0x000000070f100000, 0x000000070f100000| Untracked 
| 222|0x000000070f200000, 0x000000070f300000, 0x000000070f300000|100%| S|CS|TAMS 0x000000070f200000, 0x000000070f200000| Complete 
| 223|0x000000070f300000, 0x000000070f400000, 0x000000070f400000|100%| S|CS|TAMS 0x000000070f300000, 0x000000070f300000| Complete 
| 224|0x000000070f400000, 0x000000070f500000, 0x000000070f500000|100%| S|CS|TAMS 0x000000070f400000, 0x000000070f400000| Complete 
| 225|0x000000070f500000, 0x000000070f600000, 0x000000070f600000|100%| S|CS|TAMS 0x000000070f500000, 0x000000070f500000| Complete 
| 226|0x000000070f600000, 0x000000070f700000, 0x000000070f700000|100%| S|CS|TAMS 0x000000070f600000, 0x000000070f600000| Complete 
| 227|0x000000070f700000, 0x000000070f800000, 0x000000070f800000|100%| S|CS|TAMS 0x000000070f700000, 0x000000070f700000| Complete 
| 228|0x000000070f800000, 0x000000070f900000, 0x000000070f900000|100%| S|CS|TAMS 0x000000070f800000, 0x000000070f800000| Complete 
| 229|0x000000070f900000, 0x000000070fa00000, 0x000000070fa00000|100%| S|CS|TAMS 0x000000070f900000, 0x000000070f900000| Complete 
| 230|0x000000070fa00000, 0x000000070fb00000, 0x000000070fb00000|100%| S|CS|TAMS 0x000000070fa00000, 0x000000070fa00000| Complete 
| 231|0x000000070fb00000, 0x000000070fc00000, 0x000000070fc00000|100%| S|CS|TAMS 0x000000070fb00000, 0x000000070fb00000| Complete 
| 232|0x000000070fc00000, 0x000000070fd00000, 0x000000070fd00000|100%| S|CS|TAMS 0x000000070fc00000, 0x000000070fc00000| Complete 
| 233|0x000000070fd00000, 0x000000070fe00000, 0x000000070fe00000|100%| S|CS|TAMS 0x000000070fd00000, 0x000000070fd00000| Complete 
| 234|0x000000070fe00000, 0x000000070ff00000, 0x000000070ff00000|100%| S|CS|TAMS 0x000000070fe00000, 0x000000070fe00000| Complete 
| 235|0x000000070ff00000, 0x000000070ff00000, 0x0000000710000000|  0%| F|  |TAMS 0x000000070ff00000, 0x000000070ff00000| Untracked 
| 236|0x0000000710000000, 0x0000000710000000, 0x0000000710100000|  0%| F|  |TAMS 0x0000000710000000, 0x0000000710000000| Untracked 
| 237|0x0000000710100000, 0x0000000710100000, 0x0000000710200000|  0%| F|  |TAMS 0x0000000710100000, 0x0000000710100000| Untracked 
| 238|0x0000000710200000, 0x0000000710200000, 0x0000000710300000|  0%| F|  |TAMS 0x0000000710200000, 0x0000000710200000| Untracked 
| 239|0x0000000710300000, 0x00000007103a8ec0, 0x0000000710400000| 65%| E|  |TAMS 0x0000000710300000, 0x0000000710300000| Complete 
| 240|0x0000000710400000, 0x0000000710500000, 0x0000000710500000|100%| E|CS|TAMS 0x0000000710400000, 0x0000000710400000| Complete 
| 241|0x0000000710500000, 0x0000000710600000, 0x0000000710600000|100%| E|CS|TAMS 0x0000000710500000, 0x0000000710500000| Complete 
| 242|0x0000000710600000, 0x0000000710700000, 0x0000000710700000|100%| E|CS|TAMS 0x0000000710600000, 0x0000000710600000| Complete 
| 243|0x0000000710700000, 0x0000000710800000, 0x0000000710800000|100%| E|CS|TAMS 0x0000000710700000, 0x0000000710700000| Complete 
| 244|0x0000000710800000, 0x0000000710900000, 0x0000000710900000|100%| E|CS|TAMS 0x0000000710800000, 0x0000000710800000| Complete 
| 245|0x0000000710900000, 0x0000000710a00000, 0x0000000710a00000|100%| E|CS|TAMS 0x0000000710900000, 0x0000000710900000| Complete 
| 246|0x0000000710a00000, 0x0000000710b00000, 0x0000000710b00000|100%| E|CS|TAMS 0x0000000710a00000, 0x0000000710a00000| Complete 
| 247|0x0000000710b00000, 0x0000000710c00000, 0x0000000710c00000|100%| E|CS|TAMS 0x0000000710b00000, 0x0000000710b00000| Complete 
| 248|0x0000000710c00000, 0x0000000710d00000, 0x0000000710d00000|100%| E|CS|TAMS 0x0000000710c00000, 0x0000000710c00000| Complete 
| 249|0x0000000710d00000, 0x0000000710e00000, 0x0000000710e00000|100%| E|CS|TAMS 0x0000000710d00000, 0x0000000710d00000| Complete 
| 250|0x0000000710e00000, 0x0000000710f00000, 0x0000000710f00000|100%| E|CS|TAMS 0x0000000710e00000, 0x0000000710e00000| Complete 
| 251|0x0000000710f00000, 0x0000000711000000, 0x0000000711000000|100%| E|CS|TAMS 0x0000000710f00000, 0x0000000710f00000| Complete 
| 252|0x0000000711000000, 0x0000000711100000, 0x0000000711100000|100%| E|CS|TAMS 0x0000000711000000, 0x0000000711000000| Complete 
| 253|0x0000000711100000, 0x0000000711200000, 0x0000000711200000|100%| E|CS|TAMS 0x0000000711100000, 0x0000000711100000| Complete 
| 254|0x0000000711200000, 0x0000000711300000, 0x0000000711300000|100%| E|CS|TAMS 0x0000000711200000, 0x0000000711200000| Complete 
| 255|0x0000000711300000, 0x0000000711400000, 0x0000000711400000|100%| E|CS|TAMS 0x0000000711300000, 0x0000000711300000| Complete 

Card table byte_map: [0x000001b8c4e70000,0x000001b8c5670000] _byte_map_base: 0x000001b8c1666000

Marking Bits (Prev, Next): (CMBitMap*) 0x000001b8ada9f040, (CMBitMap*) 0x000001b8ada9f008
 Prev Bits: [0x000001b8c9e20000, 0x000001b8cddd0000)
 Next Bits: [0x000001b8c5e70000, 0x000001b8c9e20000)

Polling page: 0x000001b8ab980000

Metaspace:

Usage:
  Non-class:     51.56 MB capacity,    50.64 MB ( 98%) used,   752.45 KB (  1%) free+waste,   189.62 KB ( <1%) overhead. 
      Class:      7.97 MB capacity,     7.36 MB ( 92%) used,   532.16 KB (  7%) free+waste,    93.75 KB (  1%) overhead. 
       Both:     59.53 MB capacity,    58.00 MB ( 97%) used,     1.25 MB (  2%) free+waste,   283.38 KB ( <1%) overhead. 

Virtual space:
  Non-class space:       52.00 MB reserved,      51.67 MB (>99%) committed 
      Class space:        1.00 GB reserved,       7.98 MB ( <1%) committed 
             Both:        1.05 GB reserved,      59.65 MB (  6%) committed 

Chunk freelists:
   Non-Class:  5.88 KB
       Class:  256 bytes
        Both:  6.12 KB

CodeHeap 'non-profiled nmethods': size=238336Kb used=9727Kb max_used=9727Kb free=228608Kb
 bounds [0x000001b8b5860000, 0x000001b8b61e0000, 0x000001b8c4120000]
CodeHeap 'non-nmethods': size=7424Kb used=1337Kb max_used=1337Kb free=6086Kb
 bounds [0x000001b8b5120000, 0x000001b8b5390000, 0x000001b8b5860000]
 total_blobs=6440 nmethods=5811 adapters=562
 compilation: enabled
              stopped_count=0, restarted_count=0
 full_count=0

Compilation events (10 events):
Event: 39.731 Thread 0x000001b8d14ad000 5807       1       com.alibaba.nacos.shaded.io.grpc.netty.shaded.io.netty.channel.nio.NioEventLoop::pollTask (18 bytes)
Event: 39.732 Thread 0x000001b8d14ad000 nmethod 5807 0x000001b8b61de290 code [0x000001b8b61de480, 0x000001b8b61de808]
Event: 39.732 Thread 0x000001b8d14ad000 5808       1       com.alibaba.nacos.shaded.io.grpc.netty.shaded.io.netty.util.concurrent.SingleThreadEventExecutor::pollTask (29 bytes)
Event: 39.732 Thread 0x000001b8d14ad000 nmethod 5808 0x000001b8b61deb10 code [0x000001b8b61decc0, 0x000001b8b61dee28]
Event: 39.755 Thread 0x000001b8d14ad000 5809   !   1       ch.qos.logback.classic.spi.PackagingDataCalculator::loadClass (25 bytes)
Event: 39.755 Thread 0x000001b8d14ad000 nmethod 5809 0x000001b8b61def10 code [0x000001b8b61df0c0, 0x000001b8b61df2b8]
Event: 40.047 Thread 0x000001b8d14ad000 5810       1       sun.rmi.transport.tcp.TCPConnection::getOutputStream (30 bytes)
Event: 40.047 Thread 0x000001b8d14ad000 nmethod 5810 0x000001b8b61df410 code [0x000001b8b61df5c0, 0x000001b8b61dfa08]
Event: 40.062 Thread 0x000001b8d14ad000 5811       1       java.lang.ThreadGroup::getMaxPriority (5 bytes)
Event: 40.062 Thread 0x000001b8d14ad000 nmethod 5811 0x000001b8b61dfb90 code [0x000001b8b61dfd20, 0x000001b8b61dfdd8]

GC Heap History (10 events):
Event: 8.680 GC heap before
{Heap before GC invocations=4 (full 0):
 garbage-first heap   total 262144K, used 67311K [0x0000000701400000, 0x0000000800000000)
  region size 1024K, 59 young (60416K), 3 survivors (3072K)
 Metaspace       used 27568K, capacity 28275K, committed 28464K, reserved 1075200K
  class space    used 3351K, capacity 3637K, committed 3712K, reserved 1048576K
}
Event: 8.686 GC heap after
{Heap after GC invocations=5 (full 0):
 garbage-first heap   total 262144K, used 12880K [0x0000000701400000, 0x0000000800000000)
  region size 1024K, 4 young (4096K), 4 survivors (4096K)
 Metaspace       used 27568K, capacity 28275K, committed 28464K, reserved 1075200K
  class space    used 3351K, capacity 3637K, committed 3712K, reserved 1048576K
}
Event: 14.970 GC heap before
{Heap before GC invocations=5 (full 0):
 garbage-first heap   total 262144K, used 128592K [0x0000000701400000, 0x0000000800000000)
  region size 1024K, 118 young (120832K), 4 survivors (4096K)
 Metaspace       used 34939K, capacity 35799K, committed 35888K, reserved 1081344K
  class space    used 4293K, capacity 4656K, committed 4736K, reserved 1048576K
}
Event: 14.980 GC heap after
{Heap after GC invocations=6 (full 0):
 garbage-first heap   total 262144K, used 15698K [0x0000000701400000, 0x0000000800000000)
  region size 1024K, 7 young (7168K), 7 survivors (7168K)
 Metaspace       used 34939K, capacity 35799K, committed 35888K, reserved 1081344K
  class space    used 4293K, capacity 4656K, committed 4736K, reserved 1048576K
}
Event: 22.615 GC heap before
{Heap before GC invocations=7 (full 0):
 garbage-first heap   total 262144K, used 155986K [0x0000000701400000, 0x0000000800000000)
  region size 1024K, 144 young (147456K), 7 survivors (7168K)
 Metaspace       used 44737K, capacity 45768K, committed 45872K, reserved 1089536K
  class space    used 5589K, capacity 5993K, committed 6016K, reserved 1048576K
}
Event: 22.628 GC heap after
{Heap after GC invocations=8 (full 0):
 garbage-first heap   total 262144K, used 21008K [0x0000000701400000, 0x0000000800000000)
  region size 1024K, 12 young (12288K), 12 survivors (12288K)
 Metaspace       used 44737K, capacity 45768K, committed 45872K, reserved 1089536K
  class space    used 5589K, capacity 5993K, committed 6016K, reserved 1048576K
}
Event: 34.938 GC heap before
{Heap before GC invocations=8 (full 0):
 garbage-first heap   total 262144K, used 172560K [0x0000000701400000, 0x0000000800000000)
  region size 1024K, 153 young (156672K), 12 survivors (12288K)
 Metaspace       used 57154K, capacity 58689K, committed 58928K, reserved 1099776K
  class space    used 7213K, capacity 7806K, committed 7808K, reserved 1048576K
}
Event: 34.958 GC heap after
{Heap after GC invocations=9 (full 0):
 garbage-first heap   total 262144K, used 30738K [0x0000000701400000, 0x0000000800000000)
  region size 1024K, 20 young (20480K), 20 survivors (20480K)
 Metaspace       used 57154K, capacity 58689K, committed 58928K, reserved 1099776K
  class space    used 7213K, capacity 7806K, committed 7808K, reserved 1048576K
}
Event: 35.371 GC heap before
{Heap before GC invocations=9 (full 0):
 garbage-first heap   total 262144K, used 51218K [0x0000000701400000, 0x0000000800000000)
  region size 1024K, 41 young (41984K), 20 survivors (20480K)
 Metaspace       used 58632K, capacity 60186K, committed 60208K, reserved 1101824K
  class space    used 7423K, capacity 8050K, committed 8064K, reserved 1048576K
}
Event: 35.389 GC heap after
{Heap after GC invocations=10 (full 0):
 garbage-first heap   total 262144K, used 33514K [0x0000000701400000, 0x0000000800000000)
  region size 1024K, 13 young (13312K), 13 survivors (13312K)
 Metaspace       used 58632K, capacity 60186K, committed 60208K, reserved 1101824K
  class space    used 7423K, capacity 8050K, committed 8064K, reserved 1048576K
}

Deoptimization events (0 events):
No events

Classes redefined (0 events):
No events

Internal exceptions (10 events):
Event: 35.287 Thread 0x000001b8ada3c000 Exception <a 'java/lang/UnsatisfiedLinkError'{0x0000000710654720}: io.netty.channel.epoll.Native.offsetofEpollData()I> (0x0000000710654720) thrown at [./open/src/hotspot/share/prims/nativeLookup.cpp, line 521]
Event: 35.288 Thread 0x000001b8ada3c000 Exception <a 'java/lang/ExceptionInInitializerError'{0x00000007106565a0}> (0x00000007106565a0) thrown at [./open/src/hotspot/share/oops/instanceKlass.cpp, line 1078]
Event: 35.338 Thread 0x000001b8ada3c000 Exception <a 'java/lang/NoSuchMethodError'{0x0000000710134730}: java.lang.invoke.DirectMethodHandle$Holder.invokeStatic(Ljava/lang/Object;Ljava/lang/Object;ILjava/lang/Object;)Ljava/lang/Object;> (0x0000000710134730) thrown at [./open/src/hotspot/share/in
Event: 35.339 Thread 0x000001b8ada3c000 Exception <a 'java/lang/NoSuchMethodError'{0x0000000710137c28}: java.lang.invoke.Invokers$Holder.linkToTargetMethod(Ljava/lang/Object;ILjava/lang/Object;Ljava/lang/Object;)Ljava/lang/Object;> (0x0000000710137c28) thrown at [./open/src/hotspot/share/interp
Event: 35.367 Thread 0x000001b8ada3c000 Exception <a 'java/lang/NoSuchMethodError'{0x00000007100450e8}: java.lang.invoke.DirectMethodHandle$Holder.invokeStaticInit(Ljava/lang/Object;Ljava/lang/Object;JLjava/lang/Object;)Ljava/lang/Object;> (0x00000007100450e8) thrown at [./open/src/hotspot/shar
Event: 35.368 Thread 0x000001b8ada3c000 Exception <a 'java/lang/NoSuchMethodError'{0x000000071004b098}: java.lang.invoke.DirectMethodHandle$Holder.invokeStatic(Ljava/lang/Object;Ljava/lang/Object;J)Ljava/lang/Object;> (0x000000071004b098) thrown at [./open/src/hotspot/share/interpreter/linkReso
Event: 37.422 Thread 0x000001b8ada3c000 Exception <a 'java/lang/IncompatibleClassChangeError'{0x000000071095cd90}: Found class java.lang.Object, but interface was expected> (0x000000071095cd90) thrown at [./open/src/hotspot/share/interpreter/linkResolver.cpp, line 838]
Event: 37.423 Thread 0x000001b8ada3c000 Exception <a 'java/lang/IncompatibleClassChangeError'{0x00000007109670a0}: Found class java.lang.Object, but interface was expected> (0x00000007109670a0) thrown at [./open/src/hotspot/share/interpreter/linkResolver.cpp, line 838]
Event: 38.943 Thread 0x000001b8d316a800 Exception <a 'java/io/FileNotFoundException'{0x00000007107594a0}> (0x00000007107594a0) thrown at [./open/src/hotspot/share/prims/jni.cpp, line 611]
Event: 38.943 Thread 0x000001b8d316a800 Exception <a 'java/io/FileNotFoundException'{0x0000000710759c30}> (0x0000000710759c30) thrown at [./open/src/hotspot/share/prims/jni.cpp, line 611]

Events (10 events):
Event: 39.723 Executing VM operation: RevokeBias done
Event: 39.723 Thread 0x000001b8d35e9000 Thread added: 0x000001b8d35e9000
Event: 39.724 Thread 0x000001b8d35f3000 Thread added: 0x000001b8d35f3000
Event: 39.724 Executing VM operation: RevokeBias
Event: 39.731 Executing VM operation: RevokeBias done
Event: 39.731 Thread 0x000001b8d35f3800 Thread added: 0x000001b8d35f3800
Event: 39.755 Executing VM operation: RevokeBias
Event: 39.755 Executing VM operation: RevokeBias done
Event: 40.063 Thread 0x000001b8d35ef800 Thread added: 0x000001b8d35ef800
Event: 40.064 Executing VM operation: BulkRevokeBias


Dynamic libraries:
0x00007ff796fb0000 - 0x00007ff796fc0000 	C:\Program Files\Java\jdk-11\bin\java.exe
0x00007ffceab10000 - 0x00007ffcead08000 	C:\WINDOWS\SYSTEM32\ntdll.dll
0x00007ffce8e30000 - 0x00007ffce8eed000 	C:\WINDOWS\System32\KERNEL32.DLL
0x00007ffce81f0000 - 0x00007ffce84e6000 	C:\WINDOWS\System32\KERNELBASE.dll
0x00007ffce8a40000 - 0x00007ffce8b40000 	C:\WINDOWS\System32\ucrtbase.dll
0x00007ffcbc310000 - 0x00007ffcbc329000 	C:\Program Files\Java\jdk-11\bin\jli.dll
0x00007ffcbc2f0000 - 0x00007ffcbc30b000 	C:\Program Files\Java\jdk-11\bin\VCRUNTIME140.dll
0x00007ffce8ba0000 - 0x00007ffce8c50000 	C:\WINDOWS\System32\ADVAPI32.dll
0x00007ffce9ff0000 - 0x00007ffcea08e000 	C:\WINDOWS\System32\msvcrt.dll
0x00007ffcea0a0000 - 0x00007ffcea140000 	C:\WINDOWS\System32\sechost.dll
0x00007ffcea230000 - 0x00007ffcea353000 	C:\WINDOWS\System32\RPCRT4.dll
0x00007ffce85e0000 - 0x00007ffce8607000 	C:\WINDOWS\System32\bcrypt.dll
0x00007ffce8f30000 - 0x00007ffce90cf000 	C:\WINDOWS\System32\USER32.dll
0x00007ffce81c0000 - 0x00007ffce81e2000 	C:\WINDOWS\System32\win32u.dll
0x00007ffce9220000 - 0x00007ffce924b000 	C:\WINDOWS\System32\GDI32.dll
0x00007ffce7580000 - 0x00007ffce781a000 	C:\WINDOWS\WinSxS\amd64_microsoft.windows.common-controls_6595b64144ccf1df_6.0.19041.4355_none_60b8b9eb71f62e16\COMCTL32.dll
0x00007ffce8920000 - 0x00007ffce8a37000 	C:\WINDOWS\System32\gdi32full.dll
0x00007ffce84f0000 - 0x00007ffce858d000 	C:\WINDOWS\System32\msvcp_win.dll
0x00007ffce06d0000 - 0x00007ffce06da000 	C:\WINDOWS\SYSTEM32\VERSION.dll
0x00007ffce8ef0000 - 0x00007ffce8f22000 	C:\WINDOWS\System32\IMM32.DLL
0x00007ffccefe0000 - 0x00007ffccefec000 	C:\Program Files\Java\jdk-11\bin\vcruntime140_1.dll
0x00007ffca4c00000 - 0x00007ffca4c8e000 	C:\Program Files\Java\jdk-11\bin\msvcp140.dll
0x00007ffc73ff0000 - 0x00007ffc74b5e000 	C:\Program Files\Java\jdk-11\bin\server\jvm.dll
0x00007ffce98b0000 - 0x00007ffce98b8000 	C:\WINDOWS\System32\PSAPI.DLL
0x00007ffcdd7d0000 - 0x00007ffcdd7f7000 	C:\WINDOWS\SYSTEM32\WINMM.dll
0x00007ffcc8260000 - 0x00007ffcc8269000 	C:\WINDOWS\SYSTEM32\WSOCK32.dll
0x00007ffce9250000 - 0x00007ffce92bb000 	C:\WINDOWS\System32\WS2_32.dll
0x00007ffce6360000 - 0x00007ffce6372000 	C:\WINDOWS\SYSTEM32\kernel.appcore.dll
0x00007ffcceea0000 - 0x00007ffcceeb0000 	C:\Program Files\Java\jdk-11\bin\verify.dll
0x00007ffce7b20000 - 0x00007ffce7d04000 	C:\WINDOWS\SYSTEM32\DBGHELP.DLL
0x00007ffce7930000 - 0x00007ffce7964000 	C:\WINDOWS\SYSTEM32\dbgcore.DLL
0x00007ffce86c0000 - 0x00007ffce8742000 	C:\WINDOWS\System32\bcryptPrimitives.dll
0x00007ffcbc2c0000 - 0x00007ffcbc2e8000 	C:\Program Files\Java\jdk-11\bin\java.dll
0x00007ffccb070000 - 0x00007ffccb07a000 	C:\Program Files\Java\jdk-11\bin\jimage.dll
0x00007ffc9eb80000 - 0x00007ffc9ebb8000 	C:\Program Files\Java\jdk-11\bin\jdwp.dll
0x00007ffcd19f0000 - 0x00007ffcd19fe000 	C:\Program Files\Java\jdk-11\bin\instrument.dll
0x00007ffcbc2a0000 - 0x00007ffcbc2b7000 	C:\Program Files\Java\jdk-11\bin\zip.dll
0x00007ffcea360000 - 0x00007ffceaacb000 	C:\WINDOWS\System32\SHELL32.dll
0x00007ffce5ac0000 - 0x00007ffce625d000 	C:\WINDOWS\SYSTEM32\windows.storage.dll
0x00007ffce9a60000 - 0x00007ffce9db3000 	C:\WINDOWS\System32\combase.dll
0x00007ffce7480000 - 0x00007ffce74ae000 	C:\WINDOWS\SYSTEM32\Wldp.dll
0x00007ffce92c0000 - 0x00007ffce938d000 	C:\WINDOWS\System32\OLEAUT32.dll
0x00007ffce8c50000 - 0x00007ffce8cfd000 	C:\WINDOWS\System32\SHCORE.dll
0x00007ffce90d0000 - 0x00007ffce9125000 	C:\WINDOWS\System32\shlwapi.dll
0x00007ffce80f0000 - 0x00007ffce8114000 	C:\WINDOWS\SYSTEM32\profapi.dll
0x00007ffccf2a0000 - 0x00007ffccf2ab000 	C:\Program Files\Java\jdk-11\bin\dt_socket.dll
0x00007ffce7350000 - 0x00007ffce73ba000 	C:\WINDOWS\system32\mswsock.dll
0x00007ffcbb950000 - 0x00007ffcbb969000 	C:\Program Files\Java\jdk-11\bin\net.dll
0x00007ffcdc3a0000 - 0x00007ffcdc4aa000 	C:\WINDOWS\SYSTEM32\WINHTTP.dll
0x00007ffcbb930000 - 0x00007ffcbb942000 	C:\Program Files\Java\jdk-11\bin\nio.dll
0x00007ffce6f00000 - 0x00007ffce6fcb000 	C:\WINDOWS\SYSTEM32\DNSAPI.dll
0x00007ffce6ec0000 - 0x00007ffce6efb000 	C:\WINDOWS\SYSTEM32\IPHLPAPI.DLL
0x00007ffce9130000 - 0x00007ffce9138000 	C:\WINDOWS\System32\NSI.dll
0x00007ffcd84c0000 - 0x00007ffcd84ca000 	C:\Windows\System32\rasadhlp.dll
0x00007ffcd2c30000 - 0x00007ffcd2cb0000 	C:\WINDOWS\System32\fwpuclnt.dll
0x00007ffcbc200000 - 0x00007ffcbc209000 	C:\Program Files\Java\jdk-11\bin\management.dll
0x00007ffcbc130000 - 0x00007ffcbc13b000 	C:\Program Files\Java\jdk-11\bin\management_ext.dll
0x00007ffce7eb0000 - 0x00007ffce7ec8000 	C:\WINDOWS\SYSTEM32\CRYPTSP.dll
0x00007ffce6b60000 - 0x00007ffce6b94000 	C:\WINDOWS\system32\rsaenh.dll
0x00007ffce80a0000 - 0x00007ffce80ce000 	C:\WINDOWS\SYSTEM32\USERENV.dll
0x00007ffce7440000 - 0x00007ffce744c000 	C:\WINDOWS\SYSTEM32\CRYPTBASE.dll
0x00007ffcdf410000 - 0x00007ffcdf427000 	C:\WINDOWS\SYSTEM32\dhcpcsvc6.DLL
0x00007ffcdf3f0000 - 0x00007ffcdf40d000 	C:\WINDOWS\SYSTEM32\dhcpcsvc.DLL
0x00007ffcc0da0000 - 0x00007ffcc0db7000 	C:\WINDOWS\system32\napinsp.dll
0x00007ffcc0d80000 - 0x00007ffcc0d9b000 	C:\WINDOWS\system32\pnrpnsp.dll
0x00007ffce2130000 - 0x00007ffce2145000 	C:\WINDOWS\system32\wshbth.dll
0x00007ffce2c20000 - 0x00007ffce2c3d000 	C:\WINDOWS\system32\NLAapi.dll
0x00007ffcc0d60000 - 0x00007ffcc0d72000 	C:\WINDOWS\System32\winrnr.dll
0x00007ffcbdf10000 - 0x00007ffcbdf37000 	C:\Program Files\Java\jdk-11\bin\sunec.dll
0x00007ffcbdf00000 - 0x00007ffcbdf0e000 	C:\Program Files\Java\jdk-11\bin\sunmscapi.dll
0x00007ffce8750000 - 0x00007ffce88ae000 	C:\WINDOWS\System32\CRYPT32.dll
0x00007ffce7550000 - 0x00007ffce7579000 	C:\WINDOWS\SYSTEM32\ncrypt.dll
0x00007ffce74b0000 - 0x00007ffce74eb000 	C:\WINDOWS\SYSTEM32\NTASN1.dll

dbghelp: loaded successfully - version: 4.0.5 - missing functions: none
symbol engine: initialized successfully - sym options: 0x614 - pdb path: .;C:\Program Files\Java\jdk-11\bin;C:\WINDOWS\SYSTEM32;C:\WINDOWS\WinSxS\amd64_microsoft.windows.common-controls_6595b64144ccf1df_6.0.19041.4355_none_60b8b9eb71f62e16;C:\Program Files\Java\jdk-11\bin\server

VM Arguments:
jvm_args: -agentlib:jdwp=transport=dt_socket,address=127.0.0.1:64854,suspend=y,server=n -XX:TieredStopAtLevel=1 -Xverify:none -Dspring.output.ansi.enabled=always -javaagent:C:\Users\19655\AppData\Local\JetBrains\IntelliJIdea2021.1\captureAgent\debugger-agent.jar=file:/C:/Users/19655/AppData/Local/Temp/capture19497.props -Dcom.sun.management.jmxremote -Dspring.jmx.enabled=true -Dspring.liveBeansView.mbeanDomain -Dspring.application.admin.enabled=true -Dfile.encoding=UTF-8 
java_command: com.hmall.gateway.GatewayApplication
java_class_path (initial): D:\ev\SpringCloud\codemy\hmall\hm-gateway\target\classes;D:\ev\SpringCloud\codemy\hmall\hm-common\target\classes;D:\maven_respository\org\apache\commons\commons-pool2\2.11.1\commons-pool2-2.11.1.jar;D:\maven_respository\cn\hutool\hutool-all\5.8.11\hutool-all-5.8.11.jar;D:\maven_respository\org\springframework\boot\spring-boot-starter-logging\2.7.12\spring-boot-starter-logging-2.7.12.jar;D:\maven_respository\ch\qos\logback\logback-classic\1.2.12\logback-classic-1.2.12.jar;D:\maven_respository\ch\qos\logback\logback-core\1.2.12\logback-core-1.2.12.jar;D:\maven_respository\org\apache\logging\log4j\log4j-to-slf4j\2.17.2\log4j-to-slf4j-2.17.2.jar;D:\maven_respository\org\apache\logging\log4j\log4j-api\2.17.2\log4j-api-2.17.2.jar;D:\maven_respository\org\slf4j\jul-to-slf4j\1.7.36\jul-to-slf4j-1.7.36.jar;D:\maven_respository\org\hibernate\validator\hibernate-validator\6.2.5.Final\hibernate-validator-6.2.5.Final.jar;D:\maven_respository\jakarta\validation\jakarta.validation-api\2.0.2\jakarta.validation-api-2.0.2.jar;D:\maven_respository\org\jboss\logging\jboss-logging\3.4.3.Final\jboss-logging-3.4.3.Final.jar;D:\maven_respository\com\fasterxml\classmate\1.5.1\classmate-1.5.1.jar;D:\maven_respository\org\springframework\boot\spring-boot-autoconfigure\2.7.12\spring-boot-autoconfigure-2.7.12.jar;D:\maven_respository\org\springframework\boot\spring-boot\2.7.12\spring-boot-2.7.12.jar;D:\maven_respository\org\springframework\spring-context\5.3.27\spring-context-5.3.27.jar;D:\maven_respository\org\springframework\spring-aop\5.3.27\spring-aop-5.3.27.jar;D:\maven_respository\org\springframework\spring-expression\5.3.27\spring-expression-5.3.27.jar;D:\maven_respository\com\github\xiaoymin\knife4j-openapi2-spring-boot-starter\4.1.0\knife4j-openapi2-spring-boot-starter-4.1.0.jar;D:\maven_respository\com\github\xiaoymin\knife4j-core\4.1.0\knife4j-core-4.1.0.jar;D:\maven_respository\com\github\xiaoymin\knife4j-openapi2-ui\4.1.0\knife4j-openapi2-ui-4.1.0.jar;D
Launcher Type: SUN_STANDARD

[Global flags]
     bool BytecodeVerificationLocal                = false                                     {product} {command line}
     bool BytecodeVerificationRemote               = false                                     {product} {command line}
     intx CICompilerCount                          = 4                                         {product} {ergonomic}
     uint ConcGCThreads                            = 3                                         {product} {ergonomic}
     uint G1ConcRefinementThreads                  = 10                                        {product} {ergonomic}
   size_t G1HeapRegionSize                         = 1048576                                   {product} {ergonomic}
    uintx GCDrainStackTargetSize                   = 64                                        {product} {ergonomic}
   size_t InitialHeapSize                          = 268435456                                 {product} {ergonomic}
     bool ManagementServer                         = true                                      {product} {command line}
   size_t MarkStackSize                            = 4194304                                   {product} {ergonomic}
   size_t MaxHeapSize                              = 4273995776                                {product} {ergonomic}
   size_t MaxNewSize                               = 2563768320                                {product} {ergonomic}
   size_t MinHeapDeltaBytes                        = 1048576                                   {product} {ergonomic}
    uintx NonNMethodCodeHeapSize                   = 7549744                                {pd product} {ergonomic}
    uintx NonProfiledCodeHeapSize                  = 244108496                              {pd product} {ergonomic}
    uintx ProfiledCodeHeapSize                     = 0                                      {pd product} {ergonomic}
    uintx ReservedCodeCacheSize                    = 251658240                              {pd product} {ergonomic}
     bool SegmentedCodeCache                       = true                                      {product} {ergonomic}
     intx TieredStopAtLevel                        = 1                                         {product} {command line}
     bool UseCompressedClassPointers               = true                                 {lp64_product} {ergonomic}
     bool UseCompressedOops                        = true                                 {lp64_product} {ergonomic}
     bool UseG1GC                                  = true                                      {product} {ergonomic}
     bool UseLargePagesIndividualAllocation        = false                                  {pd product} {ergonomic}

Logging:
Log output configuration:
 #0: stdout all=warning uptime,level,tags
 #1: stderr all=off uptime,level,tags

Environment Variables:
JAVA_HOME=C:\Program Files\Java\jdk-11
CLASSPATH=.;C:\Program Files\Java\jdk-11\lib;C:\Program Files\Java\jdk-11\lib\tools.jar;D:\apache-jmeter-5.6.3\apache-jmeter-5.6.3\lib\ext\ApacheJMeter_core.jar;D:\apache-jmeter-5.6.3\apache-jmeter-5.6.3\lib\jorphan.jar;
PATH=C:\Program Files\Java\jdk-11\bin;C:\Program Files\Common Files\Oracle\Java\javapath;D:\linux\bin\;C:\Program Files (x86)\Common Files\Oracle\Java\javapath;C:\Windows\system32;C:\Windows;C:\Windows\System32\Wbem;C:\Windows\System32\WindowsPowerShell\v1.0\;C:\Windows\System32\OpenSSH\;C:\Program Files (x86)\NVIDIA Corporation\PhysX\Common;C:\Program Files\NVIDIA Corporation\NVIDIA NvDLISR;D:\MATLAB2023b\R2023b\runtime\win64;D:\MATLAB2023b\R2023b\bin;D:\matlab\runtime\win64;D:\matlab\bin;D:\matlab\polyspace\bin;C:\WINDOWS\system32;C:\WINDOWS;C:\WINDOWS\System32\Wbem;C:\WINDOWS\System32\WindowsPowerShell\v1.0\;C:\WINDOWS\System32\OpenSSH\;D:\node\;D:\node\node_global;C:\Program Files\MySQL\MySQL Server 8.0\bin;D:\Windows Kits\10\Windows Performance Toolkit\;C:\Program Files\MySQL\MySQL Server 8.0\bin\;D:\apache-maven-3.6.3\bin;D:\Git\Git\cmd;D:\web\dll;D:\apache-jmeter-5.6.3\apache-jmeter-5.6.3\bin;D:\MinGW\bin;D:\dev\python\python3.11\Scripts\;D:\dev\python\python3.11\;C:\Program Files\MySQL\MySQL Shell 8.0\bin\;C:\Users\19655\AppData\Local\Microsoft\WindowsApps;D:\VSCODE\Microsoft VS Code\bin;C:\Users\19655\AppData\Roaming\npm;D:\node\node_global;D:\node\node_cache;;D:\pycharmzhunye\PyCharm 2023.2.1\bin;;D:\cpolar\
USERNAME=19655
OS=Windows_NT
PROCESSOR_IDENTIFIER=Intel64 Family 6 Model 158 Stepping 10, GenuineIntel



---------------  S Y S T E M  ---------------

OS: Windows 10 , 64 bit Build 19041 (10.0.19041.3636)

CPU:total 12 (initial active 12) (6 cores per cpu, 2 threads per core) family 6 model 158 stepping 10 microcode 0xb4, cmov, cx8, fxsr, mmx, sse, sse2, sse3, ssse3, sse4.1, sse4.2, popcnt, avx, avx2, aes, clmul, erms, 3dnowpref, lzcnt, ht, tsc, tscinvbit, bmi1, bmi2, adx, fma

Memory: 4k page, system-wide physical 16303M (326M free)
TotalPageFile size 41903M (AvailPageFile size 2M)
current process WorkingSet (physical memory assigned to process): 478M, peak: 478M
current process commit charge ("private bytes"): 590M, peak: 605M

vm_info: Java HotSpot(TM) 64-Bit Server VM (11.0.22+9-LTS-219) for windows-amd64 JRE (11.0.22+9-LTS-219), built on Dec 19 2023 22:08:21 by "mach5one" with MS VC++ 17.1 (VS2022)

END.
