21:19:18:591  INFO 66756 --- [main] com.hmall.item.es.ElasticAggTest         : The following 1 profile is active: "local"
21:19:20:777  INFO 66756 --- [main] o.s.cloud.context.scope.GenericScope     : BeanFactory id=50caa663-6a17-334a-8a53-ae67c534c1af
21:19:21:050  INFO 66756 --- [main] trationDelegate$BeanPostProcessorChecker : Bean 'io.seata.spring.boot.autoconfigure.SeataCoreAutoConfiguration' of type [io.seata.spring.boot.autoconfigure.SeataCoreAutoConfiguration] is not eligible for getting processed by all BeanPostProcessors (for example: not eligible for auto-proxying)
21:19:21:057  INFO 66756 --- [main] trationDelegate$BeanPostProcessorChecker : Bean 'springApplicationContextProvider' of type [io.seata.spring.boot.autoconfigure.provider.SpringApplicationContextProvider] is not eligible for getting processed by all BeanPostProcessors (for example: not eligible for auto-proxying)
21:19:21:060  INFO 66756 --- [main] trationDelegate$BeanPostProcessorChecker : Bean 'io.seata.spring.boot.autoconfigure.SeataAutoConfiguration' of type [io.seata.spring.boot.autoconfigure.SeataAutoConfiguration] is not eligible for getting processed by all BeanPostProcessors (for example: not eligible for auto-proxying)
21:19:21:163  INFO 66756 --- [main] trationDelegate$BeanPostProcessorChecker : Bean 'failureHandler' of type [io.seata.tm.api.DefaultFailureHandlerImpl] is not eligible for getting processed by all BeanPostProcessors (for example: not eligible for auto-proxying)
21:19:21:195  INFO 66756 --- [main] trationDelegate$BeanPostProcessorChecker : Bean 'org.springframework.cloud.commons.config.CommonsConfigAutoConfiguration' of type [org.springframework.cloud.commons.config.CommonsConfigAutoConfiguration] is not eligible for getting processed by all BeanPostProcessors (for example: not eligible for auto-proxying)
21:19:21:200  INFO 66756 --- [main] trationDelegate$BeanPostProcessorChecker : Bean 'org.springframework.cloud.client.loadbalancer.LoadBalancerDefaultMappingsProviderAutoConfiguration' of type [org.springframework.cloud.client.loadbalancer.LoadBalancerDefaultMappingsProviderAutoConfiguration] is not eligible for getting processed by all BeanPostProcessors (for example: not eligible for auto-proxying)
21:19:21:203  INFO 66756 --- [main] trationDelegate$BeanPostProcessorChecker : Bean 'loadBalancerClientsDefaultsMappingsProvider' of type [org.springframework.cloud.client.loadbalancer.LoadBalancerDefaultMappingsProviderAutoConfiguration$$Lambda$833/0x0000000800794040] is not eligible for getting processed by all BeanPostProcessors (for example: not eligible for auto-proxying)
21:19:21:209  INFO 66756 --- [main] trationDelegate$BeanPostProcessorChecker : Bean 'defaultsBindHandlerAdvisor' of type [org.springframework.cloud.commons.config.DefaultsBindHandlerAdvisor] is not eligible for getting processed by all BeanPostProcessors (for example: not eligible for auto-proxying)
21:19:21:216  INFO 66756 --- [main] trationDelegate$BeanPostProcessorChecker : Bean 'springCloudAlibabaConfiguration' of type [io.seata.spring.boot.autoconfigure.properties.SpringCloudAlibabaConfiguration] is not eligible for getting processed by all BeanPostProcessors (for example: not eligible for auto-proxying)
21:19:21:221  INFO 66756 --- [main] trationDelegate$BeanPostProcessorChecker : Bean 'seataProperties' of type [io.seata.spring.boot.autoconfigure.properties.SeataProperties] is not eligible for getting processed by all BeanPostProcessors (for example: not eligible for auto-proxying)
21:19:21:224  INFO 66756 --- [main] i.s.s.b.a.SeataAutoConfiguration         : Automatically configure Seata
21:19:21:413  INFO 66756 --- [main] io.seata.config.ConfigurationFactory     : load Configuration from :Spring Configuration
21:19:21:423  INFO 66756 --- [main] io.seata.config.ConfigurationFactory     : load Configuration from :Spring Configuration
21:19:21:615  INFO 66756 --- [main] i.s.s.a.GlobalTransactionScanner         : Initializing Global Transaction Clients ... 
21:19:21:821  INFO 66756 --- [main] i.s.core.rpc.netty.NettyClientBootstrap  : NettyClientBootstrap has started
21:19:22:067  INFO 66756 --- [main] com.alibaba.nacos.common.remote.client   : [RpcClientFactory] create a new rpc client of 8bbe4cff-f639-44f2-afe6-d6465568da58
21:19:22:068  INFO 66756 --- [main] com.alibaba.nacos.common.remote.client   : [8bbe4cff-f639-44f2-afe6-d6465568da58] RpcClient init label, labels = {module=naming, source=sdk}
21:19:22:070  INFO 66756 --- [main] com.alibaba.nacos.common.remote.client   : [8bbe4cff-f639-44f2-afe6-d6465568da58] RpcClient init, ServerListFactory = com.alibaba.nacos.client.naming.core.ServerListManager
21:19:22:071  INFO 66756 --- [main] com.alibaba.nacos.common.remote.client   : [8bbe4cff-f639-44f2-afe6-d6465568da58] Registry connection listener to current client:com.alibaba.nacos.client.naming.remote.gprc.redo.NamingGrpcRedoService
21:19:22:071  INFO 66756 --- [main] com.alibaba.nacos.common.remote.client   : [8bbe4cff-f639-44f2-afe6-d6465568da58] Register server push request handler:com.alibaba.nacos.client.naming.remote.gprc.NamingPushRequestHandler
21:19:22:072  INFO 66756 --- [main] com.alibaba.nacos.common.remote.client   : [8bbe4cff-f639-44f2-afe6-d6465568da58] Try to connect to server on start up, server: {serverIp = '192.168.44.128', server main port = 8848}
21:19:22:239  INFO 66756 --- [main] com.alibaba.nacos.common.remote.client   : [8bbe4cff-f639-44f2-afe6-d6465568da58] Success to connect to server [192.168.44.128:8848] on start up, connectionId = 1719109329693_192.168.44.1_56502
21:19:22:240  INFO 66756 --- [main] com.alibaba.nacos.common.remote.client   : [8bbe4cff-f639-44f2-afe6-d6465568da58] Register server push request handler:com.alibaba.nacos.common.remote.client.RpcClient$ConnectResetRequestHandler
21:19:22:240  INFO 66756 --- [com.alibaba.nacos.client.remote.worker] com.alibaba.nacos.common.remote.client   : [8bbe4cff-f639-44f2-afe6-d6465568da58] Notify connected event to listeners.
21:19:22:240  INFO 66756 --- [main] com.alibaba.nacos.common.remote.client   : [8bbe4cff-f639-44f2-afe6-d6465568da58] Register server push request handler:com.alibaba.nacos.common.remote.client.RpcClient$$Lambda$739/0x00000008004bbc40
21:19:22:313  INFO 66756 --- [main] i.s.c.r.netty.NettyClientChannelManager  : will connect to 192.168.44.128:8099
21:19:22:861  INFO 66756 --- [nacos-grpc-client-executor-4] com.alibaba.nacos.common.remote.client   : [8bbe4cff-f639-44f2-afe6-d6465568da58] Receive server push request, request = NotifySubscriberRequest, requestId = 52
21:19:22:865  INFO 66756 --- [nacos-grpc-client-executor-4] com.alibaba.nacos.common.remote.client   : [8bbe4cff-f639-44f2-afe6-d6465568da58] Ack server push request, request = NotifySubscriberRequest, requestId = 52
21:19:23:873  INFO 66756 --- [main] i.s.core.rpc.netty.NettyPoolableFactory  : NettyPool create channel to transactionRole:TMROLE,address:192.168.44.128:8099,msg:< RegisterTMRequest{applicationId='item-service', transactionServiceGroup='hmall'} >
21:19:25:765  WARN 66756 --- [NettyClientSelector_TMROLE_1_1] ServiceLoader$InnerEnhancedServiceLoader : Load [io.seata.serializer.hessian.HessianSerializer] class fail. com/caucho/hessian/io/AbstractHessianOutput
21:19:25:839  INFO 66756 --- [main] i.s.c.rpc.netty.TmNettyRemotingClient    : register TM success. client version:1.5.2, server version:1.5.2,channel:[id: 0xee17064c, L:/192.168.44.1:56505 - R:/192.168.44.128:8099]
21:19:25:850  INFO 66756 --- [main] i.s.core.rpc.netty.NettyPoolableFactory  : register success, cost 149 ms, version:1.5.2,role:TMROLE,channel:[id: 0xee17064c, L:/192.168.44.1:56505 - R:/192.168.44.128:8099]
21:19:25:851  INFO 66756 --- [main] i.s.s.a.GlobalTransactionScanner         : Transaction Manager Client is initialized. applicationId[item-service] txServiceGroup[hmall]
21:19:25:874  INFO 66756 --- [main] io.seata.rm.datasource.AsyncWorker       : Async Commit Buffer Limit: 10000
21:19:25:875  INFO 66756 --- [main] i.s.rm.datasource.xa.ResourceManagerXA   : ResourceManagerXA init ...
21:19:25:892  INFO 66756 --- [main] i.s.core.rpc.netty.NettyClientBootstrap  : NettyClientBootstrap has started
21:19:25:893  INFO 66756 --- [main] i.s.s.a.GlobalTransactionScanner         : Resource Manager is initialized. applicationId[item-service] txServiceGroup[hmall]
21:19:25:893  INFO 66756 --- [main] i.s.s.a.GlobalTransactionScanner         : Global Transaction Clients are initialized. 
21:19:25:900  INFO 66756 --- [main] trationDelegate$BeanPostProcessorChecker : Bean 'io.seata.spring.boot.autoconfigure.SeataDataSourceAutoConfiguration' of type [io.seata.spring.boot.autoconfigure.SeataDataSourceAutoConfiguration] is not eligible for getting processed by all BeanPostProcessors (for example: not eligible for auto-proxying)
21:19:26:615  INFO 66756 --- [main] trationDelegate$BeanPostProcessorChecker : Bean 'com.alibaba.cloud.seata.feign.SeataFeignClientAutoConfiguration$FeignBeanPostProcessorConfiguration' of type [com.alibaba.cloud.seata.feign.SeataFeignClientAutoConfiguration$FeignBeanPostProcessorConfiguration] is not eligible for getting processed by all BeanPostProcessors (for example: not eligible for auto-proxying)
21:19:26:621  INFO 66756 --- [main] trationDelegate$BeanPostProcessorChecker : Bean 'seataFeignObjectWrapper' of type [com.alibaba.cloud.seata.feign.SeataFeignObjectWrapper] is not eligible for getting processed by all BeanPostProcessors (for example: not eligible for auto-proxying)
21:19:27:093  INFO 66756 --- [main] com.zaxxer.hikari.HikariDataSource       : HikariPool-1 - Starting...
21:19:27:880  INFO 66756 --- [main] com.zaxxer.hikari.HikariDataSource       : HikariPool-1 - Start completed.
21:19:28:132  INFO 66756 --- [main] i.s.c.r.netty.NettyClientChannelManager  : will connect to 192.168.44.128:8099
21:19:28:133  INFO 66756 --- [main] i.s.c.rpc.netty.RmNettyRemotingClient    : RM will register :jdbc:mysql://192.168.44.128:3306/hm-item
21:19:28:133  INFO 66756 --- [main] i.s.core.rpc.netty.NettyPoolableFactory  : NettyPool create channel to transactionRole:RMROLE,address:192.168.44.128:8099,msg:< RegisterRMRequest{resourceIds='jdbc:mysql://192.168.44.128:3306/hm-item', applicationId='item-service', transactionServiceGroup='hmall'} >
21:19:28:162  INFO 66756 --- [main] i.s.c.rpc.netty.RmNettyRemotingClient    : register RM success. client version:1.5.2, server version:1.5.2,channel:[id: 0x7b78003d, L:/192.168.44.1:56513 - R:/192.168.44.128:8099]
21:19:28:163  INFO 66756 --- [main] i.s.core.rpc.netty.NettyPoolableFactory  : register success, cost 23 ms, version:1.5.2,role:RMROLE,channel:[id: 0x7b78003d, L:/192.168.44.1:56513 - R:/192.168.44.128:8099]
21:19:38:765  INFO 66756 --- [main] pertySourcedRequestMappingHandlerMapping : Mapped URL path [/v2/api-docs] onto method [springfox.documentation.swagger2.web.Swagger2ControllerWebMvc#getDocumentation(String, HttpServletRequest)]
21:19:43:318  INFO 66756 --- [main] com.alibaba.nacos.common.remote.client   : [RpcClientFactory] create a new rpc client of a1289133-7e28-48f2-bd25-48da1204ced8
21:19:43:318  INFO 66756 --- [main] com.alibaba.nacos.common.remote.client   : [a1289133-7e28-48f2-bd25-48da1204ced8] RpcClient init label, labels = {module=naming, source=sdk}
21:19:43:318  INFO 66756 --- [main] com.alibaba.nacos.common.remote.client   : [a1289133-7e28-48f2-bd25-48da1204ced8] RpcClient init, ServerListFactory = com.alibaba.nacos.client.naming.core.ServerListManager
21:19:43:318  INFO 66756 --- [main] com.alibaba.nacos.common.remote.client   : [a1289133-7e28-48f2-bd25-48da1204ced8] Registry connection listener to current client:com.alibaba.nacos.client.naming.remote.gprc.redo.NamingGrpcRedoService
21:19:43:318  INFO 66756 --- [main] com.alibaba.nacos.common.remote.client   : [a1289133-7e28-48f2-bd25-48da1204ced8] Register server push request handler:com.alibaba.nacos.client.naming.remote.gprc.NamingPushRequestHandler
21:19:43:319  INFO 66756 --- [main] com.alibaba.nacos.common.remote.client   : [a1289133-7e28-48f2-bd25-48da1204ced8] Try to connect to server on start up, server: {serverIp = '192.168.44.128', server main port = 8848}
21:19:43:492  INFO 66756 --- [main] com.alibaba.nacos.common.remote.client   : [a1289133-7e28-48f2-bd25-48da1204ced8] Success to connect to server [192.168.44.128:8848] on start up, connectionId = 1719109350945_192.168.44.1_56552
21:19:43:492  INFO 66756 --- [main] com.alibaba.nacos.common.remote.client   : [a1289133-7e28-48f2-bd25-48da1204ced8] Register server push request handler:com.alibaba.nacos.common.remote.client.RpcClient$ConnectResetRequestHandler
21:19:43:492  INFO 66756 --- [com.alibaba.nacos.client.remote.worker] com.alibaba.nacos.common.remote.client   : [a1289133-7e28-48f2-bd25-48da1204ced8] Notify connected event to listeners.
21:19:43:492  INFO 66756 --- [main] com.alibaba.nacos.common.remote.client   : [a1289133-7e28-48f2-bd25-48da1204ced8] Register server push request handler:com.alibaba.nacos.common.remote.client.RpcClient$$Lambda$739/0x00000008004bbc40
21:19:43:538  INFO 66756 --- [main] d.s.w.p.DocumentationPluginsBootstrapper : Documentation plugins bootstrapped
21:19:43:543  INFO 66756 --- [main] d.s.w.p.DocumentationPluginsBootstrapper : Found 1 custom documentation plugin(s)
21:19:43:615  INFO 66756 --- [main] s.d.s.w.s.ApiListingReferenceScanner     : Scanning for api listing references
21:19:43:892  INFO 66756 --- [main] o.s.a.r.c.CachingConnectionFactory       : Attempting to connect to: [localhost:5672]
21:19:43:910  INFO 66756 --- [main] o.s.a.r.l.SimpleMessageListenerContainer : Broker not available; cannot force queue declarations during start: java.net.ConnectException: Connection refused: connect
21:19:43:934  INFO 66756 --- [org.springframework.amqp.rabbit.RabbitListenerEndpointContainer#0-1] o.s.a.r.c.CachingConnectionFactory       : Attempting to connect to: [localhost:5672]
21:19:43:938 ERROR 66756 --- [org.springframework.amqp.rabbit.RabbitListenerEndpointContainer#0-1] o.s.a.r.l.SimpleMessageListenerContainer : Failed to check/redeclare auto-delete queue(s).

org.springframework.amqp.AmqpConnectException: java.net.ConnectException: Connection refused: connect
	at org.springframework.amqp.rabbit.support.RabbitExceptionTranslator.convertRabbitAccessException(RabbitExceptionTranslator.java:61) ~[spring-rabbit-2.4.12.jar:2.4.12]
	at org.springframework.amqp.rabbit.connection.AbstractConnectionFactory.createBareConnection(AbstractConnectionFactory.java:603) ~[spring-rabbit-2.4.12.jar:2.4.12]
	at org.springframework.amqp.rabbit.connection.CachingConnectionFactory.createConnection(CachingConnectionFactory.java:725) ~[spring-rabbit-2.4.12.jar:2.4.12]
	at org.springframework.amqp.rabbit.connection.ConnectionFactoryUtils.createConnection(ConnectionFactoryUtils.java:252) ~[spring-rabbit-2.4.12.jar:2.4.12]
	at org.springframework.amqp.rabbit.core.RabbitTemplate.doExecute(RabbitTemplate.java:2210) ~[spring-rabbit-2.4.12.jar:2.4.12]
	at org.springframework.amqp.rabbit.core.RabbitTemplate.execute(RabbitTemplate.java:2183) ~[spring-rabbit-2.4.12.jar:2.4.12]
	at org.springframework.amqp.rabbit.core.RabbitTemplate.execute(RabbitTemplate.java:2163) ~[spring-rabbit-2.4.12.jar:2.4.12]
	at org.springframework.amqp.rabbit.core.RabbitAdmin.getQueueInfo(RabbitAdmin.java:463) ~[spring-rabbit-2.4.12.jar:2.4.12]
	at org.springframework.amqp.rabbit.core.RabbitAdmin.getQueueProperties(RabbitAdmin.java:447) ~[spring-rabbit-2.4.12.jar:2.4.12]
	at org.springframework.amqp.rabbit.listener.AbstractMessageListenerContainer.attemptDeclarations(AbstractMessageListenerContainer.java:1942) ~[spring-rabbit-2.4.12.jar:2.4.12]
	at org.springframework.amqp.rabbit.listener.AbstractMessageListenerContainer.redeclareElementsIfNecessary(AbstractMessageListenerContainer.java:1915) ~[spring-rabbit-2.4.12.jar:2.4.12]
	at org.springframework.amqp.rabbit.listener.SimpleMessageListenerContainer$AsyncMessageProcessingConsumer.initialize(SimpleMessageListenerContainer.java:1384) ~[spring-rabbit-2.4.12.jar:2.4.12]
	at org.springframework.amqp.rabbit.listener.SimpleMessageListenerContainer$AsyncMessageProcessingConsumer.run(SimpleMessageListenerContainer.java:1230) ~[spring-rabbit-2.4.12.jar:2.4.12]
	at java.base/java.lang.Thread.run(Thread.java:834) ~[na:na]
Caused by: java.net.ConnectException: Connection refused: connect
	at java.base/java.net.PlainSocketImpl.waitForConnect(Native Method) ~[na:na]
	at java.base/java.net.PlainSocketImpl.socketConnect(PlainSocketImpl.java:107) ~[na:na]
	at java.base/java.net.AbstractPlainSocketImpl.doConnect(AbstractPlainSocketImpl.java:412) ~[na:na]
	at java.base/java.net.AbstractPlainSocketImpl.connectToAddress(AbstractPlainSocketImpl.java:255) ~[na:na]
	at java.base/java.net.AbstractPlainSocketImpl.connect(AbstractPlainSocketImpl.java:237) ~[na:na]
	at java.base/java.net.SocksSocketImpl.connect(SocksSocketImpl.java:392) ~[na:na]
	at java.base/java.net.Socket.connect(Socket.java:608) ~[na:na]
	at com.rabbitmq.client.impl.SocketFrameHandlerFactory.create(SocketFrameHandlerFactory.java:60) ~[amqp-client-5.14.2.jar:5.14.2]
	at com.rabbitmq.client.ConnectionFactory.newConnection(ConnectionFactory.java:1223) ~[amqp-client-5.14.2.jar:5.14.2]
	at com.rabbitmq.client.ConnectionFactory.newConnection(ConnectionFactory.java:1173) ~[amqp-client-5.14.2.jar:5.14.2]
	at org.springframework.amqp.rabbit.connection.AbstractConnectionFactory.connectAddresses(AbstractConnectionFactory.java:641) ~[spring-rabbit-2.4.12.jar:2.4.12]
	at org.springframework.amqp.rabbit.connection.AbstractConnectionFactory.connect(AbstractConnectionFactory.java:616) ~[spring-rabbit-2.4.12.jar:2.4.12]
	at org.springframework.amqp.rabbit.connection.AbstractConnectionFactory.createBareConnection(AbstractConnectionFactory.java:566) ~[spring-rabbit-2.4.12.jar:2.4.12]
	... 12 common frames omitted

21:19:43:944  INFO 66756 --- [org.springframework.amqp.rabbit.RabbitListenerEndpointContainer#0-1] o.s.a.r.c.CachingConnectionFactory       : Attempting to connect to: [localhost:5672]
21:19:43:946  INFO 66756 --- [main] o.s.a.r.c.CachingConnectionFactory       : Attempting to connect to: [localhost:5672]
21:19:43:948  INFO 66756 --- [main] o.s.a.r.l.SimpleMessageListenerContainer : Broker not available; cannot force queue declarations during start: java.net.ConnectException: Connection refused: connect
21:19:43:951  INFO 66756 --- [org.springframework.amqp.rabbit.RabbitListenerEndpointContainer#1-1] o.s.a.r.c.CachingConnectionFactory       : Attempting to connect to: [localhost:5672]
21:19:43:953 ERROR 66756 --- [org.springframework.amqp.rabbit.RabbitListenerEndpointContainer#1-1] o.s.a.r.l.SimpleMessageListenerContainer : Failed to check/redeclare auto-delete queue(s).

org.springframework.amqp.AmqpConnectException: java.net.ConnectException: Connection refused: connect
	at org.springframework.amqp.rabbit.support.RabbitExceptionTranslator.convertRabbitAccessException(RabbitExceptionTranslator.java:61) ~[spring-rabbit-2.4.12.jar:2.4.12]
	at org.springframework.amqp.rabbit.connection.AbstractConnectionFactory.createBareConnection(AbstractConnectionFactory.java:603) ~[spring-rabbit-2.4.12.jar:2.4.12]
	at org.springframework.amqp.rabbit.connection.CachingConnectionFactory.createConnection(CachingConnectionFactory.java:725) ~[spring-rabbit-2.4.12.jar:2.4.12]
	at org.springframework.amqp.rabbit.connection.ConnectionFactoryUtils.createConnection(ConnectionFactoryUtils.java:252) ~[spring-rabbit-2.4.12.jar:2.4.12]
	at org.springframework.amqp.rabbit.core.RabbitTemplate.doExecute(RabbitTemplate.java:2210) ~[spring-rabbit-2.4.12.jar:2.4.12]
	at org.springframework.amqp.rabbit.core.RabbitTemplate.execute(RabbitTemplate.java:2183) ~[spring-rabbit-2.4.12.jar:2.4.12]
	at org.springframework.amqp.rabbit.core.RabbitTemplate.execute(RabbitTemplate.java:2163) ~[spring-rabbit-2.4.12.jar:2.4.12]
	at org.springframework.amqp.rabbit.core.RabbitAdmin.getQueueInfo(RabbitAdmin.java:463) ~[spring-rabbit-2.4.12.jar:2.4.12]
	at org.springframework.amqp.rabbit.core.RabbitAdmin.getQueueProperties(RabbitAdmin.java:447) ~[spring-rabbit-2.4.12.jar:2.4.12]
	at org.springframework.amqp.rabbit.listener.AbstractMessageListenerContainer.attemptDeclarations(AbstractMessageListenerContainer.java:1942) ~[spring-rabbit-2.4.12.jar:2.4.12]
	at org.springframework.amqp.rabbit.listener.AbstractMessageListenerContainer.redeclareElementsIfNecessary(AbstractMessageListenerContainer.java:1915) ~[spring-rabbit-2.4.12.jar:2.4.12]
	at org.springframework.amqp.rabbit.listener.SimpleMessageListenerContainer$AsyncMessageProcessingConsumer.initialize(SimpleMessageListenerContainer.java:1384) ~[spring-rabbit-2.4.12.jar:2.4.12]
	at org.springframework.amqp.rabbit.listener.SimpleMessageListenerContainer$AsyncMessageProcessingConsumer.run(SimpleMessageListenerContainer.java:1230) ~[spring-rabbit-2.4.12.jar:2.4.12]
	at java.base/java.lang.Thread.run(Thread.java:834) ~[na:na]
Caused by: java.net.ConnectException: Connection refused: connect
	at java.base/java.net.PlainSocketImpl.waitForConnect(Native Method) ~[na:na]
	at java.base/java.net.PlainSocketImpl.socketConnect(PlainSocketImpl.java:107) ~[na:na]
	at java.base/java.net.AbstractPlainSocketImpl.doConnect(AbstractPlainSocketImpl.java:412) ~[na:na]
	at java.base/java.net.AbstractPlainSocketImpl.connectToAddress(AbstractPlainSocketImpl.java:255) ~[na:na]
	at java.base/java.net.AbstractPlainSocketImpl.connect(AbstractPlainSocketImpl.java:237) ~[na:na]
	at java.base/java.net.SocksSocketImpl.connect(SocksSocketImpl.java:392) ~[na:na]
	at java.base/java.net.Socket.connect(Socket.java:608) ~[na:na]
	at com.rabbitmq.client.impl.SocketFrameHandlerFactory.create(SocketFrameHandlerFactory.java:60) ~[amqp-client-5.14.2.jar:5.14.2]
	at com.rabbitmq.client.ConnectionFactory.newConnection(ConnectionFactory.java:1223) ~[amqp-client-5.14.2.jar:5.14.2]
	at com.rabbitmq.client.ConnectionFactory.newConnection(ConnectionFactory.java:1173) ~[amqp-client-5.14.2.jar:5.14.2]
	at org.springframework.amqp.rabbit.connection.AbstractConnectionFactory.connectAddresses(AbstractConnectionFactory.java:641) ~[spring-rabbit-2.4.12.jar:2.4.12]
	at org.springframework.amqp.rabbit.connection.AbstractConnectionFactory.connect(AbstractConnectionFactory.java:616) ~[spring-rabbit-2.4.12.jar:2.4.12]
	at org.springframework.amqp.rabbit.connection.AbstractConnectionFactory.createBareConnection(AbstractConnectionFactory.java:566) ~[spring-rabbit-2.4.12.jar:2.4.12]
	... 12 common frames omitted

21:19:43:954  INFO 66756 --- [org.springframework.amqp.rabbit.RabbitListenerEndpointContainer#1-1] o.s.a.r.c.CachingConnectionFactory       : Attempting to connect to: [localhost:5672]
21:19:43:956  INFO 66756 --- [main] o.s.a.r.c.CachingConnectionFactory       : Attempting to connect to: [localhost:5672]
21:19:43:983  INFO 66756 --- [main] o.s.a.r.l.SimpleMessageListenerContainer : Broker not available; cannot force queue declarations during start: java.net.ConnectException: Connection refused: connect
21:19:43:986  INFO 66756 --- [org.springframework.amqp.rabbit.RabbitListenerEndpointContainer#2-1] o.s.a.r.c.CachingConnectionFactory       : Attempting to connect to: [localhost:5672]
21:19:43:988 ERROR 66756 --- [org.springframework.amqp.rabbit.RabbitListenerEndpointContainer#2-1] o.s.a.r.l.SimpleMessageListenerContainer : Failed to check/redeclare auto-delete queue(s).

org.springframework.amqp.AmqpConnectException: java.net.ConnectException: Connection refused: connect
	at org.springframework.amqp.rabbit.support.RabbitExceptionTranslator.convertRabbitAccessException(RabbitExceptionTranslator.java:61) ~[spring-rabbit-2.4.12.jar:2.4.12]
	at org.springframework.amqp.rabbit.connection.AbstractConnectionFactory.createBareConnection(AbstractConnectionFactory.java:603) ~[spring-rabbit-2.4.12.jar:2.4.12]
	at org.springframework.amqp.rabbit.connection.CachingConnectionFactory.createConnection(CachingConnectionFactory.java:725) ~[spring-rabbit-2.4.12.jar:2.4.12]
	at org.springframework.amqp.rabbit.connection.ConnectionFactoryUtils.createConnection(ConnectionFactoryUtils.java:252) ~[spring-rabbit-2.4.12.jar:2.4.12]
	at org.springframework.amqp.rabbit.core.RabbitTemplate.doExecute(RabbitTemplate.java:2210) ~[spring-rabbit-2.4.12.jar:2.4.12]
	at org.springframework.amqp.rabbit.core.RabbitTemplate.execute(RabbitTemplate.java:2183) ~[spring-rabbit-2.4.12.jar:2.4.12]
	at org.springframework.amqp.rabbit.core.RabbitTemplate.execute(RabbitTemplate.java:2163) ~[spring-rabbit-2.4.12.jar:2.4.12]
	at org.springframework.amqp.rabbit.core.RabbitAdmin.getQueueInfo(RabbitAdmin.java:463) ~[spring-rabbit-2.4.12.jar:2.4.12]
	at org.springframework.amqp.rabbit.core.RabbitAdmin.getQueueProperties(RabbitAdmin.java:447) ~[spring-rabbit-2.4.12.jar:2.4.12]
	at org.springframework.amqp.rabbit.listener.AbstractMessageListenerContainer.attemptDeclarations(AbstractMessageListenerContainer.java:1942) ~[spring-rabbit-2.4.12.jar:2.4.12]
	at org.springframework.amqp.rabbit.listener.AbstractMessageListenerContainer.redeclareElementsIfNecessary(AbstractMessageListenerContainer.java:1915) ~[spring-rabbit-2.4.12.jar:2.4.12]
	at org.springframework.amqp.rabbit.listener.SimpleMessageListenerContainer$AsyncMessageProcessingConsumer.initialize(SimpleMessageListenerContainer.java:1384) ~[spring-rabbit-2.4.12.jar:2.4.12]
	at org.springframework.amqp.rabbit.listener.SimpleMessageListenerContainer$AsyncMessageProcessingConsumer.run(SimpleMessageListenerContainer.java:1230) ~[spring-rabbit-2.4.12.jar:2.4.12]
	at java.base/java.lang.Thread.run(Thread.java:834) ~[na:na]
Caused by: java.net.ConnectException: Connection refused: connect
	at java.base/java.net.PlainSocketImpl.waitForConnect(Native Method) ~[na:na]
	at java.base/java.net.PlainSocketImpl.socketConnect(PlainSocketImpl.java:107) ~[na:na]
	at java.base/java.net.AbstractPlainSocketImpl.doConnect(AbstractPlainSocketImpl.java:412) ~[na:na]
	at java.base/java.net.AbstractPlainSocketImpl.connectToAddress(AbstractPlainSocketImpl.java:255) ~[na:na]
	at java.base/java.net.AbstractPlainSocketImpl.connect(AbstractPlainSocketImpl.java:237) ~[na:na]
	at java.base/java.net.SocksSocketImpl.connect(SocksSocketImpl.java:392) ~[na:na]
	at java.base/java.net.Socket.connect(Socket.java:608) ~[na:na]
	at com.rabbitmq.client.impl.SocketFrameHandlerFactory.create(SocketFrameHandlerFactory.java:60) ~[amqp-client-5.14.2.jar:5.14.2]
	at com.rabbitmq.client.ConnectionFactory.newConnection(ConnectionFactory.java:1223) ~[amqp-client-5.14.2.jar:5.14.2]
	at com.rabbitmq.client.ConnectionFactory.newConnection(ConnectionFactory.java:1173) ~[amqp-client-5.14.2.jar:5.14.2]
	at org.springframework.amqp.rabbit.connection.AbstractConnectionFactory.connectAddresses(AbstractConnectionFactory.java:641) ~[spring-rabbit-2.4.12.jar:2.4.12]
	at org.springframework.amqp.rabbit.connection.AbstractConnectionFactory.connect(AbstractConnectionFactory.java:616) ~[spring-rabbit-2.4.12.jar:2.4.12]
	at org.springframework.amqp.rabbit.connection.AbstractConnectionFactory.createBareConnection(AbstractConnectionFactory.java:566) ~[spring-rabbit-2.4.12.jar:2.4.12]
	... 12 common frames omitted

21:19:43:989  INFO 66756 --- [org.springframework.amqp.rabbit.RabbitListenerEndpointContainer#2-1] o.s.a.r.c.CachingConnectionFactory       : Attempting to connect to: [localhost:5672]
21:19:43:991  INFO 66756 --- [main] o.s.a.r.c.CachingConnectionFactory       : Attempting to connect to: [localhost:5672]
21:19:43:992  INFO 66756 --- [main] o.s.a.r.l.SimpleMessageListenerContainer : Broker not available; cannot force queue declarations during start: java.net.ConnectException: Connection refused: connect
21:19:43:994  INFO 66756 --- [org.springframework.amqp.rabbit.RabbitListenerEndpointContainer#3-1] o.s.a.r.c.CachingConnectionFactory       : Attempting to connect to: [localhost:5672]
21:19:43:996 ERROR 66756 --- [org.springframework.amqp.rabbit.RabbitListenerEndpointContainer#3-1] o.s.a.r.l.SimpleMessageListenerContainer : Failed to check/redeclare auto-delete queue(s).

org.springframework.amqp.AmqpConnectException: java.net.ConnectException: Connection refused: connect
	at org.springframework.amqp.rabbit.support.RabbitExceptionTranslator.convertRabbitAccessException(RabbitExceptionTranslator.java:61) ~[spring-rabbit-2.4.12.jar:2.4.12]
	at org.springframework.amqp.rabbit.connection.AbstractConnectionFactory.createBareConnection(AbstractConnectionFactory.java:603) ~[spring-rabbit-2.4.12.jar:2.4.12]
	at org.springframework.amqp.rabbit.connection.CachingConnectionFactory.createConnection(CachingConnectionFactory.java:725) ~[spring-rabbit-2.4.12.jar:2.4.12]
	at org.springframework.amqp.rabbit.connection.ConnectionFactoryUtils.createConnection(ConnectionFactoryUtils.java:252) ~[spring-rabbit-2.4.12.jar:2.4.12]
	at org.springframework.amqp.rabbit.core.RabbitTemplate.doExecute(RabbitTemplate.java:2210) ~[spring-rabbit-2.4.12.jar:2.4.12]
	at org.springframework.amqp.rabbit.core.RabbitTemplate.execute(RabbitTemplate.java:2183) ~[spring-rabbit-2.4.12.jar:2.4.12]
	at org.springframework.amqp.rabbit.core.RabbitTemplate.execute(RabbitTemplate.java:2163) ~[spring-rabbit-2.4.12.jar:2.4.12]
	at org.springframework.amqp.rabbit.core.RabbitAdmin.getQueueInfo(RabbitAdmin.java:463) ~[spring-rabbit-2.4.12.jar:2.4.12]
	at org.springframework.amqp.rabbit.core.RabbitAdmin.getQueueProperties(RabbitAdmin.java:447) ~[spring-rabbit-2.4.12.jar:2.4.12]
	at org.springframework.amqp.rabbit.listener.AbstractMessageListenerContainer.attemptDeclarations(AbstractMessageListenerContainer.java:1942) ~[spring-rabbit-2.4.12.jar:2.4.12]
	at org.springframework.amqp.rabbit.listener.AbstractMessageListenerContainer.redeclareElementsIfNecessary(AbstractMessageListenerContainer.java:1915) ~[spring-rabbit-2.4.12.jar:2.4.12]
	at org.springframework.amqp.rabbit.listener.SimpleMessageListenerContainer$AsyncMessageProcessingConsumer.initialize(SimpleMessageListenerContainer.java:1384) ~[spring-rabbit-2.4.12.jar:2.4.12]
	at org.springframework.amqp.rabbit.listener.SimpleMessageListenerContainer$AsyncMessageProcessingConsumer.run(SimpleMessageListenerContainer.java:1230) ~[spring-rabbit-2.4.12.jar:2.4.12]
	at java.base/java.lang.Thread.run(Thread.java:834) ~[na:na]
Caused by: java.net.ConnectException: Connection refused: connect
	at java.base/java.net.PlainSocketImpl.waitForConnect(Native Method) ~[na:na]
	at java.base/java.net.PlainSocketImpl.socketConnect(PlainSocketImpl.java:107) ~[na:na]
	at java.base/java.net.AbstractPlainSocketImpl.doConnect(AbstractPlainSocketImpl.java:412) ~[na:na]
	at java.base/java.net.AbstractPlainSocketImpl.connectToAddress(AbstractPlainSocketImpl.java:255) ~[na:na]
	at java.base/java.net.AbstractPlainSocketImpl.connect(AbstractPlainSocketImpl.java:237) ~[na:na]
	at java.base/java.net.SocksSocketImpl.connect(SocksSocketImpl.java:392) ~[na:na]
	at java.base/java.net.Socket.connect(Socket.java:608) ~[na:na]
	at com.rabbitmq.client.impl.SocketFrameHandlerFactory.create(SocketFrameHandlerFactory.java:60) ~[amqp-client-5.14.2.jar:5.14.2]
	at com.rabbitmq.client.ConnectionFactory.newConnection(ConnectionFactory.java:1223) ~[amqp-client-5.14.2.jar:5.14.2]
	at com.rabbitmq.client.ConnectionFactory.newConnection(ConnectionFactory.java:1173) ~[amqp-client-5.14.2.jar:5.14.2]
	at org.springframework.amqp.rabbit.connection.AbstractConnectionFactory.connectAddresses(AbstractConnectionFactory.java:641) ~[spring-rabbit-2.4.12.jar:2.4.12]
	at org.springframework.amqp.rabbit.connection.AbstractConnectionFactory.connect(AbstractConnectionFactory.java:616) ~[spring-rabbit-2.4.12.jar:2.4.12]
	at org.springframework.amqp.rabbit.connection.AbstractConnectionFactory.createBareConnection(AbstractConnectionFactory.java:566) ~[spring-rabbit-2.4.12.jar:2.4.12]
	... 12 common frames omitted

21:19:43:996  INFO 66756 --- [org.springframework.amqp.rabbit.RabbitListenerEndpointContainer#3-1] o.s.a.r.c.CachingConnectionFactory       : Attempting to connect to: [localhost:5672]
21:19:44:013  INFO 66756 --- [main] com.hmall.item.es.ElasticAggTest         : Started ElasticAggTest in 41.693 seconds (JVM running for 45.059)
21:19:44:024  INFO 66756 --- [main] c.a.c.n.refresh.NacosContextRefresher    : [Nacos Config] Listening config: dataId=item-service.yaml, group=DEFAULT_GROUP
21:19:44:027  INFO 66756 --- [main] c.a.c.n.refresh.NacosContextRefresher    : [Nacos Config] Listening config: dataId=item-service-local.yaml, group=DEFAULT_GROUP
21:19:44:028  INFO 66756 --- [main] c.a.c.n.refresh.NacosContextRefresher    : [Nacos Config] Listening config: dataId=item-service, group=DEFAULT_GROUP
21:19:44:072  INFO 66756 --- [nacos-grpc-client-executor-4] com.alibaba.nacos.common.remote.client   : [a1289133-7e28-48f2-bd25-48da1204ced8] Receive server push request, request = NotifySubscriberRequest, requestId = 53
21:19:44:076  INFO 66756 --- [nacos-grpc-client-executor-4] com.alibaba.nacos.common.remote.client   : [a1289133-7e28-48f2-bd25-48da1204ced8] Ack server push request, request = NotifySubscriberRequest, requestId = 53
21:19:45:414  WARN 66756 --- [Thread-5] c.a.nacos.common.notify.NotifyCenter     : [NotifyCenter] Start destroying Publisher
21:19:45:416  WARN 66756 --- [Thread-1] c.a.n.common.http.HttpClientBeanHolder   : [HttpClientBeanHolder] Start destroying common HttpClient
21:19:45:417  WARN 66756 --- [Thread-5] c.a.nacos.common.notify.NotifyCenter     : [NotifyCenter] Destruction of the end
21:19:45:418  WARN 66756 --- [Thread-1] c.a.n.common.http.HttpClientBeanHolder   : [HttpClientBeanHolder] Destruction of the end
21:19:45:424  INFO 66756 --- [org.springframework.amqp.rabbit.RabbitListenerEndpointContainer#3-2] o.s.a.r.l.SimpleMessageListenerContainer : Waiting for workers to finish.
21:19:45:424  INFO 66756 --- [org.springframework.amqp.rabbit.RabbitListenerEndpointContainer#0-2] o.s.a.r.l.SimpleMessageListenerContainer : Waiting for workers to finish.
21:19:45:423  INFO 66756 --- [org.springframework.amqp.rabbit.RabbitListenerEndpointContainer#1-2] o.s.a.r.l.SimpleMessageListenerContainer : Waiting for workers to finish.
21:19:45:426  INFO 66756 --- [org.springframework.amqp.rabbit.RabbitListenerEndpointContainer#3-2] o.s.a.r.l.SimpleMessageListenerContainer : Successfully waited for workers to finish.
21:19:45:426  INFO 66756 --- [org.springframework.amqp.rabbit.RabbitListenerEndpointContainer#0-2] o.s.a.r.l.SimpleMessageListenerContainer : Successfully waited for workers to finish.
21:19:45:426  INFO 66756 --- [org.springframework.amqp.rabbit.RabbitListenerEndpointContainer#1-2] o.s.a.r.l.SimpleMessageListenerContainer : Successfully waited for workers to finish.
21:19:45:428  INFO 66756 --- [org.springframework.amqp.rabbit.RabbitListenerEndpointContainer#2-2] o.s.a.r.l.SimpleMessageListenerContainer : Waiting for workers to finish.
21:19:45:429  INFO 66756 --- [org.springframework.amqp.rabbit.RabbitListenerEndpointContainer#2-2] o.s.a.r.l.SimpleMessageListenerContainer : Successfully waited for workers to finish.
21:19:45:448  INFO 66756 --- [SpringContextShutdownHook] o.s.a.r.l.SimpleMessageListenerContainer : Shutdown ignored - container is already stopped
21:19:45:449  INFO 66756 --- [SpringContextShutdownHook] o.s.a.r.l.SimpleMessageListenerContainer : Shutdown ignored - container is already stopped
21:19:45:449  INFO 66756 --- [SpringContextShutdownHook] o.s.a.r.l.SimpleMessageListenerContainer : Shutdown ignored - container is already stopped
21:19:45:449  INFO 66756 --- [SpringContextShutdownHook] o.s.a.r.l.SimpleMessageListenerContainer : Shutdown ignored - container is already stopped
21:19:46:159  INFO 66756 --- [SpringContextShutdownHook] com.alibaba.nacos.common.remote.client   : Shutdown rpc client, set status to shutdown
21:19:46:160  INFO 66756 --- [SpringContextShutdownHook] com.alibaba.nacos.common.remote.client   : Shutdown client event executor java.util.concurrent.ScheduledThreadPoolExecutor@586d0bd0[Running, pool size = 2, active threads = 2, queued tasks = 0, completed tasks = 0]
21:19:46:160  INFO 66756 --- [SpringContextShutdownHook] com.alibaba.nacos.common.remote.client   : Close current connection 1719109350945_192.168.44.1_56552
21:19:46:160  INFO 66756 --- [SpringContextShutdownHook] c.a.n.c.remote.client.grpc.GrpcClient    : Shutdown grpc executor java.util.concurrent.ThreadPoolExecutor@a9dd37a[Running, pool size = 7, active threads = 0, queued tasks = 0, completed tasks = 7]
21:19:46:170  INFO 66756 --- [SpringContextShutdownHook] com.zaxxer.hikari.HikariDataSource       : HikariPool-1 - Shutdown initiated...
21:19:46:204  INFO 66756 --- [SpringContextShutdownHook] com.zaxxer.hikari.HikariDataSource       : HikariPool-1 - Shutdown completed.
21:19:46:206  INFO 66756 --- [NettyClientSelector_TMROLE_1_1] i.s.c.r.n.AbstractNettyRemotingClient    : channel inactive: [id: 0xee17064c, L:/192.168.44.1:56505 ! R:/192.168.44.128:8099]
21:19:46:290  INFO 66756 --- [NettyClientSelector_TMROLE_1_1] i.s.c.r.netty.NettyClientChannelManager  : return to pool, rm channel:[id: 0xee17064c, L:/192.168.44.1:56505 ! R:/192.168.44.128:8099]
21:19:46:291  INFO 66756 --- [NettyClientSelector_TMROLE_1_1] i.s.core.rpc.netty.NettyPoolableFactory  : channel valid false,channel:[id: 0xee17064c, L:/192.168.44.1:56505 ! R:/192.168.44.128:8099]
21:19:46:291  INFO 66756 --- [NettyClientSelector_RMROLE_1_1] i.s.c.r.n.AbstractNettyRemotingClient    : channel inactive: [id: 0x7b78003d, L:/192.168.44.1:56513 ! R:/192.168.44.128:8099]
21:19:46:299  INFO 66756 --- [NettyClientSelector_TMROLE_1_1] i.s.core.rpc.netty.NettyPoolableFactory  : will destroy channel:[id: 0xee17064c, L:/192.168.44.1:56505 ! R:/192.168.44.128:8099]
21:19:46:299  INFO 66756 --- [NettyClientSelector_RMROLE_1_1] i.s.c.r.netty.NettyClientChannelManager  : return to pool, rm channel:[id: 0x7b78003d, L:/192.168.44.1:56513 ! R:/192.168.44.128:8099]
21:19:46:299  INFO 66756 --- [NettyClientSelector_RMROLE_1_1] i.s.core.rpc.netty.NettyPoolableFactory  : channel valid false,channel:[id: 0x7b78003d, L:/192.168.44.1:56513 ! R:/192.168.44.128:8099]
21:19:46:299  INFO 66756 --- [NettyClientSelector_TMROLE_1_1] i.s.c.r.n.AbstractNettyRemotingClient    : ChannelHandlerContext(AbstractNettyRemotingClient$ClientHandler#0, [id: 0xee17064c, L:/192.168.44.1:56505 ! R:/192.168.44.128:8099]) will closed
21:19:46:301  INFO 66756 --- [NettyClientSelector_RMROLE_1_1] i.s.core.rpc.netty.NettyPoolableFactory  : will destroy channel:[id: 0x7b78003d, L:/192.168.44.1:56513 ! R:/192.168.44.128:8099]
21:19:46:299  INFO 66756 --- [NettyClientSelector_TMROLE_1_1] i.s.c.r.n.AbstractNettyRemotingClient    : ChannelHandlerContext(AbstractNettyRemotingClient$ClientHandler#0, [id: 0xee17064c, L:/192.168.44.1:56505 ! R:/192.168.44.128:8099]) will closed
21:19:46:301  INFO 66756 --- [NettyClientSelector_RMROLE_1_1] i.s.c.r.n.AbstractNettyRemotingClient    : ChannelHandlerContext(AbstractNettyRemotingClient$ClientHandler#0, [id: 0x7b78003d, L:/192.168.44.1:56513 ! R:/192.168.44.128:8099]) will closed
21:19:46:301  INFO 66756 --- [NettyClientSelector_RMROLE_1_1] i.s.c.r.n.AbstractNettyRemotingClient    : ChannelHandlerContext(AbstractNettyRemotingClient$ClientHandler#0, [id: 0x7b78003d, L:/192.168.44.1:56513 ! R:/192.168.44.128:8099]) will closed
21:23:12:644  INFO 52496 --- [main] com.hmall.item.es.ElasticAggTest         : The following 1 profile is active: "local"
21:23:15:320  INFO 52496 --- [main] o.s.cloud.context.scope.GenericScope     : BeanFactory id=50caa663-6a17-334a-8a53-ae67c534c1af
21:23:15:700  INFO 52496 --- [main] trationDelegate$BeanPostProcessorChecker : Bean 'io.seata.spring.boot.autoconfigure.SeataCoreAutoConfiguration' of type [io.seata.spring.boot.autoconfigure.SeataCoreAutoConfiguration] is not eligible for getting processed by all BeanPostProcessors (for example: not eligible for auto-proxying)
21:23:15:719  INFO 52496 --- [main] trationDelegate$BeanPostProcessorChecker : Bean 'springApplicationContextProvider' of type [io.seata.spring.boot.autoconfigure.provider.SpringApplicationContextProvider] is not eligible for getting processed by all BeanPostProcessors (for example: not eligible for auto-proxying)
21:23:15:724  INFO 52496 --- [main] trationDelegate$BeanPostProcessorChecker : Bean 'io.seata.spring.boot.autoconfigure.SeataAutoConfiguration' of type [io.seata.spring.boot.autoconfigure.SeataAutoConfiguration] is not eligible for getting processed by all BeanPostProcessors (for example: not eligible for auto-proxying)
21:23:15:947  INFO 52496 --- [main] trationDelegate$BeanPostProcessorChecker : Bean 'failureHandler' of type [io.seata.tm.api.DefaultFailureHandlerImpl] is not eligible for getting processed by all BeanPostProcessors (for example: not eligible for auto-proxying)
21:23:15:993  INFO 52496 --- [main] trationDelegate$BeanPostProcessorChecker : Bean 'org.springframework.cloud.commons.config.CommonsConfigAutoConfiguration' of type [org.springframework.cloud.commons.config.CommonsConfigAutoConfiguration] is not eligible for getting processed by all BeanPostProcessors (for example: not eligible for auto-proxying)
21:23:16:000  INFO 52496 --- [main] trationDelegate$BeanPostProcessorChecker : Bean 'org.springframework.cloud.client.loadbalancer.LoadBalancerDefaultMappingsProviderAutoConfiguration' of type [org.springframework.cloud.client.loadbalancer.LoadBalancerDefaultMappingsProviderAutoConfiguration] is not eligible for getting processed by all BeanPostProcessors (for example: not eligible for auto-proxying)
21:23:16:008  INFO 52496 --- [main] trationDelegate$BeanPostProcessorChecker : Bean 'loadBalancerClientsDefaultsMappingsProvider' of type [org.springframework.cloud.client.loadbalancer.LoadBalancerDefaultMappingsProviderAutoConfiguration$$Lambda$833/0x0000000800794040] is not eligible for getting processed by all BeanPostProcessors (for example: not eligible for auto-proxying)
21:23:16:014  INFO 52496 --- [main] trationDelegate$BeanPostProcessorChecker : Bean 'defaultsBindHandlerAdvisor' of type [org.springframework.cloud.commons.config.DefaultsBindHandlerAdvisor] is not eligible for getting processed by all BeanPostProcessors (for example: not eligible for auto-proxying)
21:23:16:038  INFO 52496 --- [main] trationDelegate$BeanPostProcessorChecker : Bean 'springCloudAlibabaConfiguration' of type [io.seata.spring.boot.autoconfigure.properties.SpringCloudAlibabaConfiguration] is not eligible for getting processed by all BeanPostProcessors (for example: not eligible for auto-proxying)
21:23:16:047  INFO 52496 --- [main] trationDelegate$BeanPostProcessorChecker : Bean 'seataProperties' of type [io.seata.spring.boot.autoconfigure.properties.SeataProperties] is not eligible for getting processed by all BeanPostProcessors (for example: not eligible for auto-proxying)
21:23:16:058  INFO 52496 --- [main] i.s.s.b.a.SeataAutoConfiguration         : Automatically configure Seata
21:23:16:257  INFO 52496 --- [main] io.seata.config.ConfigurationFactory     : load Configuration from :Spring Configuration
21:23:16:271  INFO 52496 --- [main] io.seata.config.ConfigurationFactory     : load Configuration from :Spring Configuration
21:23:16:524  INFO 52496 --- [main] i.s.s.a.GlobalTransactionScanner         : Initializing Global Transaction Clients ... 
21:23:16:725  INFO 52496 --- [main] i.s.core.rpc.netty.NettyClientBootstrap  : NettyClientBootstrap has started
21:23:17:002  INFO 52496 --- [main] com.alibaba.nacos.common.remote.client   : [RpcClientFactory] create a new rpc client of 8a2a952b-4669-4b42-bb05-c421b397e8bf
21:23:17:002  INFO 52496 --- [main] com.alibaba.nacos.common.remote.client   : [8a2a952b-4669-4b42-bb05-c421b397e8bf] RpcClient init label, labels = {module=naming, source=sdk}
21:23:17:005  INFO 52496 --- [main] com.alibaba.nacos.common.remote.client   : [8a2a952b-4669-4b42-bb05-c421b397e8bf] RpcClient init, ServerListFactory = com.alibaba.nacos.client.naming.core.ServerListManager
21:23:17:005  INFO 52496 --- [main] com.alibaba.nacos.common.remote.client   : [8a2a952b-4669-4b42-bb05-c421b397e8bf] Registry connection listener to current client:com.alibaba.nacos.client.naming.remote.gprc.redo.NamingGrpcRedoService
21:23:17:006  INFO 52496 --- [main] com.alibaba.nacos.common.remote.client   : [8a2a952b-4669-4b42-bb05-c421b397e8bf] Register server push request handler:com.alibaba.nacos.client.naming.remote.gprc.NamingPushRequestHandler
21:23:17:006  INFO 52496 --- [main] com.alibaba.nacos.common.remote.client   : [8a2a952b-4669-4b42-bb05-c421b397e8bf] Try to connect to server on start up, server: {serverIp = '192.168.44.128', server main port = 8848}
21:23:17:153  INFO 52496 --- [main] com.alibaba.nacos.common.remote.client   : [8a2a952b-4669-4b42-bb05-c421b397e8bf] Success to connect to server [192.168.44.128:8848] on start up, connectionId = 1719109564620_192.168.44.1_56790
21:23:17:154  INFO 52496 --- [main] com.alibaba.nacos.common.remote.client   : [8a2a952b-4669-4b42-bb05-c421b397e8bf] Register server push request handler:com.alibaba.nacos.common.remote.client.RpcClient$ConnectResetRequestHandler
21:23:17:154  INFO 52496 --- [com.alibaba.nacos.client.remote.worker] com.alibaba.nacos.common.remote.client   : [8a2a952b-4669-4b42-bb05-c421b397e8bf] Notify connected event to listeners.
21:23:17:154  INFO 52496 --- [main] com.alibaba.nacos.common.remote.client   : [8a2a952b-4669-4b42-bb05-c421b397e8bf] Register server push request handler:com.alibaba.nacos.common.remote.client.RpcClient$$Lambda$739/0x00000008004bbc40
21:23:17:219  INFO 52496 --- [main] i.s.c.r.netty.NettyClientChannelManager  : will connect to 192.168.44.128:8099
21:23:17:738  INFO 52496 --- [nacos-grpc-client-executor-4] com.alibaba.nacos.common.remote.client   : [8a2a952b-4669-4b42-bb05-c421b397e8bf] Receive server push request, request = NotifySubscriberRequest, requestId = 54
21:23:17:742  INFO 52496 --- [nacos-grpc-client-executor-4] com.alibaba.nacos.common.remote.client   : [8a2a952b-4669-4b42-bb05-c421b397e8bf] Ack server push request, request = NotifySubscriberRequest, requestId = 54
21:23:18:741  INFO 52496 --- [main] i.s.core.rpc.netty.NettyPoolableFactory  : NettyPool create channel to transactionRole:TMROLE,address:192.168.44.128:8099,msg:< RegisterTMRequest{applicationId='item-service', transactionServiceGroup='hmall'} >
21:23:20:491  WARN 52496 --- [NettyClientSelector_TMROLE_1_1] ServiceLoader$InnerEnhancedServiceLoader : Load [io.seata.serializer.hessian.HessianSerializer] class fail. com/caucho/hessian/io/AbstractHessianOutput
21:23:20:540  INFO 52496 --- [main] i.s.c.rpc.netty.TmNettyRemotingClient    : register TM success. client version:1.5.2, server version:1.5.2,channel:[id: 0x7e0af162, L:/192.168.44.1:56792 - R:/192.168.44.128:8099]
21:23:20:550  INFO 52496 --- [main] i.s.core.rpc.netty.NettyPoolableFactory  : register success, cost 116 ms, version:1.5.2,role:TMROLE,channel:[id: 0x7e0af162, L:/192.168.44.1:56792 - R:/192.168.44.128:8099]
21:23:20:551  INFO 52496 --- [main] i.s.s.a.GlobalTransactionScanner         : Transaction Manager Client is initialized. applicationId[item-service] txServiceGroup[hmall]
21:23:20:576  INFO 52496 --- [main] io.seata.rm.datasource.AsyncWorker       : Async Commit Buffer Limit: 10000
21:23:20:578  INFO 52496 --- [main] i.s.rm.datasource.xa.ResourceManagerXA   : ResourceManagerXA init ...
21:23:20:591  INFO 52496 --- [main] i.s.core.rpc.netty.NettyClientBootstrap  : NettyClientBootstrap has started
21:23:20:592  INFO 52496 --- [main] i.s.s.a.GlobalTransactionScanner         : Resource Manager is initialized. applicationId[item-service] txServiceGroup[hmall]
21:23:20:592  INFO 52496 --- [main] i.s.s.a.GlobalTransactionScanner         : Global Transaction Clients are initialized. 
21:23:20:597  INFO 52496 --- [main] trationDelegate$BeanPostProcessorChecker : Bean 'io.seata.spring.boot.autoconfigure.SeataDataSourceAutoConfiguration' of type [io.seata.spring.boot.autoconfigure.SeataDataSourceAutoConfiguration] is not eligible for getting processed by all BeanPostProcessors (for example: not eligible for auto-proxying)
21:23:21:286  INFO 52496 --- [main] trationDelegate$BeanPostProcessorChecker : Bean 'com.alibaba.cloud.seata.feign.SeataFeignClientAutoConfiguration$FeignBeanPostProcessorConfiguration' of type [com.alibaba.cloud.seata.feign.SeataFeignClientAutoConfiguration$FeignBeanPostProcessorConfiguration] is not eligible for getting processed by all BeanPostProcessors (for example: not eligible for auto-proxying)
21:23:21:292  INFO 52496 --- [main] trationDelegate$BeanPostProcessorChecker : Bean 'seataFeignObjectWrapper' of type [com.alibaba.cloud.seata.feign.SeataFeignObjectWrapper] is not eligible for getting processed by all BeanPostProcessors (for example: not eligible for auto-proxying)
21:23:21:741  INFO 52496 --- [main] com.zaxxer.hikari.HikariDataSource       : HikariPool-1 - Starting...
21:23:22:588  INFO 52496 --- [main] com.zaxxer.hikari.HikariDataSource       : HikariPool-1 - Start completed.
21:23:22:930  INFO 52496 --- [main] i.s.c.r.netty.NettyClientChannelManager  : will connect to 192.168.44.128:8099
21:23:22:931  INFO 52496 --- [main] i.s.c.rpc.netty.RmNettyRemotingClient    : RM will register :jdbc:mysql://192.168.44.128:3306/hm-item
21:23:22:931  INFO 52496 --- [main] i.s.core.rpc.netty.NettyPoolableFactory  : NettyPool create channel to transactionRole:RMROLE,address:192.168.44.128:8099,msg:< RegisterRMRequest{resourceIds='jdbc:mysql://192.168.44.128:3306/hm-item', applicationId='item-service', transactionServiceGroup='hmall'} >
21:23:22:976  INFO 52496 --- [main] i.s.c.rpc.netty.RmNettyRemotingClient    : register RM success. client version:1.5.2, server version:1.5.2,channel:[id: 0x89551f29, L:/192.168.44.1:56805 - R:/192.168.44.128:8099]
21:23:22:976  INFO 52496 --- [main] i.s.core.rpc.netty.NettyPoolableFactory  : register success, cost 8 ms, version:1.5.2,role:RMROLE,channel:[id: 0x89551f29, L:/192.168.44.1:56805 - R:/192.168.44.128:8099]
21:23:34:839  INFO 52496 --- [main] pertySourcedRequestMappingHandlerMapping : Mapped URL path [/v2/api-docs] onto method [springfox.documentation.swagger2.web.Swagger2ControllerWebMvc#getDocumentation(String, HttpServletRequest)]
21:23:39:540  INFO 52496 --- [main] com.alibaba.nacos.common.remote.client   : [RpcClientFactory] create a new rpc client of 90f991e5-8e53-44b1-a4b1-4807de78e7e2
21:23:39:540  INFO 52496 --- [main] com.alibaba.nacos.common.remote.client   : [90f991e5-8e53-44b1-a4b1-4807de78e7e2] RpcClient init label, labels = {module=naming, source=sdk}
21:23:39:541  INFO 52496 --- [main] com.alibaba.nacos.common.remote.client   : [90f991e5-8e53-44b1-a4b1-4807de78e7e2] RpcClient init, ServerListFactory = com.alibaba.nacos.client.naming.core.ServerListManager
21:23:39:541  INFO 52496 --- [main] com.alibaba.nacos.common.remote.client   : [90f991e5-8e53-44b1-a4b1-4807de78e7e2] Registry connection listener to current client:com.alibaba.nacos.client.naming.remote.gprc.redo.NamingGrpcRedoService
21:23:39:541  INFO 52496 --- [main] com.alibaba.nacos.common.remote.client   : [90f991e5-8e53-44b1-a4b1-4807de78e7e2] Register server push request handler:com.alibaba.nacos.client.naming.remote.gprc.NamingPushRequestHandler
21:23:39:541  INFO 52496 --- [main] com.alibaba.nacos.common.remote.client   : [90f991e5-8e53-44b1-a4b1-4807de78e7e2] Try to connect to server on start up, server: {serverIp = '192.168.44.128', server main port = 8848}
21:23:39:783  INFO 52496 --- [main] com.alibaba.nacos.common.remote.client   : [90f991e5-8e53-44b1-a4b1-4807de78e7e2] Success to connect to server [192.168.44.128:8848] on start up, connectionId = 1719109587240_192.168.44.1_56872
21:23:39:783  INFO 52496 --- [com.alibaba.nacos.client.remote.worker] com.alibaba.nacos.common.remote.client   : [90f991e5-8e53-44b1-a4b1-4807de78e7e2] Notify connected event to listeners.
21:23:39:784  INFO 52496 --- [main] com.alibaba.nacos.common.remote.client   : [90f991e5-8e53-44b1-a4b1-4807de78e7e2] Register server push request handler:com.alibaba.nacos.common.remote.client.RpcClient$ConnectResetRequestHandler
21:23:39:784  INFO 52496 --- [main] com.alibaba.nacos.common.remote.client   : [90f991e5-8e53-44b1-a4b1-4807de78e7e2] Register server push request handler:com.alibaba.nacos.common.remote.client.RpcClient$$Lambda$739/0x00000008004bbc40
21:23:39:843  INFO 52496 --- [main] d.s.w.p.DocumentationPluginsBootstrapper : Documentation plugins bootstrapped
21:23:39:847  INFO 52496 --- [main] d.s.w.p.DocumentationPluginsBootstrapper : Found 1 custom documentation plugin(s)
21:23:39:929  INFO 52496 --- [main] s.d.s.w.s.ApiListingReferenceScanner     : Scanning for api listing references
21:23:40:356  INFO 52496 --- [nacos-grpc-client-executor-5] com.alibaba.nacos.common.remote.client   : [90f991e5-8e53-44b1-a4b1-4807de78e7e2] Receive server push request, request = NotifySubscriberRequest, requestId = 55
21:23:40:363  INFO 52496 --- [main] o.s.a.r.c.CachingConnectionFactory       : Attempting to connect to: [localhost:5672]
21:23:40:371  INFO 52496 --- [nacos-grpc-client-executor-5] com.alibaba.nacos.common.remote.client   : [90f991e5-8e53-44b1-a4b1-4807de78e7e2] Ack server push request, request = NotifySubscriberRequest, requestId = 55
21:23:40:387  INFO 52496 --- [main] o.s.a.r.l.SimpleMessageListenerContainer : Broker not available; cannot force queue declarations during start: java.net.ConnectException: Connection refused: connect
21:23:40:415  INFO 52496 --- [org.springframework.amqp.rabbit.RabbitListenerEndpointContainer#0-1] o.s.a.r.c.CachingConnectionFactory       : Attempting to connect to: [localhost:5672]
21:23:40:437 ERROR 52496 --- [org.springframework.amqp.rabbit.RabbitListenerEndpointContainer#0-1] o.s.a.r.l.SimpleMessageListenerContainer : Failed to check/redeclare auto-delete queue(s).

org.springframework.amqp.AmqpConnectException: java.net.ConnectException: Connection refused: connect
	at org.springframework.amqp.rabbit.support.RabbitExceptionTranslator.convertRabbitAccessException(RabbitExceptionTranslator.java:61) ~[spring-rabbit-2.4.12.jar:2.4.12]
	at org.springframework.amqp.rabbit.connection.AbstractConnectionFactory.createBareConnection(AbstractConnectionFactory.java:603) ~[spring-rabbit-2.4.12.jar:2.4.12]
	at org.springframework.amqp.rabbit.connection.CachingConnectionFactory.createConnection(CachingConnectionFactory.java:725) ~[spring-rabbit-2.4.12.jar:2.4.12]
	at org.springframework.amqp.rabbit.connection.ConnectionFactoryUtils.createConnection(ConnectionFactoryUtils.java:252) ~[spring-rabbit-2.4.12.jar:2.4.12]
	at org.springframework.amqp.rabbit.core.RabbitTemplate.doExecute(RabbitTemplate.java:2210) ~[spring-rabbit-2.4.12.jar:2.4.12]
	at org.springframework.amqp.rabbit.core.RabbitTemplate.execute(RabbitTemplate.java:2183) ~[spring-rabbit-2.4.12.jar:2.4.12]
	at org.springframework.amqp.rabbit.core.RabbitTemplate.execute(RabbitTemplate.java:2163) ~[spring-rabbit-2.4.12.jar:2.4.12]
	at org.springframework.amqp.rabbit.core.RabbitAdmin.getQueueInfo(RabbitAdmin.java:463) ~[spring-rabbit-2.4.12.jar:2.4.12]
	at org.springframework.amqp.rabbit.core.RabbitAdmin.getQueueProperties(RabbitAdmin.java:447) ~[spring-rabbit-2.4.12.jar:2.4.12]
	at org.springframework.amqp.rabbit.listener.AbstractMessageListenerContainer.attemptDeclarations(AbstractMessageListenerContainer.java:1942) ~[spring-rabbit-2.4.12.jar:2.4.12]
	at org.springframework.amqp.rabbit.listener.AbstractMessageListenerContainer.redeclareElementsIfNecessary(AbstractMessageListenerContainer.java:1915) ~[spring-rabbit-2.4.12.jar:2.4.12]
	at org.springframework.amqp.rabbit.listener.SimpleMessageListenerContainer$AsyncMessageProcessingConsumer.initialize(SimpleMessageListenerContainer.java:1384) ~[spring-rabbit-2.4.12.jar:2.4.12]
	at org.springframework.amqp.rabbit.listener.SimpleMessageListenerContainer$AsyncMessageProcessingConsumer.run(SimpleMessageListenerContainer.java:1230) ~[spring-rabbit-2.4.12.jar:2.4.12]
	at java.base/java.lang.Thread.run(Thread.java:834) ~[na:na]
Caused by: java.net.ConnectException: Connection refused: connect
	at java.base/java.net.PlainSocketImpl.waitForConnect(Native Method) ~[na:na]
	at java.base/java.net.PlainSocketImpl.socketConnect(PlainSocketImpl.java:107) ~[na:na]
	at java.base/java.net.AbstractPlainSocketImpl.doConnect(AbstractPlainSocketImpl.java:412) ~[na:na]
	at java.base/java.net.AbstractPlainSocketImpl.connectToAddress(AbstractPlainSocketImpl.java:255) ~[na:na]
	at java.base/java.net.AbstractPlainSocketImpl.connect(AbstractPlainSocketImpl.java:237) ~[na:na]
	at java.base/java.net.SocksSocketImpl.connect(SocksSocketImpl.java:392) ~[na:na]
	at java.base/java.net.Socket.connect(Socket.java:608) ~[na:na]
	at com.rabbitmq.client.impl.SocketFrameHandlerFactory.create(SocketFrameHandlerFactory.java:60) ~[amqp-client-5.14.2.jar:5.14.2]
	at com.rabbitmq.client.ConnectionFactory.newConnection(ConnectionFactory.java:1223) ~[amqp-client-5.14.2.jar:5.14.2]
	at com.rabbitmq.client.ConnectionFactory.newConnection(ConnectionFactory.java:1173) ~[amqp-client-5.14.2.jar:5.14.2]
	at org.springframework.amqp.rabbit.connection.AbstractConnectionFactory.connectAddresses(AbstractConnectionFactory.java:641) ~[spring-rabbit-2.4.12.jar:2.4.12]
	at org.springframework.amqp.rabbit.connection.AbstractConnectionFactory.connect(AbstractConnectionFactory.java:616) ~[spring-rabbit-2.4.12.jar:2.4.12]
	at org.springframework.amqp.rabbit.connection.AbstractConnectionFactory.createBareConnection(AbstractConnectionFactory.java:566) ~[spring-rabbit-2.4.12.jar:2.4.12]
	... 12 common frames omitted

21:23:40:446  INFO 52496 --- [org.springframework.amqp.rabbit.RabbitListenerEndpointContainer#0-1] o.s.a.r.c.CachingConnectionFactory       : Attempting to connect to: [localhost:5672]
21:23:40:448  INFO 52496 --- [main] o.s.a.r.c.CachingConnectionFactory       : Attempting to connect to: [localhost:5672]
21:23:40:450  INFO 52496 --- [main] o.s.a.r.l.SimpleMessageListenerContainer : Broker not available; cannot force queue declarations during start: java.net.ConnectException: Connection refused: connect
21:23:40:461  INFO 52496 --- [org.springframework.amqp.rabbit.RabbitListenerEndpointContainer#1-1] o.s.a.r.c.CachingConnectionFactory       : Attempting to connect to: [localhost:5672]
21:23:40:463 ERROR 52496 --- [org.springframework.amqp.rabbit.RabbitListenerEndpointContainer#1-1] o.s.a.r.l.SimpleMessageListenerContainer : Failed to check/redeclare auto-delete queue(s).

org.springframework.amqp.AmqpConnectException: java.net.ConnectException: Connection refused: connect
	at org.springframework.amqp.rabbit.support.RabbitExceptionTranslator.convertRabbitAccessException(RabbitExceptionTranslator.java:61) ~[spring-rabbit-2.4.12.jar:2.4.12]
	at org.springframework.amqp.rabbit.connection.AbstractConnectionFactory.createBareConnection(AbstractConnectionFactory.java:603) ~[spring-rabbit-2.4.12.jar:2.4.12]
	at org.springframework.amqp.rabbit.connection.CachingConnectionFactory.createConnection(CachingConnectionFactory.java:725) ~[spring-rabbit-2.4.12.jar:2.4.12]
	at org.springframework.amqp.rabbit.connection.ConnectionFactoryUtils.createConnection(ConnectionFactoryUtils.java:252) ~[spring-rabbit-2.4.12.jar:2.4.12]
	at org.springframework.amqp.rabbit.core.RabbitTemplate.doExecute(RabbitTemplate.java:2210) ~[spring-rabbit-2.4.12.jar:2.4.12]
	at org.springframework.amqp.rabbit.core.RabbitTemplate.execute(RabbitTemplate.java:2183) ~[spring-rabbit-2.4.12.jar:2.4.12]
	at org.springframework.amqp.rabbit.core.RabbitTemplate.execute(RabbitTemplate.java:2163) ~[spring-rabbit-2.4.12.jar:2.4.12]
	at org.springframework.amqp.rabbit.core.RabbitAdmin.getQueueInfo(RabbitAdmin.java:463) ~[spring-rabbit-2.4.12.jar:2.4.12]
	at org.springframework.amqp.rabbit.core.RabbitAdmin.getQueueProperties(RabbitAdmin.java:447) ~[spring-rabbit-2.4.12.jar:2.4.12]
	at org.springframework.amqp.rabbit.listener.AbstractMessageListenerContainer.attemptDeclarations(AbstractMessageListenerContainer.java:1942) ~[spring-rabbit-2.4.12.jar:2.4.12]
	at org.springframework.amqp.rabbit.listener.AbstractMessageListenerContainer.redeclareElementsIfNecessary(AbstractMessageListenerContainer.java:1915) ~[spring-rabbit-2.4.12.jar:2.4.12]
	at org.springframework.amqp.rabbit.listener.SimpleMessageListenerContainer$AsyncMessageProcessingConsumer.initialize(SimpleMessageListenerContainer.java:1384) ~[spring-rabbit-2.4.12.jar:2.4.12]
	at org.springframework.amqp.rabbit.listener.SimpleMessageListenerContainer$AsyncMessageProcessingConsumer.run(SimpleMessageListenerContainer.java:1230) ~[spring-rabbit-2.4.12.jar:2.4.12]
	at java.base/java.lang.Thread.run(Thread.java:834) ~[na:na]
Caused by: java.net.ConnectException: Connection refused: connect
	at java.base/java.net.PlainSocketImpl.waitForConnect(Native Method) ~[na:na]
	at java.base/java.net.PlainSocketImpl.socketConnect(PlainSocketImpl.java:107) ~[na:na]
	at java.base/java.net.AbstractPlainSocketImpl.doConnect(AbstractPlainSocketImpl.java:412) ~[na:na]
	at java.base/java.net.AbstractPlainSocketImpl.connectToAddress(AbstractPlainSocketImpl.java:255) ~[na:na]
	at java.base/java.net.AbstractPlainSocketImpl.connect(AbstractPlainSocketImpl.java:237) ~[na:na]
	at java.base/java.net.SocksSocketImpl.connect(SocksSocketImpl.java:392) ~[na:na]
	at java.base/java.net.Socket.connect(Socket.java:608) ~[na:na]
	at com.rabbitmq.client.impl.SocketFrameHandlerFactory.create(SocketFrameHandlerFactory.java:60) ~[amqp-client-5.14.2.jar:5.14.2]
	at com.rabbitmq.client.ConnectionFactory.newConnection(ConnectionFactory.java:1223) ~[amqp-client-5.14.2.jar:5.14.2]
	at com.rabbitmq.client.ConnectionFactory.newConnection(ConnectionFactory.java:1173) ~[amqp-client-5.14.2.jar:5.14.2]
	at org.springframework.amqp.rabbit.connection.AbstractConnectionFactory.connectAddresses(AbstractConnectionFactory.java:641) ~[spring-rabbit-2.4.12.jar:2.4.12]
	at org.springframework.amqp.rabbit.connection.AbstractConnectionFactory.connect(AbstractConnectionFactory.java:616) ~[spring-rabbit-2.4.12.jar:2.4.12]
	at org.springframework.amqp.rabbit.connection.AbstractConnectionFactory.createBareConnection(AbstractConnectionFactory.java:566) ~[spring-rabbit-2.4.12.jar:2.4.12]
	... 12 common frames omitted

21:23:40:464  INFO 52496 --- [org.springframework.amqp.rabbit.RabbitListenerEndpointContainer#1-1] o.s.a.r.c.CachingConnectionFactory       : Attempting to connect to: [localhost:5672]
21:23:40:466  INFO 52496 --- [main] o.s.a.r.c.CachingConnectionFactory       : Attempting to connect to: [localhost:5672]
21:23:40:469  INFO 52496 --- [main] o.s.a.r.l.SimpleMessageListenerContainer : Broker not available; cannot force queue declarations during start: java.net.ConnectException: Connection refused: connect
21:23:40:480  INFO 52496 --- [org.springframework.amqp.rabbit.RabbitListenerEndpointContainer#2-1] o.s.a.r.c.CachingConnectionFactory       : Attempting to connect to: [localhost:5672]
21:23:40:483 ERROR 52496 --- [org.springframework.amqp.rabbit.RabbitListenerEndpointContainer#2-1] o.s.a.r.l.SimpleMessageListenerContainer : Failed to check/redeclare auto-delete queue(s).

org.springframework.amqp.AmqpConnectException: java.net.ConnectException: Connection refused: connect
	at org.springframework.amqp.rabbit.support.RabbitExceptionTranslator.convertRabbitAccessException(RabbitExceptionTranslator.java:61) ~[spring-rabbit-2.4.12.jar:2.4.12]
	at org.springframework.amqp.rabbit.connection.AbstractConnectionFactory.createBareConnection(AbstractConnectionFactory.java:603) ~[spring-rabbit-2.4.12.jar:2.4.12]
	at org.springframework.amqp.rabbit.connection.CachingConnectionFactory.createConnection(CachingConnectionFactory.java:725) ~[spring-rabbit-2.4.12.jar:2.4.12]
	at org.springframework.amqp.rabbit.connection.ConnectionFactoryUtils.createConnection(ConnectionFactoryUtils.java:252) ~[spring-rabbit-2.4.12.jar:2.4.12]
	at org.springframework.amqp.rabbit.core.RabbitTemplate.doExecute(RabbitTemplate.java:2210) ~[spring-rabbit-2.4.12.jar:2.4.12]
	at org.springframework.amqp.rabbit.core.RabbitTemplate.execute(RabbitTemplate.java:2183) ~[spring-rabbit-2.4.12.jar:2.4.12]
	at org.springframework.amqp.rabbit.core.RabbitTemplate.execute(RabbitTemplate.java:2163) ~[spring-rabbit-2.4.12.jar:2.4.12]
	at org.springframework.amqp.rabbit.core.RabbitAdmin.getQueueInfo(RabbitAdmin.java:463) ~[spring-rabbit-2.4.12.jar:2.4.12]
	at org.springframework.amqp.rabbit.core.RabbitAdmin.getQueueProperties(RabbitAdmin.java:447) ~[spring-rabbit-2.4.12.jar:2.4.12]
	at org.springframework.amqp.rabbit.listener.AbstractMessageListenerContainer.attemptDeclarations(AbstractMessageListenerContainer.java:1942) ~[spring-rabbit-2.4.12.jar:2.4.12]
	at org.springframework.amqp.rabbit.listener.AbstractMessageListenerContainer.redeclareElementsIfNecessary(AbstractMessageListenerContainer.java:1915) ~[spring-rabbit-2.4.12.jar:2.4.12]
	at org.springframework.amqp.rabbit.listener.SimpleMessageListenerContainer$AsyncMessageProcessingConsumer.initialize(SimpleMessageListenerContainer.java:1384) ~[spring-rabbit-2.4.12.jar:2.4.12]
	at org.springframework.amqp.rabbit.listener.SimpleMessageListenerContainer$AsyncMessageProcessingConsumer.run(SimpleMessageListenerContainer.java:1230) ~[spring-rabbit-2.4.12.jar:2.4.12]
	at java.base/java.lang.Thread.run(Thread.java:834) ~[na:na]
Caused by: java.net.ConnectException: Connection refused: connect
	at java.base/java.net.PlainSocketImpl.waitForConnect(Native Method) ~[na:na]
	at java.base/java.net.PlainSocketImpl.socketConnect(PlainSocketImpl.java:107) ~[na:na]
	at java.base/java.net.AbstractPlainSocketImpl.doConnect(AbstractPlainSocketImpl.java:412) ~[na:na]
	at java.base/java.net.AbstractPlainSocketImpl.connectToAddress(AbstractPlainSocketImpl.java:255) ~[na:na]
	at java.base/java.net.AbstractPlainSocketImpl.connect(AbstractPlainSocketImpl.java:237) ~[na:na]
	at java.base/java.net.SocksSocketImpl.connect(SocksSocketImpl.java:392) ~[na:na]
	at java.base/java.net.Socket.connect(Socket.java:608) ~[na:na]
	at com.rabbitmq.client.impl.SocketFrameHandlerFactory.create(SocketFrameHandlerFactory.java:60) ~[amqp-client-5.14.2.jar:5.14.2]
	at com.rabbitmq.client.ConnectionFactory.newConnection(ConnectionFactory.java:1223) ~[amqp-client-5.14.2.jar:5.14.2]
	at com.rabbitmq.client.ConnectionFactory.newConnection(ConnectionFactory.java:1173) ~[amqp-client-5.14.2.jar:5.14.2]
	at org.springframework.amqp.rabbit.connection.AbstractConnectionFactory.connectAddresses(AbstractConnectionFactory.java:641) ~[spring-rabbit-2.4.12.jar:2.4.12]
	at org.springframework.amqp.rabbit.connection.AbstractConnectionFactory.connect(AbstractConnectionFactory.java:616) ~[spring-rabbit-2.4.12.jar:2.4.12]
	at org.springframework.amqp.rabbit.connection.AbstractConnectionFactory.createBareConnection(AbstractConnectionFactory.java:566) ~[spring-rabbit-2.4.12.jar:2.4.12]
	... 12 common frames omitted

21:23:40:485  INFO 52496 --- [org.springframework.amqp.rabbit.RabbitListenerEndpointContainer#2-1] o.s.a.r.c.CachingConnectionFactory       : Attempting to connect to: [localhost:5672]
21:23:40:487  INFO 52496 --- [main] o.s.a.r.c.CachingConnectionFactory       : Attempting to connect to: [localhost:5672]
21:23:40:489  INFO 52496 --- [main] o.s.a.r.l.SimpleMessageListenerContainer : Broker not available; cannot force queue declarations during start: java.net.ConnectException: Connection refused: connect
21:23:40:495  INFO 52496 --- [org.springframework.amqp.rabbit.RabbitListenerEndpointContainer#3-1] o.s.a.r.c.CachingConnectionFactory       : Attempting to connect to: [localhost:5672]
21:23:40:497 ERROR 52496 --- [org.springframework.amqp.rabbit.RabbitListenerEndpointContainer#3-1] o.s.a.r.l.SimpleMessageListenerContainer : Failed to check/redeclare auto-delete queue(s).

org.springframework.amqp.AmqpConnectException: java.net.ConnectException: Connection refused: connect
	at org.springframework.amqp.rabbit.support.RabbitExceptionTranslator.convertRabbitAccessException(RabbitExceptionTranslator.java:61) ~[spring-rabbit-2.4.12.jar:2.4.12]
	at org.springframework.amqp.rabbit.connection.AbstractConnectionFactory.createBareConnection(AbstractConnectionFactory.java:603) ~[spring-rabbit-2.4.12.jar:2.4.12]
	at org.springframework.amqp.rabbit.connection.CachingConnectionFactory.createConnection(CachingConnectionFactory.java:725) ~[spring-rabbit-2.4.12.jar:2.4.12]
	at org.springframework.amqp.rabbit.connection.ConnectionFactoryUtils.createConnection(ConnectionFactoryUtils.java:252) ~[spring-rabbit-2.4.12.jar:2.4.12]
	at org.springframework.amqp.rabbit.core.RabbitTemplate.doExecute(RabbitTemplate.java:2210) ~[spring-rabbit-2.4.12.jar:2.4.12]
	at org.springframework.amqp.rabbit.core.RabbitTemplate.execute(RabbitTemplate.java:2183) ~[spring-rabbit-2.4.12.jar:2.4.12]
	at org.springframework.amqp.rabbit.core.RabbitTemplate.execute(RabbitTemplate.java:2163) ~[spring-rabbit-2.4.12.jar:2.4.12]
	at org.springframework.amqp.rabbit.core.RabbitAdmin.getQueueInfo(RabbitAdmin.java:463) ~[spring-rabbit-2.4.12.jar:2.4.12]
	at org.springframework.amqp.rabbit.core.RabbitAdmin.getQueueProperties(RabbitAdmin.java:447) ~[spring-rabbit-2.4.12.jar:2.4.12]
	at org.springframework.amqp.rabbit.listener.AbstractMessageListenerContainer.attemptDeclarations(AbstractMessageListenerContainer.java:1942) ~[spring-rabbit-2.4.12.jar:2.4.12]
	at org.springframework.amqp.rabbit.listener.AbstractMessageListenerContainer.redeclareElementsIfNecessary(AbstractMessageListenerContainer.java:1915) ~[spring-rabbit-2.4.12.jar:2.4.12]
	at org.springframework.amqp.rabbit.listener.SimpleMessageListenerContainer$AsyncMessageProcessingConsumer.initialize(SimpleMessageListenerContainer.java:1384) ~[spring-rabbit-2.4.12.jar:2.4.12]
	at org.springframework.amqp.rabbit.listener.SimpleMessageListenerContainer$AsyncMessageProcessingConsumer.run(SimpleMessageListenerContainer.java:1230) ~[spring-rabbit-2.4.12.jar:2.4.12]
	at java.base/java.lang.Thread.run(Thread.java:834) ~[na:na]
Caused by: java.net.ConnectException: Connection refused: connect
	at java.base/java.net.PlainSocketImpl.waitForConnect(Native Method) ~[na:na]
	at java.base/java.net.PlainSocketImpl.socketConnect(PlainSocketImpl.java:107) ~[na:na]
	at java.base/java.net.AbstractPlainSocketImpl.doConnect(AbstractPlainSocketImpl.java:412) ~[na:na]
	at java.base/java.net.AbstractPlainSocketImpl.connectToAddress(AbstractPlainSocketImpl.java:255) ~[na:na]
	at java.base/java.net.AbstractPlainSocketImpl.connect(AbstractPlainSocketImpl.java:237) ~[na:na]
	at java.base/java.net.SocksSocketImpl.connect(SocksSocketImpl.java:392) ~[na:na]
	at java.base/java.net.Socket.connect(Socket.java:608) ~[na:na]
	at com.rabbitmq.client.impl.SocketFrameHandlerFactory.create(SocketFrameHandlerFactory.java:60) ~[amqp-client-5.14.2.jar:5.14.2]
	at com.rabbitmq.client.ConnectionFactory.newConnection(ConnectionFactory.java:1223) ~[amqp-client-5.14.2.jar:5.14.2]
	at com.rabbitmq.client.ConnectionFactory.newConnection(ConnectionFactory.java:1173) ~[amqp-client-5.14.2.jar:5.14.2]
	at org.springframework.amqp.rabbit.connection.AbstractConnectionFactory.connectAddresses(AbstractConnectionFactory.java:641) ~[spring-rabbit-2.4.12.jar:2.4.12]
	at org.springframework.amqp.rabbit.connection.AbstractConnectionFactory.connect(AbstractConnectionFactory.java:616) ~[spring-rabbit-2.4.12.jar:2.4.12]
	at org.springframework.amqp.rabbit.connection.AbstractConnectionFactory.createBareConnection(AbstractConnectionFactory.java:566) ~[spring-rabbit-2.4.12.jar:2.4.12]
	... 12 common frames omitted

21:23:40:499  INFO 52496 --- [org.springframework.amqp.rabbit.RabbitListenerEndpointContainer#3-1] o.s.a.r.c.CachingConnectionFactory       : Attempting to connect to: [localhost:5672]
21:23:40:525  INFO 52496 --- [main] com.hmall.item.es.ElasticAggTest         : Started ElasticAggTest in 45.164 seconds (JVM running for 48.202)
21:23:40:543  INFO 52496 --- [main] c.a.c.n.refresh.NacosContextRefresher    : [Nacos Config] Listening config: dataId=item-service.yaml, group=DEFAULT_GROUP
21:23:40:545  INFO 52496 --- [main] c.a.c.n.refresh.NacosContextRefresher    : [Nacos Config] Listening config: dataId=item-service-local.yaml, group=DEFAULT_GROUP
21:23:40:547  INFO 52496 --- [main] c.a.c.n.refresh.NacosContextRefresher    : [Nacos Config] Listening config: dataId=item-service, group=DEFAULT_GROUP
21:23:42:265  WARN 52496 --- [Thread-1] c.a.n.common.http.HttpClientBeanHolder   : [HttpClientBeanHolder] Start destroying common HttpClient
21:23:42:265  WARN 52496 --- [Thread-5] c.a.nacos.common.notify.NotifyCenter     : [NotifyCenter] Start destroying Publisher
21:23:42:265  WARN 52496 --- [Thread-5] c.a.nacos.common.notify.NotifyCenter     : [NotifyCenter] Destruction of the end
21:23:42:266  WARN 52496 --- [Thread-1] c.a.n.common.http.HttpClientBeanHolder   : [HttpClientBeanHolder] Destruction of the end
21:23:42:273  INFO 52496 --- [org.springframework.amqp.rabbit.RabbitListenerEndpointContainer#3-2] o.s.a.r.l.SimpleMessageListenerContainer : Waiting for workers to finish.
21:23:42:273  INFO 52496 --- [org.springframework.amqp.rabbit.RabbitListenerEndpointContainer#2-2] o.s.a.r.l.SimpleMessageListenerContainer : Waiting for workers to finish.
21:23:42:273  INFO 52496 --- [org.springframework.amqp.rabbit.RabbitListenerEndpointContainer#2-2] o.s.a.r.l.SimpleMessageListenerContainer : Successfully waited for workers to finish.
21:23:42:273  INFO 52496 --- [org.springframework.amqp.rabbit.RabbitListenerEndpointContainer#3-2] o.s.a.r.l.SimpleMessageListenerContainer : Successfully waited for workers to finish.
21:23:42:329  INFO 52496 --- [org.springframework.amqp.rabbit.RabbitListenerEndpointContainer#1-2] o.s.a.r.l.SimpleMessageListenerContainer : Waiting for workers to finish.
21:23:42:330  INFO 52496 --- [org.springframework.amqp.rabbit.RabbitListenerEndpointContainer#1-2] o.s.a.r.l.SimpleMessageListenerContainer : Successfully waited for workers to finish.
21:23:42:330  INFO 52496 --- [org.springframework.amqp.rabbit.RabbitListenerEndpointContainer#0-2] o.s.a.r.l.SimpleMessageListenerContainer : Waiting for workers to finish.
21:23:42:330  INFO 52496 --- [org.springframework.amqp.rabbit.RabbitListenerEndpointContainer#0-2] o.s.a.r.l.SimpleMessageListenerContainer : Successfully waited for workers to finish.
21:23:42:355  INFO 52496 --- [SpringContextShutdownHook] o.s.a.r.l.SimpleMessageListenerContainer : Shutdown ignored - container is already stopped
21:23:42:355  INFO 52496 --- [SpringContextShutdownHook] o.s.a.r.l.SimpleMessageListenerContainer : Shutdown ignored - container is already stopped
21:23:42:355  INFO 52496 --- [SpringContextShutdownHook] o.s.a.r.l.SimpleMessageListenerContainer : Shutdown ignored - container is already stopped
21:23:42:355  INFO 52496 --- [SpringContextShutdownHook] o.s.a.r.l.SimpleMessageListenerContainer : Shutdown ignored - container is already stopped
21:23:42:850  INFO 52496 --- [SpringContextShutdownHook] com.alibaba.nacos.common.remote.client   : Shutdown rpc client, set status to shutdown
21:23:42:851  INFO 52496 --- [SpringContextShutdownHook] com.alibaba.nacos.common.remote.client   : Shutdown client event executor java.util.concurrent.ScheduledThreadPoolExecutor@5ca773fa[Running, pool size = 2, active threads = 2, queued tasks = 0, completed tasks = 0]
21:23:42:851  INFO 52496 --- [SpringContextShutdownHook] com.alibaba.nacos.common.remote.client   : Close current connection 1719109587240_192.168.44.1_56872
21:23:42:852  INFO 52496 --- [SpringContextShutdownHook] c.a.n.c.remote.client.grpc.GrpcClient    : Shutdown grpc executor java.util.concurrent.ThreadPoolExecutor@12f431b5[Running, pool size = 8, active threads = 0, queued tasks = 0, completed tasks = 8]
21:23:42:863  INFO 52496 --- [SpringContextShutdownHook] com.zaxxer.hikari.HikariDataSource       : HikariPool-1 - Shutdown initiated...
21:23:42:893  INFO 52496 --- [SpringContextShutdownHook] com.zaxxer.hikari.HikariDataSource       : HikariPool-1 - Shutdown completed.
21:23:42:895  INFO 52496 --- [NettyClientSelector_TMROLE_1_1] i.s.c.r.n.AbstractNettyRemotingClient    : channel inactive: [id: 0x7e0af162, L:/192.168.44.1:56792 ! R:/192.168.44.128:8099]
21:23:42:895  INFO 52496 --- [NettyClientSelector_TMROLE_1_1] i.s.c.r.netty.NettyClientChannelManager  : return to pool, rm channel:[id: 0x7e0af162, L:/192.168.44.1:56792 ! R:/192.168.44.128:8099]
21:23:42:895  INFO 52496 --- [NettyClientSelector_TMROLE_1_1] i.s.core.rpc.netty.NettyPoolableFactory  : channel valid false,channel:[id: 0x7e0af162, L:/192.168.44.1:56792 ! R:/192.168.44.128:8099]
21:23:42:968  INFO 52496 --- [NettyClientSelector_TMROLE_1_1] i.s.core.rpc.netty.NettyPoolableFactory  : will destroy channel:[id: 0x7e0af162, L:/192.168.44.1:56792 ! R:/192.168.44.128:8099]
21:23:42:968  INFO 52496 --- [NettyClientSelector_TMROLE_1_1] i.s.c.r.n.AbstractNettyRemotingClient    : ChannelHandlerContext(AbstractNettyRemotingClient$ClientHandler#0, [id: 0x7e0af162, L:/192.168.44.1:56792 ! R:/192.168.44.128:8099]) will closed
21:23:42:973  INFO 52496 --- [NettyClientSelector_RMROLE_1_1] i.s.c.r.n.AbstractNettyRemotingClient    : channel inactive: [id: 0x89551f29, L:/192.168.44.1:56805 ! R:/192.168.44.128:8099]
21:23:43:062  INFO 52496 --- [NettyClientSelector_TMROLE_1_1] i.s.c.r.n.AbstractNettyRemotingClient    : ChannelHandlerContext(AbstractNettyRemotingClient$ClientHandler#0, [id: 0x7e0af162, L:/192.168.44.1:56792 ! R:/192.168.44.128:8099]) will closed
21:23:43:062  INFO 52496 --- [NettyClientSelector_RMROLE_1_1] i.s.c.r.netty.NettyClientChannelManager  : return to pool, rm channel:[id: 0x89551f29, L:/192.168.44.1:56805 ! R:/192.168.44.128:8099]
21:23:43:062  INFO 52496 --- [NettyClientSelector_RMROLE_1_1] i.s.core.rpc.netty.NettyPoolableFactory  : channel valid false,channel:[id: 0x89551f29, L:/192.168.44.1:56805 ! R:/192.168.44.128:8099]
21:23:43:080  INFO 52496 --- [NettyClientSelector_RMROLE_1_1] i.s.core.rpc.netty.NettyPoolableFactory  : will destroy channel:[id: 0x89551f29, L:/192.168.44.1:56805 ! R:/192.168.44.128:8099]
21:23:43:081  INFO 52496 --- [NettyClientSelector_RMROLE_1_1] i.s.c.r.n.AbstractNettyRemotingClient    : ChannelHandlerContext(AbstractNettyRemotingClient$ClientHandler#0, [id: 0x89551f29, L:/192.168.44.1:56805 ! R:/192.168.44.128:8099]) will closed
21:23:43:081  INFO 52496 --- [NettyClientSelector_RMROLE_1_1] i.s.c.r.n.AbstractNettyRemotingClient    : ChannelHandlerContext(AbstractNettyRemotingClient$ClientHandler#0, [id: 0x89551f29, L:/192.168.44.1:56805 ! R:/192.168.44.128:8099]) will closed
